[0m2023-03-15 00:01:55 V/Net 3109326090: Invalidate caches because hash file not available.[0m
[0m2023-03-15 00:01:55 V/Net 3109326090: No server list cached.[0m
[92m2023-03-15 00:01:55 I/Net 3109326090: ECDH key is invalid, start to fetch ecdh public key from server.[0m
[92m2023-03-15 00:01:56 I/Net 3109326090: Successfully fetched ecdh public key from server.[0m
[0m2023-03-15 00:01:56 V/Net 3109326090: Send: wtlogin.login(9:password-login)[0m
[0m2023-03-15 00:01:57 V/Net 3109326090: Recv: wtlogin.login[0m
[0m2023-03-15 00:02:43 V/Net 3109326090: Send: wtlogin.login(2:submit-slider)[0m
[0m2023-03-15 00:02:44 V/Net 3109326090: Recv: wtlogin.login[0m
[0m2023-03-15 00:02:47 V/Net 3109326090: Send: wtlogin.login(8:request-sms)[0m
[0m2023-03-15 00:02:47 V/Net 3109326090: Recv: wtlogin.login[0m
[0m2023-03-15 00:02:59 V/Net 3109326090: Send: wtlogin.login(7:submit-sms)[0m
[0m2023-03-15 00:02:59 V/Net 3109326090: Recv: wtlogin.login[0m
[0m2023-03-15 00:02:59 V/Net 3109326090: Send: StatSvc.register(online)[0m
[92m2023-03-15 00:03:00 I/Net 3109326090: Server time updated, serverTime: 1678809777, diff: -3ms=-0.003s[0m
[0m2023-03-15 00:03:00 V/Net 3109326090: Recv: StatSvc.register[0m
[0m2023-03-15 00:03:00 V/Net 3109326090: No BdhSession cache[0m
[92m2023-03-15 00:03:00 I/Net 3109326090: Syncing friend message history...[0m
[92m2023-03-15 00:03:00 I/Net 3109326090: Start loading friend list...[0m
[0m2023-03-15 00:03:00 V/Net 3109326090: Send: StatSvc.GetDevLoginInfo(StatSvc.GetDevLoginInfo)[0m
[92m2023-03-15 00:03:00 I/Net 3109326090: Start loading stranger list...[0m
[92m2023-03-15 00:03:00 I/Net 3109326090: Start loading friendGroup list...[0m
[0m2023-03-15 00:03:00 V/Net 3109326090: Send: friendlist.getFriendGroupList(friendlist.getFriendGroupList)[0m
[0m2023-03-15 00:03:00 V/Net 3109326090: Send: friendlist.getFriendGroupList(friendlist.getFriendGroupList)[0m
[0m2023-03-15 00:03:00 V/Net 3109326090: Send: OidbSvc.0x496(OidbSvc.0x496)[0m
[0m2023-03-15 00:03:00 V/Net 3109326090: Recv: StatSvc.GetDevLoginInfo[0m
[0m2023-03-15 00:03:00 V/Net 3109326090: Send: OidbSvc.0x5d2_0(OidbSvc.0x5d2_0)[0m
[92m2023-03-15 00:03:00 I/Net 3109326090: No OtherClient online.[0m
[92m2023-03-15 00:03:00 I/Net 3109326090: Syncing friend message history: Success.[0m
[0m2023-03-15 00:03:00 V/Net 3109326090: Recv: OidbSvc.0x5d2_0[0m
[92m2023-03-15 00:03:00 I/Net 3109326090: Successfully loaded stranger list: 0 in total[0m
[0m2023-03-15 00:03:00 V/Net 3109326090: Recv: OidbSvc.0x496[0m
[92m2023-03-15 00:03:00 I/Net 3109326090: Start loading group list...[0m
[0m2023-03-15 00:03:00 V/Net 3109326090: Send: friendlist.GetTroopListReqV2(friendlist.GetTroopListReqV2)[0m
[0m2023-03-15 00:03:00 V/Net 3109326090: Recv: friendlist.getFriendGroupList[0m
[0m2023-03-15 00:03:00 V/Net 3109326090: Loading friend list: 3/3[0m
[92m2023-03-15 00:03:00 I/Net 3109326090: Successfully loaded friend list: 3 in total[0m
[0m2023-03-15 00:03:00 V/Net 3109326090: Recv: friendlist.getFriendGroupList[0m
[0m2023-03-15 00:03:00 V/Net 3109326090: Loading friendGroup list: 4/4[0m
[92m2023-03-15 00:03:00 I/Net 3109326090: Successfully loaded friendGroup list: 4 in total[0m
[0m2023-03-15 00:03:00 V/Net 3109326090: Recv: friendlist.GetTroopListReqV2[0m
[0m2023-03-15 00:03:00 V/Net 3109326090: Send: friendlist.GetTroopMemberListReq(friendlist.GetTroopMemberListReq)[0m
[0m2023-03-15 00:03:00 V/Net 3109326090: Send: friendlist.GetTroopMemberListReq(friendlist.GetTroopMemberListReq)[0m
[0m2023-03-15 00:03:00 V/Net 3109326090: Send: friendlist.GetTroopMemberListReq(friendlist.GetTroopMemberListReq)[0m
[0m2023-03-15 00:03:00 V/Net 3109326090: Send: friendlist.GetTroopMemberListReq(friendlist.GetTroopMemberListReq)[0m
[0m2023-03-15 00:03:00 V/Net 3109326090: Recv: friendlist.GetTroopMemberListReq[0m
[0m2023-03-15 00:03:00 V/Net 3109326090: Recv: friendlist.GetTroopMemberListReq[0m
[0m2023-03-15 00:03:00 V/Net 3109326090: Recv: friendlist.GetTroopMemberListReq[0m
[0m2023-03-15 00:03:00 V/Net 3109326090: Recv: friendlist.GetTroopMemberListReq[0m
[0m2023-03-15 00:03:00 V/Net 3109326090: Send: friendlist.GetTroopMemberListReq(friendlist.GetTroopMemberListReq)[0m
[0m2023-03-15 00:03:01 V/Net 3109326090: Recv: friendlist.GetTroopMemberListReq[0m
[0m2023-03-15 00:03:01 V/Net 3109326090: Send: friendlist.GetTroopMemberListReq(friendlist.GetTroopMemberListReq)[0m
[0m2023-03-15 00:03:01 V/Net 3109326090: Recv: friendlist.GetTroopMemberListReq[0m
[0m2023-03-15 00:03:01 V/Net 3109326090: Send: friendlist.GetTroopMemberListReq(friendlist.GetTroopMemberListReq)[0m
[0m2023-03-15 00:03:01 V/Net 3109326090: Recv: friendlist.GetTroopMemberListReq[0m
[92m2023-03-15 00:03:01 I/Net 3109326090: Successfully loaded group list: 4 in total.[0m
[92m2023-03-15 00:03:01 I/Net 3109326090: Scheduled refresh login session in 19d 23h 55min 0.0s.[0m
[92m2023-03-15 00:03:01 I/Net 3109326090: Scheduled key refresh in 23h 55min 0.0s.[0m
[0m2023-03-15 00:03:03 V/Net 3109326090: Server list: 42.81.179.158:443, 183.47.102.218:14000, msfwifi.3g.qq.com:8080, 183.47.106.104:14000, 119.147.190.171:8080, 114.222.112.90:14000, 222.94.109.123:80, 42.81.184.253:80, 42.81.183.253:443, 180.109.52.205:8080.[0m
[0m2023-03-15 00:03:03 V/Net 3109326090: No BdhSession to save to cache[0m
[0m2023-03-15 00:03:03 V/Net 3109326090: Saving server list to cache[0m
[0m2023-03-15 00:03:03 V/Net 3109326090: Send: ConfigPushSvc.PushResp(ConfigPushSvc.PushResp)[0m
[0m2023-03-15 00:03:03 V/Net 3109326090: Recv: ConfigPushSvc.PushReq[0m
[0m2023-03-15 00:03:03 V/Net 3109326090: Saving bdh session to cache[0m
[0m2023-03-15 00:03:03 V/Net 3109326090: Send: ConfigPushSvc.PushResp(ConfigPushSvc.PushResp)[0m
[0m2023-03-15 00:03:03 V/Net 3109326090: Recv: ConfigPushSvc.PushReq[0m
[0m2023-03-15 00:03:09 V/Net 3109326090: Send: StatSvc.GetDevLoginInfo(StatSvc.GetDevLoginInfo)[0m
[0m2023-03-15 00:03:09 V/Net 3109326090: Recv: StatSvc.GetDevLoginInfo[0m
[0m2023-03-15 00:03:09 V/Net 3109326090: Recv: StatSvc.SvcReqMSFLoginNotify[0m
[0m2023-03-15 00:03:18 V/Net 3109326090: Recv: StatSvc.SvcReqMSFLoginNotify[0m
[0m2023-03-15 00:03:51 V/Net 3109326090: Send: ProfileService.Pb.ReqSystemMsgNew.Group(ProfileService.Pb.ReqSystemMsgNew.Group)[0m
[0m2023-03-15 00:03:52 V/Net 3109326090: Recv: ProfileService.Pb.ReqSystemMsgNew.Group[0m
[0m2023-03-15 00:03:52 V/Net 3109326090: Send: ProfileService.Pb.ReqSystemMsgAction.Group(ProfileService.Pb.ReqSystemMsgAction.Group)[0m
[0m2023-03-15 00:03:52 V/Net 3109326090: Send: friendlist.GetTroopListReqV2(friendlist.GetTroopListReqV2)[0m
[0m2023-03-15 00:03:52 V/Net 3109326090: Recv: friendlist.GetTroopListReqV2[0m
[0m2023-03-15 00:03:52 V/Net 3109326090: Send: friendlist.GetTroopMemberListReq(friendlist.GetTroopMemberListReq)[0m
[0m2023-03-15 00:03:52 V/Net 3109326090: Recv: OnlinePush.PbPushGroupMsg[0m
[0m2023-03-15 00:03:52 V/Net 3109326090: Recv: friendlist.GetTroopMemberListReq[0m
[0m2023-03-15 00:03:52 V/Net 3109326090: Send: friendlist.GetTroopMemberListReq(friendlist.GetTroopMemberListReq)[0m
[0m2023-03-15 00:03:53 V/Net 3109326090: Recv: friendlist.GetTroopMemberListReq[0m
[0m2023-03-15 00:03:53 V/Net 3109326090: Send: friendlist.GetTroopMemberListReq(friendlist.GetTroopMemberListReq)[0m
[0m2023-03-15 00:03:53 V/Net 3109326090: Recv: friendlist.GetTroopMemberListReq[0m
[0m2023-03-15 00:03:53 V/Net 3109326090: Send: friendlist.GetTroopMemberListReq(friendlist.GetTroopMemberListReq)[0m
[0m2023-03-15 00:03:53 V/Net 3109326090: Recv: friendlist.GetTroopMemberListReq[0m
[0m2023-03-15 00:03:53 V/Net 3109326090: Send: friendlist.GetTroopMemberListReq(friendlist.GetTroopMemberListReq)[0m
[0m2023-03-15 00:03:53 V/Net 3109326090: Recv: friendlist.GetTroopMemberListReq[0m
[0m2023-03-15 00:03:53 V/Net 3109326090: Send: friendlist.GetTroopMemberListReq(friendlist.GetTroopMemberListReq)[0m
[0m2023-03-15 00:03:54 V/Net 3109326090: Recv: friendlist.GetTroopMemberListReq[0m
[0m2023-03-15 00:04:22 V/Net 3109326090: Send: MessageSvc.PbSendMsg(MessageSvc.PbSendMsg)[0m
[0m2023-03-15 00:04:23 V/Net 3109326090: Recv: MessageSvc.PbSendMsg[0m
[0m2023-03-15 00:04:23 V/Net 3109326090: Send: MessageSvc.PbSendMsg(MessageSvc.PbSendMsg)[0m
[0m2023-03-15 00:04:23 V/Net 3109326090: Recv: MessageSvc.PbSendMsg[0m
[0m2023-03-15 00:04:45 V/Net 3109326090: Send: ProfileService.Pb.ReqSystemMsgNew.Group(ProfileService.Pb.ReqSystemMsgNew.Group)[0m
[0m2023-03-15 00:04:45 V/Net 3109326090: Recv: ProfileService.Pb.ReqSystemMsgNew.Group[0m
[0m2023-03-15 00:04:45 V/Net 3109326090: Send: ProfileService.Pb.ReqSystemMsgAction.Group(ProfileService.Pb.ReqSystemMsgAction.Group)[0m
[0m2023-03-15 00:04:45 V/Net 3109326090: Send: friendlist.GetTroopListReqV2(friendlist.GetTroopListReqV2)[0m
[0m2023-03-15 00:04:45 V/Net 3109326090: Recv: friendlist.GetTroopListReqV2[0m
[0m2023-03-15 00:04:45 V/Net 3109326090: Send: friendlist.GetTroopMemberListReq(friendlist.GetTroopMemberListReq)[0m
[0m2023-03-15 00:04:46 V/Net 3109326090: Recv: friendlist.GetTroopMemberListReq[0m
[0m2023-03-15 00:06:37 V/Net 3109326090: Send: MessageSvc.PbSendMsg(MessageSvc.PbSendMsg)[0m
[0m2023-03-15 00:06:37 V/Net 3109326090: Recv: MessageSvc.PbSendMsg[0m
[0m2023-03-15 00:08:07 V/Net 3109326090: Send: MessageSvc.PbSendMsg(MessageSvc.PbSendMsg)[0m
[0m2023-03-15 00:08:07 V/Net 3109326090: Recv: MessageSvc.PbSendMsg[0m
[0m2023-03-15 00:08:09 V/Net 3109326090: Send: MessageSvc.PbSendMsg(MessageSvc.PbSendMsg)[0m
[0m2023-03-15 00:08:09 V/Net 3109326090: Recv: MessageSvc.PbSendMsg[0m
[0m2023-03-15 00:18:28 V/Net 3109326090: Send: MessageSvc.PbSendMsg(MessageSvc.PbSendMsg)[0m
[0m2023-03-15 00:18:28 V/Net 3109326090: Recv: MessageSvc.PbSendMsg[0m
[0m2023-03-15 00:18:35 V/Net 3109326090: Send: MessageSvc.PbSendMsg(MessageSvc.PbSendMsg)[0m
[0m2023-03-15 00:18:35 V/Net 3109326090: Recv: MessageSvc.PbSendMsg[0m
[0m2023-03-15 00:19:09 V/Net 3109326090: Send: MessageSvc.PbSendMsg(MessageSvc.PbSendMsg)[0m
[0m2023-03-15 00:19:09 V/Net 3109326090: Recv: MessageSvc.PbSendMsg[0m
[0m2023-03-15 00:19:45 V/Net 3109326090: Send: MessageSvc.PbSendMsg(MessageSvc.PbSendMsg)[0m
[0m2023-03-15 00:19:46 V/Net 3109326090: Recv: MessageSvc.PbSendMsg[0m
[0m2023-03-15 00:19:50 V/Net 3109326090: Send: MessageSvc.PbSendMsg(MessageSvc.PbSendMsg)[0m
[0m2023-03-15 00:19:50 V/Net 3109326090: Recv: MessageSvc.PbSendMsg[0m
[0m2023-03-15 00:19:57 V/Net 3109326090: Send: MessageSvc.PbSendMsg(MessageSvc.PbSendMsg)[0m
[0m2023-03-15 00:19:57 V/Net 3109326090: Recv: MessageSvc.PbSendMsg[0m
[0m2023-03-15 00:30:13 V/Net 3109326090: Send: MessageSvc.PbSendMsg(MessageSvc.PbSendMsg)[0m
[0m2023-03-15 00:30:14 V/Net 3109326090: Recv: MessageSvc.PbSendMsg[0m
[0m2023-03-15 00:30:20 V/Net 3109326090: Send: MessageSvc.PbSendMsg(MessageSvc.PbSendMsg)[0m
[0m2023-03-15 00:30:21 V/Net 3109326090: Recv: MessageSvc.PbSendMsg[0m
[0m2023-03-15 00:30:25 V/Net 3109326090: Send: MessageSvc.PbSendMsg(MessageSvc.PbSendMsg)[0m
[0m2023-03-15 00:30:26 V/Net 3109326090: Recv: MessageSvc.PbSendMsg[0m
[0m2023-03-15 00:34:31 V/Net 3109326090: Send: MessageSvc.PbSendMsg(MessageSvc.PbSendMsg)[0m
[0m2023-03-15 00:34:31 V/Net 3109326090: Recv: MessageSvc.PbSendMsg[0m
[0m2023-03-15 00:34:38 V/Net 3109326090: Send: MessageSvc.PbSendMsg(MessageSvc.PbSendMsg)[0m
[0m2023-03-15 00:34:39 V/Net 3109326090: Recv: MessageSvc.PbSendMsg[0m
[0m2023-03-15 00:39:29 V/Net 3109326090: Send: MessageSvc.PbSendMsg(MessageSvc.PbSendMsg)[0m
[0m2023-03-15 00:39:29 V/Net 3109326090: Recv: MessageSvc.PbSendMsg[0m
[0m2023-03-15 00:39:34 V/Net 3109326090: Send: MessageSvc.PbSendMsg(MessageSvc.PbSendMsg)[0m
[0m2023-03-15 00:39:35 V/Net 3109326090: Recv: MessageSvc.PbSendMsg[0m
[0m2023-03-15 00:51:36 V/Net 3109326090: Send: MessageSvc.PbSendMsg(MessageSvc.PbSendMsg)[0m
[0m2023-03-15 00:51:37 V/Net 3109326090: Recv: MessageSvc.PbSendMsg[0m
[0m2023-03-15 00:51:49 V/Net 3109326090: Send: MessageSvc.PbSendMsg(MessageSvc.PbSendMsg)[0m
[0m2023-03-15 00:51:49 V/Net 3109326090: Recv: MessageSvc.PbSendMsg[0m
[0m2023-03-15 01:01:34 V/Net 3109326090: Send: MessageSvc.PbSendMsg(MessageSvc.PbSendMsg)[0m
[0m2023-03-15 01:01:34 V/Net 3109326090: Recv: MessageSvc.PbSendMsg[0m
[93m2023-03-15 04:08:43 W/Net 3109326090: Exception in resumeConnection.
HeartbeatFailedException: 3109326090.AliveHeartbeat, recoverable=true, cause=PacketTimeoutException(message=3109326090.AliveHeartbeat Scheduler: Timeout receiving action response, cause=null)
	at net.mamoe.mirai.internal.network.handler.CommonNetworkHandler$StateOK$heartbeatJobs$1$1.invoke(CommonNetworkHandler.kt:346)
	at net.mamoe.mirai.internal.network.handler.CommonNetworkHandler$StateOK$heartbeatJobs$1$1.invoke(CommonNetworkHandler.kt:346)
	at net.mamoe.mirai.internal.network.handler.NetworkHandlerSupport.setStateImpl$mirai_core(NetworkHandlerSupport.kt:329)
	at net.mamoe.mirai.internal.network.handler.CommonNetworkHandler$StateOK$heartbeatJobs$1.invoke(CommonNetworkHandler.kt:408)
	at net.mamoe.mirai.internal.network.handler.CommonNetworkHandler$StateOK$heartbeatJobs$1.invoke(CommonNetworkHandler.kt:345)
	at net.mamoe.mirai.internal.network.components.TimeBasedHeartbeatSchedulerImpl$launchHeartbeatJobAsync$1.invokeSuspend(HeartbeatScheduler.kt:131)
	at kotlin.coroutines.jvm.internal.BaseContinuationImpl.resumeWith(ContinuationImpl.kt:33)
	at kotlinx.coroutines.internal.ScopeCoroutine.afterResume(Scopes.kt:33)
	at kotlinx.coroutines.AbstractCoroutine.resumeWith(AbstractCoroutine.kt:102)
	at kotlin.coroutines.jvm.internal.BaseContinuationImpl.resumeWith(ContinuationImpl.kt:46)
	at kotlinx.coroutines.internal.ScopeCoroutine.afterResume(Scopes.kt:33)
	at kotlinx.coroutines.AbstractCoroutine.resumeWith(AbstractCoroutine.kt:102)
	at kotlin.coroutines.jvm.internal.BaseContinuationImpl.resumeWith(ContinuationImpl.kt:46)
	at kotlinx.coroutines.DispatchedTask.run(DispatchedTask.kt:104)
	at kotlinx.coroutines.scheduling.CoroutineScheduler.runSafely(CoroutineScheduler.kt:570)
	at kotlinx.coroutines.scheduling.CoroutineScheduler$Worker.executeTask(CoroutineScheduler.kt:750)
	at kotlinx.coroutines.scheduling.CoroutineScheduler$Worker.runWorker(CoroutineScheduler.kt:677)
	at kotlinx.coroutines.scheduling.CoroutineScheduler$Worker.run(CoroutineScheduler.kt:664)
Caused by: PacketTimeoutException(message=3109326090.AliveHeartbeat Scheduler: Timeout receiving action response, cause=null)
	at net.mamoe.mirai.internal.network.components.TimeBasedHeartbeatSchedulerImpl$launchHeartbeatJobAsync$1.invokeSuspend(HeartbeatScheduler.kt:133)
	... 12 more
[0m
[0m2023-03-15 04:08:43 V/Net 3109326090: Validated caches.[0m
[0m2023-03-15 04:08:43 V/Net 3109326090: Loading server list from cache.[0m
[0m2023-03-15 04:08:43 V/Net 3109326090: Server list: 42.81.179.158:443, 183.47.102.218:14000, msfwifi.3g.qq.com:8080, 183.47.106.104:14000, 119.147.190.171:8080, 114.222.112.90:14000, 222.94.109.123:80, 42.81.184.253:80, 42.81.183.253:443, 180.109.52.205:8080.[0m
[92m2023-03-15 04:08:43 I/Net 3109326090: ECDH key is valid.[0m
[0m2023-03-15 04:08:43 V/Net 3109326090: Send: wtlogin.exchange_emp(10:fast-login)[0m
[0m2023-03-15 04:08:43 V/Net 3109326090: Recv: wtlogin.exchange_emp[0m
[0m2023-03-15 04:08:43 V/Net 3109326090: Send: StatSvc.register(online)[0m
[92m2023-03-15 04:08:43 I/Net 3109326090: Server time updated, serverTime: 1678824520, diff: -3ms=-0.003s[0m
[0m2023-03-15 04:08:43 V/Net 3109326090: Recv: StatSvc.register[0m
[92m2023-03-15 04:08:43 I/Net 3109326090: Scheduled refresh login session in 19d 23h 55min 0.0s.[0m
[92m2023-03-15 04:08:43 I/Net 3109326090: Scheduled key refresh in 23h 55min 0.0s.[0m
[0m2023-03-15 04:08:46 V/Net 3109326090: Server list: 42.81.193.250:80, 114.222.112.79:8080, 123.151.54.57:443, 114.222.113.249:80, 114.222.113.185:14000, 123.151.54.91:443, 183.47.106.14:14000, 183.47.99.24:14000, msfwifi.3g.qq.com:8080, 183.47.98.11:8080.[0m
[0m2023-03-15 04:08:46 V/Net 3109326090: Saving bdh session to cache[0m
[0m2023-03-15 04:08:46 V/Net 3109326090: Saving server list to cache[0m
[0m2023-03-15 04:08:46 V/Net 3109326090: Send: ConfigPushSvc.PushResp(ConfigPushSvc.PushResp)[0m
[0m2023-03-15 04:08:46 V/Net 3109326090: Recv: ConfigPushSvc.PushReq[0m
[0m2023-03-15 04:08:46 V/Net 3109326090: Saving bdh session to cache[0m
[0m2023-03-15 04:08:46 V/Net 3109326090: Send: ConfigPushSvc.PushResp(ConfigPushSvc.PushResp)[0m
[0m2023-03-15 04:08:46 V/Net 3109326090: Recv: ConfigPushSvc.PushReq[0m
[0m2023-03-15 04:38:46 V/Net 3109326090: Send: StatSvc.register(offline)[0m
