[0m2023-03-30 05:00:45 V/: Send: MessageSvc.PbSendMsg(MessageSvc.PbSendMsg)[0m
[0m2023-03-30 05:00:45 V/: Recv: MessageSvc.PbSendMsg[0m
[0m2023-03-30 05:00:54 V/: Send: MessageSvc.PbSendMsg(MessageSvc.PbSendMsg)[0m
[0m2023-03-30 05:00:55 V/: Recv: MessageSvc.PbSendMsg[0m
[0m2023-03-30 05:01:32 V/: Send: MessageSvc.PbSendMsg(MessageSvc.PbSendMsg)[0m
[0m2023-03-30 05:01:33 V/: Recv: MessageSvc.PbSendMsg[0m
[0m2023-03-30 05:01:35 V/: Send: MessageSvc.PbSendMsg(MessageSvc.PbSendMsg)[0m
[0m2023-03-30 05:01:35 V/: Recv: MessageSvc.PbSendMsg[0m
[0m2023-03-30 06:01:17 V/: Send: MessageSvc.PbSendMsg(MessageSvc.PbSendMsg)[0m
[0m2023-03-30 06:01:17 V/: Recv: MessageSvc.PbSendMsg[0m
[0m2023-03-30 06:01:24 V/: Send: MessageSvc.PbSendMsg(MessageSvc.PbSendMsg)[0m
[0m2023-03-30 06:01:25 V/: Recv: MessageSvc.PbSendMsg[0m
[0m2023-03-30 06:01:31 V/: Send: MessageSvc.PbSendMsg(MessageSvc.PbSendMsg)[0m
[0m2023-03-30 06:01:31 V/: Recv: MessageSvc.PbSendMsg[0m
[0m2023-03-30 06:01:45 V/: Send: MessageSvc.PbSendMsg(MessageSvc.PbSendMsg)[0m
[0m2023-03-30 06:01:46 V/: Recv: MessageSvc.PbSendMsg[0m
[0m2023-03-30 07:12:58 V/: Send: MessageSvc.PbSendMsg(MessageSvc.PbSendMsg)[0m
[0m2023-03-30 07:12:58 V/: Recv: MessageSvc.PbSendMsg[0m
[0m2023-03-30 07:13:06 V/: Send: MessageSvc.PbSendMsg(MessageSvc.PbSendMsg)[0m
[0m2023-03-30 07:13:06 V/: Recv: MessageSvc.PbSendMsg[0m
[0m2023-03-30 07:13:12 V/: Send: MessageSvc.PbSendMsg(MessageSvc.PbSendMsg)[0m
[0m2023-03-30 07:13:12 V/: Recv: MessageSvc.PbSendMsg[0m
[0m2023-03-30 07:13:14 V/: Send: MessageSvc.PbSendMsg(MessageSvc.PbSendMsg)[0m
[0m2023-03-30 07:13:14 V/: Recv: MessageSvc.PbSendMsg[0m
[0m2023-03-30 07:13:17 V/: Send: MessageSvc.PbSendMsg(MessageSvc.PbSendMsg)[0m
[0m2023-03-30 07:13:18 V/: Recv: MessageSvc.PbSendMsg[0m
[0m2023-03-30 07:13:22 V/: Send: MessageSvc.PbSendMsg(MessageSvc.PbSendMsg)[0m
[0m2023-03-30 07:13:22 V/: Recv: MessageSvc.PbSendMsg[0m
[0m2023-03-30 07:13:26 V/: Send: MessageSvc.PbSendMsg(MessageSvc.PbSendMsg)[0m
[0m2023-03-30 07:13:26 V/: Recv: MessageSvc.PbSendMsg[0m
[0m2023-03-30 07:13:29 V/: Send: MessageSvc.PbSendMsg(MessageSvc.PbSendMsg)[0m
[0m2023-03-30 07:13:29 V/: Recv: MessageSvc.PbSendMsg[0m
[0m2023-03-30 07:13:32 V/: Send: MessageSvc.PbSendMsg(MessageSvc.PbSendMsg)[0m
[0m2023-03-30 07:13:33 V/: Recv: MessageSvc.PbSendMsg[0m
[0m2023-03-30 07:15:36 V/: Send: MessageSvc.PbSendMsg(MessageSvc.PbSendMsg)[0m
[0m2023-03-30 07:15:37 V/: Recv: MessageSvc.PbSendMsg[0m
[0m2023-03-30 07:15:42 V/: Send: MessageSvc.PbSendMsg(MessageSvc.PbSendMsg)[0m
[0m2023-03-30 07:15:42 V/: Recv: MessageSvc.PbSendMsg[0m
[0m2023-03-30 07:15:44 V/: Send: MessageSvc.PbSendMsg(MessageSvc.PbSendMsg)[0m
[0m2023-03-30 07:15:44 V/: Recv: MessageSvc.PbSendMsg[0m
[0m2023-03-30 08:39:28 V/: Send: MessageSvc.PbSendMsg(MessageSvc.PbSendMsg)[0m
[0m2023-03-30 08:39:29 V/: Recv: MessageSvc.PbSendMsg[0m
[0m2023-03-30 08:39:29 V/: Send: MessageSvc.PbSendMsg(MessageSvc.PbSendMsg)[0m
[0m2023-03-30 08:39:30 V/: Recv: MessageSvc.PbSendMsg[0m
[0m2023-03-30 09:03:49 V/: Send: MessageSvc.PbSendMsg(MessageSvc.PbSendMsg)[0m
[0m2023-03-30 09:03:50 V/: Recv: MessageSvc.PbSendMsg[0m
[0m2023-03-30 09:03:51 V/: Send: MessageSvc.PbSendMsg(MessageSvc.PbSendMsg)[0m
[0m2023-03-30 09:03:51 V/: Recv: MessageSvc.PbSendMsg[0m
[0m2023-03-30 09:03:55 V/: Send: MessageSvc.PbSendMsg(MessageSvc.PbSendMsg)[0m
[0m2023-03-30 09:03:55 V/: Recv: MessageSvc.PbSendMsg[0m
[0m2023-03-30 09:04:05 V/: Send: MessageSvc.PbSendMsg(MessageSvc.PbSendMsg)[0m
[0m2023-03-30 09:04:05 V/: Recv: MessageSvc.PbSendMsg[0m
[0m2023-03-30 09:34:21 V/: Send: MessageSvc.PbSendMsg(MessageSvc.PbSendMsg)[0m
[0m2023-03-30 09:34:21 V/: Recv: MessageSvc.PbSendMsg[0m
[0m2023-03-30 09:34:28 V/: Send: MessageSvc.PbSendMsg(MessageSvc.PbSendMsg)[0m
[0m2023-03-30 09:34:29 V/: Recv: MessageSvc.PbSendMsg[0m
[0m2023-03-30 09:34:38 V/: Send: MessageSvc.PbSendMsg(MessageSvc.PbSendMsg)[0m
[0m2023-03-30 09:34:38 V/: Recv: MessageSvc.PbSendMsg[0m
[0m2023-03-30 09:39:03 V/: Send: MessageSvc.PbSendMsg(MessageSvc.PbSendMsg)[0m
[0m2023-03-30 09:39:04 V/: Recv: MessageSvc.PbSendMsg[0m
[0m2023-03-30 09:39:12 V/: Send: MessageSvc.PbSendMsg(MessageSvc.PbSendMsg)[0m
[0m2023-03-30 09:39:12 V/: Recv: MessageSvc.PbSendMsg[0m
[0m2023-03-30 09:42:32 V/: Send: MessageSvc.PbSendMsg(MessageSvc.PbSendMsg)[0m
[0m2023-03-30 09:42:33 V/: Recv: MessageSvc.PbSendMsg[0m
[0m2023-03-30 09:42:38 V/: Send: MessageSvc.PbSendMsg(MessageSvc.PbSendMsg)[0m
[0m2023-03-30 09:42:39 V/: Recv: MessageSvc.PbSendMsg[0m
[0m2023-03-30 09:42:40 V/: Send: MessageSvc.PbSendMsg(MessageSvc.PbSendMsg)[0m
[0m2023-03-30 09:42:41 V/: Recv: MessageSvc.PbSendMsg[0m
[0m2023-03-30 09:42:43 V/: Send: MessageSvc.PbSendMsg(MessageSvc.PbSendMsg)[0m
[0m2023-03-30 09:42:43 V/: Recv: MessageSvc.PbSendMsg[0m
[0m2023-03-30 09:42:46 V/: Send: MessageSvc.PbSendMsg(MessageSvc.PbSendMsg)[0m
[0m2023-03-30 09:42:46 V/: Recv: MessageSvc.PbSendMsg[0m
[0m2023-03-30 09:42:49 V/: Send: MessageSvc.PbSendMsg(MessageSvc.PbSendMsg)[0m
[0m2023-03-30 09:42:50 V/: Recv: MessageSvc.PbSendMsg[0m
[0m2023-03-30 09:42:52 V/: Send: MessageSvc.PbSendMsg(MessageSvc.PbSendMsg)[0m
[0m2023-03-30 09:42:52 V/: Recv: MessageSvc.PbSendMsg[0m
[0m2023-03-30 09:42:57 V/: Send: MessageSvc.PbSendMsg(MessageSvc.PbSendMsg)[0m
[0m2023-03-30 09:42:57 V/: Recv: MessageSvc.PbSendMsg[0m
[0m2023-03-30 09:52:52 V/: Send: MessageSvc.PbSendMsg(MessageSvc.PbSendMsg)[0m
[0m2023-03-30 09:52:52 V/: Recv: MessageSvc.PbSendMsg[0m
[0m2023-03-30 09:52:57 V/: Send: MessageSvc.PbSendMsg(MessageSvc.PbSendMsg)[0m
[0m2023-03-30 09:52:58 V/: Recv: MessageSvc.PbSendMsg[0m
[0m2023-03-30 09:53:00 V/: Send: MessageSvc.PbSendMsg(MessageSvc.PbSendMsg)[0m
[0m2023-03-30 09:53:00 V/: Recv: MessageSvc.PbSendMsg[0m
[0m2023-03-30 09:53:02 V/: Send: MessageSvc.PbSendMsg(MessageSvc.PbSendMsg)[0m
[0m2023-03-30 09:53:03 V/: Recv: MessageSvc.PbSendMsg[0m
[0m2023-03-30 09:53:04 V/: Send: MessageSvc.PbSendMsg(MessageSvc.PbSendMsg)[0m
[0m2023-03-30 09:53:04 V/: Recv: MessageSvc.PbSendMsg[0m
[0m2023-03-30 09:53:06 V/: Send: MessageSvc.PbSendMsg(MessageSvc.PbSendMsg)[0m
[0m2023-03-30 09:53:06 V/: Recv: MessageSvc.PbSendMsg[0m
[0m2023-03-30 09:53:09 V/: Send: MessageSvc.PbSendMsg(MessageSvc.PbSendMsg)[0m
[0m2023-03-30 09:53:09 V/: Recv: MessageSvc.PbSendMsg[0m
[0m2023-03-30 09:59:10 V/: Send: MessageSvc.PbSendMsg(MessageSvc.PbSendMsg)[0m
[0m2023-03-30 09:59:10 V/: Recv: MessageSvc.PbSendMsg[0m
[0m2023-03-30 10:09:22 V/: Send: MessageSvc.PbSendMsg(MessageSvc.PbSendMsg)[0m
[0m2023-03-30 10:09:22 V/: Recv: MessageSvc.PbSendMsg[0m
[0m2023-03-30 10:09:33 V/: Send: MessageSvc.PbSendMsg(MessageSvc.PbSendMsg)[0m
[0m2023-03-30 10:09:34 V/: Recv: MessageSvc.PbSendMsg[0m
[0m2023-03-30 10:22:53 V/: Send: MessageSvc.PbSendMsg(MessageSvc.PbSendMsg)[0m
[0m2023-03-30 10:22:54 V/: Recv: MessageSvc.PbSendMsg[0m
[0m2023-03-30 10:25:21 V/: Send: MessageSvc.PbSendMsg(MessageSvc.PbSendMsg)[0m
[0m2023-03-30 10:25:21 V/: Recv: MessageSvc.PbSendMsg[0m
[0m2023-03-30 10:25:57 V/: Send: MessageSvc.PbSendMsg(MessageSvc.PbSendMsg)[0m
[0m2023-03-30 10:25:58 V/: Recv: MessageSvc.PbSendMsg[0m
[0m2023-03-30 10:26:06 V/: Send: MessageSvc.PbSendMsg(MessageSvc.PbSendMsg)[0m
[0m2023-03-30 10:26:06 V/: Recv: MessageSvc.PbSendMsg[0m
[0m2023-03-30 10:27:24 V/: Send: MessageSvc.PbSendMsg(MessageSvc.PbSendMsg)[0m
[0m2023-03-30 10:27:24 V/: Recv: MessageSvc.PbSendMsg[0m
[0m2023-03-30 10:34:34 V/: Send: MessageSvc.PbSendMsg(MessageSvc.PbSendMsg)[0m
[0m2023-03-30 10:34:34 V/: Recv: MessageSvc.PbSendMsg[0m
[0m2023-03-30 10:34:37 V/: Send: ImgStore.GroupPicUp(ImgStore.GroupPicUp)[0m
[0m2023-03-30 10:34:37 V/: Recv: ImgStore.GroupPicUp[0m
[0m2023-03-30 10:34:37 V/: Send: ImgStore.GroupPicUp(ImgStore.GroupPicUp)[0m
[0m2023-03-30 10:34:37 V/: Recv: ImgStore.GroupPicUp[0m
[0m2023-03-30 10:34:37 V/: Send: ImgStore.GroupPicUp(ImgStore.GroupPicUp)[0m
[0m2023-03-30 10:34:37 V/: Send: ImgStore.GroupPicUp(ImgStore.GroupPicUp)[0m
[0m2023-03-30 10:34:37 V/: Recv: ImgStore.GroupPicUp[0m
[0m2023-03-30 10:34:38 V/: Recv: ImgStore.GroupPicUp[0m
[0m2023-03-30 10:34:38 V/: Send: ImgStore.GroupPicUp(ImgStore.GroupPicUp)[0m
[0m2023-03-30 10:34:38 V/: Recv: ImgStore.GroupPicUp[0m
[0m2023-03-30 10:34:38 V/: Send: MessageSvc.PbSendMsg(MessageSvc.PbSendMsg)[0m
[0m2023-03-30 10:34:39 V/: Recv: MessageSvc.PbSendMsg[0m
[0m2023-03-30 10:34:39 V/: Send: MessageSvc.PbSendMsg(MessageSvc.PbSendMsg)[0m
[0m2023-03-30 10:34:40 V/: Recv: MessageSvc.PbSendMsg[0m
[0m2023-03-30 10:34:40 V/: Send: MessageSvc.PbSendMsg(MessageSvc.PbSendMsg)[0m
[0m2023-03-30 10:34:41 V/: Recv: MessageSvc.PbSendMsg[0m
[0m2023-03-30 10:34:44 V/: Send: MessageSvc.PbSendMsg(MessageSvc.PbSendMsg)[0m
[0m2023-03-30 10:34:44 V/: Recv: MessageSvc.PbSendMsg[0m
[0m2023-03-30 10:34:47 V/: Send: MessageSvc.PbSendMsg(MessageSvc.PbSendMsg)[0m
[0m2023-03-30 10:34:48 V/: Recv: MessageSvc.PbSendMsg[0m
[0m2023-03-30 10:35:04 V/: Send: MessageSvc.PbSendMsg(MessageSvc.PbSendMsg)[0m
[0m2023-03-30 10:35:04 V/: Recv: MessageSvc.PbSendMsg[0m
[0m2023-03-30 10:35:06 V/: Send: ImgStore.GroupPicUp(ImgStore.GroupPicUp)[0m
[0m2023-03-30 10:35:07 V/: Recv: ImgStore.GroupPicUp[0m
[0m2023-03-30 10:35:07 V/: Send: ImgStore.GroupPicUp(ImgStore.GroupPicUp)[0m
[0m2023-03-30 10:35:07 V/: Send: ImgStore.GroupPicUp(ImgStore.GroupPicUp)[0m
[0m2023-03-30 10:35:07 V/: Send: ImgStore.GroupPicUp(ImgStore.GroupPicUp)[0m
[0m2023-03-30 10:35:07 V/: Recv: ImgStore.GroupPicUp[0m
[0m2023-03-30 10:35:07 V/: Recv: ImgStore.GroupPicUp[0m
[0m2023-03-30 10:35:07 V/: Recv: ImgStore.GroupPicUp[0m
[0m2023-03-30 10:35:07 V/: Send: ImgStore.GroupPicUp(ImgStore.GroupPicUp)[0m
[0m2023-03-30 10:35:07 V/: Recv: ImgStore.GroupPicUp[0m
[0m2023-03-30 10:35:08 V/: Send: ImgStore.GroupPicUp(ImgStore.GroupPicUp)[0m
[0m2023-03-30 10:35:08 V/: Recv: ImgStore.GroupPicUp[0m
[0m2023-03-30 10:35:08 V/: Send: ImgStore.GroupPicUp(ImgStore.GroupPicUp)[0m
[0m2023-03-30 10:35:08 V/: Send: ImgStore.GroupPicUp(ImgStore.GroupPicUp)[0m
[0m2023-03-30 10:35:08 V/: Send: ImgStore.GroupPicUp(ImgStore.GroupPicUp)[0m
[0m2023-03-30 10:35:08 V/: Send: ImgStore.GroupPicUp(ImgStore.GroupPicUp)[0m
[0m2023-03-30 10:35:08 V/: Recv: ImgStore.GroupPicUp[0m
[0m2023-03-30 10:35:08 V/: Recv: ImgStore.GroupPicUp[0m
[0m2023-03-30 10:35:08 V/: [Highway] Uploading group image to 180.110.193.238:14000, size=3487.51 KiB[0m
[0m2023-03-30 10:35:08 V/: Recv: ImgStore.GroupPicUp[0m
[0m2023-03-30 10:35:08 V/: Recv: ImgStore.GroupPicUp[0m
[0m2023-03-30 10:35:08 V/: Send: ImgStore.GroupPicUp(ImgStore.GroupPicUp)[0m
[0m2023-03-30 10:35:08 V/: Send: ImgStore.GroupPicUp(ImgStore.GroupPicUp)[0m
[0m2023-03-30 10:35:08 V/: Recv: ImgStore.GroupPicUp[0m
[0m2023-03-30 10:35:08 V/: Recv: ImgStore.GroupPicUp[0m
[0m2023-03-30 10:35:09 V/: Send: ImgStore.GroupPicUp(ImgStore.GroupPicUp)[0m
[0m2023-03-30 10:35:09 V/: Recv: ImgStore.GroupPicUp[0m
[0m2023-03-30 10:35:09 V/: Send: ImgStore.GroupPicUp(ImgStore.GroupPicUp)[0m
[0m2023-03-30 10:35:09 V/: Recv: ImgStore.GroupPicUp[0m
[0m2023-03-30 10:35:09 V/: Send: ImgStore.GroupPicUp(ImgStore.GroupPicUp)[0m
[0m2023-03-30 10:35:09 V/: Recv: ImgStore.GroupPicUp[0m
[0m2023-03-30 10:35:09 V/: Send: ImgStore.GroupPicUp(ImgStore.GroupPicUp)[0m
[0m2023-03-30 10:35:09 V/: [Highway] Uploading group image to 180.110.193.238:14000, size=1523.76 KiB[0m
[0m2023-03-30 10:35:09 V/: Recv: ImgStore.GroupPicUp[0m
[0m2023-03-30 10:35:10 V/: Send: ImgStore.GroupPicUp(ImgStore.GroupPicUp)[0m
[0m2023-03-30 10:35:10 V/: Recv: ImgStore.GroupPicUp[0m
[0m2023-03-30 10:35:11 V/: [Highway] Uploading group image: succeed at 1450 KiB/s[0m
[0m2023-03-30 10:35:11 V/: [Highway] Uploading group image: succeed at 1004 KiB/s[0m
[0m2023-03-30 10:35:12 V/: Send: ImgStore.GroupPicUp(ImgStore.GroupPicUp)[0m
[0m2023-03-30 10:35:12 V/: [Highway] Uploading group image to 180.110.193.238:14000, size=6776.67 KiB[0m
[0m2023-03-30 10:35:12 V/: Recv: ImgStore.GroupPicUp[0m
[0m2023-03-30 10:35:21 V/: [Highway] Uploading group image: succeed at 794 KiB/s[0m
[0m2023-03-30 10:35:21 V/: Send: MessageSvc.PbSendMsg(MessageSvc.PbSendMsg)[0m
[0m2023-03-30 10:35:21 V/: Recv: MessageSvc.PbSendMsg[0m
[0m2023-03-30 10:35:22 V/: Send: MessageSvc.PbSendMsg(MessageSvc.PbSendMsg)[0m
[0m2023-03-30 10:35:22 V/: Recv: MessageSvc.PbSendMsg[0m
[0m2023-03-30 10:35:23 V/: Send: MessageSvc.PbSendMsg(MessageSvc.PbSendMsg)[0m
[0m2023-03-30 10:35:23 V/: Recv: MessageSvc.PbSendMsg[0m
[0m2023-03-30 10:35:24 V/: Send: MessageSvc.PbSendMsg(MessageSvc.PbSendMsg)[0m
[0m2023-03-30 10:35:24 V/: Recv: MessageSvc.PbSendMsg[0m
[0m2023-03-30 10:35:25 V/: Send: MessageSvc.PbSendMsg(MessageSvc.PbSendMsg)[0m
[0m2023-03-30 10:35:25 V/: Recv: MessageSvc.PbSendMsg[0m
[0m2023-03-30 10:35:26 V/: Send: MessageSvc.PbSendMsg(MessageSvc.PbSendMsg)[0m
[0m2023-03-30 10:35:26 V/: Recv: MessageSvc.PbSendMsg[0m
[0m2023-03-30 10:35:29 V/: Send: MessageSvc.PbSendMsg(MessageSvc.PbSendMsg)[0m
[0m2023-03-30 10:35:30 V/: Recv: MessageSvc.PbSendMsg[0m
[0m2023-03-30 10:35:30 V/: Send: MessageSvc.PbSendMsg(MessageSvc.PbSendMsg)[0m
[0m2023-03-30 10:35:31 V/: Recv: MessageSvc.PbSendMsg[0m
[0m2023-03-30 10:35:31 V/: Send: MessageSvc.PbSendMsg(MessageSvc.PbSendMsg)[0m
[0m2023-03-30 10:35:32 V/: Recv: MessageSvc.PbSendMsg[0m
[0m2023-03-30 10:35:32 V/: Send: MessageSvc.PbSendMsg(MessageSvc.PbSendMsg)[0m
[0m2023-03-30 10:35:33 V/: Recv: MessageSvc.PbSendMsg[0m
[0m2023-03-30 10:35:36 V/: Send: MessageSvc.PbSendMsg(MessageSvc.PbSendMsg)[0m
[0m2023-03-30 10:35:36 V/: Recv: MessageSvc.PbSendMsg[0m
[0m2023-03-30 10:35:39 V/: Send: MessageSvc.PbSendMsg(MessageSvc.PbSendMsg)[0m
[0m2023-03-30 10:35:40 V/: Recv: MessageSvc.PbSendMsg[0m
[0m2023-03-30 10:35:40 V/: Send: MessageSvc.PbSendMsg(MessageSvc.PbSendMsg)[0m
[0m2023-03-30 10:35:41 V/: Recv: MessageSvc.PbSendMsg[0m
[0m2023-03-30 10:35:44 V/: Send: MessageSvc.PbSendMsg(MessageSvc.PbSendMsg)[0m
[0m2023-03-30 10:35:44 V/: Recv: MessageSvc.PbSendMsg[0m
[0m2023-03-30 10:35:45 V/: Send: MessageSvc.PbSendMsg(MessageSvc.PbSendMsg)[0m
[0m2023-03-30 10:35:45 V/: Recv: MessageSvc.PbSendMsg[0m
[0m2023-03-30 10:35:48 V/: Send: MessageSvc.PbSendMsg(MessageSvc.PbSendMsg)[0m
[0m2023-03-30 10:35:49 V/: Recv: MessageSvc.PbSendMsg[0m
[0m2023-03-30 10:35:49 V/: Send: MessageSvc.PbSendMsg(MessageSvc.PbSendMsg)[0m
[0m2023-03-30 10:35:50 V/: Recv: MessageSvc.PbSendMsg[0m
[0m2023-03-30 10:35:53 V/: Send: MessageSvc.PbSendMsg(MessageSvc.PbSendMsg)[0m
[0m2023-03-30 10:35:53 V/: Recv: MessageSvc.PbSendMsg[0m
[0m2023-03-30 10:35:56 V/: Send: MessageSvc.PbSendMsg(MessageSvc.PbSendMsg)[0m
[0m2023-03-30 10:35:57 V/: Recv: MessageSvc.PbSendMsg[0m
[0m2023-03-30 10:35:57 V/: Send: MessageSvc.PbSendMsg(MessageSvc.PbSendMsg)[0m
[0m2023-03-30 10:35:58 V/: Recv: MessageSvc.PbSendMsg[0m
[0m2023-03-30 10:55:05 V/: Send: MessageSvc.PbSendMsg(MessageSvc.PbSendMsg)[0m
[0m2023-03-30 10:55:05 V/: Recv: MessageSvc.PbSendMsg[0m
[0m2023-03-30 10:55:07 V/: Send: ImgStore.GroupPicUp(ImgStore.GroupPicUp)[0m
[0m2023-03-30 10:55:07 V/: Recv: ImgStore.GroupPicUp[0m
[0m2023-03-30 10:55:08 V/: Send: ImgStore.GroupPicUp(ImgStore.GroupPicUp)[0m
[0m2023-03-30 10:55:08 V/: Send: ImgStore.GroupPicUp(ImgStore.GroupPicUp)[0m
[0m2023-03-30 10:55:08 V/: Recv: ImgStore.GroupPicUp[0m
[0m2023-03-30 10:55:08 V/: Send: ImgStore.GroupPicUp(ImgStore.GroupPicUp)[0m
[0m2023-03-30 10:55:08 V/: Send: ImgStore.GroupPicUp(ImgStore.GroupPicUp)[0m
[0m2023-03-30 10:55:08 V/: Recv: ImgStore.GroupPicUp[0m
[0m2023-03-30 10:55:08 V/: Recv: ImgStore.GroupPicUp[0m
[0m2023-03-30 10:55:08 V/: Recv: ImgStore.GroupPicUp[0m
[0m2023-03-30 10:55:09 V/: Send: MessageSvc.PbSendMsg(MessageSvc.PbSendMsg)[0m
[0m2023-03-30 10:55:09 V/: Recv: MessageSvc.PbSendMsg[0m
[0m2023-03-30 10:55:10 V/: Send: MessageSvc.PbSendMsg(MessageSvc.PbSendMsg)[0m
[0m2023-03-30 10:55:10 V/: Recv: MessageSvc.PbSendMsg[0m
[0m2023-03-30 10:55:11 V/: Send: MessageSvc.PbSendMsg(MessageSvc.PbSendMsg)[0m
[0m2023-03-30 10:55:11 V/: Recv: MessageSvc.PbSendMsg[0m
[0m2023-03-30 10:55:12 V/: Send: MessageSvc.PbSendMsg(MessageSvc.PbSendMsg)[0m
[0m2023-03-30 10:55:12 V/: Recv: MessageSvc.PbSendMsg[0m
[0m2023-03-30 10:55:13 V/: Send: MessageSvc.PbSendMsg(MessageSvc.PbSendMsg)[0m
[0m2023-03-30 10:55:13 V/: Recv: MessageSvc.PbSendMsg[0m
[0m2023-03-30 10:56:16 V/: Send: MessageSvc.PbSendMsg(MessageSvc.PbSendMsg)[0m
[0m2023-03-30 10:56:16 V/: Recv: MessageSvc.PbSendMsg[0m
[0m2023-03-30 10:56:19 V/: Send: ImgStore.GroupPicUp(ImgStore.GroupPicUp)[0m
[0m2023-03-30 10:56:20 V/: Recv: ImgStore.GroupPicUp[0m
[0m2023-03-30 10:56:20 V/: Send: ImgStore.GroupPicUp(ImgStore.GroupPicUp)[0m
[0m2023-03-30 10:56:20 V/: Recv: ImgStore.GroupPicUp[0m
[0m2023-03-30 10:56:21 V/: Send: ImgStore.GroupPicUp(ImgStore.GroupPicUp)[0m
[0m2023-03-30 10:56:21 V/: Recv: ImgStore.GroupPicUp[0m
[0m2023-03-30 10:56:21 V/: Send: ImgStore.GroupPicUp(ImgStore.GroupPicUp)[0m
[0m2023-03-30 10:56:21 V/: Recv: ImgStore.GroupPicUp[0m
[0m2023-03-30 10:56:21 V/: Send: MessageSvc.PbSendMsg(MessageSvc.PbSendMsg)[0m
[0m2023-03-30 10:56:21 V/: Recv: MessageSvc.PbSendMsg[0m
[0m2023-03-30 10:56:25 V/: Send: MessageSvc.PbSendMsg(MessageSvc.PbSendMsg)[0m
[0m2023-03-30 10:56:25 V/: Recv: MessageSvc.PbSendMsg[0m
[0m2023-03-30 10:56:26 V/: Send: MessageSvc.PbSendMsg(MessageSvc.PbSendMsg)[0m
[0m2023-03-30 10:56:26 V/: Recv: MessageSvc.PbSendMsg[0m
[0m2023-03-30 10:56:27 V/: Send: MessageSvc.PbSendMsg(MessageSvc.PbSendMsg)[0m
[0m2023-03-30 10:56:27 V/: Recv: MessageSvc.PbSendMsg[0m
[0m2023-03-30 10:56:28 V/: Send: MessageSvc.PbSendMsg(MessageSvc.PbSendMsg)[0m
[0m2023-03-30 10:56:28 V/: Recv: MessageSvc.PbSendMsg[0m
[0m2023-03-30 11:00:27 V/: Send: MessageSvc.PbSendMsg(MessageSvc.PbSendMsg)[0m
[0m2023-03-30 11:00:28 V/: Recv: MessageSvc.PbSendMsg[0m
[0m2023-03-30 11:00:28 V/: Send: MessageSvc.PbSendMsg(MessageSvc.PbSendMsg)[0m
[0m2023-03-30 11:00:29 V/: Recv: MessageSvc.PbSendMsg[0m
[0m2023-03-30 11:00:35 V/: Send: MessageSvc.PbSendMsg(MessageSvc.PbSendMsg)[0m
[0m2023-03-30 11:00:36 V/: Recv: MessageSvc.PbSendMsg[0m
[0m2023-03-30 11:00:38 V/: Send: ImgStore.GroupPicUp(ImgStore.GroupPicUp)[0m
[0m2023-03-30 11:00:38 V/: Recv: ImgStore.GroupPicUp[0m
[0m2023-03-30 11:00:38 V/: Send: ImgStore.GroupPicUp(ImgStore.GroupPicUp)[0m
[0m2023-03-30 11:00:39 V/: Recv: ImgStore.GroupPicUp[0m
[0m2023-03-30 11:00:39 V/: Send: ImgStore.GroupPicUp(ImgStore.GroupPicUp)[0m
[0m2023-03-30 11:00:39 V/: Recv: ImgStore.GroupPicUp[0m
[0m2023-03-30 11:00:39 V/: Send: ImgStore.GroupPicUp(ImgStore.GroupPicUp)[0m
[0m2023-03-30 11:00:39 V/: Recv: ImgStore.GroupPicUp[0m
[0m2023-03-30 11:00:39 V/: Send: MessageSvc.PbSendMsg(MessageSvc.PbSendMsg)[0m
[0m2023-03-30 11:00:40 V/: Recv: MessageSvc.PbSendMsg[0m
[0m2023-03-30 11:00:40 V/: Send: MessageSvc.PbSendMsg(MessageSvc.PbSendMsg)[0m
[0m2023-03-30 11:00:40 V/: Recv: MessageSvc.PbSendMsg[0m
[0m2023-03-30 11:00:44 V/: Send: MessageSvc.PbSendMsg(MessageSvc.PbSendMsg)[0m
[0m2023-03-30 11:00:44 V/: Recv: MessageSvc.PbSendMsg[0m
[0m2023-03-30 11:00:45 V/: Send: MessageSvc.PbSendMsg(MessageSvc.PbSendMsg)[0m
[0m2023-03-30 11:00:45 V/: Recv: MessageSvc.PbSendMsg[0m
[0m2023-03-30 11:00:46 V/: Send: MessageSvc.PbSendMsg(MessageSvc.PbSendMsg)[0m
[0m2023-03-30 11:00:46 V/: Recv: MessageSvc.PbSendMsg[0m
[0m2023-03-30 11:01:10 V/: Send: MessageSvc.PbSendMsg(MessageSvc.PbSendMsg)[0m
[0m2023-03-30 11:01:10 V/: Recv: MessageSvc.PbSendMsg[0m
[0m2023-03-30 11:01:12 V/: Send: ImgStore.GroupPicUp(ImgStore.GroupPicUp)[0m
[0m2023-03-30 11:01:13 V/: Recv: ImgStore.GroupPicUp[0m
[0m2023-03-30 11:01:13 V/: Send: ImgStore.GroupPicUp(ImgStore.GroupPicUp)[0m
[0m2023-03-30 11:01:13 V/: Recv: ImgStore.GroupPicUp[0m
[0m2023-03-30 11:01:14 V/: Send: ImgStore.GroupPicUp(ImgStore.GroupPicUp)[0m
[0m2023-03-30 11:01:14 V/: [Highway] Uploading group image to 180.110.193.238:14000, size=4827.87 KiB[0m
[0m2023-03-30 11:01:14 V/: Recv: ImgStore.GroupPicUp[0m
[0m2023-03-30 11:01:15 V/: Send: ImgStore.GroupPicUp(ImgStore.GroupPicUp)[0m
[0m2023-03-30 11:01:15 V/: Recv: ImgStore.GroupPicUp[0m
[0m2023-03-30 11:01:20 V/: [Highway] Uploading group image: succeed at 769 KiB/s[0m
[0m2023-03-30 11:01:20 V/: Send: MessageSvc.PbSendMsg(MessageSvc.PbSendMsg)[0m
[0m2023-03-30 11:01:21 V/: Recv: MessageSvc.PbSendMsg[0m
[0m2023-03-30 11:01:21 V/: Send: MessageSvc.PbSendMsg(MessageSvc.PbSendMsg)[0m
[0m2023-03-30 11:01:22 V/: Recv: MessageSvc.PbSendMsg[0m
[0m2023-03-30 11:01:25 V/: Send: MessageSvc.PbSendMsg(MessageSvc.PbSendMsg)[0m
[0m2023-03-30 11:01:25 V/: Recv: MessageSvc.PbSendMsg[0m
[0m2023-03-30 11:01:26 V/: Send: MessageSvc.PbSendMsg(MessageSvc.PbSendMsg)[0m
[0m2023-03-30 11:01:26 V/: Recv: MessageSvc.PbSendMsg[0m
[0m2023-03-30 11:01:27 V/: Send: MessageSvc.PbSendMsg(MessageSvc.PbSendMsg)[0m
[0m2023-03-30 11:01:27 V/: Recv: MessageSvc.PbSendMsg[0m
[0m2023-03-30 11:02:21 V/: Send: MessageSvc.PbSendMsg(MessageSvc.PbSendMsg)[0m
[0m2023-03-30 11:02:21 V/: Recv: MessageSvc.PbSendMsg[0m
[0m2023-03-30 11:02:24 V/: Send: MessageSvc.PbSendMsg(MessageSvc.PbSendMsg)[0m
[0m2023-03-30 11:02:24 V/: Recv: MessageSvc.PbSendMsg[0m
[0m2023-03-30 11:49:20 V/: Send: MessageSvc.PbSendMsg(MessageSvc.PbSendMsg)[0m
[0m2023-03-30 11:49:20 V/: Recv: MessageSvc.PbSendMsg[0m
[0m2023-03-30 11:49:22 V/: Send: ImgStore.GroupPicUp(ImgStore.GroupPicUp)[0m
[0m2023-03-30 11:49:23 V/: Recv: ImgStore.GroupPicUp[0m
[0m2023-03-30 11:49:23 V/: Send: MessageSvc.PbSendMsg(MessageSvc.PbSendMsg)[0m
[0m2023-03-30 11:49:23 V/: Recv: MessageSvc.PbSendMsg[0m
[0m2023-03-30 11:49:58 V/: Send: MessageSvc.PbSendMsg(MessageSvc.PbSendMsg)[0m
[0m2023-03-30 11:49:58 V/: Recv: MessageSvc.PbSendMsg[0m
[0m2023-03-30 11:50:00 V/: Send: ImgStore.GroupPicUp(ImgStore.GroupPicUp)[0m
[0m2023-03-30 11:50:01 V/: Recv: ImgStore.GroupPicUp[0m
[0m2023-03-30 11:50:01 V/: Send: ImgStore.GroupPicUp(ImgStore.GroupPicUp)[0m
[0m2023-03-30 11:50:01 V/: Recv: ImgStore.GroupPicUp[0m
[0m2023-03-30 11:50:01 V/: Send: ImgStore.GroupPicUp(ImgStore.GroupPicUp)[0m
[0m2023-03-30 11:50:01 V/: Recv: ImgStore.GroupPicUp[0m
[0m2023-03-30 11:50:02 V/: Send: ImgStore.GroupPicUp(ImgStore.GroupPicUp)[0m
[0m2023-03-30 11:50:02 V/: Recv: ImgStore.GroupPicUp[0m
[0m2023-03-30 11:50:02 V/: Send: MessageSvc.PbSendMsg(MessageSvc.PbSendMsg)[0m
[0m2023-03-30 11:50:03 V/: Recv: MessageSvc.PbSendMsg[0m
[0m2023-03-30 11:50:03 V/: Send: MessageSvc.PbSendMsg(MessageSvc.PbSendMsg)[0m
[0m2023-03-30 11:50:04 V/: Recv: MessageSvc.PbSendMsg[0m
[0m2023-03-30 11:50:04 V/: Send: MessageSvc.PbSendMsg(MessageSvc.PbSendMsg)[0m
[0m2023-03-30 11:50:05 V/: Recv: MessageSvc.PbSendMsg[0m
[0m2023-03-30 11:50:05 V/: Send: MessageSvc.PbSendMsg(MessageSvc.PbSendMsg)[0m
[0m2023-03-30 11:50:06 V/: Recv: MessageSvc.PbSendMsg[0m
[0m2023-03-30 11:50:06 V/: Send: MessageSvc.PbSendMsg(MessageSvc.PbSendMsg)[0m
[0m2023-03-30 11:50:07 V/: Recv: MessageSvc.PbSendMsg[0m
[0m2023-03-30 11:50:20 V/: Send: MessageSvc.PbSendMsg(MessageSvc.PbSendMsg)[0m
[0m2023-03-30 11:50:21 V/: Recv: MessageSvc.PbSendMsg[0m
[0m2023-03-30 11:50:23 V/: Send: ImgStore.GroupPicUp(ImgStore.GroupPicUp)[0m
[0m2023-03-30 11:50:23 V/: [Highway] Uploading group image to 180.110.193.238:14000, size=1520.74 KiB[0m
[0m2023-03-30 11:50:23 V/: Recv: ImgStore.GroupPicUp[0m
[0m2023-03-30 11:50:24 V/: [Highway] Uploading group image: succeed at 1302 KiB/s[0m
[0m2023-03-30 11:50:42 V/: Send: MessageSvc.PbSendMsg(MessageSvc.PbSendMsg)[0m
[0m2023-03-30 11:50:42 V/: Recv: MessageSvc.PbSendMsg[0m
[0m2023-03-30 11:50:45 V/: Send: MessageSvc.PbSendMsg(MessageSvc.PbSendMsg)[0m
[0m2023-03-30 11:50:45 V/: Recv: MessageSvc.PbSendMsg[0m
[0m2023-03-30 11:50:49 V/: Send: MessageSvc.PbSendMsg(MessageSvc.PbSendMsg)[0m
[0m2023-03-30 11:50:49 V/: Recv: MessageSvc.PbSendMsg[0m
[0m2023-03-30 11:50:52 V/: Send: MessageSvc.PbSendMsg(MessageSvc.PbSendMsg)[0m
[0m2023-03-30 11:50:52 V/: Recv: MessageSvc.PbSendMsg[0m
[0m2023-03-30 11:50:54 V/: Send: MessageSvc.PbSendMsg(MessageSvc.PbSendMsg)[0m
[0m2023-03-30 11:50:54 V/: Recv: MessageSvc.PbSendMsg[0m
[0m2023-03-30 11:50:56 V/: Send: MessageSvc.PbSendMsg(MessageSvc.PbSendMsg)[0m
[0m2023-03-30 11:50:56 V/: Recv: MessageSvc.PbSendMsg[0m
[0m2023-03-30 11:51:06 V/: Send: ImgStore.GroupPicUp(ImgStore.GroupPicUp)[0m
[0m2023-03-30 11:51:06 V/: Send: ImgStore.GroupPicUp(ImgStore.GroupPicUp)[0m
[0m2023-03-30 11:51:06 V/: Recv: ImgStore.GroupPicUp[0m
[0m2023-03-30 11:51:06 V/: [Highway] Uploading group image to 180.110.193.238:14000, size=1622.66 KiB[0m
[0m2023-03-30 11:51:06 V/: Recv: ImgStore.GroupPicUp[0m
[0m2023-03-30 11:51:06 V/: Send: ImgStore.GroupPicUp(ImgStore.GroupPicUp)[0m
[0m2023-03-30 11:51:06 V/: [Highway] Uploading group image to 180.110.193.238:14000, size=1420.37 KiB[0m
[0m2023-03-30 11:51:06 V/: Recv: ImgStore.GroupPicUp[0m
[0m2023-03-30 11:51:07 V/: Send: ImgStore.GroupPicUp(ImgStore.GroupPicUp)[0m
[0m2023-03-30 11:51:07 V/: Recv: ImgStore.GroupPicUp[0m
[0m2023-03-30 11:51:07 V/: [Highway] Uploading group image: succeed at 1281 KiB/s[0m
[0m2023-03-30 11:51:07 V/: [Highway] Uploading group image: succeed at 1206 KiB/s[0m
[0m2023-03-30 11:51:09 V/: Send: MessageSvc.PbSendMsg(MessageSvc.PbSendMsg)[0m
[0m2023-03-30 11:51:10 V/: Recv: MessageSvc.PbSendMsg[0m
[0m2023-03-30 11:51:24 V/: Send: MessageSvc.PbSendMsg(MessageSvc.PbSendMsg)[0m
[0m2023-03-30 11:51:24 V/: Recv: MessageSvc.PbSendMsg[0m
[0m2023-03-30 12:38:19 V/: Send: MessageSvc.PbSendMsg(MessageSvc.PbSendMsg)[0m
[0m2023-03-30 12:38:20 V/: Recv: MessageSvc.PbSendMsg[0m
[0m2023-03-30 12:38:21 V/: Send: MessageSvc.PbSendMsg(MessageSvc.PbSendMsg)[0m
[0m2023-03-30 12:38:21 V/: Recv: MessageSvc.PbSendMsg[0m
[0m2023-03-30 12:38:28 V/: Send: MessageSvc.PbSendMsg(MessageSvc.PbSendMsg)[0m
[0m2023-03-30 12:38:28 V/: Recv: MessageSvc.PbSendMsg[0m
[0m2023-03-30 12:52:53 V/: Send: MessageSvc.PbSendMsg(MessageSvc.PbSendMsg)[0m
[0m2023-03-30 12:52:54 V/: Recv: MessageSvc.PbSendMsg[0m
[0m2023-03-30 12:53:02 V/: Send: MessageSvc.PbSendMsg(MessageSvc.PbSendMsg)[0m
[0m2023-03-30 12:53:03 V/: Recv: MessageSvc.PbSendMsg[0m
[0m2023-03-30 13:11:28 V/: Send: MessageSvc.PbSendMsg(MessageSvc.PbSendMsg)[0m
[0m2023-03-30 13:11:28 V/: Recv: MessageSvc.PbSendMsg[0m
[0m2023-03-30 13:11:33 V/: Send: MessageSvc.PbSendMsg(MessageSvc.PbSendMsg)[0m
[0m2023-03-30 13:11:33 V/: Recv: MessageSvc.PbSendMsg[0m
[0m2023-03-30 13:11:45 V/: Send: MessageSvc.PbSendMsg(MessageSvc.PbSendMsg)[0m
[0m2023-03-30 13:11:45 V/: Recv: MessageSvc.PbSendMsg[0m
[0m2023-03-30 13:17:59 V/: Send: MessageSvc.PbSendMsg(MessageSvc.PbSendMsg)[0m
[0m2023-03-30 13:18:00 V/: Recv: MessageSvc.PbSendMsg[0m
[0m2023-03-30 13:18:10 V/: Send: MessageSvc.PbSendMsg(MessageSvc.PbSendMsg)[0m
[0m2023-03-30 13:18:10 V/: Recv: MessageSvc.PbSendMsg[0m
[0m2023-03-30 13:18:54 V/: Send: MessageSvc.PbSendMsg(MessageSvc.PbSendMsg)[0m
[0m2023-03-30 13:18:54 V/: Recv: MessageSvc.PbSendMsg[0m
[0m2023-03-30 13:22:15 V/: Send: MessageSvc.PbSendMsg(MessageSvc.PbSendMsg)[0m
[0m2023-03-30 13:22:15 V/: Recv: MessageSvc.PbSendMsg[0m
[0m2023-03-30 14:23:49 V/: Send: MessageSvc.PbSendMsg(MessageSvc.PbSendMsg)[0m
[0m2023-03-30 14:23:49 V/: Recv: MessageSvc.PbSendMsg[0m
[0m2023-03-30 14:23:51 V/: Send: ImgStore.GroupPicUp(ImgStore.GroupPicUp)[0m
[0m2023-03-30 14:23:51 V/: Recv: ImgStore.GroupPicUp[0m
[0m2023-03-30 14:23:52 V/: Send: ImgStore.GroupPicUp(ImgStore.GroupPicUp)[0m
[0m2023-03-30 14:23:52 V/: [Highway] Uploading group image to 180.110.193.238:14000, size=4090.39 KiB[0m
[0m2023-03-30 14:23:52 V/: Recv: ImgStore.GroupPicUp[0m
[0m2023-03-30 14:23:53 V/: Send: ImgStore.GroupPicUp(ImgStore.GroupPicUp)[0m
[0m2023-03-30 14:23:53 V/: Recv: ImgStore.GroupPicUp[0m
[0m2023-03-30 14:23:53 V/: Send: ImgStore.GroupPicUp(ImgStore.GroupPicUp)[0m
[0m2023-03-30 14:23:53 V/: [Highway] Uploading group image to 180.110.193.238:14000, size=436.4 KiB[0m
[0m2023-03-30 14:23:53 V/: Recv: ImgStore.GroupPicUp[0m
[0m2023-03-30 14:23:54 V/: [Highway] Uploading group image: succeed at 936 KiB/s[0m
[0m2023-03-30 14:23:54 V/: Send: ImgStore.GroupPicUp(ImgStore.GroupPicUp)[0m
[0m2023-03-30 14:23:54 V/: Recv: ImgStore.GroupPicUp[0m
[0m2023-03-30 14:23:56 V/: [Highway] Uploading group image: succeed at 1324 KiB/s[0m
[0m2023-03-30 14:23:56 V/: Send: MessageSvc.PbSendMsg(MessageSvc.PbSendMsg)[0m
[0m2023-03-30 14:23:56 V/: Recv: MessageSvc.PbSendMsg[0m
[0m2023-03-30 14:24:00 V/: Send: MessageSvc.PbSendMsg(MessageSvc.PbSendMsg)[0m
[0m2023-03-30 14:24:00 V/: Recv: MessageSvc.PbSendMsg[0m
[0m2023-03-30 14:24:02 V/: Send: MessageSvc.PbSendMsg(MessageSvc.PbSendMsg)[0m
[0m2023-03-30 14:24:02 V/: Recv: MessageSvc.PbSendMsg[0m
[0m2023-03-30 14:24:03 V/: Send: MessageSvc.PbSendMsg(MessageSvc.PbSendMsg)[0m
[0m2023-03-30 14:24:03 V/: Recv: MessageSvc.PbSendMsg[0m
[0m2023-03-30 14:24:07 V/: Send: MessageSvc.PbSendMsg(MessageSvc.PbSendMsg)[0m
[0m2023-03-30 14:24:07 V/: Send: MessageSvc.PbSendMsg(MessageSvc.PbSendMsg)[0m
[0m2023-03-30 14:24:07 V/: Recv: MessageSvc.PbSendMsg[0m
[0m2023-03-30 14:24:07 V/: Recv: MessageSvc.PbSendMsg[0m
[0m2023-03-30 14:24:08 V/: Send: MessageSvc.PbSendMsg(MessageSvc.PbSendMsg)[0m
[0m2023-03-30 14:24:09 V/: Recv: MessageSvc.PbSendMsg[0m
[0m2023-03-30 14:24:10 V/: Send: MessageSvc.PbSendMsg(MessageSvc.PbSendMsg)[0m
[0m2023-03-30 14:24:11 V/: Recv: MessageSvc.PbSendMsg[0m
[0m2023-03-30 14:47:48 V/: Send: MessageSvc.PbSendMsg(MessageSvc.PbSendMsg)[0m
[0m2023-03-30 14:47:48 V/: Recv: MessageSvc.PbSendMsg[0m
[0m2023-03-30 14:49:00 V/: Send: MessageSvc.PbSendMsg(MessageSvc.PbSendMsg)[0m
[0m2023-03-30 14:49:01 V/: Recv: MessageSvc.PbSendMsg[0m
[0m2023-03-30 14:49:04 V/: Send: MessageSvc.PbSendMsg(MessageSvc.PbSendMsg)[0m
[0m2023-03-30 14:49:04 V/: Recv: MessageSvc.PbSendMsg[0m
[0m2023-03-30 14:49:06 V/: Send: MessageSvc.PbSendMsg(MessageSvc.PbSendMsg)[0m
[0m2023-03-30 14:49:06 V/: Recv: MessageSvc.PbSendMsg[0m
[0m2023-03-30 14:49:08 V/: Send: MessageSvc.PbSendMsg(MessageSvc.PbSendMsg)[0m
[0m2023-03-30 14:49:09 V/: Recv: MessageSvc.PbSendMsg[0m
[0m2023-03-30 14:50:55 V/: Send: MessageSvc.PbSendMsg(MessageSvc.PbSendMsg)[0m
[0m2023-03-30 14:50:55 V/: Recv: MessageSvc.PbSendMsg[0m
[0m2023-03-30 15:31:25 V/: Send: MessageSvc.PbSendMsg(MessageSvc.PbSendMsg)[0m
[0m2023-03-30 15:31:26 V/: Recv: MessageSvc.PbSendMsg[0m
[0m2023-03-30 15:31:28 V/: Send: ImgStore.GroupPicUp(ImgStore.GroupPicUp)[0m
[0m2023-03-30 15:31:28 V/: Send: ImgStore.GroupPicUp(ImgStore.GroupPicUp)[0m
[0m2023-03-30 15:31:28 V/: Send: ImgStore.GroupPicUp(ImgStore.GroupPicUp)[0m
[0m2023-03-30 15:31:28 V/: Recv: ImgStore.GroupPicUp[0m
[0m2023-03-30 15:31:28 V/: Recv: ImgStore.GroupPicUp[0m
[0m2023-03-30 15:31:28 V/: Recv: ImgStore.GroupPicUp[0m
[0m2023-03-30 15:31:28 V/: Send: ImgStore.GroupPicUp(ImgStore.GroupPicUp)[0m
[0m2023-03-30 15:31:29 V/: Recv: ImgStore.GroupPicUp[0m
[0m2023-03-30 15:31:30 V/: Send: ImgStore.GroupPicUp(ImgStore.GroupPicUp)[0m
[0m2023-03-30 15:31:30 V/: Recv: ImgStore.GroupPicUp[0m
[0m2023-03-30 15:31:30 V/: Send: MessageSvc.PbSendMsg(MessageSvc.PbSendMsg)[0m
[0m2023-03-30 15:31:31 V/: Recv: MessageSvc.PbSendMsg[0m
[0m2023-03-30 15:31:31 V/: Send: MessageSvc.PbSendMsg(MessageSvc.PbSendMsg)[0m
[0m2023-03-30 15:31:32 V/: Recv: MessageSvc.PbSendMsg[0m
[0m2023-03-30 15:31:32 V/: Send: MessageSvc.PbSendMsg(MessageSvc.PbSendMsg)[0m
[0m2023-03-30 15:31:33 V/: Recv: MessageSvc.PbSendMsg[0m
[0m2023-03-30 15:31:36 V/: Send: MessageSvc.PbSendMsg(MessageSvc.PbSendMsg)[0m
[0m2023-03-30 15:31:36 V/: Recv: MessageSvc.PbSendMsg[0m
[0m2023-03-30 15:31:37 V/: Send: MessageSvc.PbSendMsg(MessageSvc.PbSendMsg)[0m
[0m2023-03-30 15:31:37 V/: Recv: MessageSvc.PbSendMsg[0m
[0m2023-03-30 15:41:13 V/: Send: MessageSvc.PbSendMsg(MessageSvc.PbSendMsg)[0m
[0m2023-03-30 15:41:13 V/: Recv: MessageSvc.PbSendMsg[0m
[0m2023-03-30 15:41:15 V/: Send: ImgStore.GroupPicUp(ImgStore.GroupPicUp)[0m
[0m2023-03-30 15:41:15 V/: Recv: ImgStore.GroupPicUp[0m
[0m2023-03-30 15:41:15 V/: Send: ImgStore.GroupPicUp(ImgStore.GroupPicUp)[0m
[0m2023-03-30 15:41:16 V/: Recv: ImgStore.GroupPicUp[0m
[0m2023-03-30 15:41:16 V/: Send: ImgStore.GroupPicUp(ImgStore.GroupPicUp)[0m
[0m2023-03-30 15:41:16 V/: Send: ImgStore.GroupPicUp(ImgStore.GroupPicUp)[0m
[0m2023-03-30 15:41:16 V/: Recv: ImgStore.GroupPicUp[0m
[0m2023-03-30 15:41:16 V/: Recv: ImgStore.GroupPicUp[0m
[0m2023-03-30 15:41:17 V/: Send: ImgStore.GroupPicUp(ImgStore.GroupPicUp)[0m
[0m2023-03-30 15:41:17 V/: Recv: ImgStore.GroupPicUp[0m
[0m2023-03-30 15:41:18 V/: Send: MessageSvc.PbSendMsg(MessageSvc.PbSendMsg)[0m
[0m2023-03-30 15:41:18 V/: Recv: MessageSvc.PbSendMsg[0m
[0m2023-03-30 15:41:20 V/: Send: MessageSvc.PbSendMsg(MessageSvc.PbSendMsg)[0m
[0m2023-03-30 15:41:20 V/: Recv: MessageSvc.PbSendMsg[0m
[0m2023-03-30 15:41:21 V/: Send: MessageSvc.PbSendMsg(MessageSvc.PbSendMsg)[0m
[0m2023-03-30 15:41:22 V/: Send: ImgStore.GroupPicUp(ImgStore.GroupPicUp)[0m
[0m2023-03-30 15:41:22 V/: Recv: ImgStore.GroupPicUp[0m
[0m2023-03-30 15:41:22 V/: Recv: MessageSvc.PbSendMsg[0m
[0m2023-03-30 15:41:22 V/: Send: ImgStore.GroupPicUp(ImgStore.GroupPicUp)[0m
[0m2023-03-30 15:41:22 V/: Send: MessageSvc.PbSendMsg(MessageSvc.PbSendMsg)[0m
[0m2023-03-30 15:41:23 V/: [Highway] Uploading group image to 180.110.193.238:14000, size=10501.54 KiB[0m
[0m2023-03-30 15:41:23 V/: Recv: ImgStore.GroupPicUp[0m
[0m2023-03-30 15:41:23 V/: Send: ImgStore.GroupPicUp(ImgStore.GroupPicUp)[0m
[0m2023-03-30 15:41:23 V/: Recv: ImgStore.GroupPicUp[0m
[0m2023-03-30 15:41:23 V/: Recv: MessageSvc.PbSendMsg[0m
[0m2023-03-30 15:41:24 V/: Send: ImgStore.GroupPicUp(ImgStore.GroupPicUp)[0m
[0m2023-03-30 15:41:24 V/: Recv: ImgStore.GroupPicUp[0m
[0m2023-03-30 15:41:24 V/: Send: ImgStore.GroupPicUp(ImgStore.GroupPicUp)[0m
[0m2023-03-30 15:41:24 V/: [Highway] Uploading group image to 180.110.193.238:14000, size=5273.87 KiB[0m
[0m2023-03-30 15:41:24 V/: Recv: ImgStore.GroupPicUp[0m
[0m2023-03-30 15:41:26 V/: Send: MessageSvc.PbSendMsg(MessageSvc.PbSendMsg)[0m
[0m2023-03-30 15:41:26 V/: Recv: MessageSvc.PbSendMsg[0m
[0m2023-03-30 15:41:27 V/: Send: MessageSvc.PbSendMsg(MessageSvc.PbSendMsg)[0m
[0m2023-03-30 15:41:27 V/: Recv: MessageSvc.PbSendMsg[0m
[0m2023-03-30 15:41:31 V/: [Highway] Uploading group image: succeed at 726 KiB/s[0m
[0m2023-03-30 15:41:36 V/: [Highway] Uploading group image: succeed at 792 KiB/s[0m
[0m2023-03-30 15:41:36 V/: Send: MessageSvc.PbSendMsg(MessageSvc.PbSendMsg)[0m
[0m2023-03-30 15:41:36 V/: Recv: MessageSvc.PbSendMsg[0m
[0m2023-03-30 15:41:37 V/: Send: MessageSvc.PbSendMsg(MessageSvc.PbSendMsg)[0m
[0m2023-03-30 15:41:37 V/: Recv: MessageSvc.PbSendMsg[0m
[0m2023-03-30 15:41:38 V/: Send: MessageSvc.PbSendMsg(MessageSvc.PbSendMsg)[0m
[0m2023-03-30 15:41:38 V/: Recv: MessageSvc.PbSendMsg[0m
[0m2023-03-30 15:41:39 V/: Send: MessageSvc.PbSendMsg(MessageSvc.PbSendMsg)[0m
[0m2023-03-30 15:41:39 V/: Recv: MessageSvc.PbSendMsg[0m
[0m2023-03-30 15:41:40 V/: Send: MessageSvc.PbSendMsg(MessageSvc.PbSendMsg)[0m
[0m2023-03-30 15:41:40 V/: Recv: MessageSvc.PbSendMsg[0m
[0m2023-03-30 15:42:22 V/: Send: MessageSvc.PbSendMsg(MessageSvc.PbSendMsg)[0m
[0m2023-03-30 15:42:22 V/: Recv: MessageSvc.PbSendMsg[0m
[0m2023-03-30 15:42:23 V/: Send: MessageSvc.PbSendMsg(MessageSvc.PbSendMsg)[0m
[0m2023-03-30 15:42:23 V/: Recv: MessageSvc.PbSendMsg[0m
[0m2023-03-30 15:44:52 V/: Send: MessageSvc.PbSendMsg(MessageSvc.PbSendMsg)[0m
[0m2023-03-30 15:44:52 V/: Recv: MessageSvc.PbSendMsg[0m
[0m2023-03-30 15:44:55 V/: Send: ImgStore.GroupPicUp(ImgStore.GroupPicUp)[0m
[0m2023-03-30 15:44:56 V/: Recv: ImgStore.GroupPicUp[0m
[0m2023-03-30 15:44:57 V/: Send: ImgStore.GroupPicUp(ImgStore.GroupPicUp)[0m
[0m2023-03-30 15:44:57 V/: Send: ImgStore.GroupPicUp(ImgStore.GroupPicUp)[0m
[0m2023-03-30 15:44:57 V/: Recv: ImgStore.GroupPicUp[0m
[0m2023-03-30 15:44:57 V/: [Highway] Uploading group image to 180.110.193.238:14000, size=5047.06 KiB[0m
[0m2023-03-30 15:44:57 V/: Recv: ImgStore.GroupPicUp[0m
[0m2023-03-30 15:44:57 V/: Send: ImgStore.GroupPicUp(ImgStore.GroupPicUp)[0m
[0m2023-03-30 15:44:58 V/: [Highway] Uploading group image to 180.110.193.238:14000, size=4901.5 KiB[0m
[0m2023-03-30 15:44:58 V/: Recv: ImgStore.GroupPicUp[0m
[0m2023-03-30 15:45:04 V/: [Highway] Uploading group image: succeed at 678 KiB/s[0m
[0m2023-03-30 15:45:04 V/: [Highway] Uploading group image: succeed at 739 KiB/s[0m
[0m2023-03-30 15:45:04 V/: Send: MessageSvc.PbSendMsg(MessageSvc.PbSendMsg)[0m
[0m2023-03-30 15:45:05 V/: Recv: MessageSvc.PbSendMsg[0m
[0m2023-03-30 15:45:05 V/: Send: MessageSvc.PbSendMsg(MessageSvc.PbSendMsg)[0m
[0m2023-03-30 15:45:05 V/: Recv: MessageSvc.PbSendMsg[0m
[0m2023-03-30 15:45:07 V/: Send: MessageSvc.PbSendMsg(MessageSvc.PbSendMsg)[0m
[0m2023-03-30 15:45:08 V/: Recv: MessageSvc.PbSendMsg[0m
[0m2023-03-30 15:45:09 V/: Send: MessageSvc.PbSendMsg(MessageSvc.PbSendMsg)[0m
[0m2023-03-30 15:45:09 V/: Recv: MessageSvc.PbSendMsg[0m
[0m2023-03-30 15:45:10 V/: Send: ImgStore.GroupPicUp(ImgStore.GroupPicUp)[0m
[0m2023-03-30 15:45:10 V/: Recv: ImgStore.GroupPicUp[0m
[0m2023-03-30 15:45:10 V/: Send: ImgStore.GroupPicUp(ImgStore.GroupPicUp)[0m
[0m2023-03-30 15:45:10 V/: Send: ImgStore.GroupPicUp(ImgStore.GroupPicUp)[0m
[0m2023-03-30 15:45:10 V/: Recv: ImgStore.GroupPicUp[0m
[0m2023-03-30 15:45:10 V/: Send: ImgStore.GroupPicUp(ImgStore.GroupPicUp)[0m
[0m2023-03-30 15:45:10 V/: Recv: ImgStore.GroupPicUp[0m
[0m2023-03-30 15:45:11 V/: [Highway] Uploading group image to 180.110.193.238:14000, size=2291.65 KiB[0m
[0m2023-03-30 15:45:11 V/: Recv: ImgStore.GroupPicUp[0m
[0m2023-03-30 15:45:12 V/: Send: MessageSvc.PbSendMsg(MessageSvc.PbSendMsg)[0m
[0m2023-03-30 15:45:12 V/: [Highway] Uploading group image: succeed at 1316 KiB/s[0m
[0m2023-03-30 15:45:12 V/: Send: MessageSvc.PbSendMsg(MessageSvc.PbSendMsg)[0m
[0m2023-03-30 15:45:13 V/: Recv: MessageSvc.PbSendMsg[0m
[0m2023-03-30 15:45:13 V/: Recv: MessageSvc.PbSendMsg[0m
[0m2023-03-30 15:45:13 V/: Send: MessageSvc.PbSendMsg(MessageSvc.PbSendMsg)[0m
[0m2023-03-30 15:45:13 V/: Send: MessageSvc.PbSendMsg(MessageSvc.PbSendMsg)[0m
[0m2023-03-30 15:45:13 V/: Recv: MessageSvc.PbSendMsg[0m
[0m2023-03-30 15:45:14 V/: Recv: MessageSvc.PbSendMsg[0m
[0m2023-03-30 15:45:14 V/: Send: MessageSvc.PbSendMsg(MessageSvc.PbSendMsg)[0m
[0m2023-03-30 15:45:15 V/: Recv: MessageSvc.PbSendMsg[0m
[0m2023-03-30 15:45:18 V/: Send: MessageSvc.PbSendMsg(MessageSvc.PbSendMsg)[0m
[0m2023-03-30 15:45:18 V/: Recv: MessageSvc.PbSendMsg[0m
[0m2023-03-30 15:45:19 V/: Send: MessageSvc.PbSendMsg(MessageSvc.PbSendMsg)[0m
[0m2023-03-30 15:45:19 V/: Recv: MessageSvc.PbSendMsg[0m
[0m2023-03-30 15:48:57 V/: Send: MessageSvc.PbSendMsg(MessageSvc.PbSendMsg)[0m
[0m2023-03-30 15:48:57 V/: Recv: MessageSvc.PbSendMsg[0m
[0m2023-03-30 15:48:58 V/: Send: MessageSvc.PbSendMsg(MessageSvc.PbSendMsg)[0m
[0m2023-03-30 15:48:58 V/: Recv: MessageSvc.PbSendMsg[0m
[0m2023-03-30 15:49:11 V/: Send: MessageSvc.PbSendMsg(MessageSvc.PbSendMsg)[0m
[0m2023-03-30 15:49:11 V/: Recv: MessageSvc.PbSendMsg[0m
[0m2023-03-30 15:49:13 V/: Send: LongConn.OffPicUp(LongConn.OffPicUp)[0m
[0m2023-03-30 15:49:13 V/: Send: LongConn.OffPicUp(LongConn.OffPicUp)[0m
[0m2023-03-30 15:49:14 V/: Recv: LongConn.OffPicUp[0m
[0m2023-03-30 15:49:14 V/: Recv: LongConn.OffPicUp[0m
[0m2023-03-30 15:49:14 V/: Send: LongConn.OffPicUp(LongConn.OffPicUp)[0m
[0m2023-03-30 15:49:14 V/: Recv: LongConn.OffPicUp[0m
[0m2023-03-30 15:49:14 V/: Send: LongConn.OffPicUp(LongConn.OffPicUp)[0m
[0m2023-03-30 15:49:14 V/: Recv: LongConn.OffPicUp[0m
[0m2023-03-30 15:49:15 V/: Send: LongConn.OffPicUp(LongConn.OffPicUp)[0m
[0m2023-03-30 15:49:15 V/: [Highway] Uploading private image to 180.110.193.248:443, size=1546.18 KiB[0m
[0m2023-03-30 15:49:15 V/: Recv: LongConn.OffPicUp[0m
[0m2023-03-30 15:49:16 V/: [Highway] Uploading private image: succeed at 1602 KiB/s[0m
[0m2023-03-30 15:49:16 V/: Send: MessageSvc.PbSendMsg(MessageSvc.PbSendMsg)[0m
[0m2023-03-30 15:49:16 V/: Recv: MessageSvc.PbSendMsg[0m
[0m2023-03-30 15:49:17 V/: Send: MessageSvc.PbSendMsg(MessageSvc.PbSendMsg)[0m
[0m2023-03-30 15:49:17 V/: Recv: MessageSvc.PbSendMsg[0m
[0m2023-03-30 15:49:18 V/: Send: MessageSvc.PbSendMsg(MessageSvc.PbSendMsg)[0m
[0m2023-03-30 15:49:18 V/: Recv: MessageSvc.PbSendMsg[0m
[0m2023-03-30 15:49:19 V/: Send: MessageSvc.PbSendMsg(MessageSvc.PbSendMsg)[0m
[0m2023-03-30 15:49:19 V/: Recv: MessageSvc.PbSendMsg[0m
[0m2023-03-30 15:49:19 V/: Send: MessageSvc.PbSendMsg(MessageSvc.PbSendMsg)[0m
[0m2023-03-30 15:49:20 V/: Recv: MessageSvc.PbSendMsg[0m
[0m2023-03-30 15:49:46 V/: Send: MessageSvc.PbSendMsg(MessageSvc.PbSendMsg)[0m
[0m2023-03-30 15:49:47 V/: Recv: MessageSvc.PbSendMsg[0m
[0m2023-03-30 15:49:47 V/: Send: MessageSvc.PbSendMsg(MessageSvc.PbSendMsg)[0m
[0m2023-03-30 15:49:48 V/: Recv: MessageSvc.PbSendMsg[0m
[0m2023-03-30 15:49:59 V/: Send: MessageSvc.PbSendMsg(MessageSvc.PbSendMsg)[0m
[0m2023-03-30 15:50:00 V/: Recv: MessageSvc.PbSendMsg[0m
[0m2023-03-30 15:50:18 V/: Send: MessageSvc.PbSendMsg(MessageSvc.PbSendMsg)[0m
[0m2023-03-30 15:50:18 V/: Recv: MessageSvc.PbSendMsg[0m
[0m2023-03-30 16:28:41 V/: Send: MessageSvc.PbSendMsg(MessageSvc.PbSendMsg)[0m
[0m2023-03-30 16:28:41 V/: Recv: MessageSvc.PbSendMsg[0m
[0m2023-03-30 16:28:43 V/: Send: MessageSvc.PbSendMsg(MessageSvc.PbSendMsg)[0m
[0m2023-03-30 16:28:43 V/: Recv: MessageSvc.PbSendMsg[0m
[0m2023-03-30 16:28:56 V/: Send: MessageSvc.PbSendMsg(MessageSvc.PbSendMsg)[0m
[0m2023-03-30 16:28:56 V/: Recv: MessageSvc.PbSendMsg[0m
[0m2023-03-30 18:35:54 V/: Send: MessageSvc.PbSendMsg(MessageSvc.PbSendMsg)[0m
[0m2023-03-30 18:35:54 V/: Recv: MessageSvc.PbSendMsg[0m
[0m2023-03-30 18:35:56 V/: Send: ImgStore.GroupPicUp(ImgStore.GroupPicUp)[0m
[0m2023-03-30 18:35:56 V/: Recv: ImgStore.GroupPicUp[0m
[0m2023-03-30 18:35:57 V/: Send: ImgStore.GroupPicUp(ImgStore.GroupPicUp)[0m
[0m2023-03-30 18:35:57 V/: Send: ImgStore.GroupPicUp(ImgStore.GroupPicUp)[0m
[0m2023-03-30 18:35:57 V/: Send: ImgStore.GroupPicUp(ImgStore.GroupPicUp)[0m
[0m2023-03-30 18:35:57 V/: Recv: ImgStore.GroupPicUp[0m
[0m2023-03-30 18:35:57 V/: Recv: ImgStore.GroupPicUp[0m
[0m2023-03-30 18:35:57 V/: Recv: ImgStore.GroupPicUp[0m
[0m2023-03-30 18:35:57 V/: Send: ImgStore.GroupPicUp(ImgStore.GroupPicUp)[0m
[0m2023-03-30 18:35:57 V/: Recv: ImgStore.GroupPicUp[0m
[0m2023-03-30 18:35:57 V/: Send: ImgStore.GroupPicUp(ImgStore.GroupPicUp)[0m
[0m2023-03-30 18:35:57 V/: Recv: ImgStore.GroupPicUp[0m
[0m2023-03-30 18:35:58 V/: Send: ImgStore.GroupPicUp(ImgStore.GroupPicUp)[0m
[0m2023-03-30 18:35:58 V/: Send: ImgStore.GroupPicUp(ImgStore.GroupPicUp)[0m
[0m2023-03-30 18:35:58 V/: Recv: ImgStore.GroupPicUp[0m
[0m2023-03-30 18:35:58 V/: Recv: ImgStore.GroupPicUp[0m
[0m2023-03-30 18:35:58 V/: Send: ImgStore.GroupPicUp(ImgStore.GroupPicUp)[0m
[0m2023-03-30 18:35:58 V/: Send: ImgStore.GroupPicUp(ImgStore.GroupPicUp)[0m
[0m2023-03-30 18:35:58 V/: Send: ImgStore.GroupPicUp(ImgStore.GroupPicUp)[0m
[0m2023-03-30 18:35:58 V/: Recv: ImgStore.GroupPicUp[0m
[0m2023-03-30 18:35:58 V/: Send: ImgStore.GroupPicUp(ImgStore.GroupPicUp)[0m
[0m2023-03-30 18:35:58 V/: [Highway] Uploading group image to 180.110.193.238:14000, size=400.55 KiB[0m
[0m2023-03-30 18:35:58 V/: Recv: ImgStore.GroupPicUp[0m
[0m2023-03-30 18:35:58 V/: Recv: ImgStore.GroupPicUp[0m
[0m2023-03-30 18:35:58 V/: Recv: ImgStore.GroupPicUp[0m
[0m2023-03-30 18:35:58 V/: Send: ImgStore.GroupPicUp(ImgStore.GroupPicUp)[0m
[0m2023-03-30 18:35:59 V/: Recv: ImgStore.GroupPicUp[0m
[0m2023-03-30 18:35:59 V/: [Highway] Uploading group image: succeed at 987 KiB/s[0m
[0m2023-03-30 18:35:59 V/: Send: ImgStore.GroupPicUp(ImgStore.GroupPicUp)[0m
[0m2023-03-30 18:35:59 V/: Recv: ImgStore.GroupPicUp[0m
[0m2023-03-30 18:35:59 V/: Send: ImgStore.GroupPicUp(ImgStore.GroupPicUp)[0m
[0m2023-03-30 18:35:59 V/: Recv: ImgStore.GroupPicUp[0m
[0m2023-03-30 18:36:00 V/: Send: ImgStore.GroupPicUp(ImgStore.GroupPicUp)[0m
[0m2023-03-30 18:36:00 V/: Recv: ImgStore.GroupPicUp[0m
[0m2023-03-30 18:36:00 V/: Send: ImgStore.GroupPicUp(ImgStore.GroupPicUp)[0m
[0m2023-03-30 18:36:00 V/: Recv: ImgStore.GroupPicUp[0m
[0m2023-03-30 18:36:01 V/: Send: ImgStore.GroupPicUp(ImgStore.GroupPicUp)[0m
[0m2023-03-30 18:36:01 V/: Recv: ImgStore.GroupPicUp[0m
[0m2023-03-30 18:36:01 V/: Send: MessageSvc.PbSendMsg(MessageSvc.PbSendMsg)[0m
[0m2023-03-30 18:36:01 V/: Recv: MessageSvc.PbSendMsg[0m
[0m2023-03-30 18:36:04 V/: Send: MessageSvc.PbSendMsg(MessageSvc.PbSendMsg)[0m
[0m2023-03-30 18:36:05 V/: Recv: MessageSvc.PbSendMsg[0m
[0m2023-03-30 18:36:08 V/: Send: MessageSvc.PbSendMsg(MessageSvc.PbSendMsg)[0m
[0m2023-03-30 18:36:08 V/: Send: MessageSvc.PbSendMsg(MessageSvc.PbSendMsg)[0m
[0m2023-03-30 18:36:08 V/: Recv: MessageSvc.PbSendMsg[0m
[0m2023-03-30 18:36:08 V/: Recv: MessageSvc.PbSendMsg[0m
[0m2023-03-30 18:36:09 V/: Send: MessageSvc.PbSendMsg(MessageSvc.PbSendMsg)[0m
[0m2023-03-30 18:36:09 V/: Recv: MessageSvc.PbSendMsg[0m
[0m2023-03-30 18:36:11 V/: Send: MessageSvc.PbSendMsg(MessageSvc.PbSendMsg)[0m
[0m2023-03-30 18:36:12 V/: Recv: MessageSvc.PbSendMsg[0m
[0m2023-03-30 18:36:15 V/: Send: MessageSvc.PbSendMsg(MessageSvc.PbSendMsg)[0m
[0m2023-03-30 18:36:15 V/: Recv: MessageSvc.PbSendMsg[0m
[0m2023-03-30 18:36:16 V/: Send: MessageSvc.PbSendMsg(MessageSvc.PbSendMsg)[0m
[0m2023-03-30 18:36:16 V/: Recv: MessageSvc.PbSendMsg[0m
[0m2023-03-30 18:36:17 V/: Send: MessageSvc.PbSendMsg(MessageSvc.PbSendMsg)[0m
[0m2023-03-30 18:36:17 V/: Recv: MessageSvc.PbSendMsg[0m
[0m2023-03-30 18:36:18 V/: Send: MessageSvc.PbSendMsg(MessageSvc.PbSendMsg)[0m
[0m2023-03-30 18:36:18 V/: Send: MessageSvc.PbSendMsg(MessageSvc.PbSendMsg)[0m
[0m2023-03-30 18:36:18 V/: Recv: MessageSvc.PbSendMsg[0m
[0m2023-03-30 18:36:18 V/: Recv: MessageSvc.PbSendMsg[0m
[0m2023-03-30 18:36:19 V/: Send: MessageSvc.PbSendMsg(MessageSvc.PbSendMsg)[0m
[0m2023-03-30 18:36:19 V/: Recv: MessageSvc.PbSendMsg[0m
[0m2023-03-30 18:36:20 V/: Send: MessageSvc.PbSendMsg(MessageSvc.PbSendMsg)[0m
[0m2023-03-30 18:36:20 V/: Recv: MessageSvc.PbSendMsg[0m
[0m2023-03-30 18:36:22 V/: Send: ImgStore.GroupPicUp(ImgStore.GroupPicUp)[0m
[0m2023-03-30 18:36:22 V/: Recv: ImgStore.GroupPicUp[0m
[0m2023-03-30 18:36:22 V/: Send: MessageSvc.PbSendMsg(MessageSvc.PbSendMsg)[0m
[0m2023-03-30 18:36:22 V/: Recv: MessageSvc.PbSendMsg[0m
[0m2023-03-30 18:36:23 V/: Send: MessageSvc.PbSendMsg(MessageSvc.PbSendMsg)[0m
[0m2023-03-30 18:36:24 V/: Recv: MessageSvc.PbSendMsg[0m
[0m2023-03-30 18:36:24 V/: Send: MessageSvc.PbSendMsg(MessageSvc.PbSendMsg)[0m
[0m2023-03-30 18:36:25 V/: Recv: MessageSvc.PbSendMsg[0m
[0m2023-03-30 18:36:25 V/: Send: MessageSvc.PbSendMsg(MessageSvc.PbSendMsg)[0m
[0m2023-03-30 18:36:25 V/: Send: MessageSvc.PbSendMsg(MessageSvc.PbSendMsg)[0m
[0m2023-03-30 18:36:26 V/: Recv: MessageSvc.PbSendMsg[0m
[0m2023-03-30 18:36:26 V/: Recv: MessageSvc.PbSendMsg[0m
[0m2023-03-30 18:36:26 V/: Send: MessageSvc.PbSendMsg(MessageSvc.PbSendMsg)[0m
[0m2023-03-30 18:36:27 V/: Recv: MessageSvc.PbSendMsg[0m
[0m2023-03-30 18:36:27 V/: Send: MessageSvc.PbSendMsg(MessageSvc.PbSendMsg)[0m
[0m2023-03-30 18:36:28 V/: Recv: MessageSvc.PbSendMsg[0m
[0m2023-03-30 18:36:28 V/: Send: MessageSvc.PbSendMsg(MessageSvc.PbSendMsg)[0m
[0m2023-03-30 18:36:28 V/: Recv: MessageSvc.PbSendMsg[0m
[0m2023-03-30 18:36:29 V/: Send: MessageSvc.PbSendMsg(MessageSvc.PbSendMsg)[0m
[0m2023-03-30 18:36:29 V/: Recv: MessageSvc.PbSendMsg[0m
[0m2023-03-30 18:36:30 V/: Send: MessageSvc.PbSendMsg(MessageSvc.PbSendMsg)[0m
[0m2023-03-30 18:36:30 V/: Recv: MessageSvc.PbSendMsg[0m
[0m2023-03-30 18:36:31 V/: Send: MessageSvc.PbSendMsg(MessageSvc.PbSendMsg)[0m
[0m2023-03-30 18:36:31 V/: Recv: MessageSvc.PbSendMsg[0m
[0m2023-03-30 18:36:34 V/: Send: MessageSvc.PbSendMsg(MessageSvc.PbSendMsg)[0m
[0m2023-03-30 18:36:35 V/: Recv: MessageSvc.PbSendMsg[0m
[0m2023-03-30 18:42:22 V/: Send: MessageSvc.PbSendMsg(MessageSvc.PbSendMsg)[0m
[0m2023-03-30 18:42:22 V/: Recv: MessageSvc.PbSendMsg[0m
[0m2023-03-30 18:42:24 V/: Send: ImgStore.GroupPicUp(ImgStore.GroupPicUp)[0m
[0m2023-03-30 18:42:24 V/: Send: ImgStore.GroupPicUp(ImgStore.GroupPicUp)[0m
[0m2023-03-30 18:42:25 V/: Recv: ImgStore.GroupPicUp[0m
[0m2023-03-30 18:42:25 V/: Recv: ImgStore.GroupPicUp[0m
[0m2023-03-30 18:42:25 V/: Send: ImgStore.GroupPicUp(ImgStore.GroupPicUp)[0m
[0m2023-03-30 18:42:25 V/: Send: ImgStore.GroupPicUp(ImgStore.GroupPicUp)[0m
[0m2023-03-30 18:42:25 V/: Recv: ImgStore.GroupPicUp[0m
[0m2023-03-30 18:42:25 V/: Recv: ImgStore.GroupPicUp[0m
[0m2023-03-30 18:42:25 V/: Send: ImgStore.GroupPicUp(ImgStore.GroupPicUp)[0m
[0m2023-03-30 18:42:26 V/: Recv: ImgStore.GroupPicUp[0m
[0m2023-03-30 18:42:26 V/: Send: MessageSvc.PbSendMsg(MessageSvc.PbSendMsg)[0m
[0m2023-03-30 18:42:26 V/: Recv: MessageSvc.PbSendMsg[0m
[0m2023-03-30 18:42:27 V/: Send: MessageSvc.PbSendMsg(MessageSvc.PbSendMsg)[0m
[0m2023-03-30 18:42:27 V/: Recv: MessageSvc.PbSendMsg[0m
[0m2023-03-30 18:42:28 V/: Send: MessageSvc.PbSendMsg(MessageSvc.PbSendMsg)[0m
[0m2023-03-30 18:42:28 V/: Recv: MessageSvc.PbSendMsg[0m
[0m2023-03-30 18:42:29 V/: Send: MessageSvc.PbSendMsg(MessageSvc.PbSendMsg)[0m
[0m2023-03-30 18:42:29 V/: Recv: MessageSvc.PbSendMsg[0m
[0m2023-03-30 18:42:29 V/: Send: MessageSvc.PbSendMsg(MessageSvc.PbSendMsg)[0m
[0m2023-03-30 18:42:30 V/: Recv: MessageSvc.PbSendMsg[0m
[0m2023-03-30 18:46:46 V/: Send: MessageSvc.PbSendMsg(MessageSvc.PbSendMsg)[0m
[0m2023-03-30 18:46:46 V/: Recv: MessageSvc.PbSendMsg[0m
[0m2023-03-30 18:46:47 V/: Send: MessageSvc.PbSendMsg(MessageSvc.PbSendMsg)[0m
[0m2023-03-30 18:46:47 V/: Recv: MessageSvc.PbSendMsg[0m
[0m2023-03-30 18:47:00 V/: Send: MessageSvc.PbSendMsg(MessageSvc.PbSendMsg)[0m
[0m2023-03-30 18:47:01 V/: Recv: MessageSvc.PbSendMsg[0m
[0m2023-03-30 18:47:04 V/: Send: ImgStore.GroupPicUp(ImgStore.GroupPicUp)[0m
[0m2023-03-30 18:47:04 V/: Recv: ImgStore.GroupPicUp[0m
[0m2023-03-30 18:47:04 V/: Send: ImgStore.GroupPicUp(ImgStore.GroupPicUp)[0m
[0m2023-03-30 18:47:04 V/: Send: ImgStore.GroupPicUp(ImgStore.GroupPicUp)[0m
[0m2023-03-30 18:47:04 V/: Recv: ImgStore.GroupPicUp[0m
[0m2023-03-30 18:47:04 V/: Recv: ImgStore.GroupPicUp[0m
[0m2023-03-30 18:47:05 V/: Send: ImgStore.GroupPicUp(ImgStore.GroupPicUp)[0m
[0m2023-03-30 18:47:05 V/: Recv: ImgStore.GroupPicUp[0m
[0m2023-03-30 18:47:05 V/: Send: ImgStore.GroupPicUp(ImgStore.GroupPicUp)[0m
[0m2023-03-30 18:47:05 V/: Recv: ImgStore.GroupPicUp[0m
[0m2023-03-30 18:47:06 V/: Send: MessageSvc.PbSendMsg(MessageSvc.PbSendMsg)[0m
[0m2023-03-30 18:47:06 V/: Recv: MessageSvc.PbSendMsg[0m
[0m2023-03-30 18:47:07 V/: Send: MessageSvc.PbSendMsg(MessageSvc.PbSendMsg)[0m
[0m2023-03-30 18:47:07 V/: Recv: MessageSvc.PbSendMsg[0m
[0m2023-03-30 18:47:10 V/: Send: MessageSvc.PbSendMsg(MessageSvc.PbSendMsg)[0m
[0m2023-03-30 18:47:11 V/: Recv: MessageSvc.PbSendMsg[0m
[0m2023-03-30 18:47:11 V/: Send: MessageSvc.PbSendMsg(MessageSvc.PbSendMsg)[0m
[0m2023-03-30 18:47:12 V/: Recv: MessageSvc.PbSendMsg[0m
[0m2023-03-30 18:47:12 V/: Send: MessageSvc.PbSendMsg(MessageSvc.PbSendMsg)[0m
[0m2023-03-30 18:47:13 V/: Recv: MessageSvc.PbSendMsg[0m
[0m2023-03-30 18:47:56 V/: Send: MessageSvc.PbSendMsg(MessageSvc.PbSendMsg)[0m
[0m2023-03-30 18:47:56 V/: Recv: MessageSvc.PbSendMsg[0m
[0m2023-03-30 18:47:59 V/: Send: ImgStore.GroupPicUp(ImgStore.GroupPicUp)[0m
[0m2023-03-30 18:47:59 V/: Recv: ImgStore.GroupPicUp[0m
[0m2023-03-30 18:47:59 V/: Send: MessageSvc.PbSendMsg(MessageSvc.PbSendMsg)[0m
[0m2023-03-30 18:47:59 V/: Recv: MessageSvc.PbSendMsg[0m
[0m2023-03-30 18:48:03 V/: Send: MessageSvc.PbSendMsg(MessageSvc.PbSendMsg)[0m
[0m2023-03-30 18:48:03 V/: Recv: MessageSvc.PbSendMsg[0m
[0m2023-03-30 18:52:03 V/: Send: MessageSvc.PbSendMsg(MessageSvc.PbSendMsg)[0m
[0m2023-03-30 18:52:03 V/: Recv: MessageSvc.PbSendMsg[0m
[0m2023-03-30 18:52:06 V/: Send: ImgStore.GroupPicUp(ImgStore.GroupPicUp)[0m
[0m2023-03-30 18:52:06 V/: Recv: ImgStore.GroupPicUp[0m
[0m2023-03-30 18:52:07 V/: Send: ImgStore.GroupPicUp(ImgStore.GroupPicUp)[0m
[0m2023-03-30 18:52:07 V/: Recv: ImgStore.GroupPicUp[0m
[0m2023-03-30 18:52:07 V/: Send: ImgStore.GroupPicUp(ImgStore.GroupPicUp)[0m
[0m2023-03-30 18:52:07 V/: Recv: ImgStore.GroupPicUp[0m
[0m2023-03-30 18:52:07 V/: Send: ImgStore.GroupPicUp(ImgStore.GroupPicUp)[0m
[0m2023-03-30 18:52:07 V/: [Highway] Uploading group image to 180.110.193.238:14000, size=620.95 KiB[0m
[0m2023-03-30 18:52:07 V/: Recv: ImgStore.GroupPicUp[0m
[0m2023-03-30 18:52:08 V/: [Highway] Uploading group image: succeed at 796 KiB/s[0m
[0m2023-03-30 18:52:08 V/: Send: ImgStore.GroupPicUp(ImgStore.GroupPicUp)[0m
[0m2023-03-30 18:52:08 V/: Recv: ImgStore.GroupPicUp[0m
[0m2023-03-30 18:52:09 V/: Send: MessageSvc.PbSendMsg(MessageSvc.PbSendMsg)[0m
[0m2023-03-30 18:52:09 V/: Recv: MessageSvc.PbSendMsg[0m
[0m2023-03-30 18:52:12 V/: Send: MessageSvc.PbSendMsg(MessageSvc.PbSendMsg)[0m
[0m2023-03-30 18:52:13 V/: Recv: MessageSvc.PbSendMsg[0m
[0m2023-03-30 18:52:13 V/: Send: MessageSvc.PbSendMsg(MessageSvc.PbSendMsg)[0m
[0m2023-03-30 18:52:14 V/: Recv: MessageSvc.PbSendMsg[0m
[0m2023-03-30 18:52:14 V/: Send: MessageSvc.PbSendMsg(MessageSvc.PbSendMsg)[0m
[0m2023-03-30 18:52:14 V/: Recv: MessageSvc.PbSendMsg[0m
[0m2023-03-30 18:52:15 V/: Send: MessageSvc.PbSendMsg(MessageSvc.PbSendMsg)[0m
[0m2023-03-30 18:52:15 V/: Recv: MessageSvc.PbSendMsg[0m
[0m2023-03-30 18:52:54 V/: Send: MessageSvc.PbSendMsg(MessageSvc.PbSendMsg)[0m
[0m2023-03-30 18:52:54 V/: Recv: MessageSvc.PbSendMsg[0m
[0m2023-03-30 18:52:56 V/: Send: ImgStore.GroupPicUp(ImgStore.GroupPicUp)[0m
[0m2023-03-30 18:52:57 V/: Recv: ImgStore.GroupPicUp[0m
[0m2023-03-30 18:52:57 V/: Send: MessageSvc.PbSendMsg(MessageSvc.PbSendMsg)[0m
[0m2023-03-30 18:52:57 V/: Recv: MessageSvc.PbSendMsg[0m
[0m2023-03-30 18:53:16 V/: Send: MessageSvc.PbSendMsg(MessageSvc.PbSendMsg)[0m
[0m2023-03-30 18:53:16 V/: Recv: MessageSvc.PbSendMsg[0m
[0m2023-03-30 18:54:06 V/: Send: MessageSvc.PbSendMsg(MessageSvc.PbSendMsg)[0m
[0m2023-03-30 18:54:07 V/: Recv: MessageSvc.PbSendMsg[0m
[0m2023-03-30 18:54:08 V/: Send: LongConn.OffPicUp(LongConn.OffPicUp)[0m
[0m2023-03-30 18:54:08 V/: Recv: LongConn.OffPicUp[0m
[0m2023-03-30 18:54:09 V/: Send: LongConn.OffPicUp(LongConn.OffPicUp)[0m
[0m2023-03-30 18:54:09 V/: Recv: LongConn.OffPicUp[0m
[0m2023-03-30 18:54:09 V/: Send: LongConn.OffPicUp(LongConn.OffPicUp)[0m
[0m2023-03-30 18:54:10 V/: Send: LongConn.OffPicUp(LongConn.OffPicUp)[0m
[0m2023-03-30 18:54:10 V/: Send: LongConn.OffPicUp(LongConn.OffPicUp)[0m
[0m2023-03-30 18:54:10 V/: Recv: LongConn.OffPicUp[0m
[0m2023-03-30 18:54:10 V/: Recv: LongConn.OffPicUp[0m
[0m2023-03-30 18:54:10 V/: Recv: LongConn.OffPicUp[0m
[0m2023-03-30 18:54:10 V/: Send: MessageSvc.PbSendMsg(MessageSvc.PbSendMsg)[0m
[0m2023-03-30 18:54:11 V/: Recv: MessageSvc.PbSendMsg[0m
[0m2023-03-30 18:54:11 V/: Send: MessageSvc.PbSendMsg(MessageSvc.PbSendMsg)[0m
[0m2023-03-30 18:54:11 V/: Recv: MessageSvc.PbSendMsg[0m
[0m2023-03-30 18:54:12 V/: Send: MessageSvc.PbSendMsg(MessageSvc.PbSendMsg)[0m
[0m2023-03-30 18:54:12 V/: Recv: MessageSvc.PbSendMsg[0m
[0m2023-03-30 18:54:13 V/: Send: MessageSvc.PbSendMsg(MessageSvc.PbSendMsg)[0m
[0m2023-03-30 18:54:13 V/: Recv: MessageSvc.PbSendMsg[0m
[0m2023-03-30 18:54:14 V/: Send: MessageSvc.PbSendMsg(MessageSvc.PbSendMsg)[0m
[0m2023-03-30 18:54:14 V/: Recv: MessageSvc.PbSendMsg[0m
[0m2023-03-30 18:54:37 V/: Send: MessageSvc.PbSendMsg(MessageSvc.PbSendMsg)[0m
[0m2023-03-30 18:54:37 V/: Recv: MessageSvc.PbSendMsg[0m
[0m2023-03-30 18:54:39 V/: Send: LongConn.OffPicUp(LongConn.OffPicUp)[0m
[0m2023-03-30 18:54:39 V/: Send: LongConn.OffPicUp(LongConn.OffPicUp)[0m
[0m2023-03-30 18:54:39 V/: Recv: LongConn.OffPicUp[0m
[0m2023-03-30 18:54:39 V/: Recv: LongConn.OffPicUp[0m
[0m2023-03-30 18:54:39 V/: Send: LongConn.OffPicUp(LongConn.OffPicUp)[0m
[0m2023-03-30 18:54:39 V/: Send: LongConn.OffPicUp(LongConn.OffPicUp)[0m
[0m2023-03-30 18:54:40 V/: Send: LongConn.OffPicUp(LongConn.OffPicUp)[0m
[0m2023-03-30 18:54:40 V/: Recv: LongConn.OffPicUp[0m
[0m2023-03-30 18:54:40 V/: Send: LongConn.OffPicUp(LongConn.OffPicUp)[0m
[0m2023-03-30 18:54:40 V/: Recv: LongConn.OffPicUp[0m
[0m2023-03-30 18:54:40 V/: Send: LongConn.OffPicUp(LongConn.OffPicUp)[0m
[0m2023-03-30 18:54:40 V/: [Highway] Uploading private image to 42.81.178.226:80, size=3077.07 KiB[0m
[0m2023-03-30 18:54:40 V/: Recv: LongConn.OffPicUp[0m
[0m2023-03-30 18:54:40 V/: Send: LongConn.OffPicUp(LongConn.OffPicUp)[0m
[0m2023-03-30 18:54:40 V/: Recv: LongConn.OffPicUp[0m
[0m2023-03-30 18:54:40 V/: Recv: LongConn.OffPicUp[0m
[0m2023-03-30 18:54:40 V/: Send: LongConn.OffPicUp(LongConn.OffPicUp)[0m
[0m2023-03-30 18:54:40 V/: Recv: LongConn.OffPicUp[0m
[0m2023-03-30 18:54:40 V/: Send: LongConn.OffPicUp(LongConn.OffPicUp)[0m
[0m2023-03-30 18:54:40 V/: [Highway] Uploading private image to 180.110.193.248:443, size=3977.3 KiB[0m
[0m2023-03-30 18:54:40 V/: Recv: LongConn.OffPicUp[0m
[0m2023-03-30 18:54:40 V/: Recv: LongConn.OffPicUp[0m
[0m2023-03-30 18:54:40 V/: Send: LongConn.OffPicUp(LongConn.OffPicUp)[0m
[0m2023-03-30 18:54:40 V/: Send: LongConn.OffPicUp(LongConn.OffPicUp)[0m
[0m2023-03-30 18:54:40 V/: Recv: LongConn.OffPicUp[0m
[0m2023-03-30 18:54:40 V/: Recv: LongConn.OffPicUp[0m
[0m2023-03-30 18:54:41 V/: Send: LongConn.OffPicUp(LongConn.OffPicUp)[0m
[0m2023-03-30 18:54:41 V/: Send: LongConn.OffPicUp(LongConn.OffPicUp)[0m
[0m2023-03-30 18:54:41 V/: Recv: LongConn.OffPicUp[0m
[0m2023-03-30 18:54:41 V/: Recv: LongConn.OffPicUp[0m
[0m2023-03-30 18:54:41 V/: Send: LongConn.OffPicUp(LongConn.OffPicUp)[0m
[0m2023-03-30 18:54:41 V/: Recv: LongConn.OffPicUp[0m
[0m2023-03-30 18:54:41 V/: Send: LongConn.OffPicUp(LongConn.OffPicUp)[0m
[0m2023-03-30 18:54:41 V/: Recv: LongConn.OffPicUp[0m
[0m2023-03-30 18:54:42 V/: Send: LongConn.OffPicUp(LongConn.OffPicUp)[0m
[0m2023-03-30 18:54:42 V/: Recv: LongConn.OffPicUp[0m
[0m2023-03-30 18:54:42 V/: Send: LongConn.OffPicUp(LongConn.OffPicUp)[0m
[0m2023-03-30 18:54:43 V/: Recv: LongConn.OffPicUp[0m
[0m2023-03-30 18:54:43 V/: [Highway] Uploading private image: succeed at 1487 KiB/s[0m
[0m2023-03-30 18:54:43 V/: Send: LongConn.OffPicUp(LongConn.OffPicUp)[0m
[0m2023-03-30 18:54:43 V/: Recv: LongConn.OffPicUp[0m
[0m2023-03-30 18:54:45 V/: [Highway] Uploading private image: succeed at 638 KiB/s[0m
[0m2023-03-30 18:54:45 V/: Send: MessageSvc.PbSendMsg(MessageSvc.PbSendMsg)[0m
[0m2023-03-30 18:54:46 V/: Recv: MessageSvc.PbSendMsg[0m
[0m2023-03-30 18:54:46 V/: Send: MessageSvc.PbSendMsg(MessageSvc.PbSendMsg)[0m
[0m2023-03-30 18:54:46 V/: Recv: MessageSvc.PbSendMsg[0m
[0m2023-03-30 18:54:47 V/: Send: MessageSvc.PbSendMsg(MessageSvc.PbSendMsg)[0m
[0m2023-03-30 18:54:47 V/: Recv: MessageSvc.PbSendMsg[0m
[0m2023-03-30 18:54:48 V/: Send: MessageSvc.PbSendMsg(MessageSvc.PbSendMsg)[0m
[0m2023-03-30 18:54:48 V/: Recv: MessageSvc.PbSendMsg[0m
[0m2023-03-30 18:54:49 V/: Send: MessageSvc.PbSendMsg(MessageSvc.PbSendMsg)[0m
[0m2023-03-30 18:54:49 V/: Recv: MessageSvc.PbSendMsg[0m
[0m2023-03-30 18:54:50 V/: Send: MessageSvc.PbSendMsg(MessageSvc.PbSendMsg)[0m
[0m2023-03-30 18:54:50 V/: Recv: MessageSvc.PbSendMsg[0m
[0m2023-03-30 18:54:50 V/: Send: MessageSvc.PbSendMsg(MessageSvc.PbSendMsg)[0m
[0m2023-03-30 18:54:51 V/: Recv: MessageSvc.PbSendMsg[0m
[0m2023-03-30 18:54:51 V/: Send: MessageSvc.PbSendMsg(MessageSvc.PbSendMsg)[0m
[0m2023-03-30 18:54:52 V/: Recv: MessageSvc.PbSendMsg[0m
[0m2023-03-30 18:54:52 V/: Send: MessageSvc.PbSendMsg(MessageSvc.PbSendMsg)[0m
[0m2023-03-30 18:54:53 V/: Recv: MessageSvc.PbSendMsg[0m
[0m2023-03-30 18:54:53 V/: Send: MessageSvc.PbSendMsg(MessageSvc.PbSendMsg)[0m
[0m2023-03-30 18:54:53 V/: Recv: MessageSvc.PbSendMsg[0m
[0m2023-03-30 18:54:54 V/: Send: MessageSvc.PbSendMsg(MessageSvc.PbSendMsg)[0m
[0m2023-03-30 18:54:54 V/: Recv: MessageSvc.PbSendMsg[0m
[0m2023-03-30 18:54:55 V/: Send: MessageSvc.PbSendMsg(MessageSvc.PbSendMsg)[0m
[0m2023-03-30 18:54:55 V/: Recv: MessageSvc.PbSendMsg[0m
[0m2023-03-30 18:54:56 V/: Send: MessageSvc.PbSendMsg(MessageSvc.PbSendMsg)[0m
[0m2023-03-30 18:54:56 V/: Recv: MessageSvc.PbSendMsg[0m
[0m2023-03-30 18:54:57 V/: Send: MessageSvc.PbSendMsg(MessageSvc.PbSendMsg)[0m
[0m2023-03-30 18:54:57 V/: Recv: MessageSvc.PbSendMsg[0m
[0m2023-03-30 18:54:57 V/: Send: MessageSvc.PbSendMsg(MessageSvc.PbSendMsg)[0m
[0m2023-03-30 18:54:58 V/: Recv: MessageSvc.PbSendMsg[0m
[0m2023-03-30 18:54:58 V/: Send: MessageSvc.PbSendMsg(MessageSvc.PbSendMsg)[0m
[0m2023-03-30 18:54:59 V/: Recv: MessageSvc.PbSendMsg[0m
[0m2023-03-30 18:54:59 V/: Send: MessageSvc.PbSendMsg(MessageSvc.PbSendMsg)[0m
[0m2023-03-30 18:54:59 V/: Recv: MessageSvc.PbSendMsg[0m
[0m2023-03-30 18:55:00 V/: Send: MessageSvc.PbSendMsg(MessageSvc.PbSendMsg)[0m
[0m2023-03-30 18:55:00 V/: Recv: MessageSvc.PbSendMsg[0m
[0m2023-03-30 18:55:01 V/: Send: MessageSvc.PbSendMsg(MessageSvc.PbSendMsg)[0m
[0m2023-03-30 18:55:01 V/: Recv: MessageSvc.PbSendMsg[0m
[0m2023-03-30 18:55:02 V/: Send: MessageSvc.PbSendMsg(MessageSvc.PbSendMsg)[0m
[0m2023-03-30 18:55:02 V/: Recv: MessageSvc.PbSendMsg[0m
[0m2023-03-30 19:12:46 V/: Send: MessageSvc.PbSendMsg(MessageSvc.PbSendMsg)[0m
[0m2023-03-30 19:12:46 V/: Recv: MessageSvc.PbSendMsg[0m
[0m2023-03-30 19:14:32 V/: Send: MessageSvc.PbSendMsg(MessageSvc.PbSendMsg)[0m
[0m2023-03-30 19:14:32 V/: Recv: MessageSvc.PbSendMsg[0m
[0m2023-03-30 19:14:35 V/: Send: LongConn.OffPicUp(LongConn.OffPicUp)[0m
[0m2023-03-30 19:14:36 V/: Recv: LongConn.OffPicUp[0m
[0m2023-03-30 19:14:36 V/: Send: MessageSvc.PbSendMsg(MessageSvc.PbSendMsg)[0m
[0m2023-03-30 19:14:36 V/: Recv: MessageSvc.PbSendMsg[0m
[0m2023-03-30 19:14:37 V/: Send: MessageSvc.PbSendMsg(MessageSvc.PbSendMsg)[0m
[0m2023-03-30 19:14:37 V/: Recv: MessageSvc.PbSendMsg[0m
[0m2023-03-30 19:14:40 V/: Send: LongConn.OffPicUp(LongConn.OffPicUp)[0m
[0m2023-03-30 19:14:40 V/: [Highway] Uploading private image to 42.81.178.226:80, size=1150.83 KiB[0m
[0m2023-03-30 19:14:40 V/: Recv: LongConn.OffPicUp[0m
[0m2023-03-30 19:14:42 V/: [Highway] Uploading private image: succeed at 584 KiB/s[0m
[0m2023-03-30 19:14:42 V/: Send: MessageSvc.PbSendMsg(MessageSvc.PbSendMsg)[0m
[0m2023-03-30 19:14:42 V/: Recv: MessageSvc.PbSendMsg[0m
[0m2023-03-30 19:16:14 V/: Send: MessageSvc.PbSendMsg(MessageSvc.PbSendMsg)[0m
[0m2023-03-30 19:16:15 V/: Recv: MessageSvc.PbSendMsg[0m
[0m2023-03-30 19:16:19 V/: Send: LongConn.OffPicUp(LongConn.OffPicUp)[0m
[0m2023-03-30 19:16:19 V/: Recv: LongConn.OffPicUp[0m
[0m2023-03-30 19:16:19 V/: Send: MessageSvc.PbSendMsg(MessageSvc.PbSendMsg)[0m
[0m2023-03-30 19:16:19 V/: Recv: MessageSvc.PbSendMsg[0m
[0m2023-03-30 19:16:50 V/: Send: MessageSvc.PbSendMsg(MessageSvc.PbSendMsg)[0m
[0m2023-03-30 19:16:50 V/: Recv: MessageSvc.PbSendMsg[0m
[0m2023-03-30 19:16:54 V/: Send: LongConn.OffPicUp(LongConn.OffPicUp)[0m
[0m2023-03-30 19:16:54 V/: Recv: LongConn.OffPicUp[0m
[0m2023-03-30 19:16:54 V/: Send: MessageSvc.PbSendMsg(MessageSvc.PbSendMsg)[0m
[0m2023-03-30 19:16:55 V/: Recv: MessageSvc.PbSendMsg[0m
[0m2023-03-30 19:17:18 V/: Send: MessageSvc.PbSendMsg(MessageSvc.PbSendMsg)[0m
[0m2023-03-30 19:17:18 V/: Recv: MessageSvc.PbSendMsg[0m
[0m2023-03-30 19:17:21 V/: Send: LongConn.OffPicUp(LongConn.OffPicUp)[0m
[0m2023-03-30 19:17:21 V/: Recv: LongConn.OffPicUp[0m
[0m2023-03-30 19:17:22 V/: Send: LongConn.OffPicUp(LongConn.OffPicUp)[0m
[0m2023-03-30 19:17:22 V/: Send: LongConn.OffPicUp(LongConn.OffPicUp)[0m
[0m2023-03-30 19:17:22 V/: Recv: LongConn.OffPicUp[0m
[0m2023-03-30 19:17:22 V/: Recv: LongConn.OffPicUp[0m
[0m2023-03-30 19:17:22 V/: Send: LongConn.OffPicUp(LongConn.OffPicUp)[0m
[0m2023-03-30 19:17:22 V/: Recv: LongConn.OffPicUp[0m
[0m2023-03-30 19:17:23 V/: Send: LongConn.OffPicUp(LongConn.OffPicUp)[0m
[0m2023-03-30 19:17:23 V/: [Highway] Uploading private image to 180.110.193.238:14000, size=5238.78 KiB[0m
[0m2023-03-30 19:17:23 V/: Recv: LongConn.OffPicUp[0m
[0m2023-03-30 19:17:26 V/: [Highway] Uploading private image: succeed at 1736 KiB/s[0m
[0m2023-03-30 19:17:26 V/: Send: MessageSvc.PbSendMsg(MessageSvc.PbSendMsg)[0m
[0m2023-03-30 19:17:27 V/: Recv: MessageSvc.PbSendMsg[0m
[0m2023-03-30 19:17:27 V/: Send: MessageSvc.PbSendMsg(MessageSvc.PbSendMsg)[0m
[0m2023-03-30 19:17:28 V/: Recv: MessageSvc.PbSendMsg[0m
[0m2023-03-30 19:17:28 V/: Send: MessageSvc.PbSendMsg(MessageSvc.PbSendMsg)[0m
[0m2023-03-30 19:17:29 V/: Recv: MessageSvc.PbSendMsg[0m
[0m2023-03-30 19:17:29 V/: Send: MessageSvc.PbSendMsg(MessageSvc.PbSendMsg)[0m
[0m2023-03-30 19:17:29 V/: Recv: MessageSvc.PbSendMsg[0m
[0m2023-03-30 19:17:30 V/: Send: MessageSvc.PbSendMsg(MessageSvc.PbSendMsg)[0m
[0m2023-03-30 19:17:30 V/: Recv: MessageSvc.PbSendMsg[0m
[0m2023-03-30 19:18:16 V/: Send: MessageSvc.PbSendMsg(MessageSvc.PbSendMsg)[0m
[0m2023-03-30 19:18:17 V/: Recv: MessageSvc.PbSendMsg[0m
[0m2023-03-30 19:18:21 V/: Send: LongConn.OffPicUp(LongConn.OffPicUp)[0m
[0m2023-03-30 19:18:21 V/: Recv: LongConn.OffPicUp[0m
[0m2023-03-30 19:18:21 V/: Send: MessageSvc.PbSendMsg(MessageSvc.PbSendMsg)[0m
[0m2023-03-30 19:18:22 V/: Recv: MessageSvc.PbSendMsg[0m
[0m2023-03-30 19:18:23 V/: Send: MessageSvc.PbSendMsg(MessageSvc.PbSendMsg)[0m
[0m2023-03-30 19:18:23 V/: Recv: MessageSvc.PbSendMsg[0m
[0m2023-03-30 19:18:26 V/: Send: ImgStore.GroupPicUp(ImgStore.GroupPicUp)[0m
[0m2023-03-30 19:18:26 V/: Recv: ImgStore.GroupPicUp[0m
[0m2023-03-30 19:18:27 V/: Send: MessageSvc.PbSendMsg(MessageSvc.PbSendMsg)[0m
[0m2023-03-30 19:18:27 V/: Recv: MessageSvc.PbSendMsg[0m
[0m2023-03-30 19:21:14 V/: Send: MessageSvc.PbSendMsg(MessageSvc.PbSendMsg)[0m
[0m2023-03-30 19:21:14 V/: Recv: MessageSvc.PbSendMsg[0m
[0m2023-03-30 19:21:19 V/: Send: MessageSvc.PbSendMsg(MessageSvc.PbSendMsg)[0m
[0m2023-03-30 19:21:20 V/: Recv: MessageSvc.PbSendMsg[0m
[0m2023-03-30 19:21:24 V/: Send: MessageSvc.PbSendMsg(MessageSvc.PbSendMsg)[0m
[0m2023-03-30 19:21:24 V/: Recv: MessageSvc.PbSendMsg[0m
[0m2023-03-30 19:21:27 V/: Send: MessageSvc.PbSendMsg(MessageSvc.PbSendMsg)[0m
[0m2023-03-30 19:21:28 V/: Recv: MessageSvc.PbSendMsg[0m
[0m2023-03-30 19:41:14 V/: Send: MessageSvc.PbSendMsg(MessageSvc.PbSendMsg)[0m
[0m2023-03-30 19:41:14 V/: Recv: MessageSvc.PbSendMsg[0m
[0m2023-03-30 19:41:17 V/: Send: MessageSvc.PbSendMsg(MessageSvc.PbSendMsg)[0m
[0m2023-03-30 19:41:17 V/: Recv: MessageSvc.PbSendMsg[0m
[0m2023-03-30 19:41:29 V/: Send: MessageSvc.PbSendMsg(MessageSvc.PbSendMsg)[0m
[0m2023-03-30 19:41:30 V/: Recv: MessageSvc.PbSendMsg[0m
[0m2023-03-30 19:41:32 V/: Send: MessageSvc.PbSendMsg(MessageSvc.PbSendMsg)[0m
[0m2023-03-30 19:41:32 V/: Recv: MessageSvc.PbSendMsg[0m
[0m2023-03-30 19:41:41 V/: Send: MessageSvc.PbSendMsg(MessageSvc.PbSendMsg)[0m
[0m2023-03-30 19:41:41 V/: Recv: MessageSvc.PbSendMsg[0m
[0m2023-03-30 19:41:45 V/: Send: ImgStore.GroupPicUp(ImgStore.GroupPicUp)[0m
[0m2023-03-30 19:41:46 V/: Recv: ImgStore.GroupPicUp[0m
[0m2023-03-30 19:41:46 V/: Send: ImgStore.GroupPicUp(ImgStore.GroupPicUp)[0m
[0m2023-03-30 19:41:46 V/: Recv: ImgStore.GroupPicUp[0m
[0m2023-03-30 19:41:47 V/: Send: ImgStore.GroupPicUp(ImgStore.GroupPicUp)[0m
[0m2023-03-30 19:41:47 V/: Send: ImgStore.GroupPicUp(ImgStore.GroupPicUp)[0m
[0m2023-03-30 19:41:47 V/: Recv: ImgStore.GroupPicUp[0m
[0m2023-03-30 19:41:47 V/: Send: ImgStore.GroupPicUp(ImgStore.GroupPicUp)[0m
[0m2023-03-30 19:41:47 V/: Recv: ImgStore.GroupPicUp[0m
[0m2023-03-30 19:41:47 V/: Send: ImgStore.GroupPicUp(ImgStore.GroupPicUp)[0m
[0m2023-03-30 19:41:47 V/: Recv: ImgStore.GroupPicUp[0m
[0m2023-03-30 19:41:47 V/: [Highway] Uploading group image to 180.110.193.238:14000, size=736.55 KiB[0m
[0m2023-03-30 19:41:47 V/: Recv: ImgStore.GroupPicUp[0m
[0m2023-03-30 19:41:47 V/: Send: ImgStore.GroupPicUp(ImgStore.GroupPicUp)[0m
[0m2023-03-30 19:41:47 V/: Send: ImgStore.GroupPicUp(ImgStore.GroupPicUp)[0m
[0m2023-03-30 19:41:47 V/: Recv: ImgStore.GroupPicUp[0m
[0m2023-03-30 19:41:47 V/: Send: ImgStore.GroupPicUp(ImgStore.GroupPicUp)[0m
[0m2023-03-30 19:41:47 V/: Recv: ImgStore.GroupPicUp[0m
[0m2023-03-30 19:41:47 V/: Send: ImgStore.GroupPicUp(ImgStore.GroupPicUp)[0m
[0m2023-03-30 19:41:47 V/: Send: ImgStore.GroupPicUp(ImgStore.GroupPicUp)[0m
[0m2023-03-30 19:41:47 V/: Recv: ImgStore.GroupPicUp[0m
[0m2023-03-30 19:41:47 V/: Recv: ImgStore.GroupPicUp[0m
[0m2023-03-30 19:41:48 V/: Recv: ImgStore.GroupPicUp[0m
[0m2023-03-30 19:41:48 V/: [Highway] Uploading group image: succeed at 958 KiB/s[0m
[0m2023-03-30 19:41:48 V/: Send: ImgStore.GroupPicUp(ImgStore.GroupPicUp)[0m
[0m2023-03-30 19:41:49 V/: Recv: ImgStore.GroupPicUp[0m
[0m2023-03-30 19:41:49 V/: Send: ImgStore.GroupPicUp(ImgStore.GroupPicUp)[0m
[0m2023-03-30 19:41:49 V/: Recv: ImgStore.GroupPicUp[0m
[0m2023-03-30 19:41:50 V/: Send: ImgStore.GroupPicUp(ImgStore.GroupPicUp)[0m
[0m2023-03-30 19:41:50 V/: Recv: ImgStore.GroupPicUp[0m
[0m2023-03-30 19:41:50 V/: Send: ImgStore.GroupPicUp(ImgStore.GroupPicUp)[0m
[0m2023-03-30 19:41:50 V/: Recv: ImgStore.GroupPicUp[0m
[0m2023-03-30 19:41:50 V/: Send: ImgStore.GroupPicUp(ImgStore.GroupPicUp)[0m
[0m2023-03-30 19:41:50 V/: Recv: ImgStore.GroupPicUp[0m
[0m2023-03-30 19:41:50 V/: Send: ImgStore.GroupPicUp(ImgStore.GroupPicUp)[0m
[0m2023-03-30 19:41:51 V/: Recv: ImgStore.GroupPicUp[0m
[0m2023-03-30 19:41:51 V/: Send: MessageSvc.PbSendMsg(MessageSvc.PbSendMsg)[0m
[0m2023-03-30 19:41:51 V/: Recv: MessageSvc.PbSendMsg[0m
[0m2023-03-30 19:41:52 V/: Send: MessageSvc.PbSendMsg(MessageSvc.PbSendMsg)[0m
[0m2023-03-30 19:41:52 V/: Recv: MessageSvc.PbSendMsg[0m
[0m2023-03-30 19:41:53 V/: Send: MessageSvc.PbSendMsg(MessageSvc.PbSendMsg)[0m
[0m2023-03-30 19:41:53 V/: Recv: MessageSvc.PbSendMsg[0m
[0m2023-03-30 19:41:54 V/: Send: MessageSvc.PbSendMsg(MessageSvc.PbSendMsg)[0m
[0m2023-03-30 19:41:54 V/: Recv: MessageSvc.PbSendMsg[0m
[0m2023-03-30 19:41:55 V/: Send: MessageSvc.PbSendMsg(MessageSvc.PbSendMsg)[0m
[0m2023-03-30 19:41:55 V/: Recv: MessageSvc.PbSendMsg[0m
[0m2023-03-30 19:41:56 V/: Send: MessageSvc.PbSendMsg(MessageSvc.PbSendMsg)[0m
[0m2023-03-30 19:41:56 V/: Recv: MessageSvc.PbSendMsg[0m
[0m2023-03-30 19:41:59 V/: Send: MessageSvc.PbSendMsg(MessageSvc.PbSendMsg)[0m
[0m2023-03-30 19:42:00 V/: Recv: MessageSvc.PbSendMsg[0m
[0m2023-03-30 19:42:03 V/: Send: MessageSvc.PbSendMsg(MessageSvc.PbSendMsg)[0m
[0m2023-03-30 19:42:03 V/: Recv: MessageSvc.PbSendMsg[0m
[0m2023-03-30 19:42:04 V/: Send: MessageSvc.PbSendMsg(MessageSvc.PbSendMsg)[0m
[0m2023-03-30 19:42:04 V/: Recv: MessageSvc.PbSendMsg[0m
[0m2023-03-30 19:42:05 V/: Send: MessageSvc.PbSendMsg(MessageSvc.PbSendMsg)[0m
[0m2023-03-30 19:42:05 V/: Recv: MessageSvc.PbSendMsg[0m
[0m2023-03-30 19:42:08 V/: Send: MessageSvc.PbSendMsg(MessageSvc.PbSendMsg)[0m
[0m2023-03-30 19:42:09 V/: Recv: MessageSvc.PbSendMsg[0m
[0m2023-03-30 19:42:09 V/: Send: MessageSvc.PbSendMsg(MessageSvc.PbSendMsg)[0m
[0m2023-03-30 19:42:09 V/: Recv: MessageSvc.PbSendMsg[0m
[0m2023-03-30 19:42:10 V/: Send: MessageSvc.PbSendMsg(MessageSvc.PbSendMsg)[0m
[0m2023-03-30 19:42:10 V/: Recv: MessageSvc.PbSendMsg[0m
[0m2023-03-30 19:42:11 V/: Send: MessageSvc.PbSendMsg(MessageSvc.PbSendMsg)[0m
[0m2023-03-30 19:42:11 V/: Recv: MessageSvc.PbSendMsg[0m
[0m2023-03-30 19:42:15 V/: Send: MessageSvc.PbSendMsg(MessageSvc.PbSendMsg)[0m
[0m2023-03-30 19:42:15 V/: Recv: MessageSvc.PbSendMsg[0m
[0m2023-03-30 19:42:15 V/: Send: MessageSvc.PbSendMsg(MessageSvc.PbSendMsg)[0m
[0m2023-03-30 19:42:16 V/: Recv: MessageSvc.PbSendMsg[0m
[0m2023-03-30 19:42:16 V/: Send: MessageSvc.PbSendMsg(MessageSvc.PbSendMsg)[0m
[0m2023-03-30 19:42:17 V/: Recv: MessageSvc.PbSendMsg[0m
[0m2023-03-30 19:42:17 V/: Send: MessageSvc.PbSendMsg(MessageSvc.PbSendMsg)[0m
[0m2023-03-30 19:42:18 V/: Recv: MessageSvc.PbSendMsg[0m
[0m2023-03-30 19:42:18 V/: Send: MessageSvc.PbSendMsg(MessageSvc.PbSendMsg)[0m
[0m2023-03-30 19:42:18 V/: Recv: MessageSvc.PbSendMsg[0m
[0m2023-03-30 19:50:15 V/: Send: MessageSvc.PbSendMsg(MessageSvc.PbSendMsg)[0m
[0m2023-03-30 19:50:16 V/: Recv: MessageSvc.PbSendMsg[0m
[0m2023-03-30 19:50:16 V/: Send: MessageSvc.PbSendMsg(MessageSvc.PbSendMsg)[0m
[0m2023-03-30 19:50:17 V/: Recv: MessageSvc.PbSendMsg[0m
[0m2023-03-30 19:50:23 V/: Send: MessageSvc.PbSendMsg(MessageSvc.PbSendMsg)[0m
[0m2023-03-30 19:50:23 V/: Recv: MessageSvc.PbSendMsg[0m
[0m2023-03-30 19:50:27 V/: Send: ImgStore.GroupPicUp(ImgStore.GroupPicUp)[0m
[0m2023-03-30 19:50:27 V/: Recv: ImgStore.GroupPicUp[0m
[0m2023-03-30 19:50:28 V/: Send: MessageSvc.PbSendMsg(MessageSvc.PbSendMsg)[0m
[0m2023-03-30 19:50:28 V/: Recv: MessageSvc.PbSendMsg[0m
[0m2023-03-30 19:50:38 V/: Send: MessageSvc.PbSendMsg(MessageSvc.PbSendMsg)[0m
[0m2023-03-30 19:50:39 V/: Recv: MessageSvc.PbSendMsg[0m
[0m2023-03-30 19:50:41 V/: Send: MessageSvc.PbSendMsg(MessageSvc.PbSendMsg)[0m
[0m2023-03-30 19:50:42 V/: Recv: MessageSvc.PbSendMsg[0m
[0m2023-03-30 19:54:05 V/: Send: MessageSvc.PbSendMsg(MessageSvc.PbSendMsg)[0m
[0m2023-03-30 19:54:06 V/: Recv: MessageSvc.PbSendMsg[0m
[0m2023-03-30 19:54:11 V/: Send: LongConn.OffPicUp(LongConn.OffPicUp)[0m
[0m2023-03-30 19:54:11 V/: Recv: LongConn.OffPicUp[0m
[0m2023-03-30 19:54:11 V/: Send: MessageSvc.PbSendMsg(MessageSvc.PbSendMsg)[0m
[0m2023-03-30 19:54:12 V/: Recv: MessageSvc.PbSendMsg[0m
[0m2023-03-30 19:54:24 V/: Send: MessageSvc.PbSendMsg(MessageSvc.PbSendMsg)[0m
[0m2023-03-30 19:54:24 V/: Recv: MessageSvc.PbSendMsg[0m
[0m2023-03-30 19:54:28 V/: Send: LongConn.OffPicUp(LongConn.OffPicUp)[0m
[0m2023-03-30 19:54:28 V/: Recv: LongConn.OffPicUp[0m
[0m2023-03-30 19:54:28 V/: Send: LongConn.OffPicUp(LongConn.OffPicUp)[0m
[0m2023-03-30 19:54:28 V/: Send: LongConn.OffPicUp(LongConn.OffPicUp)[0m
[0m2023-03-30 19:54:28 V/: Recv: LongConn.OffPicUp[0m
[0m2023-03-30 19:54:28 V/: Recv: LongConn.OffPicUp[0m
[0m2023-03-30 19:54:28 V/: Send: LongConn.OffPicUp(LongConn.OffPicUp)[0m
[0m2023-03-30 19:54:29 V/: Recv: LongConn.OffPicUp[0m
[0m2023-03-30 19:54:29 V/: Send: LongConn.OffPicUp(LongConn.OffPicUp)[0m
[0m2023-03-30 19:54:29 V/: [Highway] Uploading private image to 183.47.98.103:8080, size=4088.64 KiB[0m
[0m2023-03-30 19:54:29 V/: Recv: LongConn.OffPicUp[0m
[0m2023-03-30 19:54:29 V/: Send: LongConn.OffPicUp(LongConn.OffPicUp)[0m
[0m2023-03-30 19:54:30 V/: Recv: LongConn.OffPicUp[0m
[0m2023-03-30 19:54:36 V/: [Highway] Uploading private image: succeed at 587 KiB/s[0m
[0m2023-03-30 19:54:36 V/: Send: MessageSvc.PbSendMsg(MessageSvc.PbSendMsg)[0m
[0m2023-03-30 19:54:37 V/: Recv: MessageSvc.PbSendMsg[0m
[0m2023-03-30 19:54:37 V/: Send: MessageSvc.PbSendMsg(MessageSvc.PbSendMsg)[0m
[0m2023-03-30 19:54:37 V/: Recv: MessageSvc.PbSendMsg[0m
[0m2023-03-30 19:54:38 V/: Send: MessageSvc.PbSendMsg(MessageSvc.PbSendMsg)[0m
[0m2023-03-30 19:54:38 V/: Recv: MessageSvc.PbSendMsg[0m
[0m2023-03-30 19:54:39 V/: Send: MessageSvc.PbSendMsg(MessageSvc.PbSendMsg)[0m
[0m2023-03-30 19:54:39 V/: Recv: MessageSvc.PbSendMsg[0m
[0m2023-03-30 19:54:40 V/: Send: MessageSvc.PbSendMsg(MessageSvc.PbSendMsg)[0m
[0m2023-03-30 19:54:40 V/: Recv: MessageSvc.PbSendMsg[0m
[0m2023-03-30 19:54:41 V/: Send: MessageSvc.PbSendMsg(MessageSvc.PbSendMsg)[0m
[0m2023-03-30 19:54:41 V/: Recv: MessageSvc.PbSendMsg[0m
[0m2023-03-30 19:54:41 V/: Send: MessageSvc.PbSendMsg(MessageSvc.PbSendMsg)[0m
[0m2023-03-30 19:54:42 V/: Recv: MessageSvc.PbSendMsg[0m
[0m2023-03-30 20:37:07 V/: Send: MessageSvc.PbSendMsg(MessageSvc.PbSendMsg)[0m
[0m2023-03-30 20:37:08 V/: Recv: MessageSvc.PbSendMsg[0m
[0m2023-03-30 20:37:09 V/: Send: MessageSvc.PbSendMsg(MessageSvc.PbSendMsg)[0m
[0m2023-03-30 20:37:09 V/: Recv: MessageSvc.PbSendMsg[0m
[0m2023-03-30 20:37:17 V/: Send: MessageSvc.PbSendMsg(MessageSvc.PbSendMsg)[0m
[0m2023-03-30 20:37:18 V/: Recv: MessageSvc.PbSendMsg[0m
[0m2023-03-30 20:37:31 V/: Send: MessageSvc.PbSendMsg(MessageSvc.PbSendMsg)[0m
[0m2023-03-30 20:37:31 V/: Recv: MessageSvc.PbSendMsg[0m
[0m2023-03-30 20:37:36 V/: Send: MessageSvc.PbSendMsg(MessageSvc.PbSendMsg)[0m
[0m2023-03-30 20:37:36 V/: Recv: MessageSvc.PbSendMsg[0m
[0m2023-03-30 20:37:42 V/: Send: ProfileService.Pb.ReqSystemMsgNew.Friend(ProfileService.Pb.ReqSystemMsgNew.Friend)[0m
[0m2023-03-30 20:37:42 V/: Recv: ProfileService.Pb.ReqSystemMsgNew.Friend[0m
[0m2023-03-30 20:37:42 V/: Send: ProfileService.Pb.ReqSystemMsgAction.Friend(ProfileService.Pb.ReqSystemMsgAction.Friend)[0m
[0m2023-03-30 20:37:47 V/: Send: MessageSvc.PbSendMsg(MessageSvc.PbSendMsg)[0m
[0m2023-03-30 20:37:48 V/: Recv: MessageSvc.PbSendMsg[0m
[0m2023-03-30 20:37:49 V/: Send: MessageSvc.PbSendMsg(MessageSvc.PbSendMsg)[0m
[0m2023-03-30 20:37:49 V/: Recv: MessageSvc.PbSendMsg[0m
[0m2023-03-30 20:38:41 V/: Send: MessageSvc.PbSendMsg(MessageSvc.PbSendMsg)[0m
[0m2023-03-30 20:38:41 V/: Recv: MessageSvc.PbSendMsg[0m
[0m2023-03-30 20:39:13 V/: Send: MessageSvc.PbSendMsg(MessageSvc.PbSendMsg)[0m
[0m2023-03-30 20:39:13 V/: Recv: MessageSvc.PbSendMsg[0m
[0m2023-03-30 21:01:31 V/: Send: MessageSvc.PbSendMsg(MessageSvc.PbSendMsg)[0m
[0m2023-03-30 21:01:32 V/: Recv: MessageSvc.PbSendMsg[0m
[0m2023-03-30 21:10:46 V/: Send: MessageSvc.PbSendMsg(MessageSvc.PbSendMsg)[0m
[0m2023-03-30 21:10:46 V/: Recv: MessageSvc.PbSendMsg[0m
[0m2023-03-30 21:10:47 V/: Send: MessageSvc.PbSendMsg(MessageSvc.PbSendMsg)[0m
[0m2023-03-30 21:10:48 V/: Recv: MessageSvc.PbSendMsg[0m
[91m2023-03-30 21:39:44 E/: Failed to refresh key.
java.lang.ArrayIndexOutOfBoundsException: Index 0 out of bounds for length 0
	at net.mamoe.mirai.internal.utils.crypto.TEA.pack(TEA.kt:325)
	at net.mamoe.mirai.internal.utils.crypto.TEA.doOption(TEA.kt:91)
	at net.mamoe.mirai.internal.utils.crypto.TEA.encrypt(TEA.kt:309)
	at net.mamoe.mirai.internal.network.protocol.packet.EncryptMethodSessionKeyNew.makeBody(EncryptMethod.kt:137)
	at net.mamoe.mirai.internal.network.protocol.packet.OutgoingPacketKt.writeOicqRequestPacket(OutgoingPacket.kt:281)
	at net.mamoe.mirai.internal.network.protocol.packet.login.wtlogin.WtLogin15.invoke(WtLogin15.kt:30)
	at net.mamoe.mirai.internal.network.components.KeyRefreshProcessorImpl.refreshKeysNow(KeyRefreshProcessor.kt:69)
	at net.mamoe.mirai.internal.network.components.KeyRefreshProcessorImpl$keyRefreshLoop$2$2.invokeSuspend(KeyRefreshProcessor.kt:60)
	at kotlin.coroutines.jvm.internal.BaseContinuationImpl.resumeWith(ContinuationImpl.kt:33)
	at kotlinx.coroutines.DispatchedTask.run(DispatchedTask.kt:106)
	at kotlinx.coroutines.scheduling.CoroutineScheduler.runSafely(CoroutineScheduler.kt:570)
	at kotlinx.coroutines.scheduling.CoroutineScheduler$Worker.executeTask(CoroutineScheduler.kt:750)
	at kotlinx.coroutines.scheduling.CoroutineScheduler$Worker.runWorker(CoroutineScheduler.kt:677)
	at kotlinx.coroutines.scheduling.CoroutineScheduler$Worker.run(CoroutineScheduler.kt:664)
[0m
[92m2023-03-30 21:39:44 I/: Scheduled key refresh in 23h 55min 0.0s.[0m
[0m2023-03-30 22:10:08 V/: Send: MessageSvc.PbSendMsg(MessageSvc.PbSendMsg)[0m
[0m2023-03-30 22:10:08 V/: Recv: MessageSvc.PbSendMsg[0m
[0m2023-03-30 22:10:09 V/: Send: MessageSvc.PbSendMsg(MessageSvc.PbSendMsg)[0m
[0m2023-03-30 22:10:10 V/: Recv: MessageSvc.PbSendMsg[0m
[0m2023-03-30 22:10:17 V/: Send: MessageSvc.PbSendMsg(MessageSvc.PbSendMsg)[0m
[0m2023-03-30 22:10:17 V/: Recv: MessageSvc.PbSendMsg[0m
[0m2023-03-30 22:10:24 V/: Send: MessageSvc.PbSendMsg(MessageSvc.PbSendMsg)[0m
[0m2023-03-30 22:10:25 V/: Recv: MessageSvc.PbSendMsg[0m
[0m2023-03-30 22:19:32 V/: Send: MessageSvc.PbSendMsg(MessageSvc.PbSendMsg)[0m
[0m2023-03-30 22:19:33 V/: Recv: MessageSvc.PbSendMsg[0m
[0m2023-03-30 22:19:37 V/: Send: MessageSvc.PbSendMsg(MessageSvc.PbSendMsg)[0m
[0m2023-03-30 22:19:38 V/: Recv: MessageSvc.PbSendMsg[0m
[0m2023-03-30 22:19:39 V/: Send: MessageSvc.PbSendMsg(MessageSvc.PbSendMsg)[0m
[0m2023-03-30 22:19:40 V/: Recv: MessageSvc.PbSendMsg[0m
[0m2023-03-30 22:31:09 V/: Send: MessageSvc.PbSendMsg(MessageSvc.PbSendMsg)[0m
[0m2023-03-30 22:31:10 V/: Recv: MessageSvc.PbSendMsg[0m
[0m2023-03-30 22:31:11 V/: Send: MessageSvc.PbSendMsg(MessageSvc.PbSendMsg)[0m
[0m2023-03-30 22:31:11 V/: Recv: MessageSvc.PbSendMsg[0m
[0m2023-03-30 22:31:17 V/: Send: MessageSvc.PbSendMsg(MessageSvc.PbSendMsg)[0m
[0m2023-03-30 22:31:17 V/: Recv: MessageSvc.PbSendMsg[0m
[0m2023-03-30 22:31:39 V/: Send: MessageSvc.PbSendMsg(MessageSvc.PbSendMsg)[0m
[0m2023-03-30 22:31:39 V/: Recv: MessageSvc.PbSendMsg[0m
[0m2023-03-30 22:38:06 V/: Send: MessageSvc.PbSendMsg(MessageSvc.PbSendMsg)[0m
[0m2023-03-30 22:38:06 V/: Recv: MessageSvc.PbSendMsg[0m
[0m2023-03-30 22:38:11 V/: Send: ImgStore.GroupPicUp(ImgStore.GroupPicUp)[0m
[0m2023-03-30 22:38:11 V/: Send: ImgStore.GroupPicUp(ImgStore.GroupPicUp)[0m
[0m2023-03-30 22:38:11 V/: Recv: ImgStore.GroupPicUp[0m
[0m2023-03-30 22:38:11 V/: [Highway] Uploading group image to 180.110.193.238:14000, size=783.14 KiB[0m
[0m2023-03-30 22:38:11 V/: Recv: ImgStore.GroupPicUp[0m
[0m2023-03-30 22:38:12 V/: [Highway] Uploading group image: succeed at 1220 KiB/s[0m
[0m2023-03-30 22:38:16 V/: Send: ImgStore.GroupPicUp(ImgStore.GroupPicUp)[0m
[0m2023-03-30 22:38:16 V/: [Highway] Uploading group image to 180.110.193.238:14000, size=8685.47 KiB[0m
[0m2023-03-30 22:38:16 V/: Recv: ImgStore.GroupPicUp[0m
[0m2023-03-30 22:38:19 V/: Send: ImgStore.GroupPicUp(ImgStore.GroupPicUp)[0m
[0m2023-03-30 22:38:19 V/: Recv: ImgStore.GroupPicUp[0m
[0m2023-03-30 22:38:24 V/: Send: ImgStore.GroupPicUp(ImgStore.GroupPicUp)[0m
[0m2023-03-30 22:38:25 V/: Recv: ImgStore.GroupPicUp[0m
[0m2023-03-30 22:38:28 V/: [Highway] Uploading group image: succeed at 712 KiB/s[0m
[0m2023-03-30 22:38:28 V/: Send: MessageSvc.PbSendMsg(MessageSvc.PbSendMsg)[0m
[0m2023-03-30 22:38:29 V/: Recv: MessageSvc.PbSendMsg[0m
[0m2023-03-30 22:38:29 V/: Send: MessageSvc.PbSendMsg(MessageSvc.PbSendMsg)[0m
[0m2023-03-30 22:38:30 V/: Recv: MessageSvc.PbSendMsg[0m
[0m2023-03-30 22:38:33 V/: Send: MessageSvc.PbSendMsg(MessageSvc.PbSendMsg)[0m
[0m2023-03-30 22:38:33 V/: Recv: MessageSvc.PbSendMsg[0m
[0m2023-03-30 22:38:34 V/: Send: MessageSvc.PbSendMsg(MessageSvc.PbSendMsg)[0m
[0m2023-03-30 22:38:34 V/: Recv: MessageSvc.PbSendMsg[0m
[0m2023-03-30 22:38:35 V/: Send: MessageSvc.PbSendMsg(MessageSvc.PbSendMsg)[0m
[0m2023-03-30 22:38:35 V/: Recv: MessageSvc.PbSendMsg[0m
[0m2023-03-30 22:41:23 V/: Send: MessageSvc.PbSendMsg(MessageSvc.PbSendMsg)[0m
[0m2023-03-30 22:41:24 V/: Recv: MessageSvc.PbSendMsg[0m
[0m2023-03-30 22:41:30 V/: Send: ImgStore.GroupPicUp(ImgStore.GroupPicUp)[0m
[0m2023-03-30 22:41:30 V/: Recv: ImgStore.GroupPicUp[0m
[0m2023-03-30 22:41:31 V/: Send: MessageSvc.PbSendMsg(MessageSvc.PbSendMsg)[0m
[0m2023-03-30 22:41:31 V/: Recv: MessageSvc.PbSendMsg[0m
[0m2023-03-30 22:41:34 V/: Send: MessageSvc.PbSendMsg(MessageSvc.PbSendMsg)[0m
[0m2023-03-30 22:41:35 V/: Recv: MessageSvc.PbSendMsg[0m
[0m2023-03-30 23:10:33 V/: Send: MessageSvc.PbSendMsg(MessageSvc.PbSendMsg)[0m
[0m2023-03-30 23:10:33 V/: Recv: MessageSvc.PbSendMsg[0m
[0m2023-03-30 23:11:00 V/: Send: MessageSvc.PbSendMsg(MessageSvc.PbSendMsg)[0m
[0m2023-03-30 23:11:00 V/: Recv: MessageSvc.PbSendMsg[0m
[0m2023-03-30 23:57:06 V/: Send: MessageSvc.PbSendMsg(MessageSvc.PbSendMsg)[0m
[0m2023-03-30 23:57:06 V/: Recv: MessageSvc.PbSendMsg[0m
[0m2023-03-30 23:57:18 V/: Send: MessageSvc.PbSendMsg(MessageSvc.PbSendMsg)[0m
[0m2023-03-30 23:57:18 V/: Recv: MessageSvc.PbSendMsg[0m
