[0m2023-03-16 09:37:59 V/Net 2629227874: Validated caches.[0m
[0m2023-03-16 09:37:59 V/Net 2629227874: Loading server list from cache.[0m
[0m2023-03-16 09:37:59 V/Net 2629227874: Server list: 180.101.246.160:8080, 123.151.54.150:443, 113.96.18.253:8080, 42.81.176.211:443, msfwifi.3g.qq.com:8080, 183.47.102.218:14000, 42.81.184.82:80, 222.94.109.78:14000, 117.62.242.214:80, 183.47.102.213:14000.[0m
[92m2023-03-16 09:37:59 I/Net 2629227874: ECDH key is invalid, start to fetch ecdh public key from server.[0m
[92m2023-03-16 09:37:59 I/Net 2629227874: Successfully fetched ecdh public key from server.[0m
[0m2023-03-16 09:37:59 V/Net 2629227874: Send: wtlogin.exchange_emp(10:fast-login)[0m
[0m2023-03-16 09:38:00 V/Net 2629227874: Recv: wtlogin.exchange_emp[0m
[0m2023-03-16 09:38:00 V/Net 2629227874: Send: StatSvc.register(online)[0m
[92m2023-03-16 09:38:00 I/Net 2629227874: Server time updated, serverTime: 1678930680, diff: 0ms=0.0s[0m
[0m2023-03-16 09:38:00 V/Net 2629227874: Recv: StatSvc.register[0m
[0m2023-03-16 09:38:00 V/Net 2629227874: Loading BdhSession from cache file[0m
[92m2023-03-16 09:38:00 I/Net 2629227874: Syncing friend message history...[0m
[92m2023-03-16 09:38:00 I/Net 2629227874: Start loading friend list...[0m
[0m2023-03-16 09:38:00 V/Net 2629227874: Send: StatSvc.GetDevLoginInfo(StatSvc.GetDevLoginInfo)[0m
[92m2023-03-16 09:38:00 I/Net 2629227874: Start loading stranger list...[0m
[92m2023-03-16 09:38:00 I/Net 2629227874: Start loading friendGroup list...[0m
[0m2023-03-16 09:38:00 V/Net 2629227874: Send: OidbSvc.0x496(OidbSvc.0x496)[0m
[0m2023-03-16 09:38:00 V/Net 2629227874: Send: friendlist.getFriendGroupList(friendlist.getFriendGroupList)[0m
[0m2023-03-16 09:38:00 V/Net 2629227874: Send: friendlist.getFriendGroupList(friendlist.getFriendGroupList)[0m
[0m2023-03-16 09:38:00 V/Net 2629227874: Send: OidbSvc.0x5d2_0(OidbSvc.0x5d2_0)[0m
[0m2023-03-16 09:38:00 V/Net 2629227874: Recv: StatSvc.GetDevLoginInfo[0m
[92m2023-03-16 09:38:01 I/Net 2629227874: Online OtherClients: mirai(IOS)[0m
[0m2023-03-16 09:38:01 V/Net 2629227874: Recv: OidbSvc.0x496[0m
[92m2023-03-16 09:38:01 I/Net 2629227874: Start loading group list...[0m
[0m2023-03-16 09:38:01 V/Net 2629227874: Send: friendlist.GetTroopListReqV2(friendlist.GetTroopListReqV2)[0m
[0m2023-03-16 09:38:01 V/Net 2629227874: Recv: OidbSvc.0x5d2_0[0m
[92m2023-03-16 09:38:01 I/Net 2629227874: Successfully loaded stranger list: 0 in total[0m
[0m2023-03-16 09:38:01 V/Net 2629227874: Recv: friendlist.getFriendGroupList[0m
[0m2023-03-16 09:38:01 V/Net 2629227874: Loading friend list: 8/8[0m
[92m2023-03-16 09:38:01 I/Net 2629227874: Successfully loaded friend list: 8 in total[0m
[0m2023-03-16 09:38:01 V/Net 2629227874: Recv: friendlist.getFriendGroupList[0m
[0m2023-03-16 09:38:01 V/Net 2629227874: Loading friendGroup list: 4/4[0m
[92m2023-03-16 09:38:01 I/Net 2629227874: Successfully loaded friendGroup list: 4 in total[0m
[0m2023-03-16 09:38:01 V/Net 2629227874: Recv: friendlist.GetTroopListReqV2[0m
[0m2023-03-16 09:38:01 V/Net 2629227874: Send: friendlist.GetTroopMemberListReq(friendlist.GetTroopMemberListReq)[0m
[0m2023-03-16 09:38:01 V/Net 2629227874: Send: friendlist.GetTroopMemberListReq(friendlist.GetTroopMemberListReq)[0m
[0m2023-03-16 09:38:01 V/Net 2629227874: Send: friendlist.GetTroopMemberListReq(friendlist.GetTroopMemberListReq)[0m
[0m2023-03-16 09:38:01 V/Net 2629227874: Recv: friendlist.GetTroopMemberListReq[0m
[0m2023-03-16 09:38:01 V/Net 2629227874: Recv: friendlist.GetTroopMemberListReq[0m
[0m2023-03-16 09:38:01 V/Net 2629227874: Send: friendlist.GetTroopMemberListReq(friendlist.GetTroopMemberListReq)[0m
[0m2023-03-16 09:38:01 V/Net 2629227874: Recv: friendlist.GetTroopMemberListReq[0m
[0m2023-03-16 09:38:01 V/Net 2629227874: Send: friendlist.GetTroopMemberListReq(friendlist.GetTroopMemberListReq)[0m
[0m2023-03-16 09:38:02 V/Net 2629227874: Recv: friendlist.GetTroopMemberListReq[0m
[0m2023-03-16 09:38:02 V/Net 2629227874: Send: friendlist.GetTroopMemberListReq(friendlist.GetTroopMemberListReq)[0m
[0m2023-03-16 09:38:02 V/Net 2629227874: Recv: friendlist.GetTroopMemberListReq[0m
[0m2023-03-16 09:38:02 V/Net 2629227874: Send: friendlist.GetTroopMemberListReq(friendlist.GetTroopMemberListReq)[0m
[0m2023-03-16 09:38:02 V/Net 2629227874: Recv: friendlist.GetTroopMemberListReq[0m
[0m2023-03-16 09:38:02 V/Net 2629227874: Send: friendlist.GetTroopMemberListReq(friendlist.GetTroopMemberListReq)[0m
[0m2023-03-16 09:38:02 V/Net 2629227874: Recv: friendlist.GetTroopMemberListReq[0m
[0m2023-03-16 09:38:02 V/Net 2629227874: Send: friendlist.GetTroopMemberListReq(friendlist.GetTroopMemberListReq)[0m
[0m2023-03-16 09:38:02 V/Net 2629227874: Recv: friendlist.GetTroopMemberListReq[0m
[0m2023-03-16 09:38:02 V/Net 2629227874: Recv: friendlist.GetTroopMemberListReq[0m
[0m2023-03-16 09:38:02 V/Net 2629227874: Send: friendlist.GetTroopMemberListReq(friendlist.GetTroopMemberListReq)[0m
[0m2023-03-16 09:38:02 V/Net 2629227874: Recv: friendlist.GetTroopMemberListReq[0m
[0m2023-03-16 09:38:02 V/Net 2629227874: Send: friendlist.GetTroopMemberListReq(friendlist.GetTroopMemberListReq)[0m
[0m2023-03-16 09:38:03 V/Net 2629227874: Recv: friendlist.GetTroopMemberListReq[0m
[92m2023-03-16 09:38:03 I/Net 2629227874: Successfully loaded group list: 3 in total.[0m
[92m2023-03-16 09:38:03 I/Net 2629227874: Scheduled key refresh in 23h 55min 0.0s.[0m
[92m2023-03-16 09:38:03 I/Net 2629227874: Scheduled refresh login session in 19d 23h 55min 0.0s.[0m
[0m2023-03-16 09:38:03 V/Net 2629227874: Send: ProfileService.Pb.ReqSystemMsgNew.Friend(ProfileService.Pb.ReqSystemMsgNew.Friend)[0m
[0m2023-03-16 09:38:03 V/Net 2629227874: Server list: 117.62.243.156:80, 180.102.111.213:8080, 123.151.54.177:443, msfwifi.3g.qq.com:8080, 119.147.190.142:8080, 183.47.102.145:14000, 117.62.243.225:80, 221.238.41.89:443, 42.81.194.99:80, 183.47.106.104:80.[0m
[0m2023-03-16 09:38:03 V/Net 2629227874: Saving bdh session to cache[0m
[0m2023-03-16 09:38:03 V/Net 2629227874: Saving server list to cache[0m
[0m2023-03-16 09:38:03 V/Net 2629227874: Send: ConfigPushSvc.PushResp(ConfigPushSvc.PushResp)[0m
[0m2023-03-16 09:38:03 V/Net 2629227874: Recv: ConfigPushSvc.PushReq[0m
[0m2023-03-16 09:38:03 V/Net 2629227874: Saving bdh session to cache[0m
[0m2023-03-16 09:38:03 V/Net 2629227874: Send: ConfigPushSvc.PushResp(ConfigPushSvc.PushResp)[0m
[0m2023-03-16 09:38:03 V/Net 2629227874: Recv: ConfigPushSvc.PushReq[0m
[0m2023-03-16 09:38:03 V/Net 2629227874: Recv: ProfileService.Pb.ReqSystemMsgNew.Friend[0m
[92m2023-03-16 09:38:03 I/Net 2629227874: Syncing friend message history: Success.[0m
[0m2023-03-16 09:38:04 V/Net 2629227874: Send: MessageSvc.PbSendMsg(MessageSvc.PbSendMsg)[0m
[0m2023-03-16 09:38:04 V/Net 2629227874: Send: MessageSvc.PbSendMsg(MessageSvc.PbSendMsg)[0m
[0m2023-03-16 09:38:05 V/Net 2629227874: Recv: MessageSvc.PbSendMsg[0m
[0m2023-03-16 09:38:05 V/Net 2629227874: Send: MessageSvc.PbSendMsg(MessageSvc.PbSendMsg)[0m
[0m2023-03-16 09:38:05 V/Net 2629227874: Recv: MessageSvc.PbSendMsg[0m
[0m2023-03-16 09:38:05 V/Net 2629227874: Recv: MessageSvc.PbSendMsg[0m
[0m2023-03-16 09:38:05 V/Net 2629227874: Send: MessageSvc.PbSendMsg(MessageSvc.PbSendMsg)[0m
[0m2023-03-16 09:38:05 V/Net 2629227874: Recv: MessageSvc.PbSendMsg[0m
[0m2023-03-16 09:38:15 V/Net 2629227874: Send: MessageSvc.PbSendMsg(MessageSvc.PbSendMsg)[0m
[0m2023-03-16 09:38:16 V/Net 2629227874: Recv: MessageSvc.PbSendMsg[0m
[0m2023-03-16 09:38:30 V/Net 2629227874: Send: MessageSvc.PbSendMsg(MessageSvc.PbSendMsg)[0m
[0m2023-03-16 09:38:31 V/Net 2629227874: Recv: MessageSvc.PbSendMsg[0m
[0m2023-03-16 09:38:39 V/Net 2629227874: Send: MessageSvc.PbSendMsg(MessageSvc.PbSendMsg)[0m
[0m2023-03-16 09:38:39 V/Net 2629227874: Recv: MessageSvc.PbSendMsg[0m
[0m2023-03-16 09:38:46 V/Net 2629227874: Send: MessageSvc.PbSendMsg(MessageSvc.PbSendMsg)[0m
[0m2023-03-16 09:38:46 V/Net 2629227874: Recv: MessageSvc.PbSendMsg[0m
[0m2023-03-16 10:38:18 V/Net 2629227874: Recv: OnlinePush.PbPushTransMsg[0m
[0m2023-03-16 10:54:46 V/Net 2629227874: Send: MessageSvc.PbSendMsg(MessageSvc.PbSendMsg)[0m
[0m2023-03-16 10:54:46 V/Net 2629227874: Recv: MessageSvc.PbSendMsg[0m
[0m2023-03-16 10:54:47 V/Net 2629227874: Send: MessageSvc.PbSendMsg(MessageSvc.PbSendMsg)[0m
[0m2023-03-16 10:54:48 V/Net 2629227874: Recv: MessageSvc.PbSendMsg[0m
[0m2023-03-16 10:59:51 V/Net 2629227874: Send: MessageSvc.PbSendMsg(MessageSvc.PbSendMsg)[0m
[0m2023-03-16 10:59:52 V/Net 2629227874: Recv: MessageSvc.PbSendMsg[0m
[0m2023-03-16 11:35:14 V/Net 2629227874: Send: MessageSvc.PbSendMsg(MessageSvc.PbSendMsg)[0m
[0m2023-03-16 11:35:14 V/Net 2629227874: Recv: MessageSvc.PbSendMsg[0m
[0m2023-03-16 11:35:19 V/Net 2629227874: Send: MessageSvc.PbSendMsg(MessageSvc.PbSendMsg)[0m
[0m2023-03-16 11:35:19 V/Net 2629227874: Recv: MessageSvc.PbSendMsg[0m
[0m2023-03-16 11:35:25 V/Net 2629227874: Send: MessageSvc.PbSendMsg(MessageSvc.PbSendMsg)[0m
[0m2023-03-16 11:35:25 V/Net 2629227874: Recv: MessageSvc.PbSendMsg[0m
[0m2023-03-16 11:35:28 V/Net 2629227874: Send: MessageSvc.PbSendMsg(MessageSvc.PbSendMsg)[0m
[0m2023-03-16 11:35:28 V/Net 2629227874: Recv: MessageSvc.PbSendMsg[0m
[0m2023-03-16 11:35:39 V/Net 2629227874: Send: MessageSvc.PbSendMsg(MessageSvc.PbSendMsg)[0m
[0m2023-03-16 11:35:39 V/Net 2629227874: Recv: MessageSvc.PbSendMsg[0m
[0m2023-03-16 11:35:49 V/Net 2629227874: Send: MessageSvc.PbSendMsg(MessageSvc.PbSendMsg)[0m
[0m2023-03-16 11:35:49 V/Net 2629227874: Recv: MessageSvc.PbSendMsg[0m
[0m2023-03-16 11:35:55 V/Net 2629227874: Send: MessageSvc.PbSendMsg(MessageSvc.PbSendMsg)[0m
[0m2023-03-16 11:35:56 V/Net 2629227874: Recv: MessageSvc.PbSendMsg[0m
[0m2023-03-16 11:39:49 V/Net 2629227874: Send: MessageSvc.PbSendMsg(MessageSvc.PbSendMsg)[0m
[0m2023-03-16 11:39:49 V/Net 2629227874: Recv: MessageSvc.PbSendMsg[0m
[0m2023-03-16 11:39:54 V/Net 2629227874: Send: MessageSvc.PbSendMsg(MessageSvc.PbSendMsg)[0m
[0m2023-03-16 11:39:54 V/Net 2629227874: Recv: MessageSvc.PbSendMsg[0m
[0m2023-03-16 11:50:06 V/Net 2629227874: Send: MessageSvc.PbSendMsg(MessageSvc.PbSendMsg)[0m
[0m2023-03-16 11:50:07 V/Net 2629227874: Recv: MessageSvc.PbSendMsg[0m
[0m2023-03-16 11:50:11 V/Net 2629227874: Send: MessageSvc.PbSendMsg(MessageSvc.PbSendMsg)[0m
[0m2023-03-16 11:50:12 V/Net 2629227874: Recv: MessageSvc.PbSendMsg[0m
[0m2023-03-16 11:50:14 V/Net 2629227874: Send: MessageSvc.PbSendMsg(MessageSvc.PbSendMsg)[0m
[0m2023-03-16 11:50:14 V/Net 2629227874: Recv: MessageSvc.PbSendMsg[0m
[0m2023-03-16 11:51:31 V/Net 2629227874: Send: MessageSvc.PbSendMsg(MessageSvc.PbSendMsg)[0m
[0m2023-03-16 11:51:31 V/Net 2629227874: Recv: MessageSvc.PbSendMsg[0m
[0m2023-03-16 11:51:33 V/Net 2629227874: Send: MessageSvc.PbSendMsg(MessageSvc.PbSendMsg)[0m
[0m2023-03-16 11:51:34 V/Net 2629227874: Recv: MessageSvc.PbSendMsg[0m
[0m2023-03-16 11:51:42 V/Net 2629227874: Send: MessageSvc.PbSendMsg(MessageSvc.PbSendMsg)[0m
[0m2023-03-16 11:51:42 V/Net 2629227874: Recv: MessageSvc.PbSendMsg[0m
[0m2023-03-16 11:51:45 V/Net 2629227874: Send: MessageSvc.PbSendMsg(MessageSvc.PbSendMsg)[0m
[0m2023-03-16 11:51:45 V/Net 2629227874: Recv: MessageSvc.PbSendMsg[0m
[0m2023-03-16 11:51:47 V/Net 2629227874: Send: MessageSvc.PbSendMsg(MessageSvc.PbSendMsg)[0m
[0m2023-03-16 11:51:47 V/Net 2629227874: Recv: MessageSvc.PbSendMsg[0m
[0m2023-03-16 11:51:54 V/Net 2629227874: Send: MessageSvc.PbSendMsg(MessageSvc.PbSendMsg)[0m
[0m2023-03-16 11:51:54 V/Net 2629227874: Recv: MessageSvc.PbSendMsg[0m
[0m2023-03-16 11:55:36 V/Net 2629227874: Send: MessageSvc.PbSendMsg(MessageSvc.PbSendMsg)[0m
[0m2023-03-16 11:55:36 V/Net 2629227874: Recv: MessageSvc.PbSendMsg[0m
[0m2023-03-16 11:55:43 V/Net 2629227874: Send: MessageSvc.PbSendMsg(MessageSvc.PbSendMsg)[0m
[0m2023-03-16 11:55:44 V/Net 2629227874: Recv: MessageSvc.PbSendMsg[0m
[0m2023-03-16 11:55:49 V/Net 2629227874: Send: MessageSvc.PbSendMsg(MessageSvc.PbSendMsg)[0m
[0m2023-03-16 11:55:49 V/Net 2629227874: Recv: MessageSvc.PbSendMsg[0m
[0m2023-03-16 11:55:57 V/Net 2629227874: Send: MessageSvc.PbSendMsg(MessageSvc.PbSendMsg)[0m
[0m2023-03-16 11:55:57 V/Net 2629227874: Recv: MessageSvc.PbSendMsg[0m
[0m2023-03-16 11:55:59 V/Net 2629227874: Send: MessageSvc.PbSendMsg(MessageSvc.PbSendMsg)[0m
[0m2023-03-16 11:56:00 V/Net 2629227874: Recv: MessageSvc.PbSendMsg[0m
[0m2023-03-16 11:56:07 V/Net 2629227874: Send: MessageSvc.PbSendMsg(MessageSvc.PbSendMsg)[0m
[0m2023-03-16 11:56:07 V/Net 2629227874: Recv: MessageSvc.PbSendMsg[0m
[0m2023-03-16 11:56:10 V/Net 2629227874: Send: MessageSvc.PbSendMsg(MessageSvc.PbSendMsg)[0m
[0m2023-03-16 11:56:11 V/Net 2629227874: Recv: MessageSvc.PbSendMsg[0m
[0m2023-03-16 11:56:12 V/Net 2629227874: Send: MessageSvc.PbSendMsg(MessageSvc.PbSendMsg)[0m
[0m2023-03-16 11:56:12 V/Net 2629227874: Recv: MessageSvc.PbSendMsg[0m
[0m2023-03-16 11:56:18 V/Net 2629227874: Send: MessageSvc.PbSendMsg(MessageSvc.PbSendMsg)[0m
[0m2023-03-16 11:56:18 V/Net 2629227874: Recv: MessageSvc.PbSendMsg[0m
[0m2023-03-16 11:56:33 V/Net 2629227874: Send: MessageSvc.PbSendMsg(MessageSvc.PbSendMsg)[0m
[0m2023-03-16 11:56:33 V/Net 2629227874: Recv: MessageSvc.PbSendMsg[0m
[0m2023-03-16 12:07:59 V/Net 2629227874: Send: MessageSvc.PbSendMsg(MessageSvc.PbSendMsg)[0m
[0m2023-03-16 12:07:59 V/Net 2629227874: Recv: MessageSvc.PbSendMsg[0m
[0m2023-03-16 12:08:10 V/Net 2629227874: Send: MessageSvc.PbSendMsg(MessageSvc.PbSendMsg)[0m
[0m2023-03-16 12:08:11 V/Net 2629227874: Recv: MessageSvc.PbSendMsg[0m
[0m2023-03-16 12:08:16 V/Net 2629227874: Send: MessageSvc.PbSendMsg(MessageSvc.PbSendMsg)[0m
[0m2023-03-16 12:08:16 V/Net 2629227874: Recv: MessageSvc.PbSendMsg[0m
[0m2023-03-16 12:12:03 V/Net 2629227874: Send: MessageSvc.PbSendMsg(MessageSvc.PbSendMsg)[0m
[0m2023-03-16 12:12:04 V/Net 2629227874: Recv: MessageSvc.PbSendMsg[0m
[0m2023-03-16 12:13:01 V/Net 2629227874: Send: MessageSvc.PbSendMsg(MessageSvc.PbSendMsg)[0m
[0m2023-03-16 12:13:01 V/Net 2629227874: Recv: MessageSvc.PbSendMsg[0m
[0m2023-03-16 12:13:10 V/Net 2629227874: Send: MessageSvc.PbSendMsg(MessageSvc.PbSendMsg)[0m
[0m2023-03-16 12:13:10 V/Net 2629227874: Recv: MessageSvc.PbSendMsg[0m
[0m2023-03-16 12:13:18 V/Net 2629227874: Send: MessageSvc.PbSendMsg(MessageSvc.PbSendMsg)[0m
[0m2023-03-16 12:13:19 V/Net 2629227874: Recv: MessageSvc.PbSendMsg[0m
[0m2023-03-16 12:13:35 V/Net 2629227874: Send: MessageSvc.PbSendMsg(MessageSvc.PbSendMsg)[0m
[0m2023-03-16 12:13:35 V/Net 2629227874: Recv: MessageSvc.PbSendMsg[0m
[0m2023-03-16 12:21:14 V/Net 2629227874: Send: MessageSvc.PbSendMsg(MessageSvc.PbSendMsg)[0m
[0m2023-03-16 12:21:14 V/Net 2629227874: Recv: MessageSvc.PbSendMsg[0m
[0m2023-03-16 12:21:23 V/Net 2629227874: Send: MessageSvc.PbSendMsg(MessageSvc.PbSendMsg)[0m
[0m2023-03-16 12:21:24 V/Net 2629227874: Recv: MessageSvc.PbSendMsg[0m
[0m2023-03-16 12:21:26 V/Net 2629227874: Send: MessageSvc.PbSendMsg(MessageSvc.PbSendMsg)[0m
[0m2023-03-16 12:21:26 V/Net 2629227874: Recv: MessageSvc.PbSendMsg[0m
[0m2023-03-16 12:27:43 V/Net 2629227874: Send: MessageSvc.PbSendMsg(MessageSvc.PbSendMsg)[0m
[0m2023-03-16 12:27:44 V/Net 2629227874: Recv: MessageSvc.PbSendMsg[0m
[0m2023-03-16 12:35:34 V/Net 2629227874: Send: MessageSvc.PbSendMsg(MessageSvc.PbSendMsg)[0m
[0m2023-03-16 12:35:35 V/Net 2629227874: Recv: MessageSvc.PbSendMsg[0m
[0m2023-03-16 12:35:46 V/Net 2629227874: Send: MessageSvc.PbSendMsg(MessageSvc.PbSendMsg)[0m
[0m2023-03-16 12:35:46 V/Net 2629227874: Recv: MessageSvc.PbSendMsg[0m
[0m2023-03-16 12:36:03 V/Net 2629227874: Send: MessageSvc.PbSendMsg(MessageSvc.PbSendMsg)[0m
[0m2023-03-16 12:36:03 V/Net 2629227874: Recv: MessageSvc.PbSendMsg[0m
[0m2023-03-16 12:36:14 V/Net 2629227874: Send: MessageSvc.PbSendMsg(MessageSvc.PbSendMsg)[0m
[0m2023-03-16 12:36:15 V/Net 2629227874: Recv: MessageSvc.PbSendMsg[0m
[0m2023-03-16 12:36:27 V/Net 2629227874: Send: MessageSvc.PbSendMsg(MessageSvc.PbSendMsg)[0m
[0m2023-03-16 12:36:27 V/Net 2629227874: Recv: MessageSvc.PbSendMsg[0m
[0m2023-03-16 12:36:34 V/Net 2629227874: Send: MessageSvc.PbSendMsg(MessageSvc.PbSendMsg)[0m
[0m2023-03-16 12:36:35 V/Net 2629227874: Recv: MessageSvc.PbSendMsg[0m
[0m2023-03-16 12:36:40 V/Net 2629227874: Send: MessageSvc.PbSendMsg(MessageSvc.PbSendMsg)[0m
[0m2023-03-16 12:36:41 V/Net 2629227874: Recv: MessageSvc.PbSendMsg[0m
[0m2023-03-16 12:36:49 V/Net 2629227874: Send: MessageSvc.PbSendMsg(MessageSvc.PbSendMsg)[0m
[0m2023-03-16 12:36:50 V/Net 2629227874: Recv: MessageSvc.PbSendMsg[0m
[0m2023-03-16 12:36:59 V/Net 2629227874: Send: MessageSvc.PbSendMsg(MessageSvc.PbSendMsg)[0m
[0m2023-03-16 12:36:59 V/Net 2629227874: Recv: MessageSvc.PbSendMsg[0m
[0m2023-03-16 12:37:08 V/Net 2629227874: Send: MessageSvc.PbSendMsg(MessageSvc.PbSendMsg)[0m
[0m2023-03-16 12:37:08 V/Net 2629227874: Recv: MessageSvc.PbSendMsg[0m
[0m2023-03-16 12:37:12 V/Net 2629227874: Send: MessageSvc.PbSendMsg(MessageSvc.PbSendMsg)[0m
[0m2023-03-16 12:37:13 V/Net 2629227874: Recv: MessageSvc.PbSendMsg[0m
[0m2023-03-16 12:37:21 V/Net 2629227874: Send: MessageSvc.PbSendMsg(MessageSvc.PbSendMsg)[0m
[0m2023-03-16 12:37:21 V/Net 2629227874: Recv: MessageSvc.PbSendMsg[0m
[0m2023-03-16 12:37:25 V/Net 2629227874: Send: MessageSvc.PbSendMsg(MessageSvc.PbSendMsg)[0m
[0m2023-03-16 12:37:25 V/Net 2629227874: Recv: MessageSvc.PbSendMsg[0m
[0m2023-03-16 12:37:29 V/Net 2629227874: Send: MessageSvc.PbSendMsg(MessageSvc.PbSendMsg)[0m
[0m2023-03-16 12:37:29 V/Net 2629227874: Recv: MessageSvc.PbSendMsg[0m
[0m2023-03-16 12:37:32 V/Net 2629227874: Send: MessageSvc.PbSendMsg(MessageSvc.PbSendMsg)[0m
[0m2023-03-16 12:37:32 V/Net 2629227874: Recv: MessageSvc.PbSendMsg[0m
[0m2023-03-16 12:37:35 V/Net 2629227874: Send: MessageSvc.PbSendMsg(MessageSvc.PbSendMsg)[0m
[0m2023-03-16 12:37:36 V/Net 2629227874: Recv: MessageSvc.PbSendMsg[0m
[0m2023-03-16 12:37:39 V/Net 2629227874: Send: MessageSvc.PbSendMsg(MessageSvc.PbSendMsg)[0m
[0m2023-03-16 12:37:39 V/Net 2629227874: Recv: MessageSvc.PbSendMsg[0m
[0m2023-03-16 12:37:42 V/Net 2629227874: Send: MessageSvc.PbSendMsg(MessageSvc.PbSendMsg)[0m
[0m2023-03-16 12:37:43 V/Net 2629227874: Recv: MessageSvc.PbSendMsg[0m
[0m2023-03-16 12:37:47 V/Net 2629227874: Send: MessageSvc.PbSendMsg(MessageSvc.PbSendMsg)[0m
[0m2023-03-16 12:37:47 V/Net 2629227874: Recv: MessageSvc.PbSendMsg[0m
[0m2023-03-16 12:37:51 V/Net 2629227874: Send: MessageSvc.PbSendMsg(MessageSvc.PbSendMsg)[0m
[0m2023-03-16 12:37:51 V/Net 2629227874: Recv: MessageSvc.PbSendMsg[0m
[0m2023-03-16 12:38:02 V/Net 2629227874: Send: MessageSvc.PbSendMsg(MessageSvc.PbSendMsg)[0m
[0m2023-03-16 12:38:02 V/Net 2629227874: Recv: MessageSvc.PbSendMsg[0m
[0m2023-03-16 12:38:10 V/Net 2629227874: Send: MessageSvc.PbSendMsg(MessageSvc.PbSendMsg)[0m
[0m2023-03-16 12:38:10 V/Net 2629227874: Recv: MessageSvc.PbSendMsg[0m
[0m2023-03-16 12:38:14 V/Net 2629227874: Send: MessageSvc.PbSendMsg(MessageSvc.PbSendMsg)[0m
[0m2023-03-16 12:38:14 V/Net 2629227874: Recv: MessageSvc.PbSendMsg[0m
[0m2023-03-16 12:38:17 V/Net 2629227874: Send: MessageSvc.PbSendMsg(MessageSvc.PbSendMsg)[0m
[0m2023-03-16 12:38:17 V/Net 2629227874: Recv: MessageSvc.PbSendMsg[0m
[0m2023-03-16 12:38:20 V/Net 2629227874: Send: MessageSvc.PbSendMsg(MessageSvc.PbSendMsg)[0m
[0m2023-03-16 12:38:20 V/Net 2629227874: Recv: MessageSvc.PbSendMsg[0m
[0m2023-03-16 12:38:22 V/Net 2629227874: Send: MessageSvc.PbSendMsg(MessageSvc.PbSendMsg)[0m
[0m2023-03-16 12:38:23 V/Net 2629227874: Recv: MessageSvc.PbSendMsg[0m
[0m2023-03-16 12:38:25 V/Net 2629227874: Send: MessageSvc.PbSendMsg(MessageSvc.PbSendMsg)[0m
[0m2023-03-16 12:38:25 V/Net 2629227874: Recv: MessageSvc.PbSendMsg[0m
[0m2023-03-16 12:38:28 V/Net 2629227874: Send: MessageSvc.PbSendMsg(MessageSvc.PbSendMsg)[0m
[0m2023-03-16 12:38:28 V/Net 2629227874: Recv: MessageSvc.PbSendMsg[0m
[0m2023-03-16 12:38:31 V/Net 2629227874: Send: MessageSvc.PbSendMsg(MessageSvc.PbSendMsg)[0m
[0m2023-03-16 12:38:32 V/Net 2629227874: Recv: MessageSvc.PbSendMsg[0m
[0m2023-03-16 12:38:35 V/Net 2629227874: Send: MessageSvc.PbSendMsg(MessageSvc.PbSendMsg)[0m
[0m2023-03-16 12:38:35 V/Net 2629227874: Recv: MessageSvc.PbSendMsg[0m
[0m2023-03-16 12:38:38 V/Net 2629227874: Send: MessageSvc.PbSendMsg(MessageSvc.PbSendMsg)[0m
[0m2023-03-16 12:38:39 V/Net 2629227874: Recv: MessageSvc.PbSendMsg[0m
[0m2023-03-16 12:38:42 V/Net 2629227874: Send: MessageSvc.PbSendMsg(MessageSvc.PbSendMsg)[0m
[0m2023-03-16 12:38:42 V/Net 2629227874: Recv: MessageSvc.PbSendMsg[0m
[0m2023-03-16 12:38:46 V/Net 2629227874: Send: MessageSvc.PbSendMsg(MessageSvc.PbSendMsg)[0m
[0m2023-03-16 12:38:46 V/Net 2629227874: Recv: MessageSvc.PbSendMsg[0m
[0m2023-03-16 12:38:49 V/Net 2629227874: Send: MessageSvc.PbSendMsg(MessageSvc.PbSendMsg)[0m
[0m2023-03-16 12:38:50 V/Net 2629227874: Recv: MessageSvc.PbSendMsg[0m
[0m2023-03-16 12:38:53 V/Net 2629227874: Send: MessageSvc.PbSendMsg(MessageSvc.PbSendMsg)[0m
[0m2023-03-16 12:38:54 V/Net 2629227874: Recv: MessageSvc.PbSendMsg[0m
[0m2023-03-16 12:38:57 V/Net 2629227874: Send: MessageSvc.PbSendMsg(MessageSvc.PbSendMsg)[0m
[0m2023-03-16 12:38:57 V/Net 2629227874: Recv: MessageSvc.PbSendMsg[0m
[0m2023-03-16 12:39:27 V/Net 2629227874: Send: MessageSvc.PbSendMsg(MessageSvc.PbSendMsg)[0m
[0m2023-03-16 12:39:28 V/Net 2629227874: Recv: MessageSvc.PbSendMsg[0m
[0m2023-03-16 12:40:32 V/Net 2629227874: Send: MessageSvc.PbSendMsg(MessageSvc.PbSendMsg)[0m
[0m2023-03-16 12:40:33 V/Net 2629227874: Recv: MessageSvc.PbSendMsg[0m
[0m2023-03-16 12:42:19 V/Net 2629227874: Send: MessageSvc.PbSendMsg(MessageSvc.PbSendMsg)[0m
[0m2023-03-16 12:42:19 V/Net 2629227874: Recv: MessageSvc.PbSendMsg[0m
[0m2023-03-16 12:42:20 V/Net 2629227874: Send: MessageSvc.PbSendMsg(MessageSvc.PbSendMsg)[0m
[0m2023-03-16 12:42:20 V/Net 2629227874: Recv: MessageSvc.PbSendMsg[0m
[0m2023-03-16 12:46:32 V/Net 2629227874: Send: MessageSvc.PbSendMsg(MessageSvc.PbSendMsg)[0m
[0m2023-03-16 12:46:33 V/Net 2629227874: Recv: MessageSvc.PbSendMsg[0m
[0m2023-03-16 12:46:41 V/Net 2629227874: Send: MessageSvc.PbSendMsg(MessageSvc.PbSendMsg)[0m
[0m2023-03-16 12:46:42 V/Net 2629227874: Recv: MessageSvc.PbSendMsg[0m
[0m2023-03-16 12:53:45 V/Net 2629227874: Send: MessageSvc.PbSendMsg(MessageSvc.PbSendMsg)[0m
[0m2023-03-16 12:53:45 V/Net 2629227874: Recv: MessageSvc.PbSendMsg[0m
[0m2023-03-16 12:54:11 V/Net 2629227874: Send: MessageSvc.PbSendMsg(MessageSvc.PbSendMsg)[0m
[0m2023-03-16 12:54:11 V/Net 2629227874: Recv: MessageSvc.PbSendMsg[0m
[0m2023-03-16 12:56:21 V/Net 2629227874: Send: MessageSvc.PbSendMsg(MessageSvc.PbSendMsg)[0m
[0m2023-03-16 12:56:21 V/Net 2629227874: Recv: MessageSvc.PbSendMsg[0m
[0m2023-03-16 12:56:24 V/Net 2629227874: Send: MessageSvc.PbSendMsg(MessageSvc.PbSendMsg)[0m
[0m2023-03-16 12:56:24 V/Net 2629227874: Recv: MessageSvc.PbSendMsg[0m
[0m2023-03-16 12:56:34 V/Net 2629227874: Send: MessageSvc.PbSendMsg(MessageSvc.PbSendMsg)[0m
[0m2023-03-16 12:56:34 V/Net 2629227874: Recv: MessageSvc.PbSendMsg[0m
[0m2023-03-16 12:56:37 V/Net 2629227874: Send: MessageSvc.PbSendMsg(MessageSvc.PbSendMsg)[0m
[0m2023-03-16 12:56:38 V/Net 2629227874: Recv: MessageSvc.PbSendMsg[0m
[0m2023-03-16 12:56:48 V/Net 2629227874: Send: MessageSvc.PbSendMsg(MessageSvc.PbSendMsg)[0m
[0m2023-03-16 12:56:49 V/Net 2629227874: Recv: MessageSvc.PbSendMsg[0m
[0m2023-03-16 12:56:53 V/Net 2629227874: Send: MessageSvc.PbSendMsg(MessageSvc.PbSendMsg)[0m
[0m2023-03-16 12:56:54 V/Net 2629227874: Recv: MessageSvc.PbSendMsg[0m
[0m2023-03-16 13:21:55 V/Net 2629227874: Send: MessageSvc.PbSendMsg(MessageSvc.PbSendMsg)[0m
[0m2023-03-16 13:21:55 V/Net 2629227874: Recv: MessageSvc.PbSendMsg[0m
[0m2023-03-16 13:48:20 V/Net 2629227874: Send: MessageSvc.PbSendMsg(MessageSvc.PbSendMsg)[0m
[0m2023-03-16 13:48:20 V/Net 2629227874: Recv: MessageSvc.PbSendMsg[0m
[0m2023-03-16 13:48:23 V/Net 2629227874: Send: MessageSvc.PbSendMsg(MessageSvc.PbSendMsg)[0m
[0m2023-03-16 13:48:24 V/Net 2629227874: Recv: MessageSvc.PbSendMsg[0m
[0m2023-03-16 13:48:25 V/Net 2629227874: Send: MessageSvc.PbSendMsg(MessageSvc.PbSendMsg)[0m
[0m2023-03-16 13:48:25 V/Net 2629227874: Recv: MessageSvc.PbSendMsg[0m
[0m2023-03-16 13:54:53 V/Net 2629227874: Send: MessageSvc.PbSendMsg(MessageSvc.PbSendMsg)[0m
[0m2023-03-16 13:54:54 V/Net 2629227874: Recv: MessageSvc.PbSendMsg[0m
[0m2023-03-16 14:04:23 V/Net 2629227874: Send: ImgStore.GroupPicUp(ImgStore.GroupPicUp)[0m
[0m2023-03-16 14:04:23 V/Net 2629227874: Recv: ImgStore.GroupPicUp[0m
[0m2023-03-16 14:04:23 V/Net 2629227874: Send: MessageSvc.PbSendMsg(MessageSvc.PbSendMsg)[0m
[0m2023-03-16 14:04:23 V/Net 2629227874: Recv: MessageSvc.PbSendMsg[0m
[0m2023-03-16 14:04:30 V/Net 2629227874: Send: MessageSvc.PbSendMsg(MessageSvc.PbSendMsg)[0m
[0m2023-03-16 14:04:31 V/Net 2629227874: Recv: MessageSvc.PbSendMsg[0m
[0m2023-03-16 14:04:53 V/Net 2629227874: Send: MessageSvc.PbSendMsg(MessageSvc.PbSendMsg)[0m
[0m2023-03-16 14:04:53 V/Net 2629227874: Recv: MessageSvc.PbSendMsg[0m
[0m2023-03-16 14:05:11 V/Net 2629227874: Send: MessageSvc.PbSendMsg(MessageSvc.PbSendMsg)[0m
[0m2023-03-16 14:05:11 V/Net 2629227874: Recv: MessageSvc.PbSendMsg[0m
[0m2023-03-16 14:05:16 V/Net 2629227874: Send: MessageSvc.PbSendMsg(MessageSvc.PbSendMsg)[0m
[0m2023-03-16 14:05:16 V/Net 2629227874: Recv: MessageSvc.PbSendMsg[0m
[0m2023-03-16 14:05:20 V/Net 2629227874: Send: MessageSvc.PbSendMsg(MessageSvc.PbSendMsg)[0m
[0m2023-03-16 14:05:20 V/Net 2629227874: Recv: MessageSvc.PbSendMsg[0m
[0m2023-03-16 14:05:33 V/Net 2629227874: Send: MessageSvc.PbSendMsg(MessageSvc.PbSendMsg)[0m
[0m2023-03-16 14:05:33 V/Net 2629227874: Recv: MessageSvc.PbSendMsg[0m
[0m2023-03-16 14:05:58 V/Net 2629227874: Send: MessageSvc.PbSendMsg(MessageSvc.PbSendMsg)[0m
[0m2023-03-16 14:05:58 V/Net 2629227874: Recv: MessageSvc.PbSendMsg[0m
[0m2023-03-16 14:06:08 V/Net 2629227874: Send: MessageSvc.PbSendMsg(MessageSvc.PbSendMsg)[0m
[0m2023-03-16 14:06:09 V/Net 2629227874: Recv: MessageSvc.PbSendMsg[0m
[0m2023-03-16 14:06:14 V/Net 2629227874: Send: MessageSvc.PbSendMsg(MessageSvc.PbSendMsg)[0m
[0m2023-03-16 14:06:14 V/Net 2629227874: Recv: MessageSvc.PbSendMsg[0m
[0m2023-03-16 14:06:19 V/Net 2629227874: Send: MessageSvc.PbSendMsg(MessageSvc.PbSendMsg)[0m
[0m2023-03-16 14:06:20 V/Net 2629227874: Recv: MessageSvc.PbSendMsg[0m
[0m2023-03-16 14:06:25 V/Net 2629227874: Send: MessageSvc.PbSendMsg(MessageSvc.PbSendMsg)[0m
[0m2023-03-16 14:06:25 V/Net 2629227874: Recv: MessageSvc.PbSendMsg[0m
[0m2023-03-16 14:06:30 V/Net 2629227874: Send: MessageSvc.PbSendMsg(MessageSvc.PbSendMsg)[0m
[0m2023-03-16 14:06:30 V/Net 2629227874: Recv: MessageSvc.PbSendMsg[0m
[0m2023-03-16 14:06:40 V/Net 2629227874: Send: MessageSvc.PbSendMsg(MessageSvc.PbSendMsg)[0m
[0m2023-03-16 14:06:41 V/Net 2629227874: Recv: MessageSvc.PbSendMsg[0m
[0m2023-03-16 14:06:46 V/Net 2629227874: Send: MessageSvc.PbSendMsg(MessageSvc.PbSendMsg)[0m
[0m2023-03-16 14:06:46 V/Net 2629227874: Recv: MessageSvc.PbSendMsg[0m
[0m2023-03-16 14:06:51 V/Net 2629227874: Send: MessageSvc.PbSendMsg(MessageSvc.PbSendMsg)[0m
[0m2023-03-16 14:06:52 V/Net 2629227874: Recv: MessageSvc.PbSendMsg[0m
[0m2023-03-16 14:06:57 V/Net 2629227874: Send: MessageSvc.PbSendMsg(MessageSvc.PbSendMsg)[0m
[0m2023-03-16 14:06:57 V/Net 2629227874: Recv: MessageSvc.PbSendMsg[0m
[0m2023-03-16 14:07:02 V/Net 2629227874: Send: MessageSvc.PbSendMsg(MessageSvc.PbSendMsg)[0m
[0m2023-03-16 14:07:02 V/Net 2629227874: Recv: MessageSvc.PbSendMsg[0m
[0m2023-03-16 14:07:07 V/Net 2629227874: Send: MessageSvc.PbSendMsg(MessageSvc.PbSendMsg)[0m
[0m2023-03-16 14:07:08 V/Net 2629227874: Recv: MessageSvc.PbSendMsg[0m
[0m2023-03-16 14:07:13 V/Net 2629227874: Send: MessageSvc.PbSendMsg(MessageSvc.PbSendMsg)[0m
[0m2023-03-16 14:07:13 V/Net 2629227874: Recv: MessageSvc.PbSendMsg[0m
[0m2023-03-16 14:07:18 V/Net 2629227874: Send: MessageSvc.PbSendMsg(MessageSvc.PbSendMsg)[0m
[0m2023-03-16 14:07:19 V/Net 2629227874: Recv: MessageSvc.PbSendMsg[0m
[0m2023-03-16 14:07:29 V/Net 2629227874: Send: MessageSvc.PbSendMsg(MessageSvc.PbSendMsg)[0m
[0m2023-03-16 14:07:29 V/Net 2629227874: Recv: MessageSvc.PbSendMsg[0m
[0m2023-03-16 14:07:34 V/Net 2629227874: Send: MessageSvc.PbSendMsg(MessageSvc.PbSendMsg)[0m
[0m2023-03-16 14:07:34 V/Net 2629227874: Recv: MessageSvc.PbSendMsg[0m
[0m2023-03-16 14:07:39 V/Net 2629227874: Send: MessageSvc.PbSendMsg(MessageSvc.PbSendMsg)[0m
[0m2023-03-16 14:07:40 V/Net 2629227874: Recv: MessageSvc.PbSendMsg[0m
[0m2023-03-16 14:07:45 V/Net 2629227874: Send: MessageSvc.PbSendMsg(MessageSvc.PbSendMsg)[0m
[0m2023-03-16 14:07:45 V/Net 2629227874: Recv: MessageSvc.PbSendMsg[0m
[0m2023-03-16 14:07:50 V/Net 2629227874: Send: MessageSvc.PbSendMsg(MessageSvc.PbSendMsg)[0m
[0m2023-03-16 14:07:50 V/Net 2629227874: Recv: MessageSvc.PbSendMsg[0m
[0m2023-03-16 14:07:55 V/Net 2629227874: Send: MessageSvc.PbSendMsg(MessageSvc.PbSendMsg)[0m
[0m2023-03-16 14:07:56 V/Net 2629227874: Recv: MessageSvc.PbSendMsg[0m
[0m2023-03-16 14:08:01 V/Net 2629227874: Send: MessageSvc.PbSendMsg(MessageSvc.PbSendMsg)[0m
[0m2023-03-16 14:08:01 V/Net 2629227874: Recv: MessageSvc.PbSendMsg[0m
[0m2023-03-16 14:08:11 V/Net 2629227874: Send: MessageSvc.PbSendMsg(MessageSvc.PbSendMsg)[0m
[0m2023-03-16 14:08:12 V/Net 2629227874: Recv: MessageSvc.PbSendMsg[0m
[0m2023-03-16 14:08:17 V/Net 2629227874: Send: MessageSvc.PbSendMsg(MessageSvc.PbSendMsg)[0m
[0m2023-03-16 14:08:17 V/Net 2629227874: Recv: MessageSvc.PbSendMsg[0m
[0m2023-03-16 14:08:27 V/Net 2629227874: Send: MessageSvc.PbSendMsg(MessageSvc.PbSendMsg)[0m
[0m2023-03-16 14:08:27 V/Net 2629227874: Recv: MessageSvc.PbSendMsg[0m
[0m2023-03-16 14:08:32 V/Net 2629227874: Send: MessageSvc.PbSendMsg(MessageSvc.PbSendMsg)[0m
[0m2023-03-16 14:08:33 V/Net 2629227874: Recv: MessageSvc.PbSendMsg[0m
[0m2023-03-16 14:08:38 V/Net 2629227874: Send: MessageSvc.PbSendMsg(MessageSvc.PbSendMsg)[0m
[0m2023-03-16 14:08:38 V/Net 2629227874: Recv: MessageSvc.PbSendMsg[0m
[0m2023-03-16 14:08:43 V/Net 2629227874: Send: MessageSvc.PbSendMsg(MessageSvc.PbSendMsg)[0m
[0m2023-03-16 14:08:44 V/Net 2629227874: Recv: MessageSvc.PbSendMsg[0m
[0m2023-03-16 14:08:49 V/Net 2629227874: Send: MessageSvc.PbSendMsg(MessageSvc.PbSendMsg)[0m
[0m2023-03-16 14:08:49 V/Net 2629227874: Recv: MessageSvc.PbSendMsg[0m
[0m2023-03-16 14:08:54 V/Net 2629227874: Send: MessageSvc.PbSendMsg(MessageSvc.PbSendMsg)[0m
[0m2023-03-16 14:08:54 V/Net 2629227874: Recv: MessageSvc.PbSendMsg[0m
[0m2023-03-16 14:08:59 V/Net 2629227874: Send: MessageSvc.PbSendMsg(MessageSvc.PbSendMsg)[0m
[0m2023-03-16 14:09:00 V/Net 2629227874: Recv: MessageSvc.PbSendMsg[0m
[0m2023-03-16 14:09:04 V/Net 2629227874: Send: MessageSvc.PbSendMsg(MessageSvc.PbSendMsg)[0m
[0m2023-03-16 14:09:04 V/Net 2629227874: Recv: MessageSvc.PbSendMsg[0m
[0m2023-03-16 14:13:54 V/Net 2629227874: Send: MessageSvc.PbSendMsg(MessageSvc.PbSendMsg)[0m
[0m2023-03-16 14:13:54 V/Net 2629227874: Recv: MessageSvc.PbSendMsg[0m
[0m2023-03-16 14:15:11 V/Net 2629227874: Send: MessageSvc.PbSendMsg(MessageSvc.PbSendMsg)[0m
[0m2023-03-16 14:15:12 V/Net 2629227874: Recv: MessageSvc.PbSendMsg[0m
[0m2023-03-16 14:15:17 V/Net 2629227874: Send: ProfileService.Pb.ReqSystemMsgNew.Friend(ProfileService.Pb.ReqSystemMsgNew.Friend)[0m
[0m2023-03-16 14:15:18 V/Net 2629227874: Recv: ProfileService.Pb.ReqSystemMsgNew.Friend[0m
[0m2023-03-16 14:15:18 V/Net 2629227874: Send: ProfileService.Pb.ReqSystemMsgAction.Friend(ProfileService.Pb.ReqSystemMsgAction.Friend)[0m
[0m2023-03-16 14:15:23 V/Net 2629227874: Send: MessageSvc.PbSendMsg(MessageSvc.PbSendMsg)[0m
[0m2023-03-16 14:15:23 V/Net 2629227874: Recv: MessageSvc.PbSendMsg[0m
[0m2023-03-16 14:26:29 V/Net 2629227874: Send: MessageSvc.PbSendMsg(MessageSvc.PbSendMsg)[0m
[0m2023-03-16 14:26:29 V/Net 2629227874: Recv: MessageSvc.PbSendMsg[0m
[0m2023-03-16 14:35:48 V/Net 2629227874: Send: MessageSvc.PbSendMsg(MessageSvc.PbSendMsg)[0m
[0m2023-03-16 14:35:49 V/Net 2629227874: Recv: MessageSvc.PbSendMsg[0m
[0m2023-03-16 14:35:51 V/Net 2629227874: Send: MessageSvc.PbSendMsg(MessageSvc.PbSendMsg)[0m
[0m2023-03-16 14:35:51 V/Net 2629227874: Recv: MessageSvc.PbSendMsg[0m
[0m2023-03-16 14:35:55 V/Net 2629227874: Send: MessageSvc.PbSendMsg(MessageSvc.PbSendMsg)[0m
[0m2023-03-16 14:35:55 V/Net 2629227874: Recv: MessageSvc.PbSendMsg[0m
[0m2023-03-16 14:38:40 V/Net 2629227874: Send: MessageSvc.PbSendMsg(MessageSvc.PbSendMsg)[0m
[0m2023-03-16 14:38:40 V/Net 2629227874: Recv: MessageSvc.PbSendMsg[0m
[0m2023-03-16 14:44:09 V/Net 2629227874: Send: MessageSvc.PbSendMsg(MessageSvc.PbSendMsg)[0m
[0m2023-03-16 14:44:10 V/Net 2629227874: Recv: MessageSvc.PbSendMsg[0m
[0m2023-03-16 14:44:25 V/Net 2629227874: Send: MessageSvc.PbSendMsg(MessageSvc.PbSendMsg)[0m
[0m2023-03-16 14:44:25 V/Net 2629227874: Recv: MessageSvc.PbSendMsg[0m
[0m2023-03-16 14:45:32 V/Net 2629227874: Send: MessageSvc.PbSendMsg(MessageSvc.PbSendMsg)[0m
[0m2023-03-16 14:45:33 V/Net 2629227874: Recv: MessageSvc.PbSendMsg[0m
[0m2023-03-16 14:45:52 V/Net 2629227874: Send: MessageSvc.PbSendMsg(MessageSvc.PbSendMsg)[0m
[0m2023-03-16 14:45:53 V/Net 2629227874: Recv: MessageSvc.PbSendMsg[0m
[0m2023-03-16 14:46:32 V/Net 2629227874: Send: MessageSvc.PbSendMsg(MessageSvc.PbSendMsg)[0m
[0m2023-03-16 14:46:32 V/Net 2629227874: Recv: MessageSvc.PbSendMsg[0m
[0m2023-03-16 14:49:26 V/Net 2629227874: Send: MessageSvc.PbSendMsg(MessageSvc.PbSendMsg)[0m
[0m2023-03-16 14:49:26 V/Net 2629227874: Recv: MessageSvc.PbSendMsg[0m
[0m2023-03-16 14:49:30 V/Net 2629227874: Send: MessageSvc.PbSendMsg(MessageSvc.PbSendMsg)[0m
[0m2023-03-16 14:49:31 V/Net 2629227874: Recv: MessageSvc.PbSendMsg[0m
[0m2023-03-16 14:49:32 V/Net 2629227874: Send: MessageSvc.PbSendMsg(MessageSvc.PbSendMsg)[0m
[0m2023-03-16 14:49:32 V/Net 2629227874: Recv: MessageSvc.PbSendMsg[0m
[0m2023-03-16 14:52:26 V/Net 2629227874: Send: MessageSvc.PbSendMsg(MessageSvc.PbSendMsg)[0m
[0m2023-03-16 14:52:26 V/Net 2629227874: Recv: MessageSvc.PbSendMsg[0m
[0m2023-03-16 15:04:18 V/Net 2629227874: Send: MessageSvc.PbSendMsg(MessageSvc.PbSendMsg)[0m
[0m2023-03-16 15:04:18 V/Net 2629227874: Recv: MessageSvc.PbSendMsg[0m
[0m2023-03-16 15:04:26 V/Net 2629227874: Send: MessageSvc.PbSendMsg(MessageSvc.PbSendMsg)[0m
[0m2023-03-16 15:04:26 V/Net 2629227874: Recv: MessageSvc.PbSendMsg[0m
[0m2023-03-16 15:07:31 V/Net 2629227874: Send: MessageSvc.PbSendMsg(MessageSvc.PbSendMsg)[0m
[0m2023-03-16 15:07:31 V/Net 2629227874: Recv: MessageSvc.PbSendMsg[0m
[0m2023-03-16 15:07:36 V/Net 2629227874: Send: MessageSvc.PbSendMsg(MessageSvc.PbSendMsg)[0m
[0m2023-03-16 15:07:37 V/Net 2629227874: Recv: MessageSvc.PbSendMsg[0m
[0m2023-03-16 15:07:42 V/Net 2629227874: Send: MessageSvc.PbSendMsg(MessageSvc.PbSendMsg)[0m
[0m2023-03-16 15:07:42 V/Net 2629227874: Recv: MessageSvc.PbSendMsg[0m
[0m2023-03-16 15:09:05 V/Net 2629227874: Send: MessageSvc.PbSendMsg(MessageSvc.PbSendMsg)[0m
[0m2023-03-16 15:09:05 V/Net 2629227874: Recv: MessageSvc.PbSendMsg[0m
[0m2023-03-16 15:09:10 V/Net 2629227874: Send: MessageSvc.PbSendMsg(MessageSvc.PbSendMsg)[0m
[0m2023-03-16 15:09:11 V/Net 2629227874: Recv: MessageSvc.PbSendMsg[0m
[0m2023-03-16 15:09:13 V/Net 2629227874: Send: MessageSvc.PbSendMsg(MessageSvc.PbSendMsg)[0m
[0m2023-03-16 15:09:13 V/Net 2629227874: Recv: MessageSvc.PbSendMsg[0m
[0m2023-03-16 15:09:15 V/Net 2629227874: Send: MessageSvc.PbSendMsg(MessageSvc.PbSendMsg)[0m
[0m2023-03-16 15:09:15 V/Net 2629227874: Recv: MessageSvc.PbSendMsg[0m
[0m2023-03-16 15:24:33 V/Net 2629227874: Send: MessageSvc.PbSendMsg(MessageSvc.PbSendMsg)[0m
[0m2023-03-16 15:24:33 V/Net 2629227874: Recv: MessageSvc.PbSendMsg[0m
[0m2023-03-16 15:24:39 V/Net 2629227874: Send: MessageSvc.PbSendMsg(MessageSvc.PbSendMsg)[0m
[0m2023-03-16 15:24:39 V/Net 2629227874: Recv: MessageSvc.PbSendMsg[0m
[0m2023-03-16 15:24:42 V/Net 2629227874: Send: MessageSvc.PbSendMsg(MessageSvc.PbSendMsg)[0m
[0m2023-03-16 15:24:42 V/Net 2629227874: Recv: MessageSvc.PbSendMsg[0m
[0m2023-03-16 15:24:44 V/Net 2629227874: Send: MessageSvc.PbSendMsg(MessageSvc.PbSendMsg)[0m
[0m2023-03-16 15:24:44 V/Net 2629227874: Recv: MessageSvc.PbSendMsg[0m
[0m2023-03-16 15:26:47 V/Net 2629227874: Send: MessageSvc.PbSendMsg(MessageSvc.PbSendMsg)[0m
[0m2023-03-16 15:26:48 V/Net 2629227874: Recv: MessageSvc.PbSendMsg[0m
[0m2023-03-16 15:26:54 V/Net 2629227874: Send: MessageSvc.PbSendMsg(MessageSvc.PbSendMsg)[0m
[0m2023-03-16 15:26:54 V/Net 2629227874: Recv: MessageSvc.PbSendMsg[0m
[0m2023-03-16 15:26:55 V/Net 2629227874: Send: MessageSvc.PbSendMsg(MessageSvc.PbSendMsg)[0m
[0m2023-03-16 15:26:55 V/Net 2629227874: Recv: MessageSvc.PbSendMsg[0m
[0m2023-03-16 15:26:57 V/Net 2629227874: Send: MessageSvc.PbSendMsg(MessageSvc.PbSendMsg)[0m
[0m2023-03-16 15:26:58 V/Net 2629227874: Recv: MessageSvc.PbSendMsg[0m
[0m2023-03-16 15:27:01 V/Net 2629227874: Send: MessageSvc.PbSendMsg(MessageSvc.PbSendMsg)[0m
[0m2023-03-16 15:27:01 V/Net 2629227874: Recv: MessageSvc.PbSendMsg[0m
[0m2023-03-16 15:46:39 V/Net 2629227874: Send: MessageSvc.PbSendMsg(MessageSvc.PbSendMsg)[0m
[0m2023-03-16 15:46:39 V/Net 2629227874: Recv: MessageSvc.PbSendMsg[0m
[0m2023-03-16 15:46:54 V/Net 2629227874: Send: MessageSvc.PbSendMsg(MessageSvc.PbSendMsg)[0m
[0m2023-03-16 15:46:55 V/Net 2629227874: Recv: MessageSvc.PbSendMsg[0m
[93m2023-03-16 16:07:21 W/Net 2629227874: Exception in resumeConnection.
HeartbeatFailedException: 2629227874.AliveHeartbeat, recoverable=true, cause=PacketTimeoutException(message=2629227874.AliveHeartbeat Scheduler: Timeout receiving action response, cause=kotlinx.coroutines.TimeoutCancellationException: Timed out waiting for 5000 ms)
	at net.mamoe.mirai.internal.network.handler.CommonNetworkHandler$StateOK$heartbeatJobs$1$1.invoke(CommonNetworkHandler.kt:346)
	at net.mamoe.mirai.internal.network.handler.CommonNetworkHandler$StateOK$heartbeatJobs$1$1.invoke(CommonNetworkHandler.kt:346)
	at net.mamoe.mirai.internal.network.handler.NetworkHandlerSupport.setStateImpl$mirai_core(NetworkHandlerSupport.kt:329)
	at net.mamoe.mirai.internal.network.handler.CommonNetworkHandler$StateOK$heartbeatJobs$1.invoke(CommonNetworkHandler.kt:408)
	at net.mamoe.mirai.internal.network.handler.CommonNetworkHandler$StateOK$heartbeatJobs$1.invoke(CommonNetworkHandler.kt:345)
	at net.mamoe.mirai.internal.network.components.TimeBasedHeartbeatSchedulerImpl$launchHeartbeatJobAsync$1.invokeSuspend(HeartbeatScheduler.kt:131)
	at kotlin.coroutines.jvm.internal.BaseContinuationImpl.resumeWith(ContinuationImpl.kt:33)
	at kotlinx.coroutines.internal.ScopeCoroutine.afterResume(Scopes.kt:33)
	at kotlinx.coroutines.AbstractCoroutine.resumeWith(AbstractCoroutine.kt:102)
	at kotlin.coroutines.jvm.internal.BaseContinuationImpl.resumeWith(ContinuationImpl.kt:46)
	at kotlinx.coroutines.internal.ScopeCoroutine.afterResume(Scopes.kt:33)
	at kotlinx.coroutines.AbstractCoroutine.resumeWith(AbstractCoroutine.kt:102)
	at kotlin.coroutines.jvm.internal.BaseContinuationImpl.resumeWith(ContinuationImpl.kt:46)
	at kotlinx.coroutines.DispatchedTask.run(DispatchedTask.kt:104)
	at kotlinx.coroutines.scheduling.CoroutineScheduler.runSafely(CoroutineScheduler.kt:570)
	at kotlinx.coroutines.scheduling.CoroutineScheduler$Worker.executeTask(CoroutineScheduler.kt:750)
	at kotlinx.coroutines.scheduling.CoroutineScheduler$Worker.runWorker(CoroutineScheduler.kt:677)
	at kotlinx.coroutines.scheduling.CoroutineScheduler$Worker.run(CoroutineScheduler.kt:664)
Caused by: PacketTimeoutException(message=2629227874.AliveHeartbeat Scheduler: Timeout receiving action response, cause=kotlinx.coroutines.TimeoutCancellationException: Timed out waiting for 5000 ms)
	at net.mamoe.mirai.internal.network.components.TimeBasedHeartbeatSchedulerImpl$launchHeartbeatJobAsync$1.invokeSuspend(HeartbeatScheduler.kt:133)
	... 12 more
Caused by: kotlinx.coroutines.TimeoutCancellationException: Timed out waiting for 5000 ms
	at kotlinx.coroutines.TimeoutKt.TimeoutCancellationException(Timeout.kt:184)
	at kotlinx.coroutines.TimeoutCoroutine.run(Timeout.kt:154)
	at kotlinx.coroutines.EventLoopImplBase$DelayedRunnableTask.run(EventLoop.common.kt:508)
	at kotlinx.coroutines.EventLoopImplBase.processNextEvent(EventLoop.common.kt:284)
	at kotlinx.coroutines.DefaultExecutor.run(DefaultExecutor.kt:108)
	at java.base/java.lang.Thread.run(Thread.java:833)
[0m
[0m2023-03-16 16:07:21 V/Net 2629227874: Validated caches.[0m
[0m2023-03-16 16:07:21 V/Net 2629227874: Loading server list from cache.[0m
[0m2023-03-16 16:07:21 V/Net 2629227874: Server list: 117.62.243.156:80, 180.102.111.213:8080, 123.151.54.177:443, msfwifi.3g.qq.com:8080, 119.147.190.142:8080, 183.47.102.145:14000, 117.62.243.225:80, 221.238.41.89:443, 42.81.194.99:80, 183.47.106.104:80.[0m
[92m2023-03-16 16:07:21 I/Net 2629227874: ECDH key is valid.[0m
[0m2023-03-16 16:07:21 V/Net 2629227874: Send: wtlogin.exchange_emp(10:fast-login)[0m
[0m2023-03-16 16:07:22 V/Net 2629227874: Recv: wtlogin.exchange_emp[0m
[0m2023-03-16 16:07:22 V/Net 2629227874: Send: StatSvc.register(online)[0m
[92m2023-03-16 16:07:22 I/Net 2629227874: Server time updated, serverTime: 1678954043, diff: 1ms=0.001s[0m
[0m2023-03-16 16:07:22 V/Net 2629227874: Recv: StatSvc.register[0m
[92m2023-03-16 16:07:22 I/Net 2629227874: Scheduled key refresh in 23h 55min 0.0s.[0m
[92m2023-03-16 16:07:22 I/Net 2629227874: Scheduled refresh login session in 19d 23h 55min 0.0s.[0m
[0m2023-03-16 16:07:25 V/Net 2629227874: Server list: 183.47.98.90:14000, 183.47.102.218:80, 180.109.52.205:80, msfwifi.3g.qq.com:8080, 42.81.193.250:443, 123.151.54.197:80, 42.81.192.158:443, 180.101.246.26:80, 117.62.243.225:8080, 119.147.190.138:8080.[0m
[0m2023-03-16 16:07:25 V/Net 2629227874: Saving bdh session to cache[0m
[0m2023-03-16 16:07:25 V/Net 2629227874: Saving server list to cache[0m
[0m2023-03-16 16:07:25 V/Net 2629227874: Send: ConfigPushSvc.PushResp(ConfigPushSvc.PushResp)[0m
[0m2023-03-16 16:07:25 V/Net 2629227874: Recv: ConfigPushSvc.PushReq[0m
[0m2023-03-16 16:07:25 V/Net 2629227874: Saving bdh session to cache[0m
[0m2023-03-16 16:07:25 V/Net 2629227874: Send: ConfigPushSvc.PushResp(ConfigPushSvc.PushResp)[0m
[0m2023-03-16 16:07:25 V/Net 2629227874: Recv: ConfigPushSvc.PushReq[0m
[0m2023-03-16 17:03:06 V/Net 2629227874: Send: MessageSvc.PbSendMsg(MessageSvc.PbSendMsg)[0m
[0m2023-03-16 17:03:06 V/Net 2629227874: Recv: MessageSvc.PbSendMsg[0m
[0m2023-03-16 17:03:07 V/Net 2629227874: Send: MessageSvc.PbSendMsg(MessageSvc.PbSendMsg)[0m
[0m2023-03-16 17:03:07 V/Net 2629227874: Recv: MessageSvc.PbSendMsg[0m
[0m2023-03-16 17:03:12 V/Net 2629227874: Send: MessageSvc.PbSendMsg(MessageSvc.PbSendMsg)[0m
[0m2023-03-16 17:03:13 V/Net 2629227874: Recv: MessageSvc.PbSendMsg[0m
[0m2023-03-16 17:03:27 V/Net 2629227874: Send: MessageSvc.PbSendMsg(MessageSvc.PbSendMsg)[0m
[0m2023-03-16 17:03:28 V/Net 2629227874: Recv: MessageSvc.PbSendMsg[0m
[0m2023-03-16 17:03:34 V/Net 2629227874: Send: MessageSvc.PbSendMsg(MessageSvc.PbSendMsg)[0m
[0m2023-03-16 17:03:35 V/Net 2629227874: Recv: MessageSvc.PbSendMsg[0m
[0m2023-03-16 17:03:42 V/Net 2629227874: Send: MessageSvc.PbSendMsg(MessageSvc.PbSendMsg)[0m
[0m2023-03-16 17:03:42 V/Net 2629227874: Recv: MessageSvc.PbSendMsg[0m
[0m2023-03-16 17:03:47 V/Net 2629227874: Send: MessageSvc.PbSendMsg(MessageSvc.PbSendMsg)[0m
[0m2023-03-16 17:03:47 V/Net 2629227874: Recv: MessageSvc.PbSendMsg[0m
[0m2023-03-16 17:33:23 V/Net 2629227874: Send: MessageSvc.PbSendMsg(MessageSvc.PbSendMsg)[0m
[0m2023-03-16 17:33:24 V/Net 2629227874: Recv: MessageSvc.PbSendMsg[0m
[0m2023-03-16 17:33:29 V/Net 2629227874: Send: MessageSvc.PbSendMsg(MessageSvc.PbSendMsg)[0m
[0m2023-03-16 17:33:30 V/Net 2629227874: Recv: MessageSvc.PbSendMsg[0m
[0m2023-03-16 17:33:39 V/Net 2629227874: Send: MessageSvc.PbSendMsg(MessageSvc.PbSendMsg)[0m
[0m2023-03-16 17:33:39 V/Net 2629227874: Recv: MessageSvc.PbSendMsg[0m
[0m2023-03-16 17:46:16 V/Net 2629227874: Send: MessageSvc.PbSendMsg(MessageSvc.PbSendMsg)[0m
[0m2023-03-16 17:46:16 V/Net 2629227874: Recv: MessageSvc.PbSendMsg[0m
[0m2023-03-16 17:48:24 V/Net 2629227874: Send: MessageSvc.PbSendMsg(MessageSvc.PbSendMsg)[0m
[0m2023-03-16 17:48:24 V/Net 2629227874: Recv: MessageSvc.PbSendMsg[0m
[0m2023-03-16 18:12:36 V/Net 2629227874: Send: MessageSvc.PbSendMsg(MessageSvc.PbSendMsg)[0m
[0m2023-03-16 18:12:36 V/Net 2629227874: Recv: MessageSvc.PbSendMsg[0m
[0m2023-03-16 18:12:41 V/Net 2629227874: Send: MessageSvc.PbSendMsg(MessageSvc.PbSendMsg)[0m
[0m2023-03-16 18:12:41 V/Net 2629227874: Recv: MessageSvc.PbSendMsg[0m
[0m2023-03-16 18:12:43 V/Net 2629227874: Send: MessageSvc.PbSendMsg(MessageSvc.PbSendMsg)[0m
[0m2023-03-16 18:12:43 V/Net 2629227874: Recv: MessageSvc.PbSendMsg[0m
[0m2023-03-16 18:12:58 V/Net 2629227874: Send: MessageSvc.PbSendMsg(MessageSvc.PbSendMsg)[0m
[0m2023-03-16 18:12:58 V/Net 2629227874: Recv: MessageSvc.PbSendMsg[0m
[0m2023-03-16 18:13:06 V/Net 2629227874: Send: MessageSvc.PbSendMsg(MessageSvc.PbSendMsg)[0m
[0m2023-03-16 18:13:06 V/Net 2629227874: Recv: MessageSvc.PbSendMsg[0m
[0m2023-03-16 18:58:01 V/Net 2629227874: Send: MultiMsg.ApplyDown(MultiMsg.ApplyDown)[0m
[91m2023-03-16 18:58:01 E/Net 2629227874: Exception in decoding packet.
ContextualBugReportException(message=在 MultiMsg.ApplyDown 时遇到了意料之中的问题. 请完整复制此日志提交给 mirai: https://github.com/mamoe/mirai/issues/new/choose   Decode failure result=192 调试信息: MultiMsgApplyDownRsp#1909512547 {
            bytesDownIpV6=[]
            msgResid=5ScWveUfN7MOE4+UaOb/4offAkY9GsR91B9K4aGRi+f0rvSgFvH1ASRiSkt19lmN
            result=0x000000C0(192)
            uint32DownIp=[]
            uint32DownPort=[]
            uint32DownV6Port=[]
    }, cause=null)
	at net.mamoe.mirai.internal.message.ContextualBugReportExceptionKt.contextualBugReportException(contextualBugReportException.kt:26)
	at net.mamoe.mirai.internal.message.ContextualBugReportExceptionKt.contextualBugReportException$default(contextualBugReportException.kt:20)
	at net.mamoe.mirai.internal.network.protocol.packet.chat.MultiMsg$ApplyDown.decode(MultiMsg.kt:145)
	at net.mamoe.mirai.internal.network.components.PacketCodecImpl.processBody(PacketCodec.kt:491)
	at net.mamoe.mirai.internal.network.handler.CommonNetworkHandler$PacketDecodePipeline.processBody(CommonNetworkHandler.kt:157)
	at net.mamoe.mirai.internal.network.handler.CommonNetworkHandler$PacketDecodePipeline.access$processBody(CommonNetworkHandler.kt:102)
	at net.mamoe.mirai.internal.network.handler.CommonNetworkHandler$PacketDecodePipeline$1$3$1.invokeSuspend(CommonNetworkHandler.kt:126)
	at net.mamoe.mirai.internal.network.handler.CommonNetworkHandler$PacketDecodePipeline$1$3$1.invoke(CommonNetworkHandler.kt)
	at net.mamoe.mirai.internal.network.handler.CommonNetworkHandler$PacketDecodePipeline$1$3$1.invoke(CommonNetworkHandler.kt)
	at kotlinx.coroutines.intrinsics.UndispatchedKt.startCoroutineUndispatched(Undispatched.kt:55)
	at kotlinx.coroutines.CoroutineStart.invoke(CoroutineStart.kt:112)
	at kotlinx.coroutines.AbstractCoroutine.start(AbstractCoroutine.kt:126)
	at kotlinx.coroutines.BuildersKt__Builders_commonKt.launch(Builders.common.kt:56)
	at kotlinx.coroutines.BuildersKt.launch(Unknown Source)
	at kotlinx.coroutines.BuildersKt__Builders_commonKt.launch$default(Builders.common.kt:47)
	at kotlinx.coroutines.BuildersKt.launch$default(Unknown Source)
	at net.mamoe.mirai.internal.network.handler.CommonNetworkHandler$PacketDecodePipeline$1.invokeSuspend(CommonNetworkHandler.kt:126)
	at kotlin.coroutines.jvm.internal.BaseContinuationImpl.resumeWith(ContinuationImpl.kt:33)
	at kotlinx.coroutines.DispatchedTask.run(DispatchedTask.kt:106)
	at io.netty.util.concurrent.AbstractEventExecutor.safeExecute(AbstractEventExecutor.java:164)
	at io.netty.util.concurrent.SingleThreadEventExecutor.runAllTasks(SingleThreadEventExecutor.java:472)
	at io.netty.channel.nio.NioEventLoop.run(NioEventLoop.java:500)
	at io.netty.util.concurrent.SingleThreadEventExecutor$4.run(SingleThreadEventExecutor.java:989)
	at io.netty.util.internal.ThreadExecutorMap$2.run(ThreadExecutorMap.java:74)
	at io.netty.util.concurrent.FastThreadLocalRunnable.run(FastThreadLocalRunnable.java:30)
	at java.base/java.lang.Thread.run(Thread.java:833)
[0m
[0m2023-03-16 19:36:17 V/Net 2629227874: Send: MessageSvc.PbSendMsg(MessageSvc.PbSendMsg)[0m
[0m2023-03-16 19:36:17 V/Net 2629227874: Recv: MessageSvc.PbSendMsg[0m
[0m2023-03-16 19:36:29 V/Net 2629227874: Send: MessageSvc.PbSendMsg(MessageSvc.PbSendMsg)[0m
[0m2023-03-16 19:36:29 V/Net 2629227874: Recv: MessageSvc.PbSendMsg[0m
[0m2023-03-16 19:36:30 V/Net 2629227874: Send: MessageSvc.PbSendMsg(MessageSvc.PbSendMsg)[0m
[0m2023-03-16 19:36:31 V/Net 2629227874: Recv: MessageSvc.PbSendMsg[0m
[0m2023-03-16 19:36:32 V/Net 2629227874: Send: MessageSvc.PbSendMsg(MessageSvc.PbSendMsg)[0m
[0m2023-03-16 19:36:33 V/Net 2629227874: Recv: MessageSvc.PbSendMsg[0m
[0m2023-03-16 20:09:27 V/Net 2629227874: Send: MessageSvc.PbSendMsg(MessageSvc.PbSendMsg)[0m
[0m2023-03-16 20:09:28 V/Net 2629227874: Recv: MessageSvc.PbSendMsg[0m
[0m2023-03-16 20:09:29 V/Net 2629227874: Send: MessageSvc.PbSendMsg(MessageSvc.PbSendMsg)[0m
[0m2023-03-16 20:09:29 V/Net 2629227874: Recv: MessageSvc.PbSendMsg[0m
[0m2023-03-16 20:16:48 V/Net 2629227874: Send: MessageSvc.PbSendMsg(MessageSvc.PbSendMsg)[0m
[0m2023-03-16 20:16:49 V/Net 2629227874: Recv: MessageSvc.PbSendMsg[0m
[0m2023-03-16 20:25:07 V/Net 2629227874: Send: MessageSvc.PbSendMsg(MessageSvc.PbSendMsg)[0m
[0m2023-03-16 20:25:07 V/Net 2629227874: Recv: MessageSvc.PbSendMsg[0m
[0m2023-03-16 20:25:51 V/Net 2629227874: Send: MessageSvc.PbSendMsg(MessageSvc.PbSendMsg)[0m
[0m2023-03-16 20:25:52 V/Net 2629227874: Recv: MessageSvc.PbSendMsg[0m
[0m2023-03-16 20:25:57 V/Net 2629227874: Send: MessageSvc.PbSendMsg(MessageSvc.PbSendMsg)[0m
[0m2023-03-16 20:25:57 V/Net 2629227874: Recv: MessageSvc.PbSendMsg[0m
[0m2023-03-16 20:26:04 V/Net 2629227874: Send: MessageSvc.PbSendMsg(MessageSvc.PbSendMsg)[0m
[0m2023-03-16 20:26:04 V/Net 2629227874: Recv: MessageSvc.PbSendMsg[0m
[0m2023-03-16 20:26:06 V/Net 2629227874: Send: MessageSvc.PbSendMsg(MessageSvc.PbSendMsg)[0m
[0m2023-03-16 20:26:07 V/Net 2629227874: Recv: MessageSvc.PbSendMsg[0m
[0m2023-03-16 20:26:10 V/Net 2629227874: Send: MessageSvc.PbSendMsg(MessageSvc.PbSendMsg)[0m
[0m2023-03-16 20:26:11 V/Net 2629227874: Recv: MessageSvc.PbSendMsg[0m
[0m2023-03-16 20:26:19 V/Net 2629227874: Send: MessageSvc.PbSendMsg(MessageSvc.PbSendMsg)[0m
[0m2023-03-16 20:26:19 V/Net 2629227874: Recv: MessageSvc.PbSendMsg[0m
[0m2023-03-16 20:33:33 V/Net 2629227874: Send: MessageSvc.PbSendMsg(MessageSvc.PbSendMsg)[0m
[0m2023-03-16 20:33:33 V/Net 2629227874: Recv: MessageSvc.PbSendMsg[0m
[0m2023-03-16 20:33:35 V/Net 2629227874: Send: MessageSvc.PbSendMsg(MessageSvc.PbSendMsg)[0m
[0m2023-03-16 20:33:36 V/Net 2629227874: Recv: MessageSvc.PbSendMsg[0m
[0m2023-03-16 20:33:41 V/Net 2629227874: Send: MessageSvc.PbSendMsg(MessageSvc.PbSendMsg)[0m
[0m2023-03-16 20:33:42 V/Net 2629227874: Recv: MessageSvc.PbSendMsg[0m
[0m2023-03-16 20:37:48 V/Net 2629227874: Send: MessageSvc.PbSendMsg(MessageSvc.PbSendMsg)[0m
[0m2023-03-16 20:37:48 V/Net 2629227874: Recv: MessageSvc.PbSendMsg[0m
[0m2023-03-16 20:39:08 V/Net 2629227874: Send: MessageSvc.PbSendMsg(MessageSvc.PbSendMsg)[0m
[0m2023-03-16 20:39:08 V/Net 2629227874: Recv: MessageSvc.PbSendMsg[0m
[0m2023-03-16 20:43:01 V/Net 2629227874: Send: MessageSvc.PbSendMsg(MessageSvc.PbSendMsg)[0m
[0m2023-03-16 20:43:02 V/Net 2629227874: Recv: MessageSvc.PbSendMsg[0m
[0m2023-03-16 20:43:09 V/Net 2629227874: Send: MessageSvc.PbSendMsg(MessageSvc.PbSendMsg)[0m
[0m2023-03-16 20:43:10 V/Net 2629227874: Recv: MessageSvc.PbSendMsg[0m
[0m2023-03-16 20:44:34 V/Net 2629227874: Send: MessageSvc.PbSendMsg(MessageSvc.PbSendMsg)[0m
[0m2023-03-16 20:44:35 V/Net 2629227874: Recv: MessageSvc.PbSendMsg[0m
[0m2023-03-16 20:44:41 V/Net 2629227874: Send: MessageSvc.PbSendMsg(MessageSvc.PbSendMsg)[0m
[0m2023-03-16 20:44:41 V/Net 2629227874: Recv: MessageSvc.PbSendMsg[0m
[0m2023-03-16 20:46:20 V/Net 2629227874: Send: MessageSvc.PbSendMsg(MessageSvc.PbSendMsg)[0m
[0m2023-03-16 20:46:20 V/Net 2629227874: Recv: MessageSvc.PbSendMsg[0m
[0m2023-03-16 20:57:05 V/Net 2629227874: Send: MessageSvc.PbSendMsg(MessageSvc.PbSendMsg)[0m
[0m2023-03-16 20:57:05 V/Net 2629227874: Recv: MessageSvc.PbSendMsg[0m
[0m2023-03-16 21:00:23 V/Net 2629227874: Send: MessageSvc.PbSendMsg(MessageSvc.PbSendMsg)[0m
[0m2023-03-16 21:00:24 V/Net 2629227874: Recv: MessageSvc.PbSendMsg[0m
[0m2023-03-16 21:00:32 V/Net 2629227874: Send: MessageSvc.PbSendMsg(MessageSvc.PbSendMsg)[0m
[0m2023-03-16 21:00:32 V/Net 2629227874: Recv: MessageSvc.PbSendMsg[0m
[0m2023-03-16 21:00:37 V/Net 2629227874: Send: MessageSvc.PbSendMsg(MessageSvc.PbSendMsg)[0m
[0m2023-03-16 21:00:37 V/Net 2629227874: Recv: MessageSvc.PbSendMsg[0m
[0m2023-03-16 21:15:18 V/Net 2629227874: Send: MessageSvc.PbSendMsg(MessageSvc.PbSendMsg)[0m
[0m2023-03-16 21:15:18 V/Net 2629227874: Recv: MessageSvc.PbSendMsg[0m
[0m2023-03-16 21:15:54 V/Net 2629227874: Send: MessageSvc.PbSendMsg(MessageSvc.PbSendMsg)[0m
[0m2023-03-16 21:15:54 V/Net 2629227874: Recv: MessageSvc.PbSendMsg[0m
[0m2023-03-16 21:16:04 V/Net 2629227874: Send: MessageSvc.PbSendMsg(MessageSvc.PbSendMsg)[0m
[0m2023-03-16 21:16:05 V/Net 2629227874: Recv: MessageSvc.PbSendMsg[0m
[0m2023-03-16 21:16:19 V/Net 2629227874: Send: MessageSvc.PbSendMsg(MessageSvc.PbSendMsg)[0m
[0m2023-03-16 21:16:20 V/Net 2629227874: Recv: MessageSvc.PbSendMsg[0m
[0m2023-03-16 21:20:51 V/Net 2629227874: Send: MessageSvc.PbSendMsg(MessageSvc.PbSendMsg)[0m
[0m2023-03-16 21:20:51 V/Net 2629227874: Recv: MessageSvc.PbSendMsg[0m
[0m2023-03-16 21:35:38 V/Net 2629227874: Send: MessageSvc.PbSendMsg(MessageSvc.PbSendMsg)[0m
[0m2023-03-16 21:35:39 V/Net 2629227874: Recv: MessageSvc.PbSendMsg[0m
[0m2023-03-16 21:37:37 V/Net 2629227874: Send: MessageSvc.PbSendMsg(MessageSvc.PbSendMsg)[0m
[0m2023-03-16 21:37:38 V/Net 2629227874: Recv: MessageSvc.PbSendMsg[0m
[0m2023-03-16 21:37:47 V/Net 2629227874: Send: MessageSvc.PbSendMsg(MessageSvc.PbSendMsg)[0m
[0m2023-03-16 21:37:47 V/Net 2629227874: Recv: MessageSvc.PbSendMsg[0m
[0m2023-03-16 21:37:54 V/Net 2629227874: Send: MessageSvc.PbSendMsg(MessageSvc.PbSendMsg)[0m
[0m2023-03-16 21:37:54 V/Net 2629227874: Recv: MessageSvc.PbSendMsg[0m
[0m2023-03-16 22:08:34 V/Net 2629227874: Send: MessageSvc.PbSendMsg(MessageSvc.PbSendMsg)[0m
[0m2023-03-16 22:08:35 V/Net 2629227874: Recv: MessageSvc.PbSendMsg[0m
[0m2023-03-16 22:08:38 V/Net 2629227874: Send: LongConn.OffPicUp(LongConn.OffPicUp)[0m
[0m2023-03-16 22:08:39 V/Net 2629227874: Recv: LongConn.OffPicUp[0m
[0m2023-03-16 22:08:39 V/Net 2629227874: Send: LongConn.OffPicUp(LongConn.OffPicUp)[0m
[0m2023-03-16 22:08:39 V/Net 2629227874: Recv: LongConn.OffPicUp[0m
[0m2023-03-16 22:08:39 V/Net 2629227874: Send: LongConn.OffPicUp(LongConn.OffPicUp)[0m
[0m2023-03-16 22:08:39 V/Net 2629227874: Send: LongConn.OffPicUp(LongConn.OffPicUp)[0m
[0m2023-03-16 22:08:39 V/Net 2629227874: Recv: LongConn.OffPicUp[0m
[0m2023-03-16 22:08:39 V/Net 2629227874: Recv: LongConn.OffPicUp[0m
[0m2023-03-16 22:08:40 V/Net 2629227874: Send: LongConn.OffPicUp(LongConn.OffPicUp)[0m
[0m2023-03-16 22:08:40 V/Net 2629227874: Recv: LongConn.OffPicUp[0m
[0m2023-03-16 22:08:41 V/Net 2629227874: Send: LongConn.OffPicUp(LongConn.OffPicUp)[0m
[0m2023-03-16 22:08:41 V/Net 2629227874: Recv: LongConn.OffPicUp[0m
[0m2023-03-16 22:08:42 V/Net 2629227874: Send: LongConn.OffPicUp(LongConn.OffPicUp)[0m
[0m2023-03-16 22:08:42 V/Net 2629227874: Recv: LongConn.OffPicUp[0m
[0m2023-03-16 22:08:43 V/Net 2629227874: Send: LongConn.OffPicUp(LongConn.OffPicUp)[0m
[0m2023-03-16 22:08:43 V/Net 2629227874: Send: LongConn.OffPicUp(LongConn.OffPicUp)[0m
[0m2023-03-16 22:08:43 V/Net 2629227874: Recv: LongConn.OffPicUp[0m
[0m2023-03-16 22:08:43 V/Net 2629227874: Recv: LongConn.OffPicUp[0m
[0m2023-03-16 22:08:44 V/Net 2629227874: Send: LongConn.OffPicUp(LongConn.OffPicUp)[0m
[0m2023-03-16 22:08:44 V/Net 2629227874: Recv: LongConn.OffPicUp[0m
[0m2023-03-16 22:08:44 V/Net 2629227874: Send: LongConn.OffPicUp(LongConn.OffPicUp)[0m
[0m2023-03-16 22:08:44 V/Net 2629227874: Recv: LongConn.OffPicUp[0m
[0m2023-03-16 22:08:45 V/Net 2629227874: Send: LongConn.OffPicUp(LongConn.OffPicUp)[0m
[0m2023-03-16 22:08:45 V/Net 2629227874: Recv: LongConn.OffPicUp[0m
[0m2023-03-16 22:08:45 V/Net 2629227874: Send: LongConn.OffPicUp(LongConn.OffPicUp)[0m
[0m2023-03-16 22:08:46 V/Net 2629227874: Recv: LongConn.OffPicUp[0m
[0m2023-03-16 22:08:48 V/Net 2629227874: Send: LongConn.OffPicUp(LongConn.OffPicUp)[0m
[0m2023-03-16 22:08:48 V/Net 2629227874: [Highway] Uploading private image to 180.109.192.65:443, size=1930.84 KiB[0m
[0m2023-03-16 22:08:48 V/Net 2629227874: Recv: LongConn.OffPicUp[0m
[0m2023-03-16 22:08:49 V/Net 2629227874: [Highway] Uploading private image: succeed at 1437 KiB/s[0m
[0m2023-03-16 22:08:52 V/Net 2629227874: Send: LongConn.OffPicUp(LongConn.OffPicUp)[0m
[0m2023-03-16 22:08:52 V/Net 2629227874: [Highway] Uploading private image to 180.109.192.140:8080, size=7184.53 KiB[0m
[0m2023-03-16 22:08:52 V/Net 2629227874: Recv: LongConn.OffPicUp[0m
[0m2023-03-16 22:08:56 V/Net 2629227874: Send: MessageSvc.PbSendMsg(MessageSvc.PbSendMsg)[0m
[0m2023-03-16 22:08:56 V/Net 2629227874: Recv: MessageSvc.PbSendMsg[0m
[0m2023-03-16 22:08:57 V/Net 2629227874: Send: MessageSvc.PbSendMsg(MessageSvc.PbSendMsg)[0m
[0m2023-03-16 22:08:57 V/Net 2629227874: Recv: MessageSvc.PbSendMsg[0m
[0m2023-03-16 22:08:58 V/Net 2629227874: Send: MessageSvc.PbSendMsg(MessageSvc.PbSendMsg)[0m
[0m2023-03-16 22:08:58 V/Net 2629227874: Recv: MessageSvc.PbSendMsg[0m
[0m2023-03-16 22:08:59 V/Net 2629227874: Send: MessageSvc.PbSendMsg(MessageSvc.PbSendMsg)[0m
[0m2023-03-16 22:08:59 V/Net 2629227874: Recv: MessageSvc.PbSendMsg[0m
[0m2023-03-16 22:08:59 V/Net 2629227874: Send: MessageSvc.PbSendMsg(MessageSvc.PbSendMsg)[0m
[0m2023-03-16 22:09:00 V/Net 2629227874: Recv: MessageSvc.PbSendMsg[0m
[0m2023-03-16 22:09:00 V/Net 2629227874: [Highway] Uploading private image to 180.109.192.140:8080, size=7184.53 KiB failed: java.lang.IllegalStateException: highway transfer failed, error 83[0m
[0m2023-03-16 22:09:00 V/Net 2629227874: Send: ImgStore.GroupPicUp(ImgStore.GroupPicUp)[0m
[0m2023-03-16 22:09:00 V/Net 2629227874: Send: MessageSvc.PbSendMsg(MessageSvc.PbSendMsg)[0m
[0m2023-03-16 22:09:00 V/Net 2629227874: [Highway] Uploading private image to 180.109.192.140:8080, size=7184.53 KiB[0m
[0m2023-03-16 22:09:00 V/Net 2629227874: Recv: ImgStore.GroupPicUp[0m
[0m2023-03-16 22:09:01 V/Net 2629227874: Recv: MessageSvc.PbSendMsg[0m
[0m2023-03-16 22:09:01 V/Net 2629227874: Send: MessageSvc.PbSendMsg(MessageSvc.PbSendMsg)[0m
[0m2023-03-16 22:09:01 V/Net 2629227874: Recv: MessageSvc.PbSendMsg[0m
[0m2023-03-16 22:09:02 V/Net 2629227874: Send: MessageSvc.PbSendMsg(MessageSvc.PbSendMsg)[0m
[0m2023-03-16 22:09:02 V/Net 2629227874: Recv: MessageSvc.PbSendMsg[0m
[0m2023-03-16 22:09:03 V/Net 2629227874: Send: MessageSvc.PbSendMsg(MessageSvc.PbSendMsg)[0m
[0m2023-03-16 22:09:03 V/Net 2629227874: Recv: MessageSvc.PbSendMsg[0m
[0m2023-03-16 22:09:04 V/Net 2629227874: Send: MessageSvc.PbSendMsg(MessageSvc.PbSendMsg)[0m
[0m2023-03-16 22:09:04 V/Net 2629227874: Recv: MessageSvc.PbSendMsg[0m
[0m2023-03-16 22:09:05 V/Net 2629227874: Send: MessageSvc.PbSendMsg(MessageSvc.PbSendMsg)[0m
[0m2023-03-16 22:09:05 V/Net 2629227874: Recv: MessageSvc.PbSendMsg[0m
[0m2023-03-16 22:09:05 V/Net 2629227874: Send: MessageSvc.PbSendMsg(MessageSvc.PbSendMsg)[0m
[0m2023-03-16 22:09:06 V/Net 2629227874: Recv: MessageSvc.PbSendMsg[0m
[0m2023-03-16 22:09:06 V/Net 2629227874: Send: MessageSvc.PbSendMsg(MessageSvc.PbSendMsg)[0m
[0m2023-03-16 22:09:07 V/Net 2629227874: Recv: MessageSvc.PbSendMsg[0m
[0m2023-03-16 22:09:07 V/Net 2629227874: Send: MessageSvc.PbSendMsg(MessageSvc.PbSendMsg)[0m
[0m2023-03-16 22:09:07 V/Net 2629227874: Recv: MessageSvc.PbSendMsg[0m
[0m2023-03-16 22:09:08 V/Net 2629227874: Send: MessageSvc.PbSendMsg(MessageSvc.PbSendMsg)[0m
[0m2023-03-16 22:09:08 V/Net 2629227874: Recv: MessageSvc.PbSendMsg[0m
[0m2023-03-16 22:09:09 V/Net 2629227874: [Highway] Uploading private image to 180.109.192.140:8080, size=7184.53 KiB failed: java.lang.IllegalStateException: highway transfer failed, error 83[0m
[0m2023-03-16 22:09:09 V/Net 2629227874: [Highway] Uploading private image to 183.47.99.74:8080, size=7184.53 KiB[0m
[0m2023-03-16 22:09:09 V/Net 2629227874: Send: MessageSvc.PbSendMsg(MessageSvc.PbSendMsg)[0m
[0m2023-03-16 22:09:09 V/Net 2629227874: [Highway] Uploading private image to 183.47.99.74:8080, size=7184.53 KiB failed: java.lang.IllegalStateException: highway transfer failed, error 83[0m
[0m2023-03-16 22:09:09 V/Net 2629227874: [Highway] Uploading private image to 42.81.184.252:80, size=7184.53 KiB[0m
[0m2023-03-16 22:09:09 V/Net 2629227874: Recv: MessageSvc.PbSendMsg[0m
[0m2023-03-16 22:09:10 V/Net 2629227874: Send: MessageSvc.PbSendMsg(MessageSvc.PbSendMsg)[0m
[0m2023-03-16 22:09:10 V/Net 2629227874: Recv: MessageSvc.PbSendMsg[0m
[0m2023-03-16 22:09:10 V/Net 2629227874: Send: MessageSvc.PbSendMsg(MessageSvc.PbSendMsg)[0m
[0m2023-03-16 22:09:11 V/Net 2629227874: Recv: MessageSvc.PbSendMsg[0m
[0m2023-03-16 22:09:11 V/Net 2629227874: Send: MessageSvc.PbSendMsg(MessageSvc.PbSendMsg)[0m
[0m2023-03-16 22:09:12 V/Net 2629227874: Recv: MessageSvc.PbSendMsg[0m
[0m2023-03-16 22:09:12 V/Net 2629227874: Send: MessageSvc.PbSendMsg(MessageSvc.PbSendMsg)[0m
[0m2023-03-16 22:09:12 V/Net 2629227874: Recv: MessageSvc.PbSendMsg[0m
[0m2023-03-16 22:09:20 V/Net 2629227874: [Highway] Uploading private image: succeed at 633 KiB/s[0m
[0m2023-03-16 22:12:35 V/Net 2629227874: Send: MessageSvc.PbSendMsg(MessageSvc.PbSendMsg)[0m
[0m2023-03-16 22:12:35 V/Net 2629227874: Recv: MessageSvc.PbSendMsg[0m
[0m2023-03-16 22:12:35 V/Net 2629227874: Send: MessageSvc.PbSendMsg(MessageSvc.PbSendMsg)[0m
[0m2023-03-16 22:12:36 V/Net 2629227874: Recv: MessageSvc.PbSendMsg[0m
[0m2023-03-16 22:13:20 V/Net 2629227874: Send: MessageSvc.PbSendMsg(MessageSvc.PbSendMsg)[0m
[0m2023-03-16 22:13:20 V/Net 2629227874: Recv: MessageSvc.PbSendMsg[0m
[0m2023-03-16 22:13:23 V/Net 2629227874: Send: MessageSvc.PbSendMsg(MessageSvc.PbSendMsg)[0m
[0m2023-03-16 22:13:24 V/Net 2629227874: Recv: MessageSvc.PbSendMsg[0m
[0m2023-03-16 22:13:54 V/Net 2629227874: Send: MessageSvc.PbSendMsg(MessageSvc.PbSendMsg)[0m
[0m2023-03-16 22:13:54 V/Net 2629227874: Recv: MessageSvc.PbSendMsg[0m
[0m2023-03-16 22:13:56 V/Net 2629227874: Send: MessageSvc.PbSendMsg(MessageSvc.PbSendMsg)[0m
[0m2023-03-16 22:13:56 V/Net 2629227874: Recv: MessageSvc.PbSendMsg[0m
[0m2023-03-16 22:14:23 V/Net 2629227874: Send: MessageSvc.PbSendMsg(MessageSvc.PbSendMsg)[0m
[0m2023-03-16 22:14:23 V/Net 2629227874: Recv: MessageSvc.PbSendMsg[0m
[0m2023-03-16 22:14:26 V/Net 2629227874: Send: LongConn.OffPicUp(LongConn.OffPicUp)[0m
[0m2023-03-16 22:14:26 V/Net 2629227874: Send: LongConn.OffPicUp(LongConn.OffPicUp)[0m
[0m2023-03-16 22:14:26 V/Net 2629227874: Recv: LongConn.OffPicUp[0m
[0m2023-03-16 22:14:26 V/Net 2629227874: Recv: LongConn.OffPicUp[0m
[0m2023-03-16 22:14:27 V/Net 2629227874: Send: LongConn.OffPicUp(LongConn.OffPicUp)[0m
[0m2023-03-16 22:14:27 V/Net 2629227874: Send: LongConn.OffPicUp(LongConn.OffPicUp)[0m
[0m2023-03-16 22:14:27 V/Net 2629227874: Recv: LongConn.OffPicUp[0m
[0m2023-03-16 22:14:27 V/Net 2629227874: Recv: LongConn.OffPicUp[0m
[0m2023-03-16 22:14:27 V/Net 2629227874: Send: LongConn.OffPicUp(LongConn.OffPicUp)[0m
[0m2023-03-16 22:14:27 V/Net 2629227874: Recv: LongConn.OffPicUp[0m
[0m2023-03-16 22:14:27 V/Net 2629227874: Send: LongConn.OffPicUp(LongConn.OffPicUp)[0m
[0m2023-03-16 22:14:27 V/Net 2629227874: Send: LongConn.OffPicUp(LongConn.OffPicUp)[0m
[0m2023-03-16 22:14:28 V/Net 2629227874: Recv: LongConn.OffPicUp[0m
[0m2023-03-16 22:14:28 V/Net 2629227874: Send: LongConn.OffPicUp(LongConn.OffPicUp)[0m
[0m2023-03-16 22:14:28 V/Net 2629227874: Recv: LongConn.OffPicUp[0m
[0m2023-03-16 22:14:28 V/Net 2629227874: Recv: LongConn.OffPicUp[0m
[0m2023-03-16 22:14:28 V/Net 2629227874: Send: LongConn.OffPicUp(LongConn.OffPicUp)[0m
[0m2023-03-16 22:14:28 V/Net 2629227874: Recv: LongConn.OffPicUp[0m
[0m2023-03-16 22:14:29 V/Net 2629227874: Send: LongConn.OffPicUp(LongConn.OffPicUp)[0m
[0m2023-03-16 22:14:29 V/Net 2629227874: Recv: LongConn.OffPicUp[0m
[0m2023-03-16 22:14:31 V/Net 2629227874: Send: LongConn.OffPicUp(LongConn.OffPicUp)[0m
[0m2023-03-16 22:14:31 V/Net 2629227874: Recv: LongConn.OffPicUp[0m
[0m2023-03-16 22:14:32 V/Net 2629227874: Send: LongConn.OffPicUp(LongConn.OffPicUp)[0m
[0m2023-03-16 22:14:32 V/Net 2629227874: Recv: LongConn.OffPicUp[0m
[0m2023-03-16 22:14:32 V/Net 2629227874: Send: LongConn.OffPicUp(LongConn.OffPicUp)[0m
[0m2023-03-16 22:14:32 V/Net 2629227874: Send: LongConn.OffPicUp(LongConn.OffPicUp)[0m
[0m2023-03-16 22:14:32 V/Net 2629227874: Recv: LongConn.OffPicUp[0m
[0m2023-03-16 22:14:32 V/Net 2629227874: Recv: LongConn.OffPicUp[0m
[0m2023-03-16 22:14:33 V/Net 2629227874: Send: LongConn.OffPicUp(LongConn.OffPicUp)[0m
[0m2023-03-16 22:14:33 V/Net 2629227874: Recv: LongConn.OffPicUp[0m
[0m2023-03-16 22:14:34 V/Net 2629227874: Send: LongConn.OffPicUp(LongConn.OffPicUp)[0m
[0m2023-03-16 22:14:35 V/Net 2629227874: Recv: LongConn.OffPicUp[0m
[0m2023-03-16 22:14:35 V/Net 2629227874: Send: LongConn.OffPicUp(LongConn.OffPicUp)[0m
[0m2023-03-16 22:14:35 V/Net 2629227874: Recv: LongConn.OffPicUp[0m
[0m2023-03-16 22:14:39 V/Net 2629227874: Send: LongConn.OffPicUp(LongConn.OffPicUp)[0m
[0m2023-03-16 22:14:39 V/Net 2629227874: Recv: LongConn.OffPicUp[0m
[0m2023-03-16 22:14:40 V/Net 2629227874: Send: LongConn.OffPicUp(LongConn.OffPicUp)[0m
[0m2023-03-16 22:14:40 V/Net 2629227874: Recv: LongConn.OffPicUp[0m
[0m2023-03-16 22:14:40 V/Net 2629227874: Send: MessageSvc.PbSendMsg(MessageSvc.PbSendMsg)[0m
[0m2023-03-16 22:14:40 V/Net 2629227874: Recv: MessageSvc.PbSendMsg[0m
[0m2023-03-16 22:14:41 V/Net 2629227874: Send: MessageSvc.PbSendMsg(MessageSvc.PbSendMsg)[0m
[0m2023-03-16 22:14:41 V/Net 2629227874: Recv: MessageSvc.PbSendMsg[0m
[0m2023-03-16 22:14:42 V/Net 2629227874: Send: MessageSvc.PbSendMsg(MessageSvc.PbSendMsg)[0m
[0m2023-03-16 22:14:42 V/Net 2629227874: Recv: MessageSvc.PbSendMsg[0m
[0m2023-03-16 22:14:43 V/Net 2629227874: Send: MessageSvc.PbSendMsg(MessageSvc.PbSendMsg)[0m
[0m2023-03-16 22:14:43 V/Net 2629227874: Recv: MessageSvc.PbSendMsg[0m
[0m2023-03-16 22:14:43 V/Net 2629227874: Send: MessageSvc.PbSendMsg(MessageSvc.PbSendMsg)[0m
[0m2023-03-16 22:14:44 V/Net 2629227874: Recv: MessageSvc.PbSendMsg[0m
[0m2023-03-16 22:14:44 V/Net 2629227874: Send: MessageSvc.PbSendMsg(MessageSvc.PbSendMsg)[0m
[0m2023-03-16 22:14:45 V/Net 2629227874: Recv: MessageSvc.PbSendMsg[0m
[0m2023-03-16 22:14:45 V/Net 2629227874: Send: MessageSvc.PbSendMsg(MessageSvc.PbSendMsg)[0m
[0m2023-03-16 22:14:45 V/Net 2629227874: Recv: MessageSvc.PbSendMsg[0m
[0m2023-03-16 22:14:46 V/Net 2629227874: Send: MessageSvc.PbSendMsg(MessageSvc.PbSendMsg)[0m
[0m2023-03-16 22:14:46 V/Net 2629227874: Recv: MessageSvc.PbSendMsg[0m
[0m2023-03-16 22:14:47 V/Net 2629227874: Send: MessageSvc.PbSendMsg(MessageSvc.PbSendMsg)[0m
[0m2023-03-16 22:14:47 V/Net 2629227874: Recv: MessageSvc.PbSendMsg[0m
[0m2023-03-16 22:14:48 V/Net 2629227874: Send: MessageSvc.PbSendMsg(MessageSvc.PbSendMsg)[0m
[0m2023-03-16 22:14:48 V/Net 2629227874: Recv: MessageSvc.PbSendMsg[0m
[0m2023-03-16 22:14:49 V/Net 2629227874: Send: MessageSvc.PbSendMsg(MessageSvc.PbSendMsg)[0m
[0m2023-03-16 22:14:49 V/Net 2629227874: Recv: MessageSvc.PbSendMsg[0m
[0m2023-03-16 22:14:49 V/Net 2629227874: Send: MessageSvc.PbSendMsg(MessageSvc.PbSendMsg)[0m
[0m2023-03-16 22:14:50 V/Net 2629227874: Recv: MessageSvc.PbSendMsg[0m
[0m2023-03-16 22:14:50 V/Net 2629227874: Send: MessageSvc.PbSendMsg(MessageSvc.PbSendMsg)[0m
[0m2023-03-16 22:14:51 V/Net 2629227874: Recv: MessageSvc.PbSendMsg[0m
[0m2023-03-16 22:14:51 V/Net 2629227874: Send: MessageSvc.PbSendMsg(MessageSvc.PbSendMsg)[0m
[0m2023-03-16 22:14:52 V/Net 2629227874: Recv: MessageSvc.PbSendMsg[0m
[0m2023-03-16 22:14:52 V/Net 2629227874: Send: MessageSvc.PbSendMsg(MessageSvc.PbSendMsg)[0m
[0m2023-03-16 22:14:52 V/Net 2629227874: Recv: MessageSvc.PbSendMsg[0m
[0m2023-03-16 22:14:53 V/Net 2629227874: Send: MessageSvc.PbSendMsg(MessageSvc.PbSendMsg)[0m
[0m2023-03-16 22:14:53 V/Net 2629227874: Recv: MessageSvc.PbSendMsg[0m
[0m2023-03-16 22:14:54 V/Net 2629227874: Send: MessageSvc.PbSendMsg(MessageSvc.PbSendMsg)[0m
[0m2023-03-16 22:14:54 V/Net 2629227874: Recv: MessageSvc.PbSendMsg[0m
[0m2023-03-16 22:14:55 V/Net 2629227874: Send: MessageSvc.PbSendMsg(MessageSvc.PbSendMsg)[0m
[0m2023-03-16 22:14:55 V/Net 2629227874: Recv: MessageSvc.PbSendMsg[0m
[0m2023-03-16 22:14:55 V/Net 2629227874: Send: MessageSvc.PbSendMsg(MessageSvc.PbSendMsg)[0m
[0m2023-03-16 22:14:56 V/Net 2629227874: Recv: MessageSvc.PbSendMsg[0m
[0m2023-03-16 22:14:56 V/Net 2629227874: Send: MessageSvc.PbSendMsg(MessageSvc.PbSendMsg)[0m
[0m2023-03-16 22:14:57 V/Net 2629227874: Recv: MessageSvc.PbSendMsg[0m
[0m2023-03-16 22:38:55 V/Net 2629227874: Send: MessageSvc.PbSendMsg(MessageSvc.PbSendMsg)[0m
[0m2023-03-16 22:38:55 V/Net 2629227874: Recv: MessageSvc.PbSendMsg[0m
[0m2023-03-16 22:43:47 V/Net 2629227874: Send: MessageSvc.PbSendMsg(MessageSvc.PbSendMsg)[0m
[0m2023-03-16 22:43:48 V/Net 2629227874: Recv: MessageSvc.PbSendMsg[0m
[0m2023-03-16 22:48:34 V/Net 2629227874: Send: MessageSvc.PbSendMsg(MessageSvc.PbSendMsg)[0m
[0m2023-03-16 22:48:35 V/Net 2629227874: Recv: MessageSvc.PbSendMsg[0m
[0m2023-03-16 23:02:53 V/Net 2629227874: Send: MessageSvc.PbSendMsg(MessageSvc.PbSendMsg)[0m
[0m2023-03-16 23:02:53 V/Net 2629227874: Recv: MessageSvc.PbSendMsg[0m
[0m2023-03-16 23:16:18 V/Net 2629227874: Send: MessageSvc.PbSendMsg(MessageSvc.PbSendMsg)[0m
[0m2023-03-16 23:16:18 V/Net 2629227874: Recv: MessageSvc.PbSendMsg[0m
[0m2023-03-16 23:16:29 V/Net 2629227874: Send: MessageSvc.PbSendMsg(MessageSvc.PbSendMsg)[0m
[0m2023-03-16 23:16:29 V/Net 2629227874: Recv: MessageSvc.PbSendMsg[0m
[0m2023-03-16 23:16:37 V/Net 2629227874: Send: MessageSvc.PbSendMsg(MessageSvc.PbSendMsg)[0m
[0m2023-03-16 23:16:37 V/Net 2629227874: Recv: MessageSvc.PbSendMsg[0m
