[0m2023-03-18 00:01:19 V/: Send: MessageSvc.PbSendMsg(MessageSvc.PbSendMsg)[0m
[0m2023-03-18 00:01:19 V/: Recv: MessageSvc.PbSendMsg[0m
[0m2023-03-18 00:01:23 V/: Send: MessageSvc.PbSendMsg(MessageSvc.PbSendMsg)[0m
[0m2023-03-18 00:01:23 V/: Recv: MessageSvc.PbSendMsg[0m
[0m2023-03-18 00:01:24 V/: Send: MessageSvc.PbSendMsg(MessageSvc.PbSendMsg)[0m
[0m2023-03-18 00:01:24 V/: Recv: MessageSvc.PbSendMsg[0m
[0m2023-03-18 00:01:28 V/: Send: MessageSvc.PbSendMsg(MessageSvc.PbSendMsg)[0m
[0m2023-03-18 00:01:28 V/: Recv: MessageSvc.PbSendMsg[0m
[0m2023-03-18 00:01:30 V/: Send: MessageSvc.PbSendMsg(MessageSvc.PbSendMsg)[0m
[0m2023-03-18 00:01:30 V/: Recv: MessageSvc.PbSendMsg[0m
[0m2023-03-18 00:01:32 V/: Send: MessageSvc.PbSendMsg(MessageSvc.PbSendMsg)[0m
[0m2023-03-18 00:01:33 V/: Recv: MessageSvc.PbSendMsg[0m
[0m2023-03-18 00:01:36 V/: Send: MessageSvc.PbSendMsg(MessageSvc.PbSendMsg)[0m
[0m2023-03-18 00:01:36 V/: Recv: MessageSvc.PbSendMsg[0m
[0m2023-03-18 00:01:40 V/: Send: MessageSvc.PbSendMsg(MessageSvc.PbSendMsg)[0m
[0m2023-03-18 00:01:41 V/: Recv: MessageSvc.PbSendMsg[0m
[0m2023-03-18 00:01:56 V/: Send: MessageSvc.PbSendMsg(MessageSvc.PbSendMsg)[0m
[0m2023-03-18 00:01:56 V/: Recv: MessageSvc.PbSendMsg[0m
[0m2023-03-18 00:02:04 V/: Send: MessageSvc.PbSendMsg(MessageSvc.PbSendMsg)[0m
[0m2023-03-18 00:02:04 V/: Recv: MessageSvc.PbSendMsg[0m
[0m2023-03-18 00:03:20 V/: Send: MessageSvc.PbSendMsg(MessageSvc.PbSendMsg)[0m
[0m2023-03-18 00:03:21 V/: Recv: MessageSvc.PbSendMsg[0m
[0m2023-03-18 00:03:30 V/: Send: MessageSvc.PbSendMsg(MessageSvc.PbSendMsg)[0m
[0m2023-03-18 00:03:30 V/: Recv: MessageSvc.PbSendMsg[0m
[0m2023-03-18 00:03:32 V/: Send: MessageSvc.PbSendMsg(MessageSvc.PbSendMsg)[0m
[0m2023-03-18 00:03:32 V/: Recv: MessageSvc.PbSendMsg[0m
[0m2023-03-18 00:03:50 V/: Send: MessageSvc.PbSendMsg(MessageSvc.PbSendMsg)[0m
[0m2023-03-18 00:03:50 V/: Recv: MessageSvc.PbSendMsg[0m
[0m2023-03-18 00:03:54 V/: Send: MessageSvc.PbSendMsg(MessageSvc.PbSendMsg)[0m
[0m2023-03-18 00:03:54 V/: Recv: MessageSvc.PbSendMsg[0m
[0m2023-03-18 00:04:26 V/: Send: MessageSvc.PbSendMsg(MessageSvc.PbSendMsg)[0m
[0m2023-03-18 00:04:26 V/: Recv: MessageSvc.PbSendMsg[0m
[0m2023-03-18 00:04:35 V/: Send: MessageSvc.PbSendMsg(MessageSvc.PbSendMsg)[0m
[0m2023-03-18 00:04:35 V/: Recv: MessageSvc.PbSendMsg[0m
[0m2023-03-18 00:04:36 V/: Send: MessageSvc.PbSendMsg(MessageSvc.PbSendMsg)[0m
[0m2023-03-18 00:04:36 V/: Recv: MessageSvc.PbSendMsg[0m
[0m2023-03-18 00:04:43 V/: Send: MessageSvc.PbSendMsg(MessageSvc.PbSendMsg)[0m
[0m2023-03-18 00:04:43 V/: Recv: MessageSvc.PbSendMsg[0m
[0m2023-03-18 00:04:45 V/: Send: MessageSvc.PbSendMsg(MessageSvc.PbSendMsg)[0m
[0m2023-03-18 00:04:45 V/: Recv: MessageSvc.PbSendMsg[0m
[0m2023-03-18 00:09:06 V/: Send: MessageSvc.PbSendMsg(MessageSvc.PbSendMsg)[0m
[0m2023-03-18 00:09:06 V/: Recv: MessageSvc.PbSendMsg[0m
[0m2023-03-18 00:09:09 V/: Send: MessageSvc.PbSendMsg(MessageSvc.PbSendMsg)[0m
[0m2023-03-18 00:09:10 V/: Recv: MessageSvc.PbSendMsg[0m
[0m2023-03-18 00:09:12 V/: Send: MessageSvc.PbSendMsg(MessageSvc.PbSendMsg)[0m
[0m2023-03-18 00:09:12 V/: Recv: MessageSvc.PbSendMsg[0m
[0m2023-03-18 00:09:14 V/: Send: MessageSvc.PbSendMsg(MessageSvc.PbSendMsg)[0m
[0m2023-03-18 00:09:14 V/: Recv: MessageSvc.PbSendMsg[0m
[0m2023-03-18 00:09:19 V/: Send: MessageSvc.PbSendMsg(MessageSvc.PbSendMsg)[0m
[0m2023-03-18 00:09:19 V/: Recv: MessageSvc.PbSendMsg[0m
[0m2023-03-18 00:09:20 V/: Send: MessageSvc.PbSendMsg(MessageSvc.PbSendMsg)[0m
[0m2023-03-18 00:09:20 V/: Recv: MessageSvc.PbSendMsg[0m
[0m2023-03-18 00:09:27 V/: Send: MessageSvc.PbSendMsg(MessageSvc.PbSendMsg)[0m
[0m2023-03-18 00:09:27 V/: Recv: MessageSvc.PbSendMsg[0m
[0m2023-03-18 00:09:29 V/: Send: MessageSvc.PbSendMsg(MessageSvc.PbSendMsg)[0m
[0m2023-03-18 00:09:29 V/: Recv: MessageSvc.PbSendMsg[0m
[0m2023-03-18 00:09:40 V/: Send: MessageSvc.PbSendMsg(MessageSvc.PbSendMsg)[0m
[0m2023-03-18 00:09:41 V/: Recv: MessageSvc.PbSendMsg[0m
[0m2023-03-18 00:10:04 V/: Send: MessageSvc.PbSendMsg(MessageSvc.PbSendMsg)[0m
[0m2023-03-18 00:10:05 V/: Recv: MessageSvc.PbSendMsg[0m
[0m2023-03-18 00:10:24 V/: Send: MessageSvc.PbSendMsg(MessageSvc.PbSendMsg)[0m
[0m2023-03-18 00:10:25 V/: Recv: MessageSvc.PbSendMsg[0m
[0m2023-03-18 00:10:41 V/: Send: MessageSvc.PbSendMsg(MessageSvc.PbSendMsg)[0m
[0m2023-03-18 00:10:42 V/: Recv: MessageSvc.PbSendMsg[0m
[0m2023-03-18 00:10:56 V/: Send: MessageSvc.PbSendMsg(MessageSvc.PbSendMsg)[0m
[0m2023-03-18 00:10:56 V/: Recv: MessageSvc.PbSendMsg[0m
[0m2023-03-18 00:11:44 V/: Send: MessageSvc.PbSendMsg(MessageSvc.PbSendMsg)[0m
[0m2023-03-18 00:11:45 V/: Recv: MessageSvc.PbSendMsg[0m
[0m2023-03-18 00:12:05 V/: Send: MessageSvc.PbSendMsg(MessageSvc.PbSendMsg)[0m
[0m2023-03-18 00:12:06 V/: Recv: MessageSvc.PbSendMsg[0m
[0m2023-03-18 00:12:21 V/: Send: MessageSvc.PbSendMsg(MessageSvc.PbSendMsg)[0m
[0m2023-03-18 00:12:21 V/: Recv: MessageSvc.PbSendMsg[0m
[0m2023-03-18 00:12:31 V/: Send: MessageSvc.PbSendMsg(MessageSvc.PbSendMsg)[0m
[0m2023-03-18 00:12:32 V/: Recv: MessageSvc.PbSendMsg[0m
[0m2023-03-18 00:29:04 V/: Send: MessageSvc.PbSendMsg(MessageSvc.PbSendMsg)[0m
[0m2023-03-18 00:29:04 V/: Recv: MessageSvc.PbSendMsg[0m
[0m2023-03-18 00:29:10 V/: Send: MessageSvc.PbSendMsg(MessageSvc.PbSendMsg)[0m
[0m2023-03-18 00:29:10 V/: Recv: MessageSvc.PbSendMsg[0m
[0m2023-03-18 00:29:28 V/: Send: MessageSvc.PbSendMsg(MessageSvc.PbSendMsg)[0m
[0m2023-03-18 00:29:29 V/: Recv: MessageSvc.PbSendMsg[0m
[0m2023-03-18 00:37:58 V/: Send: MessageSvc.PbSendMsg(MessageSvc.PbSendMsg)[0m
[0m2023-03-18 00:37:58 V/: Recv: MessageSvc.PbSendMsg[0m
[0m2023-03-18 00:38:05 V/: Send: MessageSvc.PbSendMsg(MessageSvc.PbSendMsg)[0m
[0m2023-03-18 00:38:05 V/: Recv: MessageSvc.PbSendMsg[0m
[0m2023-03-18 00:41:43 V/: Send: MessageSvc.PbSendMsg(MessageSvc.PbSendMsg)[0m
[0m2023-03-18 00:41:44 V/: Recv: MessageSvc.PbSendMsg[0m
[0m2023-03-18 00:42:02 V/: Send: MessageSvc.PbSendMsg(MessageSvc.PbSendMsg)[0m
[0m2023-03-18 00:42:02 V/: Recv: MessageSvc.PbSendMsg[0m
[0m2023-03-18 00:45:15 V/: Send: MessageSvc.PbSendMsg(MessageSvc.PbSendMsg)[0m
[0m2023-03-18 00:45:16 V/: Recv: MessageSvc.PbSendMsg[0m
[0m2023-03-18 00:45:20 V/: Send: MessageSvc.PbSendMsg(MessageSvc.PbSendMsg)[0m
[0m2023-03-18 00:45:21 V/: Recv: MessageSvc.PbSendMsg[0m
[0m2023-03-18 00:45:25 V/: Send: MessageSvc.PbSendMsg(MessageSvc.PbSendMsg)[0m
[0m2023-03-18 00:45:26 V/: Recv: MessageSvc.PbSendMsg[0m
[0m2023-03-18 00:49:00 V/: Send: MessageSvc.PbSendMsg(MessageSvc.PbSendMsg)[0m
[0m2023-03-18 00:49:00 V/: Recv: MessageSvc.PbSendMsg[0m
[93m2023-03-18 04:38:19 W/: Exception in resumeConnection.
HeartbeatFailedException: 2629227874.StatHeartbeat, recoverable=true, cause=PacketTimeoutException(message=2629227874.StatHeartbeat Scheduler: Timeout receiving action response, cause=null)
	at net.mamoe.mirai.internal.network.handler.CommonNetworkHandler$StateOK$heartbeatJobs$1$1.invoke(CommonNetworkHandler.kt:346)
	at net.mamoe.mirai.internal.network.handler.CommonNetworkHandler$StateOK$heartbeatJobs$1$1.invoke(CommonNetworkHandler.kt:346)
	at net.mamoe.mirai.internal.network.handler.NetworkHandlerSupport.setStateImpl$mirai_core(NetworkHandlerSupport.kt:329)
	at net.mamoe.mirai.internal.network.handler.CommonNetworkHandler$StateOK$heartbeatJobs$1.invoke(CommonNetworkHandler.kt:408)
	at net.mamoe.mirai.internal.network.handler.CommonNetworkHandler$StateOK$heartbeatJobs$1.invoke(CommonNetworkHandler.kt:345)
	at net.mamoe.mirai.internal.network.components.TimeBasedHeartbeatSchedulerImpl$launchHeartbeatJobAsync$1.invokeSuspend(HeartbeatScheduler.kt:131)
	at kotlin.coroutines.jvm.internal.BaseContinuationImpl.resumeWith(ContinuationImpl.kt:33)
	at kotlinx.coroutines.internal.ScopeCoroutine.afterResume(Scopes.kt:33)
	at kotlinx.coroutines.AbstractCoroutine.resumeWith(AbstractCoroutine.kt:102)
	at kotlin.coroutines.jvm.internal.BaseContinuationImpl.resumeWith(ContinuationImpl.kt:46)
	at kotlinx.coroutines.internal.ScopeCoroutine.afterResume(Scopes.kt:33)
	at kotlinx.coroutines.AbstractCoroutine.resumeWith(AbstractCoroutine.kt:102)
	at kotlin.coroutines.jvm.internal.BaseContinuationImpl.resumeWith(ContinuationImpl.kt:46)
	at kotlinx.coroutines.DispatchedTask.run(DispatchedTask.kt:104)
	at kotlinx.coroutines.scheduling.CoroutineScheduler.runSafely(CoroutineScheduler.kt:570)
	at kotlinx.coroutines.scheduling.CoroutineScheduler$Worker.executeTask(CoroutineScheduler.kt:750)
	at kotlinx.coroutines.scheduling.CoroutineScheduler$Worker.runWorker(CoroutineScheduler.kt:677)
	at kotlinx.coroutines.scheduling.CoroutineScheduler$Worker.run(CoroutineScheduler.kt:664)
Caused by: PacketTimeoutException(message=2629227874.StatHeartbeat Scheduler: Timeout receiving action response, cause=null)
	at net.mamoe.mirai.internal.network.components.TimeBasedHeartbeatSchedulerImpl$launchHeartbeatJobAsync$1.invokeSuspend(HeartbeatScheduler.kt:133)
	... 12 more
[0m
[0m2023-03-18 04:38:19 V/: Validated caches.[0m
[0m2023-03-18 04:38:19 V/: Loading server list from cache.[0m
[0m2023-03-18 04:38:19 V/: Server list: 58.212.179.185:14000, 180.109.52.200:80, msfwifi.3g.qq.com:8080, 123.151.54.60:443, 123.151.54.194:80, 183.47.106.104:14000, 114.222.113.185:8080, 183.47.98.25:8080, 42.81.194.38:443, 119.147.190.171:14000.[0m
[92m2023-03-18 04:38:19 I/: ECDH key is valid.[0m
[0m2023-03-18 04:38:19 V/: Send: wtlogin.exchange_emp(10:fast-login)[0m
[0m2023-03-18 04:38:19 V/: Recv: wtlogin.exchange_emp[0m
[0m2023-03-18 04:38:19 V/: Send: StatSvc.register(online)[0m
[92m2023-03-18 04:38:20 I/: Server time updated, serverTime: 1679085499, diff: -1ms=-0.001s[0m
[0m2023-03-18 04:38:20 V/: Recv: StatSvc.register[0m
[92m2023-03-18 04:38:20 I/: Scheduled key refresh in 23h 55min 0.0s.[0m
[92m2023-03-18 04:38:20 I/: Scheduled refresh login session in 19d 23h 55min 0.0s.[0m
[0m2023-03-18 04:38:22 V/: Server list: 42.81.194.79:443, 117.62.242.214:8080, 183.47.117.200:14000, 180.101.246.160:14000, 119.147.190.155:14000, 42.81.194.99:80, msfwifi.3g.qq.com:8080, 123.151.54.197:443, 183.47.99.24:8080, 180.101.246.45:80.[0m
[0m2023-03-18 04:38:22 V/: Saving bdh session to cache[0m
[0m2023-03-18 04:38:22 V/: Saving server list to cache[0m
[0m2023-03-18 04:38:22 V/: Send: ConfigPushSvc.PushResp(ConfigPushSvc.PushResp)[0m
[0m2023-03-18 04:38:22 V/: Recv: ConfigPushSvc.PushReq[0m
[0m2023-03-18 04:38:23 V/: Saving bdh session to cache[0m
[0m2023-03-18 04:38:23 V/: Send: ConfigPushSvc.PushResp(ConfigPushSvc.PushResp)[0m
[0m2023-03-18 04:38:23 V/: Recv: ConfigPushSvc.PushReq[0m
[0m2023-03-18 07:22:19 V/: Send: MessageSvc.PbSendMsg(MessageSvc.PbSendMsg)[0m
[0m2023-03-18 07:22:19 V/: Recv: MessageSvc.PbSendMsg[0m
[0m2023-03-18 07:22:19 V/: Send: MessageSvc.PbSendMsg(MessageSvc.PbSendMsg)[0m
[0m2023-03-18 07:22:19 V/: Recv: MessageSvc.PbSendMsg[0m
[0m2023-03-18 07:22:19 V/: Send: MessageSvc.PbSendMsg(MessageSvc.PbSendMsg)[0m
[0m2023-03-18 07:22:19 V/: Recv: MessageSvc.PbSendMsg[0m
[0m2023-03-18 07:22:31 V/: Send: MessageSvc.PbSendMsg(MessageSvc.PbSendMsg)[0m
[0m2023-03-18 07:22:31 V/: Recv: MessageSvc.PbSendMsg[0m
[0m2023-03-18 08:49:28 V/: Send: MessageSvc.PbSendMsg(MessageSvc.PbSendMsg)[0m
[0m2023-03-18 08:49:28 V/: Recv: MessageSvc.PbSendMsg[0m
[0m2023-03-18 08:49:39 V/: Send: MessageSvc.PbSendMsg(MessageSvc.PbSendMsg)[0m
[0m2023-03-18 08:49:39 V/: Recv: MessageSvc.PbSendMsg[0m
[0m2023-03-18 09:01:46 V/: Send: MessageSvc.PbSendMsg(MessageSvc.PbSendMsg)[0m
[0m2023-03-18 09:01:46 V/: Recv: MessageSvc.PbSendMsg[0m
[0m2023-03-18 09:01:50 V/: Send: MessageSvc.PbSendMsg(MessageSvc.PbSendMsg)[0m
[0m2023-03-18 09:01:51 V/: Recv: MessageSvc.PbSendMsg[0m
[0m2023-03-18 09:02:12 V/: Send: MessageSvc.PbSendMsg(MessageSvc.PbSendMsg)[0m
[0m2023-03-18 09:02:12 V/: Recv: MessageSvc.PbSendMsg[0m
[0m2023-03-18 09:02:26 V/: Send: MessageSvc.PbSendMsg(MessageSvc.PbSendMsg)[0m
[0m2023-03-18 09:02:26 V/: Recv: MessageSvc.PbSendMsg[0m
[0m2023-03-18 09:03:29 V/: Send: MessageSvc.PbSendMsg(MessageSvc.PbSendMsg)[0m
[0m2023-03-18 09:03:30 V/: Recv: MessageSvc.PbSendMsg[0m
[0m2023-03-18 09:03:31 V/: Send: MessageSvc.PbSendMsg(MessageSvc.PbSendMsg)[0m
[0m2023-03-18 09:03:31 V/: Recv: MessageSvc.PbSendMsg[0m
[0m2023-03-18 09:04:26 V/: Send: MessageSvc.PbSendMsg(MessageSvc.PbSendMsg)[0m
[0m2023-03-18 09:04:26 V/: Recv: MessageSvc.PbSendMsg[0m
[0m2023-03-18 09:04:32 V/: Send: MessageSvc.PbSendMsg(MessageSvc.PbSendMsg)[0m
[0m2023-03-18 09:04:32 V/: Recv: MessageSvc.PbSendMsg[0m
[0m2023-03-18 09:26:16 V/: Send: MessageSvc.PbSendMsg(MessageSvc.PbSendMsg)[0m
[0m2023-03-18 09:26:16 V/: Recv: MessageSvc.PbSendMsg[0m
[0m2023-03-18 09:26:45 V/: Send: MessageSvc.PbSendMsg(MessageSvc.PbSendMsg)[0m
[0m2023-03-18 09:26:45 V/: Recv: MessageSvc.PbSendMsg[0m
[0m2023-03-18 09:27:58 V/: Send: MessageSvc.PbSendMsg(MessageSvc.PbSendMsg)[0m
[0m2023-03-18 09:27:58 V/: Recv: MessageSvc.PbSendMsg[0m
[0m2023-03-18 09:28:12 V/: Send: MessageSvc.PbSendMsg(MessageSvc.PbSendMsg)[0m
[0m2023-03-18 09:28:12 V/: Recv: MessageSvc.PbSendMsg[0m
[0m2023-03-18 09:28:19 V/: Send: MessageSvc.PbSendMsg(MessageSvc.PbSendMsg)[0m
[0m2023-03-18 09:28:19 V/: Recv: MessageSvc.PbSendMsg[0m
[0m2023-03-18 09:28:29 V/: Send: MessageSvc.PbSendMsg(MessageSvc.PbSendMsg)[0m
[0m2023-03-18 09:28:29 V/: Recv: MessageSvc.PbSendMsg[0m
[0m2023-03-18 09:30:26 V/: Send: MessageSvc.PbSendMsg(MessageSvc.PbSendMsg)[0m
[0m2023-03-18 09:30:26 V/: Recv: MessageSvc.PbSendMsg[0m
[0m2023-03-18 09:30:36 V/: Send: MessageSvc.PbSendMsg(MessageSvc.PbSendMsg)[0m
[0m2023-03-18 09:30:36 V/: Recv: MessageSvc.PbSendMsg[0m
[0m2023-03-18 09:35:24 V/: Send: MessageSvc.PbSendMsg(MessageSvc.PbSendMsg)[0m
[0m2023-03-18 09:35:24 V/: Recv: MessageSvc.PbSendMsg[0m
[0m2023-03-18 09:52:14 V/: Send: MessageSvc.PbSendMsg(MessageSvc.PbSendMsg)[0m
[0m2023-03-18 09:52:14 V/: Recv: MessageSvc.PbSendMsg[0m
[0m2023-03-18 09:52:18 V/: Send: ImgStore.GroupPicUp(ImgStore.GroupPicUp)[0m
[0m2023-03-18 09:52:18 V/: Recv: ImgStore.GroupPicUp[0m
[0m2023-03-18 09:52:18 V/: Send: MessageSvc.PbSendMsg(MessageSvc.PbSendMsg)[0m
[0m2023-03-18 09:52:19 V/: Recv: MessageSvc.PbSendMsg[0m
[0m2023-03-18 09:54:01 V/: Send: MessageSvc.PbSendMsg(MessageSvc.PbSendMsg)[0m
[0m2023-03-18 09:54:01 V/: Recv: MessageSvc.PbSendMsg[0m
[0m2023-03-18 09:54:03 V/: Send: MessageSvc.PbSendMsg(MessageSvc.PbSendMsg)[0m
[0m2023-03-18 09:54:03 V/: Recv: MessageSvc.PbSendMsg[0m
[0m2023-03-18 09:54:16 V/: Send: MessageSvc.PbSendMsg(MessageSvc.PbSendMsg)[0m
[0m2023-03-18 09:54:16 V/: Recv: MessageSvc.PbSendMsg[0m
[0m2023-03-18 09:54:17 V/: Send: MessageSvc.PbSendMsg(MessageSvc.PbSendMsg)[0m
[0m2023-03-18 09:54:17 V/: Recv: MessageSvc.PbSendMsg[0m
[0m2023-03-18 09:54:32 V/: Send: MessageSvc.PbSendMsg(MessageSvc.PbSendMsg)[0m
[0m2023-03-18 09:54:32 V/: Recv: MessageSvc.PbSendMsg[0m
[0m2023-03-18 09:54:34 V/: Send: MessageSvc.PbSendMsg(MessageSvc.PbSendMsg)[0m
[0m2023-03-18 09:54:34 V/: Recv: MessageSvc.PbSendMsg[0m
[0m2023-03-18 10:02:32 V/: Send: MessageSvc.PbSendMsg(MessageSvc.PbSendMsg)[0m
[0m2023-03-18 10:02:32 V/: Recv: MessageSvc.PbSendMsg[0m
[0m2023-03-18 10:02:33 V/: Send: MessageSvc.PbSendMsg(MessageSvc.PbSendMsg)[0m
[0m2023-03-18 10:02:33 V/: Recv: MessageSvc.PbSendMsg[0m
[0m2023-03-18 10:43:41 V/: Send: MessageSvc.PbSendMsg(MessageSvc.PbSendMsg)[0m
[0m2023-03-18 10:43:41 V/: Recv: MessageSvc.PbSendMsg[0m
[0m2023-03-18 10:50:39 V/: Send: MessageSvc.PbSendMsg(MessageSvc.PbSendMsg)[0m
[0m2023-03-18 10:50:39 V/: Recv: MessageSvc.PbSendMsg[0m
[0m2023-03-18 10:50:46 V/: Send: MessageSvc.PbSendMsg(MessageSvc.PbSendMsg)[0m
[0m2023-03-18 10:50:46 V/: Recv: MessageSvc.PbSendMsg[0m
[0m2023-03-18 10:50:53 V/: Send: MessageSvc.PbSendMsg(MessageSvc.PbSendMsg)[0m
[0m2023-03-18 10:50:53 V/: Recv: MessageSvc.PbSendMsg[0m
[0m2023-03-18 10:58:42 V/: Send: MessageSvc.PbSendMsg(MessageSvc.PbSendMsg)[0m
[0m2023-03-18 10:58:42 V/: Recv: MessageSvc.PbSendMsg[0m
[0m2023-03-18 10:58:42 V/: Send: MessageSvc.PbSendMsg(MessageSvc.PbSendMsg)[0m
[0m2023-03-18 10:58:43 V/: Recv: MessageSvc.PbSendMsg[0m
[0m2023-03-18 10:58:43 V/: Send: MessageSvc.PbSendMsg(MessageSvc.PbSendMsg)[0m
[0m2023-03-18 10:58:43 V/: Recv: MessageSvc.PbSendMsg[0m
[0m2023-03-18 10:58:58 V/: Send: MessageSvc.PbSendMsg(MessageSvc.PbSendMsg)[0m
[0m2023-03-18 10:58:59 V/: Recv: MessageSvc.PbSendMsg[0m
[0m2023-03-18 11:07:22 V/: Send: MessageSvc.PbSendMsg(MessageSvc.PbSendMsg)[0m
[0m2023-03-18 11:07:23 V/: Recv: MessageSvc.PbSendMsg[0m
[0m2023-03-18 11:11:09 V/: Send: MessageSvc.PbSendMsg(MessageSvc.PbSendMsg)[0m
[0m2023-03-18 11:11:10 V/: Recv: MessageSvc.PbSendMsg[0m
[0m2023-03-18 13:50:25 V/: Send: MessageSvc.PbSendMsg(MessageSvc.PbSendMsg)[0m
[0m2023-03-18 13:50:25 V/: Recv: MessageSvc.PbSendMsg[0m
[0m2023-03-18 13:50:28 V/: Send: MessageSvc.PbSendMsg(MessageSvc.PbSendMsg)[0m
[0m2023-03-18 13:50:28 V/: Recv: MessageSvc.PbSendMsg[0m
[0m2023-03-18 13:50:47 V/: Send: MessageSvc.PbSendMsg(MessageSvc.PbSendMsg)[0m
[0m2023-03-18 13:50:47 V/: Recv: MessageSvc.PbSendMsg[0m
[0m2023-03-18 14:02:30 V/: Send: MessageSvc.PbSendMsg(MessageSvc.PbSendMsg)[0m
[0m2023-03-18 14:02:31 V/: Recv: MessageSvc.PbSendMsg[0m
[0m2023-03-18 14:02:44 V/: Send: MessageSvc.PbSendMsg(MessageSvc.PbSendMsg)[0m
[0m2023-03-18 14:02:44 V/: Recv: MessageSvc.PbSendMsg[0m
[0m2023-03-18 14:12:51 V/: Send: MessageSvc.PbSendMsg(MessageSvc.PbSendMsg)[0m
[0m2023-03-18 14:12:51 V/: Recv: MessageSvc.PbSendMsg[0m
[0m2023-03-18 14:18:29 V/: Send: MessageSvc.PbSendMsg(MessageSvc.PbSendMsg)[0m
[0m2023-03-18 14:18:29 V/: Recv: MessageSvc.PbSendMsg[0m
[0m2023-03-18 14:18:34 V/: Send: MessageSvc.PbSendMsg(MessageSvc.PbSendMsg)[0m
[0m2023-03-18 14:18:34 V/: Recv: MessageSvc.PbSendMsg[0m
[0m2023-03-18 15:04:02 V/: Send: MessageSvc.PbSendMsg(MessageSvc.PbSendMsg)[0m
[0m2023-03-18 15:04:02 V/: Recv: MessageSvc.PbSendMsg[0m
[0m2023-03-18 15:04:10 V/: Send: MessageSvc.PbSendMsg(MessageSvc.PbSendMsg)[0m
[0m2023-03-18 15:04:10 V/: Recv: MessageSvc.PbSendMsg[0m
[0m2023-03-18 15:13:12 V/: Send: MessageSvc.PbSendMsg(MessageSvc.PbSendMsg)[0m
[0m2023-03-18 15:13:12 V/: Recv: MessageSvc.PbSendMsg[0m
[0m2023-03-18 15:13:17 V/: Send: MessageSvc.PbSendMsg(MessageSvc.PbSendMsg)[0m
[0m2023-03-18 15:13:18 V/: Recv: MessageSvc.PbSendMsg[0m
[0m2023-03-18 15:18:37 V/: Send: MessageSvc.PbSendMsg(MessageSvc.PbSendMsg)[0m
[0m2023-03-18 15:18:37 V/: Recv: MessageSvc.PbSendMsg[0m
[0m2023-03-18 15:18:45 V/: Send: MessageSvc.PbSendMsg(MessageSvc.PbSendMsg)[0m
[0m2023-03-18 15:18:45 V/: Recv: MessageSvc.PbSendMsg[0m
[0m2023-03-18 15:18:54 V/: Send: MessageSvc.PbSendMsg(MessageSvc.PbSendMsg)[0m
[0m2023-03-18 15:18:55 V/: Recv: MessageSvc.PbSendMsg[0m
[0m2023-03-18 15:34:57 V/: Send: MessageSvc.PbSendMsg(MessageSvc.PbSendMsg)[0m
[0m2023-03-18 15:34:58 V/: Recv: MessageSvc.PbSendMsg[0m
[0m2023-03-18 15:54:40 V/: Send: MessageSvc.PbSendMsg(MessageSvc.PbSendMsg)[0m
[0m2023-03-18 15:54:41 V/: Recv: MessageSvc.PbSendMsg[0m
[0m2023-03-18 15:59:38 V/: Send: MessageSvc.PbSendMsg(MessageSvc.PbSendMsg)[0m
[0m2023-03-18 15:59:38 V/: Recv: MessageSvc.PbSendMsg[0m
[0m2023-03-18 16:02:49 V/: Send: MessageSvc.PbSendMsg(MessageSvc.PbSendMsg)[0m
[0m2023-03-18 16:02:49 V/: Recv: MessageSvc.PbSendMsg[0m
[0m2023-03-18 16:26:36 V/: Send: MessageSvc.PbSendMsg(MessageSvc.PbSendMsg)[0m
[0m2023-03-18 16:26:36 V/: Recv: MessageSvc.PbSendMsg[0m
[0m2023-03-18 16:40:19 V/: Send: MessageSvc.PbSendMsg(MessageSvc.PbSendMsg)[0m
[0m2023-03-18 16:40:19 V/: Recv: MessageSvc.PbSendMsg[0m
[0m2023-03-18 16:40:33 V/: Send: MessageSvc.PbSendMsg(MessageSvc.PbSendMsg)[0m
[0m2023-03-18 16:40:33 V/: Recv: MessageSvc.PbSendMsg[0m
[0m2023-03-18 16:56:52 V/: Send: MessageSvc.PbSendMsg(MessageSvc.PbSendMsg)[0m
[0m2023-03-18 16:56:52 V/: Recv: MessageSvc.PbSendMsg[0m
[0m2023-03-18 16:57:06 V/: Send: MessageSvc.PbSendMsg(MessageSvc.PbSendMsg)[0m
[0m2023-03-18 16:57:06 V/: Recv: MessageSvc.PbSendMsg[0m
[0m2023-03-18 16:57:12 V/: Send: MessageSvc.PbSendMsg(MessageSvc.PbSendMsg)[0m
[0m2023-03-18 16:57:12 V/: Recv: MessageSvc.PbSendMsg[0m
[0m2023-03-18 16:57:14 V/: Send: MessageSvc.PbSendMsg(MessageSvc.PbSendMsg)[0m
[0m2023-03-18 16:57:14 V/: Recv: MessageSvc.PbSendMsg[0m
[0m2023-03-18 16:57:16 V/: Send: MessageSvc.PbSendMsg(MessageSvc.PbSendMsg)[0m
[0m2023-03-18 16:57:16 V/: Recv: MessageSvc.PbSendMsg[0m
[0m2023-03-18 16:57:20 V/: Send: MessageSvc.PbSendMsg(MessageSvc.PbSendMsg)[0m
[0m2023-03-18 16:57:20 V/: Recv: MessageSvc.PbSendMsg[0m
[0m2023-03-18 16:57:22 V/: Send: MessageSvc.PbSendMsg(MessageSvc.PbSendMsg)[0m
[0m2023-03-18 16:57:23 V/: Recv: MessageSvc.PbSendMsg[0m
[0m2023-03-18 16:57:28 V/: Send: MessageSvc.PbSendMsg(MessageSvc.PbSendMsg)[0m
[0m2023-03-18 16:57:28 V/: Recv: MessageSvc.PbSendMsg[0m
[0m2023-03-18 16:59:20 V/: Send: MessageSvc.PbSendMsg(MessageSvc.PbSendMsg)[0m
[0m2023-03-18 16:59:20 V/: Recv: MessageSvc.PbSendMsg[0m
[0m2023-03-18 16:59:28 V/: Send: MessageSvc.PbSendMsg(MessageSvc.PbSendMsg)[0m
[0m2023-03-18 16:59:28 V/: Recv: MessageSvc.PbSendMsg[0m
[0m2023-03-18 16:59:30 V/: Send: MessageSvc.PbSendMsg(MessageSvc.PbSendMsg)[0m
[0m2023-03-18 16:59:30 V/: Recv: MessageSvc.PbSendMsg[0m
[0m2023-03-18 16:59:57 V/: Send: MessageSvc.PbSendMsg(MessageSvc.PbSendMsg)[0m
[0m2023-03-18 16:59:57 V/: Recv: MessageSvc.PbSendMsg[0m
[0m2023-03-18 17:00:01 V/: Send: MessageSvc.PbSendMsg(MessageSvc.PbSendMsg)[0m
[0m2023-03-18 17:00:01 V/: Recv: MessageSvc.PbSendMsg[0m
[0m2023-03-18 17:20:10 V/: Send: MessageSvc.PbSendMsg(MessageSvc.PbSendMsg)[0m
[0m2023-03-18 17:20:10 V/: Recv: MessageSvc.PbSendMsg[0m
[0m2023-03-18 17:20:24 V/: Send: MessageSvc.PbSendMsg(MessageSvc.PbSendMsg)[0m
[0m2023-03-18 17:20:24 V/: Recv: MessageSvc.PbSendMsg[0m
[0m2023-03-18 17:22:19 V/: Send: MessageSvc.PbSendMsg(MessageSvc.PbSendMsg)[0m
[0m2023-03-18 17:22:20 V/: Recv: MessageSvc.PbSendMsg[0m
[0m2023-03-18 17:22:48 V/: Send: MessageSvc.PbSendMsg(MessageSvc.PbSendMsg)[0m
[0m2023-03-18 17:22:48 V/: Recv: MessageSvc.PbSendMsg[0m
[0m2023-03-18 17:22:52 V/: Send: MessageSvc.PbSendMsg(MessageSvc.PbSendMsg)[0m
[0m2023-03-18 17:22:52 V/: Recv: MessageSvc.PbSendMsg[0m
[0m2023-03-18 17:23:06 V/: Send: MessageSvc.PbSendMsg(MessageSvc.PbSendMsg)[0m
[0m2023-03-18 17:23:06 V/: Recv: MessageSvc.PbSendMsg[0m
[0m2023-03-18 17:39:05 V/: Send: MessageSvc.PbSendMsg(MessageSvc.PbSendMsg)[0m
[0m2023-03-18 17:39:05 V/: Recv: MessageSvc.PbSendMsg[0m
[0m2023-03-18 17:47:56 V/: Recv: OnlinePush.PbPushTransMsg[0m
[0m2023-03-18 17:52:12 V/: Send: MessageSvc.PbSendMsg(MessageSvc.PbSendMsg)[0m
[0m2023-03-18 17:52:12 V/: Recv: MessageSvc.PbSendMsg[0m
[0m2023-03-18 17:53:56 V/: Send: MessageSvc.PbSendMsg(MessageSvc.PbSendMsg)[0m
[0m2023-03-18 17:53:56 V/: Recv: MessageSvc.PbSendMsg[0m
[0m2023-03-18 17:55:26 V/: Send: MessageSvc.PbSendMsg(MessageSvc.PbSendMsg)[0m
[0m2023-03-18 17:55:26 V/: Recv: MessageSvc.PbSendMsg[0m
[0m2023-03-18 18:01:03 V/: Send: MessageSvc.PbSendMsg(MessageSvc.PbSendMsg)[0m
[0m2023-03-18 18:01:03 V/: Recv: MessageSvc.PbSendMsg[0m
[0m2023-03-18 18:04:06 V/: Send: MessageSvc.PbSendMsg(MessageSvc.PbSendMsg)[0m
[0m2023-03-18 18:04:07 V/: Recv: MessageSvc.PbSendMsg[0m
[0m2023-03-18 18:06:50 V/: Send: MessageSvc.PbSendMsg(MessageSvc.PbSendMsg)[0m
[0m2023-03-18 18:06:50 V/: Recv: MessageSvc.PbSendMsg[0m
[0m2023-03-18 18:11:53 V/: Send: MessageSvc.PbSendMsg(MessageSvc.PbSendMsg)[0m
[0m2023-03-18 18:11:53 V/: Recv: MessageSvc.PbSendMsg[0m
[0m2023-03-18 18:19:58 V/: Send: MessageSvc.PbSendMsg(MessageSvc.PbSendMsg)[0m
[0m2023-03-18 18:19:58 V/: Recv: MessageSvc.PbSendMsg[0m
[0m2023-03-18 18:21:42 V/: Send: MessageSvc.PbSendMsg(MessageSvc.PbSendMsg)[0m
[0m2023-03-18 18:21:43 V/: Recv: MessageSvc.PbSendMsg[0m
[0m2023-03-18 18:39:14 V/: Send: MessageSvc.PbSendMsg(MessageSvc.PbSendMsg)[0m
[0m2023-03-18 18:39:14 V/: Recv: MessageSvc.PbSendMsg[0m
[0m2023-03-18 18:44:29 V/: Send: MessageSvc.PbSendMsg(MessageSvc.PbSendMsg)[0m
[0m2023-03-18 18:44:29 V/: Recv: MessageSvc.PbSendMsg[0m
[0m2023-03-18 18:46:51 V/: Send: MessageSvc.PbSendMsg(MessageSvc.PbSendMsg)[0m
[0m2023-03-18 18:46:51 V/: Recv: MessageSvc.PbSendMsg[0m
[0m2023-03-18 18:50:15 V/: Send: MessageSvc.PbSendMsg(MessageSvc.PbSendMsg)[0m
[0m2023-03-18 18:50:15 V/: Recv: MessageSvc.PbSendMsg[0m
[0m2023-03-18 18:50:16 V/: Send: MessageSvc.PbSendMsg(MessageSvc.PbSendMsg)[0m
[0m2023-03-18 18:50:16 V/: Recv: MessageSvc.PbSendMsg[0m
[0m2023-03-18 18:50:17 V/: Send: MessageSvc.PbSendMsg(MessageSvc.PbSendMsg)[0m
[0m2023-03-18 18:50:17 V/: Recv: MessageSvc.PbSendMsg[0m
[0m2023-03-18 18:50:19 V/: Send: MessageSvc.PbSendMsg(MessageSvc.PbSendMsg)[0m
[0m2023-03-18 18:50:19 V/: Recv: MessageSvc.PbSendMsg[0m
[0m2023-03-18 18:50:24 V/: Send: MessageSvc.PbSendMsg(MessageSvc.PbSendMsg)[0m
[0m2023-03-18 18:50:24 V/: Recv: MessageSvc.PbSendMsg[0m
[0m2023-03-18 18:50:28 V/: Send: MessageSvc.PbSendMsg(MessageSvc.PbSendMsg)[0m
[0m2023-03-18 18:50:29 V/: Recv: MessageSvc.PbSendMsg[0m
[0m2023-03-18 18:52:35 V/: Send: MessageSvc.PbSendMsg(MessageSvc.PbSendMsg)[0m
[0m2023-03-18 18:52:35 V/: Recv: MessageSvc.PbSendMsg[0m
[0m2023-03-18 18:54:25 V/: Send: MessageSvc.PbSendMsg(MessageSvc.PbSendMsg)[0m
[0m2023-03-18 18:54:25 V/: Recv: MessageSvc.PbSendMsg[0m
[0m2023-03-18 18:58:57 V/: Send: MessageSvc.PbSendMsg(MessageSvc.PbSendMsg)[0m
[0m2023-03-18 18:58:57 V/: Recv: MessageSvc.PbSendMsg[0m
[0m2023-03-18 19:00:18 V/: Send: MessageSvc.PbSendMsg(MessageSvc.PbSendMsg)[0m
[0m2023-03-18 19:00:19 V/: Recv: MessageSvc.PbSendMsg[0m
[0m2023-03-18 19:02:43 V/: Send: MessageSvc.PbSendMsg(MessageSvc.PbSendMsg)[0m
[0m2023-03-18 19:02:43 V/: Recv: MessageSvc.PbSendMsg[0m
[0m2023-03-18 19:06:56 V/: Send: ProfileService.Pb.ReqSystemMsgNew.Friend(ProfileService.Pb.ReqSystemMsgNew.Friend)[0m
[0m2023-03-18 19:06:56 V/: Recv: ProfileService.Pb.ReqSystemMsgNew.Friend[0m
[0m2023-03-18 19:06:56 V/: Send: ProfileService.Pb.ReqSystemMsgAction.Friend(ProfileService.Pb.ReqSystemMsgAction.Friend)[0m
[0m2023-03-18 19:07:05 V/: Send: MessageSvc.PbSendMsg(MessageSvc.PbSendMsg)[0m
[0m2023-03-18 19:07:05 V/: Recv: MessageSvc.PbSendMsg[0m
[0m2023-03-18 19:11:28 V/: Send: MultiMsg.ApplyDown(MultiMsg.ApplyDown)[0m
[0m2023-03-18 19:11:28 V/: Recv: MultiMsg.ApplyDown[0m
[0m2023-03-18 19:11:28 V/: [Http] Downloading forward message from https://ssl.htdata.qq.com:443[0m
[0m2023-03-18 19:11:29 V/: [Http] Downloading forward message: succeed[0m
[0m2023-03-18 19:12:08 V/: Send: MessageSvc.PbSendMsg(MessageSvc.PbSendMsg)[0m
[0m2023-03-18 19:12:08 V/: Recv: MessageSvc.PbSendMsg[0m
[0m2023-03-18 19:12:20 V/: Send: MessageSvc.PbSendMsg(MessageSvc.PbSendMsg)[0m
[0m2023-03-18 19:12:20 V/: Recv: MessageSvc.PbSendMsg[0m
[0m2023-03-18 19:12:29 V/: Send: MessageSvc.PbSendMsg(MessageSvc.PbSendMsg)[0m
[0m2023-03-18 19:12:29 V/: Recv: MessageSvc.PbSendMsg[0m
[0m2023-03-18 19:16:03 V/: Send: MessageSvc.PbSendMsg(MessageSvc.PbSendMsg)[0m
[0m2023-03-18 19:16:03 V/: Recv: MessageSvc.PbSendMsg[0m
[0m2023-03-18 19:22:30 V/: Send: MessageSvc.PbSendMsg(MessageSvc.PbSendMsg)[0m
[0m2023-03-18 19:22:30 V/: Recv: MessageSvc.PbSendMsg[0m
[0m2023-03-18 19:30:03 V/: Send: MessageSvc.PbSendMsg(MessageSvc.PbSendMsg)[0m
[0m2023-03-18 19:30:03 V/: Recv: MessageSvc.PbSendMsg[0m
[0m2023-03-18 19:41:53 V/: Send: MessageSvc.PbSendMsg(MessageSvc.PbSendMsg)[0m
[0m2023-03-18 19:41:53 V/: Recv: MessageSvc.PbSendMsg[0m
[0m2023-03-18 19:42:01 V/: Send: MessageSvc.PbSendMsg(MessageSvc.PbSendMsg)[0m
[0m2023-03-18 19:42:01 V/: Recv: MessageSvc.PbSendMsg[0m
[0m2023-03-18 19:42:13 V/: Send: MessageSvc.PbSendMsg(MessageSvc.PbSendMsg)[0m
[0m2023-03-18 19:42:13 V/: Recv: MessageSvc.PbSendMsg[0m
[0m2023-03-18 19:46:54 V/: Send: MessageSvc.PbSendMsg(MessageSvc.PbSendMsg)[0m
[0m2023-03-18 19:46:55 V/: Recv: MessageSvc.PbSendMsg[0m
[0m2023-03-18 19:52:08 V/: Send: MessageSvc.PbSendMsg(MessageSvc.PbSendMsg)[0m
[0m2023-03-18 19:52:08 V/: Recv: MessageSvc.PbSendMsg[0m
[0m2023-03-18 20:03:21 V/: Send: MessageSvc.PbSendMsg(MessageSvc.PbSendMsg)[0m
[0m2023-03-18 20:03:21 V/: Recv: MessageSvc.PbSendMsg[0m
[0m2023-03-18 20:03:23 V/: Send: MessageSvc.PbSendMsg(MessageSvc.PbSendMsg)[0m
[0m2023-03-18 20:03:23 V/: Recv: MessageSvc.PbSendMsg[0m
[0m2023-03-18 20:03:30 V/: Send: MessageSvc.PbSendMsg(MessageSvc.PbSendMsg)[0m
[0m2023-03-18 20:03:30 V/: Recv: MessageSvc.PbSendMsg[0m
[0m2023-03-18 20:03:38 V/: Send: MessageSvc.PbSendMsg(MessageSvc.PbSendMsg)[0m
[0m2023-03-18 20:03:38 V/: Recv: MessageSvc.PbSendMsg[0m
[0m2023-03-18 20:03:39 V/: Send: MessageSvc.PbSendMsg(MessageSvc.PbSendMsg)[0m
[0m2023-03-18 20:03:39 V/: Recv: MessageSvc.PbSendMsg[0m
[0m2023-03-18 20:03:47 V/: Send: MessageSvc.PbSendMsg(MessageSvc.PbSendMsg)[0m
[0m2023-03-18 20:03:47 V/: Recv: MessageSvc.PbSendMsg[0m
[0m2023-03-18 20:04:31 V/: Send: MessageSvc.PbSendMsg(MessageSvc.PbSendMsg)[0m
[0m2023-03-18 20:04:31 V/: Recv: MessageSvc.PbSendMsg[0m
[0m2023-03-18 20:06:37 V/: Send: MessageSvc.PbSendMsg(MessageSvc.PbSendMsg)[0m
[0m2023-03-18 20:06:37 V/: Recv: MessageSvc.PbSendMsg[0m
[0m2023-03-18 20:06:56 V/: Send: MessageSvc.PbSendMsg(MessageSvc.PbSendMsg)[0m
[0m2023-03-18 20:06:56 V/: Recv: MessageSvc.PbSendMsg[0m
[0m2023-03-18 20:06:59 V/: Send: MessageSvc.PbSendMsg(MessageSvc.PbSendMsg)[0m
[0m2023-03-18 20:07:00 V/: Recv: MessageSvc.PbSendMsg[0m
[0m2023-03-18 20:07:01 V/: Send: MessageSvc.PbSendMsg(MessageSvc.PbSendMsg)[0m
[0m2023-03-18 20:07:01 V/: Recv: MessageSvc.PbSendMsg[0m
[0m2023-03-18 20:07:02 V/: Send: MessageSvc.PbSendMsg(MessageSvc.PbSendMsg)[0m
[0m2023-03-18 20:07:02 V/: Recv: MessageSvc.PbSendMsg[0m
[0m2023-03-18 20:07:04 V/: Send: MessageSvc.PbSendMsg(MessageSvc.PbSendMsg)[0m
[0m2023-03-18 20:07:04 V/: Recv: MessageSvc.PbSendMsg[0m
[0m2023-03-18 20:07:10 V/: Send: MessageSvc.PbSendMsg(MessageSvc.PbSendMsg)[0m
[0m2023-03-18 20:07:11 V/: Recv: MessageSvc.PbSendMsg[0m
[0m2023-03-18 20:07:19 V/: Send: MessageSvc.PbSendMsg(MessageSvc.PbSendMsg)[0m
[0m2023-03-18 20:07:20 V/: Recv: MessageSvc.PbSendMsg[0m
[0m2023-03-18 20:08:54 V/: Send: MessageSvc.PbSendMsg(MessageSvc.PbSendMsg)[0m
[0m2023-03-18 20:08:54 V/: Recv: MessageSvc.PbSendMsg[0m
[0m2023-03-18 20:09:01 V/: Send: MessageSvc.PbSendMsg(MessageSvc.PbSendMsg)[0m
[0m2023-03-18 20:09:01 V/: Recv: MessageSvc.PbSendMsg[0m
[0m2023-03-18 20:09:47 V/: Send: MessageSvc.PbSendMsg(MessageSvc.PbSendMsg)[0m
[0m2023-03-18 20:09:47 V/: Recv: MessageSvc.PbSendMsg[0m
[0m2023-03-18 20:09:55 V/: Send: MessageSvc.PbSendMsg(MessageSvc.PbSendMsg)[0m
[0m2023-03-18 20:09:55 V/: Recv: MessageSvc.PbSendMsg[0m
[0m2023-03-18 20:10:01 V/: Send: MessageSvc.PbSendMsg(MessageSvc.PbSendMsg)[0m
[0m2023-03-18 20:10:02 V/: Recv: MessageSvc.PbSendMsg[0m
[0m2023-03-18 20:10:38 V/: Send: MessageSvc.PbSendMsg(MessageSvc.PbSendMsg)[0m
[0m2023-03-18 20:10:38 V/: Recv: MessageSvc.PbSendMsg[0m
[0m2023-03-18 20:10:47 V/: Send: MessageSvc.PbSendMsg(MessageSvc.PbSendMsg)[0m
[0m2023-03-18 20:10:47 V/: Recv: MessageSvc.PbSendMsg[0m
[0m2023-03-18 20:29:49 V/: Send: MessageSvc.PbSendMsg(MessageSvc.PbSendMsg)[0m
[0m2023-03-18 20:29:49 V/: Recv: MessageSvc.PbSendMsg[0m
[0m2023-03-18 20:37:34 V/: Send: MessageSvc.PbSendMsg(MessageSvc.PbSendMsg)[0m
[0m2023-03-18 20:37:34 V/: Recv: MessageSvc.PbSendMsg[0m
[0m2023-03-18 20:37:39 V/: Send: MessageSvc.PbSendMsg(MessageSvc.PbSendMsg)[0m
[0m2023-03-18 20:37:40 V/: Recv: MessageSvc.PbSendMsg[0m
[0m2023-03-18 20:37:41 V/: Send: MessageSvc.PbSendMsg(MessageSvc.PbSendMsg)[0m
[0m2023-03-18 20:37:42 V/: Recv: MessageSvc.PbSendMsg[0m
[0m2023-03-18 20:37:45 V/: Send: MessageSvc.PbSendMsg(MessageSvc.PbSendMsg)[0m
[0m2023-03-18 20:37:45 V/: Recv: MessageSvc.PbSendMsg[0m
[0m2023-03-18 20:37:50 V/: Send: MessageSvc.PbSendMsg(MessageSvc.PbSendMsg)[0m
[0m2023-03-18 20:37:50 V/: Recv: MessageSvc.PbSendMsg[0m
[0m2023-03-18 20:37:56 V/: Send: MessageSvc.PbSendMsg(MessageSvc.PbSendMsg)[0m
[0m2023-03-18 20:37:56 V/: Recv: MessageSvc.PbSendMsg[0m
[0m2023-03-18 20:42:45 V/: Send: MessageSvc.PbSendMsg(MessageSvc.PbSendMsg)[0m
[0m2023-03-18 20:42:45 V/: Recv: MessageSvc.PbSendMsg[0m
[0m2023-03-18 20:42:56 V/: Send: MessageSvc.PbSendMsg(MessageSvc.PbSendMsg)[0m
[0m2023-03-18 20:42:56 V/: Recv: MessageSvc.PbSendMsg[0m
[0m2023-03-18 20:55:58 V/: Send: MessageSvc.PbSendMsg(MessageSvc.PbSendMsg)[0m
[0m2023-03-18 20:55:59 V/: Recv: MessageSvc.PbSendMsg[0m
[0m2023-03-18 20:56:07 V/: Send: MessageSvc.PbSendMsg(MessageSvc.PbSendMsg)[0m
[0m2023-03-18 20:56:07 V/: Recv: MessageSvc.PbSendMsg[0m
[0m2023-03-18 20:56:12 V/: Send: MessageSvc.PbSendMsg(MessageSvc.PbSendMsg)[0m
[0m2023-03-18 20:56:12 V/: Recv: MessageSvc.PbSendMsg[0m
[0m2023-03-18 20:57:39 V/: Send: MessageSvc.PbSendMsg(MessageSvc.PbSendMsg)[0m
[0m2023-03-18 20:57:39 V/: Recv: MessageSvc.PbSendMsg[0m
[0m2023-03-18 20:59:58 V/: Send: MessageSvc.PbSendMsg(MessageSvc.PbSendMsg)[0m
[0m2023-03-18 20:59:58 V/: Recv: MessageSvc.PbSendMsg[0m
[0m2023-03-18 21:00:03 V/: Send: MessageSvc.PbSendMsg(MessageSvc.PbSendMsg)[0m
[0m2023-03-18 21:00:04 V/: Recv: MessageSvc.PbSendMsg[0m
[0m2023-03-18 21:00:05 V/: Send: MessageSvc.PbSendMsg(MessageSvc.PbSendMsg)[0m
[0m2023-03-18 21:00:05 V/: Recv: MessageSvc.PbSendMsg[0m
[0m2023-03-18 21:02:57 V/: Send: MessageSvc.PbSendMsg(MessageSvc.PbSendMsg)[0m
[0m2023-03-18 21:02:57 V/: Recv: MessageSvc.PbSendMsg[0m
[0m2023-03-18 21:03:59 V/: Send: MessageSvc.PbSendMsg(MessageSvc.PbSendMsg)[0m
[0m2023-03-18 21:03:59 V/: Recv: MessageSvc.PbSendMsg[0m
[0m2023-03-18 21:04:37 V/: Send: MessageSvc.PbSendMsg(MessageSvc.PbSendMsg)[0m
[0m2023-03-18 21:04:38 V/: Recv: MessageSvc.PbSendMsg[0m
[0m2023-03-18 21:04:44 V/: Send: MessageSvc.PbSendMsg(MessageSvc.PbSendMsg)[0m
[0m2023-03-18 21:04:45 V/: Recv: MessageSvc.PbSendMsg[0m
[0m2023-03-18 21:05:12 V/: Send: MessageSvc.PbSendMsg(MessageSvc.PbSendMsg)[0m
[0m2023-03-18 21:05:12 V/: Recv: MessageSvc.PbSendMsg[0m
[0m2023-03-18 21:14:16 V/: Send: MessageSvc.PbSendMsg(MessageSvc.PbSendMsg)[0m
[0m2023-03-18 21:14:16 V/: Recv: MessageSvc.PbSendMsg[0m
[0m2023-03-18 21:14:49 V/: Send: MessageSvc.PbSendMsg(MessageSvc.PbSendMsg)[0m
[0m2023-03-18 21:14:50 V/: Recv: MessageSvc.PbSendMsg[0m
[0m2023-03-18 21:15:33 V/: Send: MessageSvc.PbSendMsg(MessageSvc.PbSendMsg)[0m
[0m2023-03-18 21:15:33 V/: Recv: MessageSvc.PbSendMsg[0m
[0m2023-03-18 21:17:00 V/: Send: MessageSvc.PbSendMsg(MessageSvc.PbSendMsg)[0m
[0m2023-03-18 21:17:00 V/: Recv: MessageSvc.PbSendMsg[0m
[0m2023-03-18 21:17:04 V/: Send: MessageSvc.PbSendMsg(MessageSvc.PbSendMsg)[0m
[0m2023-03-18 21:17:04 V/: Recv: MessageSvc.PbSendMsg[0m
[0m2023-03-18 21:17:11 V/: Send: MessageSvc.PbSendMsg(MessageSvc.PbSendMsg)[0m
[0m2023-03-18 21:17:11 V/: Recv: MessageSvc.PbSendMsg[0m
[0m2023-03-18 21:17:17 V/: Send: MessageSvc.PbSendMsg(MessageSvc.PbSendMsg)[0m
[0m2023-03-18 21:17:17 V/: Recv: MessageSvc.PbSendMsg[0m
[0m2023-03-18 21:20:36 V/: Send: MessageSvc.PbSendMsg(MessageSvc.PbSendMsg)[0m
[0m2023-03-18 21:20:36 V/: Recv: MessageSvc.PbSendMsg[0m
[0m2023-03-18 21:22:16 V/: Send: MessageSvc.PbSendMsg(MessageSvc.PbSendMsg)[0m
[0m2023-03-18 21:22:16 V/: Recv: MessageSvc.PbSendMsg[0m
[0m2023-03-18 21:24:19 V/: Send: MessageSvc.PbSendMsg(MessageSvc.PbSendMsg)[0m
[0m2023-03-18 21:24:19 V/: Recv: MessageSvc.PbSendMsg[0m
[0m2023-03-18 21:25:17 V/: Send: MessageSvc.PbSendMsg(MessageSvc.PbSendMsg)[0m
[0m2023-03-18 21:25:17 V/: Recv: MessageSvc.PbSendMsg[0m
[0m2023-03-18 21:26:01 V/: Send: MessageSvc.PbSendMsg(MessageSvc.PbSendMsg)[0m
[0m2023-03-18 21:26:02 V/: Recv: MessageSvc.PbSendMsg[0m
[0m2023-03-18 21:33:03 V/: Send: MessageSvc.PbSendMsg(MessageSvc.PbSendMsg)[0m
[0m2023-03-18 21:33:04 V/: Recv: MessageSvc.PbSendMsg[0m
[0m2023-03-18 21:33:06 V/: Send: MessageSvc.PbSendMsg(MessageSvc.PbSendMsg)[0m
[0m2023-03-18 21:33:06 V/: Recv: MessageSvc.PbSendMsg[0m
[0m2023-03-18 21:33:11 V/: Send: MessageSvc.PbSendMsg(MessageSvc.PbSendMsg)[0m
[0m2023-03-18 21:33:12 V/: Recv: MessageSvc.PbSendMsg[0m
[0m2023-03-18 21:35:39 V/: Send: MessageSvc.PbSendMsg(MessageSvc.PbSendMsg)[0m
[0m2023-03-18 21:35:39 V/: Recv: MessageSvc.PbSendMsg[0m
[0m2023-03-18 21:36:25 V/: Send: MessageSvc.PbSendMsg(MessageSvc.PbSendMsg)[0m
[0m2023-03-18 21:36:25 V/: Recv: MessageSvc.PbSendMsg[0m
[0m2023-03-18 21:38:10 V/: Send: MessageSvc.PbSendMsg(MessageSvc.PbSendMsg)[0m
[0m2023-03-18 21:38:10 V/: Recv: MessageSvc.PbSendMsg[0m
[0m2023-03-18 21:38:14 V/: Send: MessageSvc.PbSendMsg(MessageSvc.PbSendMsg)[0m
[0m2023-03-18 21:38:14 V/: Recv: MessageSvc.PbSendMsg[0m
[0m2023-03-18 21:38:19 V/: Send: MessageSvc.PbSendMsg(MessageSvc.PbSendMsg)[0m
[0m2023-03-18 21:38:20 V/: Recv: MessageSvc.PbSendMsg[0m
[0m2023-03-18 21:38:26 V/: Send: MessageSvc.PbSendMsg(MessageSvc.PbSendMsg)[0m
[0m2023-03-18 21:38:26 V/: Recv: MessageSvc.PbSendMsg[0m
[0m2023-03-18 21:38:50 V/: Send: MessageSvc.PbSendMsg(MessageSvc.PbSendMsg)[0m
[0m2023-03-18 21:38:50 V/: Recv: MessageSvc.PbSendMsg[0m
[0m2023-03-18 21:38:56 V/: Send: MessageSvc.PbSendMsg(MessageSvc.PbSendMsg)[0m
[0m2023-03-18 21:38:56 V/: Recv: MessageSvc.PbSendMsg[0m
[0m2023-03-18 21:39:00 V/: Send: MessageSvc.PbSendMsg(MessageSvc.PbSendMsg)[0m
[0m2023-03-18 21:39:00 V/: Recv: MessageSvc.PbSendMsg[0m
[0m2023-03-18 21:39:04 V/: Send: MessageSvc.PbSendMsg(MessageSvc.PbSendMsg)[0m
[0m2023-03-18 21:39:04 V/: Recv: MessageSvc.PbSendMsg[0m
[0m2023-03-18 21:39:07 V/: Send: MessageSvc.PbSendMsg(MessageSvc.PbSendMsg)[0m
[0m2023-03-18 21:39:08 V/: Recv: MessageSvc.PbSendMsg[0m
[0m2023-03-18 21:39:12 V/: Send: MessageSvc.PbSendMsg(MessageSvc.PbSendMsg)[0m
[0m2023-03-18 21:39:12 V/: Recv: MessageSvc.PbSendMsg[0m
[0m2023-03-18 21:39:16 V/: Send: MessageSvc.PbSendMsg(MessageSvc.PbSendMsg)[0m
[0m2023-03-18 21:39:16 V/: Recv: MessageSvc.PbSendMsg[0m
[0m2023-03-18 21:39:23 V/: Send: MessageSvc.PbSendMsg(MessageSvc.PbSendMsg)[0m
[0m2023-03-18 21:39:23 V/: Recv: MessageSvc.PbSendMsg[0m
[0m2023-03-18 21:39:34 V/: Send: MessageSvc.PbSendMsg(MessageSvc.PbSendMsg)[0m
[0m2023-03-18 21:39:34 V/: Recv: MessageSvc.PbSendMsg[0m
[0m2023-03-18 21:39:37 V/: Send: MessageSvc.PbSendMsg(MessageSvc.PbSendMsg)[0m
[0m2023-03-18 21:39:37 V/: Recv: MessageSvc.PbSendMsg[0m
[0m2023-03-18 21:39:40 V/: Send: MessageSvc.PbSendMsg(MessageSvc.PbSendMsg)[0m
[0m2023-03-18 21:39:40 V/: Recv: MessageSvc.PbSendMsg[0m
[0m2023-03-18 21:39:44 V/: Send: MessageSvc.PbSendMsg(MessageSvc.PbSendMsg)[0m
[0m2023-03-18 21:39:44 V/: Recv: MessageSvc.PbSendMsg[0m
[0m2023-03-18 21:39:48 V/: Send: MessageSvc.PbSendMsg(MessageSvc.PbSendMsg)[0m
[0m2023-03-18 21:39:48 V/: Recv: MessageSvc.PbSendMsg[0m
[0m2023-03-18 21:39:55 V/: Send: MessageSvc.PbSendMsg(MessageSvc.PbSendMsg)[0m
[0m2023-03-18 21:39:55 V/: Recv: MessageSvc.PbSendMsg[0m
[0m2023-03-18 21:40:03 V/: Send: MessageSvc.PbSendMsg(MessageSvc.PbSendMsg)[0m
[0m2023-03-18 21:40:03 V/: Recv: MessageSvc.PbSendMsg[0m
[0m2023-03-18 21:40:03 V/: Send: MessageSvc.PbSendMsg(MessageSvc.PbSendMsg)[0m
[0m2023-03-18 21:40:03 V/: Recv: MessageSvc.PbSendMsg[0m
[0m2023-03-18 21:40:13 V/: Send: MessageSvc.PbSendMsg(MessageSvc.PbSendMsg)[0m
[0m2023-03-18 21:40:14 V/: Recv: MessageSvc.PbSendMsg[0m
[0m2023-03-18 21:40:18 V/: Send: MessageSvc.PbSendMsg(MessageSvc.PbSendMsg)[0m
[0m2023-03-18 21:40:18 V/: Recv: MessageSvc.PbSendMsg[0m
[0m2023-03-18 21:40:29 V/: Send: MessageSvc.PbSendMsg(MessageSvc.PbSendMsg)[0m
[0m2023-03-18 21:40:29 V/: Recv: MessageSvc.PbSendMsg[0m
[0m2023-03-18 21:40:32 V/: Send: MessageSvc.PbSendMsg(MessageSvc.PbSendMsg)[0m
[0m2023-03-18 21:40:32 V/: Recv: MessageSvc.PbSendMsg[0m
[0m2023-03-18 21:40:38 V/: Send: MessageSvc.PbSendMsg(MessageSvc.PbSendMsg)[0m
[0m2023-03-18 21:40:38 V/: Recv: MessageSvc.PbSendMsg[0m
[0m2023-03-18 21:40:40 V/: Send: MessageSvc.PbSendMsg(MessageSvc.PbSendMsg)[0m
[0m2023-03-18 21:40:40 V/: Recv: MessageSvc.PbSendMsg[0m
[0m2023-03-18 21:40:45 V/: Send: MessageSvc.PbSendMsg(MessageSvc.PbSendMsg)[0m
[0m2023-03-18 21:40:45 V/: Recv: MessageSvc.PbSendMsg[0m
[0m2023-03-18 21:41:12 V/: Send: MessageSvc.PbSendMsg(MessageSvc.PbSendMsg)[0m
[0m2023-03-18 21:41:12 V/: Recv: MessageSvc.PbSendMsg[0m
[0m2023-03-18 21:41:37 V/: Send: MessageSvc.PbSendMsg(MessageSvc.PbSendMsg)[0m
[0m2023-03-18 21:41:37 V/: Recv: MessageSvc.PbSendMsg[0m
[0m2023-03-18 21:43:00 V/: Send: MessageSvc.PbSendMsg(MessageSvc.PbSendMsg)[0m
[0m2023-03-18 21:43:01 V/: Recv: MessageSvc.PbSendMsg[0m
[0m2023-03-18 21:44:10 V/: Send: MessageSvc.PbSendMsg(MessageSvc.PbSendMsg)[0m
[0m2023-03-18 21:44:10 V/: Recv: MessageSvc.PbSendMsg[0m
[0m2023-03-18 21:46:32 V/: Send: MessageSvc.PbSendMsg(MessageSvc.PbSendMsg)[0m
[0m2023-03-18 21:46:32 V/: Recv: MessageSvc.PbSendMsg[0m
[0m2023-03-18 21:49:06 V/: Send: MessageSvc.PbSendMsg(MessageSvc.PbSendMsg)[0m
[0m2023-03-18 21:49:06 V/: Recv: MessageSvc.PbSendMsg[0m
[0m2023-03-18 21:50:07 V/: Send: MessageSvc.PbSendMsg(MessageSvc.PbSendMsg)[0m
[0m2023-03-18 21:50:07 V/: Recv: MessageSvc.PbSendMsg[0m
[0m2023-03-18 21:52:53 V/: Send: MessageSvc.PbSendMsg(MessageSvc.PbSendMsg)[0m
[0m2023-03-18 21:52:53 V/: Recv: MessageSvc.PbSendMsg[0m
[0m2023-03-18 21:52:55 V/: Send: MessageSvc.PbSendMsg(MessageSvc.PbSendMsg)[0m
[0m2023-03-18 21:52:55 V/: Recv: MessageSvc.PbSendMsg[0m
[0m2023-03-18 21:57:00 V/: Send: MessageSvc.PbSendMsg(MessageSvc.PbSendMsg)[0m
[0m2023-03-18 21:57:00 V/: Recv: MessageSvc.PbSendMsg[0m
[0m2023-03-18 22:07:28 V/: Send: MessageSvc.PbSendMsg(MessageSvc.PbSendMsg)[0m
[0m2023-03-18 22:07:29 V/: Recv: MessageSvc.PbSendMsg[0m
[0m2023-03-18 22:09:01 V/: Send: MessageSvc.PbSendMsg(MessageSvc.PbSendMsg)[0m
[0m2023-03-18 22:09:01 V/: Recv: MessageSvc.PbSendMsg[0m
[0m2023-03-18 22:10:53 V/: Send: MessageSvc.PbSendMsg(MessageSvc.PbSendMsg)[0m
[0m2023-03-18 22:10:53 V/: Recv: MessageSvc.PbSendMsg[0m
[0m2023-03-18 22:11:44 V/: Send: MessageSvc.PbSendMsg(MessageSvc.PbSendMsg)[0m
[0m2023-03-18 22:11:44 V/: Recv: MessageSvc.PbSendMsg[0m
[0m2023-03-18 22:18:58 V/: Send: MessageSvc.PbSendMsg(MessageSvc.PbSendMsg)[0m
[0m2023-03-18 22:18:58 V/: Recv: MessageSvc.PbSendMsg[0m
[0m2023-03-18 22:19:08 V/: Send: MessageSvc.PbSendMsg(MessageSvc.PbSendMsg)[0m
[0m2023-03-18 22:19:08 V/: Recv: MessageSvc.PbSendMsg[0m
[0m2023-03-18 22:19:21 V/: Send: MessageSvc.PbSendMsg(MessageSvc.PbSendMsg)[0m
[0m2023-03-18 22:19:21 V/: Recv: MessageSvc.PbSendMsg[0m
[0m2023-03-18 22:19:43 V/: Send: MessageSvc.PbSendMsg(MessageSvc.PbSendMsg)[0m
[0m2023-03-18 22:19:44 V/: Recv: MessageSvc.PbSendMsg[0m
[0m2023-03-18 22:19:57 V/: Send: MessageSvc.PbSendMsg(MessageSvc.PbSendMsg)[0m
[0m2023-03-18 22:19:58 V/: Recv: MessageSvc.PbSendMsg[0m
[0m2023-03-18 22:24:45 V/: Send: MessageSvc.PbSendMsg(MessageSvc.PbSendMsg)[0m
[0m2023-03-18 22:24:45 V/: Recv: MessageSvc.PbSendMsg[0m
[0m2023-03-18 22:25:13 V/: Send: MessageSvc.PbSendMsg(MessageSvc.PbSendMsg)[0m
[0m2023-03-18 22:25:14 V/: Recv: MessageSvc.PbSendMsg[0m
[0m2023-03-18 22:26:06 V/: Send: MessageSvc.PbSendMsg(MessageSvc.PbSendMsg)[0m
[0m2023-03-18 22:26:07 V/: Recv: MessageSvc.PbSendMsg[0m
[0m2023-03-18 22:27:59 V/: Send: MessageSvc.PbSendMsg(MessageSvc.PbSendMsg)[0m
[0m2023-03-18 22:28:00 V/: Recv: MessageSvc.PbSendMsg[0m
[0m2023-03-18 22:31:15 V/: Send: MessageSvc.PbSendMsg(MessageSvc.PbSendMsg)[0m
[0m2023-03-18 22:31:15 V/: Recv: MessageSvc.PbSendMsg[0m
[0m2023-03-18 22:32:14 V/: Send: MessageSvc.PbSendMsg(MessageSvc.PbSendMsg)[0m
[0m2023-03-18 22:32:14 V/: Recv: MessageSvc.PbSendMsg[0m
[0m2023-03-18 22:33:22 V/: Send: MessageSvc.PbSendMsg(MessageSvc.PbSendMsg)[0m
[0m2023-03-18 22:33:22 V/: Recv: MessageSvc.PbSendMsg[0m
[0m2023-03-18 22:34:17 V/: Send: MessageSvc.PbSendMsg(MessageSvc.PbSendMsg)[0m
[0m2023-03-18 22:34:17 V/: Recv: MessageSvc.PbSendMsg[0m
[0m2023-03-18 22:34:32 V/: Send: MessageSvc.PbSendMsg(MessageSvc.PbSendMsg)[0m
[0m2023-03-18 22:34:32 V/: Recv: MessageSvc.PbSendMsg[0m
[0m2023-03-18 22:55:54 V/: Send: MessageSvc.PbSendMsg(MessageSvc.PbSendMsg)[0m
[0m2023-03-18 22:55:54 V/: Recv: MessageSvc.PbSendMsg[0m
[0m2023-03-18 22:56:03 V/: Send: MessageSvc.PbSendMsg(MessageSvc.PbSendMsg)[0m
[0m2023-03-18 22:56:03 V/: Recv: MessageSvc.PbSendMsg[0m
[0m2023-03-18 22:56:36 V/: Send: MessageSvc.PbSendMsg(MessageSvc.PbSendMsg)[0m
[0m2023-03-18 22:56:36 V/: Recv: MessageSvc.PbSendMsg[0m
[0m2023-03-18 22:58:19 V/: Send: MessageSvc.PbSendMsg(MessageSvc.PbSendMsg)[0m
[0m2023-03-18 22:58:19 V/: Recv: MessageSvc.PbSendMsg[0m
[0m2023-03-18 22:58:22 V/: Send: MessageSvc.PbSendMsg(MessageSvc.PbSendMsg)[0m
[0m2023-03-18 22:58:22 V/: Recv: MessageSvc.PbSendMsg[0m
[0m2023-03-18 22:58:32 V/: Send: MessageSvc.PbSendMsg(MessageSvc.PbSendMsg)[0m
[0m2023-03-18 22:58:32 V/: Recv: MessageSvc.PbSendMsg[0m
[0m2023-03-18 22:58:34 V/: Send: MessageSvc.PbSendMsg(MessageSvc.PbSendMsg)[0m
[0m2023-03-18 22:58:34 V/: Recv: MessageSvc.PbSendMsg[0m
[0m2023-03-18 23:00:24 V/: Send: MessageSvc.PbSendMsg(MessageSvc.PbSendMsg)[0m
[0m2023-03-18 23:00:24 V/: Recv: MessageSvc.PbSendMsg[0m
[0m2023-03-18 23:00:55 V/: Send: MessageSvc.PbSendMsg(MessageSvc.PbSendMsg)[0m
[0m2023-03-18 23:00:55 V/: Recv: MessageSvc.PbSendMsg[0m
[0m2023-03-18 23:01:33 V/: Send: MessageSvc.PbSendMsg(MessageSvc.PbSendMsg)[0m
[0m2023-03-18 23:01:33 V/: Recv: MessageSvc.PbSendMsg[0m
[0m2023-03-18 23:01:44 V/: Send: MessageSvc.PbSendMsg(MessageSvc.PbSendMsg)[0m
[0m2023-03-18 23:01:44 V/: Recv: MessageSvc.PbSendMsg[0m
[0m2023-03-18 23:09:47 V/: Send: MessageSvc.PbSendMsg(MessageSvc.PbSendMsg)[0m
[0m2023-03-18 23:09:47 V/: Recv: MessageSvc.PbSendMsg[0m
[0m2023-03-18 23:21:46 V/: Send: MessageSvc.PbSendMsg(MessageSvc.PbSendMsg)[0m
[0m2023-03-18 23:21:47 V/: Recv: MessageSvc.PbSendMsg[0m
[0m2023-03-18 23:27:21 V/: Send: MessageSvc.PbSendMsg(MessageSvc.PbSendMsg)[0m
[0m2023-03-18 23:27:21 V/: Recv: MessageSvc.PbSendMsg[0m
[0m2023-03-18 23:30:14 V/: Send: MessageSvc.PbSendMsg(MessageSvc.PbSendMsg)[0m
[0m2023-03-18 23:30:14 V/: Recv: MessageSvc.PbSendMsg[0m
[0m2023-03-18 23:36:16 V/: Send: MessageSvc.PbSendMsg(MessageSvc.PbSendMsg)[0m
[0m2023-03-18 23:36:17 V/: Recv: MessageSvc.PbSendMsg[0m
[0m2023-03-18 23:36:18 V/: Send: MessageSvc.PbSendMsg(MessageSvc.PbSendMsg)[0m
[0m2023-03-18 23:36:18 V/: Recv: MessageSvc.PbSendMsg[0m
[0m2023-03-18 23:36:31 V/: Send: MessageSvc.PbSendMsg(MessageSvc.PbSendMsg)[0m
[0m2023-03-18 23:36:31 V/: Recv: MessageSvc.PbSendMsg[0m
[0m2023-03-18 23:36:36 V/: Send: MessageSvc.PbSendMsg(MessageSvc.PbSendMsg)[0m
[0m2023-03-18 23:36:37 V/: Recv: MessageSvc.PbSendMsg[0m
[0m2023-03-18 23:36:43 V/: Send: MessageSvc.PbSendMsg(MessageSvc.PbSendMsg)[0m
[0m2023-03-18 23:36:43 V/: Recv: MessageSvc.PbSendMsg[0m
[0m2023-03-18 23:36:45 V/: Send: MessageSvc.PbSendMsg(MessageSvc.PbSendMsg)[0m
[0m2023-03-18 23:36:45 V/: Recv: MessageSvc.PbSendMsg[0m
[0m2023-03-18 23:39:34 V/: Send: MessageSvc.PbSendMsg(MessageSvc.PbSendMsg)[0m
[0m2023-03-18 23:39:34 V/: Recv: MessageSvc.PbSendMsg[0m
[0m2023-03-18 23:39:42 V/: Send: MessageSvc.PbSendMsg(MessageSvc.PbSendMsg)[0m
[0m2023-03-18 23:39:42 V/: Recv: MessageSvc.PbSendMsg[0m
[0m2023-03-18 23:41:29 V/: Send: MessageSvc.PbSendMsg(MessageSvc.PbSendMsg)[0m
[0m2023-03-18 23:41:29 V/: Recv: MessageSvc.PbSendMsg[0m
[0m2023-03-18 23:41:39 V/: Send: MessageSvc.PbSendMsg(MessageSvc.PbSendMsg)[0m
[0m2023-03-18 23:41:39 V/: Recv: MessageSvc.PbSendMsg[0m
[0m2023-03-18 23:42:48 V/: Send: MessageSvc.PbSendMsg(MessageSvc.PbSendMsg)[0m
[0m2023-03-18 23:42:48 V/: Recv: MessageSvc.PbSendMsg[0m
[0m2023-03-18 23:43:18 V/: Send: MessageSvc.PbSendMsg(MessageSvc.PbSendMsg)[0m
[0m2023-03-18 23:43:18 V/: Recv: MessageSvc.PbSendMsg[0m
[0m2023-03-18 23:47:44 V/: Send: MessageSvc.PbSendMsg(MessageSvc.PbSendMsg)[0m
[0m2023-03-18 23:47:44 V/: Recv: MessageSvc.PbSendMsg[0m
[0m2023-03-18 23:50:10 V/: Send: MessageSvc.PbSendMsg(MessageSvc.PbSendMsg)[0m
[0m2023-03-18 23:50:10 V/: Recv: MessageSvc.PbSendMsg[0m
[0m2023-03-18 23:52:02 V/: Send: MultiMsg.ApplyDown(MultiMsg.ApplyDown)[0m
[0m2023-03-18 23:52:02 V/: Recv: MultiMsg.ApplyDown[0m
[0m2023-03-18 23:52:02 V/: [Http] Downloading forward message from https://ssl.htdata.qq.com:443[0m
[0m2023-03-18 23:52:03 V/: [Http] Downloading forward message: succeed[0m
[0m2023-03-18 23:52:12 V/: Send: MessageSvc.PbSendMsg(MessageSvc.PbSendMsg)[0m
[0m2023-03-18 23:52:12 V/: Recv: MessageSvc.PbSendMsg[0m
[0m2023-03-18 23:54:21 V/: Send: MessageSvc.PbSendMsg(MessageSvc.PbSendMsg)[0m
[0m2023-03-18 23:54:22 V/: Recv: MessageSvc.PbSendMsg[0m
