[0m2023-03-20 00:00:48 V/: Send: MessageSvc.PbSendMsg(MessageSvc.PbSendMsg)[0m
[0m2023-03-20 00:00:49 V/: Recv: MessageSvc.PbSendMsg[0m
[0m2023-03-20 07:21:59 V/: Send: MessageSvc.PbSendMsg(MessageSvc.PbSendMsg)[0m
[0m2023-03-20 07:22:00 V/: Recv: MessageSvc.PbSendMsg[0m
[0m2023-03-20 07:22:03 V/: Send: MessageSvc.PbSendMsg(MessageSvc.PbSendMsg)[0m
[0m2023-03-20 07:22:03 V/: Recv: MessageSvc.PbSendMsg[0m
[0m2023-03-20 07:22:31 V/: Send: MessageSvc.PbSendMsg(MessageSvc.PbSendMsg)[0m
[0m2023-03-20 07:22:31 V/: Recv: MessageSvc.PbSendMsg[0m
[0m2023-03-20 08:03:02 V/: Send: MessageSvc.PbSendMsg(MessageSvc.PbSendMsg)[0m
[0m2023-03-20 08:03:03 V/: Recv: MessageSvc.PbSendMsg[0m
[0m2023-03-20 08:03:07 V/: Send: MessageSvc.PbSendMsg(MessageSvc.PbSendMsg)[0m
[0m2023-03-20 08:03:07 V/: Recv: MessageSvc.PbSendMsg[0m
[0m2023-03-20 08:03:13 V/: Send: MessageSvc.PbSendMsg(MessageSvc.PbSendMsg)[0m
[0m2023-03-20 08:03:14 V/: Recv: MessageSvc.PbSendMsg[0m
[0m2023-03-20 08:03:15 V/: Send: MessageSvc.PbSendMsg(MessageSvc.PbSendMsg)[0m
[0m2023-03-20 08:03:15 V/: Recv: MessageSvc.PbSendMsg[0m
[0m2023-03-20 08:03:17 V/: Send: MessageSvc.PbSendMsg(MessageSvc.PbSendMsg)[0m
[0m2023-03-20 08:03:18 V/: Recv: MessageSvc.PbSendMsg[0m
[0m2023-03-20 08:14:10 V/: Send: MessageSvc.PbSendMsg(MessageSvc.PbSendMsg)[0m
[0m2023-03-20 08:14:10 V/: Recv: MessageSvc.PbSendMsg[0m
[0m2023-03-20 08:14:19 V/: Send: MessageSvc.PbSendMsg(MessageSvc.PbSendMsg)[0m
[0m2023-03-20 08:14:19 V/: Recv: MessageSvc.PbSendMsg[0m
[0m2023-03-20 08:14:20 V/: Send: MessageSvc.PbSendMsg(MessageSvc.PbSendMsg)[0m
[0m2023-03-20 08:14:21 V/: Recv: MessageSvc.PbSendMsg[0m
[0m2023-03-20 08:14:23 V/: Send: MessageSvc.PbSendMsg(MessageSvc.PbSendMsg)[0m
[0m2023-03-20 08:14:23 V/: Recv: MessageSvc.PbSendMsg[0m
[0m2023-03-20 08:14:52 V/: Send: MessageSvc.PbSendMsg(MessageSvc.PbSendMsg)[0m
[0m2023-03-20 08:14:53 V/: Recv: MessageSvc.PbSendMsg[0m
[0m2023-03-20 08:35:26 V/: Send: MessageSvc.PbSendMsg(MessageSvc.PbSendMsg)[0m
[0m2023-03-20 08:35:27 V/: Recv: MessageSvc.PbSendMsg[0m
[0m2023-03-20 08:35:32 V/: Send: MessageSvc.PbSendMsg(MessageSvc.PbSendMsg)[0m
[0m2023-03-20 08:35:32 V/: Recv: MessageSvc.PbSendMsg[0m
[0m2023-03-20 08:35:45 V/: Send: MessageSvc.PbSendMsg(MessageSvc.PbSendMsg)[0m
[0m2023-03-20 08:35:45 V/: Recv: MessageSvc.PbSendMsg[0m
[0m2023-03-20 08:37:26 V/: Send: MessageSvc.PbSendMsg(MessageSvc.PbSendMsg)[0m
[0m2023-03-20 08:37:26 V/: Recv: MessageSvc.PbSendMsg[0m
[0m2023-03-20 08:42:09 V/: Send: MessageSvc.PbSendMsg(MessageSvc.PbSendMsg)[0m
[0m2023-03-20 08:42:09 V/: Recv: MessageSvc.PbSendMsg[0m
[0m2023-03-20 08:42:17 V/: Send: MessageSvc.PbSendMsg(MessageSvc.PbSendMsg)[0m
[0m2023-03-20 08:42:17 V/: Recv: MessageSvc.PbSendMsg[0m
[0m2023-03-20 08:42:19 V/: Send: MessageSvc.PbSendMsg(MessageSvc.PbSendMsg)[0m
[0m2023-03-20 08:42:19 V/: Recv: MessageSvc.PbSendMsg[0m
[0m2023-03-20 09:05:18 V/: Send: MessageSvc.PbSendMsg(MessageSvc.PbSendMsg)[0m
[0m2023-03-20 09:05:18 V/: Recv: MessageSvc.PbSendMsg[0m
[0m2023-03-20 09:05:23 V/: Send: MessageSvc.PbSendMsg(MessageSvc.PbSendMsg)[0m
[0m2023-03-20 09:05:23 V/: Recv: MessageSvc.PbSendMsg[0m
[0m2023-03-20 09:05:26 V/: Send: MessageSvc.PbSendMsg(MessageSvc.PbSendMsg)[0m
[0m2023-03-20 09:05:27 V/: Recv: MessageSvc.PbSendMsg[0m
[0m2023-03-20 09:05:29 V/: Send: MessageSvc.PbSendMsg(MessageSvc.PbSendMsg)[0m
[0m2023-03-20 09:05:30 V/: Recv: MessageSvc.PbSendMsg[0m
[0m2023-03-20 09:05:32 V/: Send: MessageSvc.PbSendMsg(MessageSvc.PbSendMsg)[0m
[0m2023-03-20 09:05:32 V/: Recv: MessageSvc.PbSendMsg[0m
[0m2023-03-20 09:17:35 V/: Send: MessageSvc.PbSendMsg(MessageSvc.PbSendMsg)[0m
[0m2023-03-20 09:17:36 V/: Recv: MessageSvc.PbSendMsg[0m
[0m2023-03-20 09:17:37 V/: Send: MessageSvc.PbSendMsg(MessageSvc.PbSendMsg)[0m
[0m2023-03-20 09:17:38 V/: Recv: MessageSvc.PbSendMsg[0m
[0m2023-03-20 09:17:43 V/: Send: MessageSvc.PbSendMsg(MessageSvc.PbSendMsg)[0m
[0m2023-03-20 09:17:43 V/: Recv: MessageSvc.PbSendMsg[0m
[0m2023-03-20 09:24:27 V/: Send: MessageSvc.PbSendMsg(MessageSvc.PbSendMsg)[0m
[0m2023-03-20 09:24:27 V/: Recv: MessageSvc.PbSendMsg[0m
[0m2023-03-20 09:24:34 V/: Send: MessageSvc.PbSendMsg(MessageSvc.PbSendMsg)[0m
[0m2023-03-20 09:24:34 V/: Recv: MessageSvc.PbSendMsg[0m
[0m2023-03-20 09:24:41 V/: Send: MessageSvc.PbSendMsg(MessageSvc.PbSendMsg)[0m
[0m2023-03-20 09:24:41 V/: Recv: MessageSvc.PbSendMsg[0m
[0m2023-03-20 09:27:39 V/: Send: MessageSvc.PbSendMsg(MessageSvc.PbSendMsg)[0m
[0m2023-03-20 09:27:39 V/: Recv: MessageSvc.PbSendMsg[0m
[0m2023-03-20 09:27:43 V/: Send: MessageSvc.PbSendMsg(MessageSvc.PbSendMsg)[0m
[0m2023-03-20 09:27:44 V/: Recv: MessageSvc.PbSendMsg[0m
[0m2023-03-20 09:27:45 V/: Send: MessageSvc.PbSendMsg(MessageSvc.PbSendMsg)[0m
[0m2023-03-20 09:27:45 V/: Recv: MessageSvc.PbSendMsg[0m
[0m2023-03-20 09:27:50 V/: Send: MessageSvc.PbSendMsg(MessageSvc.PbSendMsg)[0m
[0m2023-03-20 09:27:50 V/: Recv: MessageSvc.PbSendMsg[0m
[0m2023-03-20 09:27:53 V/: Send: MessageSvc.PbSendMsg(MessageSvc.PbSendMsg)[0m
[0m2023-03-20 09:27:53 V/: Recv: MessageSvc.PbSendMsg[0m
[0m2023-03-20 09:35:09 V/: Send: MessageSvc.PbSendMsg(MessageSvc.PbSendMsg)[0m
[0m2023-03-20 09:35:09 V/: Recv: MessageSvc.PbSendMsg[0m
[0m2023-03-20 09:38:15 V/: Send: MessageSvc.PbSendMsg(MessageSvc.PbSendMsg)[0m
[0m2023-03-20 09:38:15 V/: Recv: MessageSvc.PbSendMsg[0m
[0m2023-03-20 09:38:17 V/: Send: MessageSvc.PbSendMsg(MessageSvc.PbSendMsg)[0m
[0m2023-03-20 09:38:17 V/: Recv: MessageSvc.PbSendMsg[0m
[0m2023-03-20 09:42:17 V/: Send: MessageSvc.PbSendMsg(MessageSvc.PbSendMsg)[0m
[0m2023-03-20 09:42:17 V/: Recv: MessageSvc.PbSendMsg[0m
[0m2023-03-20 10:21:43 V/: Send: MessageSvc.PbSendMsg(MessageSvc.PbSendMsg)[0m
[0m2023-03-20 10:21:43 V/: Recv: MessageSvc.PbSendMsg[0m
[0m2023-03-20 11:12:54 V/: Send: MessageSvc.PbSendMsg(MessageSvc.PbSendMsg)[0m
[0m2023-03-20 11:12:54 V/: Recv: MessageSvc.PbSendMsg[0m
[0m2023-03-20 11:39:53 V/: Send: MessageSvc.PbSendMsg(MessageSvc.PbSendMsg)[0m
[0m2023-03-20 11:39:54 V/: Recv: MessageSvc.PbSendMsg[0m
[0m2023-03-20 11:52:29 V/: Send: MessageSvc.PbSendMsg(MessageSvc.PbSendMsg)[0m
[0m2023-03-20 11:52:30 V/: Recv: MessageSvc.PbSendMsg[0m
[0m2023-03-20 11:52:30 V/: Send: MessageSvc.PbSendMsg(MessageSvc.PbSendMsg)[0m
[0m2023-03-20 11:52:30 V/: Recv: MessageSvc.PbSendMsg[0m
[0m2023-03-20 11:53:10 V/: Send: MessageSvc.PbSendMsg(MessageSvc.PbSendMsg)[0m
[0m2023-03-20 11:53:11 V/: Recv: MessageSvc.PbSendMsg[0m
[0m2023-03-20 11:53:38 V/: Send: MessageSvc.PbSendMsg(MessageSvc.PbSendMsg)[0m
[0m2023-03-20 11:53:38 V/: Recv: MessageSvc.PbSendMsg[0m
[0m2023-03-20 11:53:44 V/: Send: MessageSvc.PbSendMsg(MessageSvc.PbSendMsg)[0m
[0m2023-03-20 11:53:45 V/: Recv: MessageSvc.PbSendMsg[0m
[0m2023-03-20 11:53:47 V/: Send: MessageSvc.PbSendMsg(MessageSvc.PbSendMsg)[0m
[0m2023-03-20 11:53:48 V/: Recv: MessageSvc.PbSendMsg[0m
[0m2023-03-20 11:53:49 V/: Send: MessageSvc.PbSendMsg(MessageSvc.PbSendMsg)[0m
[0m2023-03-20 11:53:50 V/: Recv: MessageSvc.PbSendMsg[0m
[0m2023-03-20 11:53:54 V/: Send: MessageSvc.PbSendMsg(MessageSvc.PbSendMsg)[0m
[0m2023-03-20 11:53:54 V/: Recv: MessageSvc.PbSendMsg[0m
[0m2023-03-20 11:54:23 V/: Send: MessageSvc.PbSendMsg(MessageSvc.PbSendMsg)[0m
[0m2023-03-20 11:54:23 V/: Recv: MessageSvc.PbSendMsg[0m
[0m2023-03-20 11:54:27 V/: Send: MessageSvc.PbSendMsg(MessageSvc.PbSendMsg)[0m
[0m2023-03-20 11:54:27 V/: Recv: MessageSvc.PbSendMsg[0m
[0m2023-03-20 12:14:14 V/: Send: MessageSvc.PbSendMsg(MessageSvc.PbSendMsg)[0m
[0m2023-03-20 12:14:15 V/: Recv: MessageSvc.PbSendMsg[0m
[0m2023-03-20 12:14:16 V/: Send: MessageSvc.PbSendMsg(MessageSvc.PbSendMsg)[0m
[0m2023-03-20 12:14:16 V/: Recv: MessageSvc.PbSendMsg[0m
[0m2023-03-20 12:14:21 V/: Send: MessageSvc.PbSendMsg(MessageSvc.PbSendMsg)[0m
[0m2023-03-20 12:14:22 V/: Recv: MessageSvc.PbSendMsg[0m
[0m2023-03-20 12:16:36 V/: Send: MessageSvc.PbSendMsg(MessageSvc.PbSendMsg)[0m
[0m2023-03-20 12:16:36 V/: Recv: MessageSvc.PbSendMsg[0m
[0m2023-03-20 12:16:41 V/: Send: MessageSvc.PbSendMsg(MessageSvc.PbSendMsg)[0m
[0m2023-03-20 12:16:42 V/: Recv: MessageSvc.PbSendMsg[0m
[0m2023-03-20 12:16:42 V/: Send: MessageSvc.PbSendMsg(MessageSvc.PbSendMsg)[0m
[0m2023-03-20 12:16:43 V/: Recv: MessageSvc.PbSendMsg[0m
[0m2023-03-20 12:16:48 V/: Send: MessageSvc.PbSendMsg(MessageSvc.PbSendMsg)[0m
[0m2023-03-20 12:16:48 V/: Recv: MessageSvc.PbSendMsg[0m
[0m2023-03-20 12:17:54 V/: Send: MessageSvc.PbSendMsg(MessageSvc.PbSendMsg)[0m
[0m2023-03-20 12:17:55 V/: Recv: MessageSvc.PbSendMsg[0m
[0m2023-03-20 12:20:03 V/: Send: MessageSvc.PbSendMsg(MessageSvc.PbSendMsg)[0m
[0m2023-03-20 12:20:03 V/: Recv: MessageSvc.PbSendMsg[0m
[0m2023-03-20 12:20:10 V/: Send: MessageSvc.PbSendMsg(MessageSvc.PbSendMsg)[0m
[0m2023-03-20 12:20:10 V/: Recv: MessageSvc.PbSendMsg[0m
[0m2023-03-20 12:20:15 V/: Send: MessageSvc.PbSendMsg(MessageSvc.PbSendMsg)[0m
[0m2023-03-20 12:20:15 V/: Recv: MessageSvc.PbSendMsg[0m
[0m2023-03-20 12:25:08 V/: Send: MessageSvc.PbSendMsg(MessageSvc.PbSendMsg)[0m
[0m2023-03-20 12:25:09 V/: Recv: MessageSvc.PbSendMsg[0m
[0m2023-03-20 12:25:15 V/: Send: MessageSvc.PbSendMsg(MessageSvc.PbSendMsg)[0m
[0m2023-03-20 12:25:15 V/: Recv: MessageSvc.PbSendMsg[0m
[0m2023-03-20 12:25:22 V/: Send: MessageSvc.PbSendMsg(MessageSvc.PbSendMsg)[0m
[0m2023-03-20 12:25:22 V/: Recv: MessageSvc.PbSendMsg[0m
[0m2023-03-20 12:30:16 V/: Send: MessageSvc.PbSendMsg(MessageSvc.PbSendMsg)[0m
[0m2023-03-20 12:30:16 V/: Recv: MessageSvc.PbSendMsg[0m
[0m2023-03-20 12:30:18 V/: Send: MessageSvc.PbSendMsg(MessageSvc.PbSendMsg)[0m
[0m2023-03-20 12:30:18 V/: Recv: MessageSvc.PbSendMsg[0m
[0m2023-03-20 12:30:24 V/: Send: MessageSvc.PbSendMsg(MessageSvc.PbSendMsg)[0m
[0m2023-03-20 12:30:25 V/: Recv: MessageSvc.PbSendMsg[0m
[0m2023-03-20 12:30:59 V/: Send: MessageSvc.PbSendMsg(MessageSvc.PbSendMsg)[0m
[0m2023-03-20 12:30:59 V/: Recv: MessageSvc.PbSendMsg[0m
[0m2023-03-20 12:38:17 V/: Send: MessageSvc.PbSendMsg(MessageSvc.PbSendMsg)[0m
[0m2023-03-20 12:38:17 V/: Recv: MessageSvc.PbSendMsg[0m
[0m2023-03-20 12:38:25 V/: Send: MessageSvc.PbSendMsg(MessageSvc.PbSendMsg)[0m
[0m2023-03-20 12:38:25 V/: Recv: MessageSvc.PbSendMsg[0m
[0m2023-03-20 12:38:31 V/: Send: MessageSvc.PbSendMsg(MessageSvc.PbSendMsg)[0m
[0m2023-03-20 12:38:32 V/: Recv: MessageSvc.PbSendMsg[0m
[0m2023-03-20 12:46:41 V/: Send: MessageSvc.PbSendMsg(MessageSvc.PbSendMsg)[0m
[0m2023-03-20 12:46:41 V/: Recv: MessageSvc.PbSendMsg[0m
[0m2023-03-20 12:51:22 V/: Send: MessageSvc.PbSendMsg(MessageSvc.PbSendMsg)[0m
[0m2023-03-20 12:51:23 V/: Recv: MessageSvc.PbSendMsg[0m
[0m2023-03-20 12:51:32 V/: Send: MessageSvc.PbSendMsg(MessageSvc.PbSendMsg)[0m
[0m2023-03-20 12:51:32 V/: Recv: MessageSvc.PbSendMsg[0m
[0m2023-03-20 12:51:37 V/: Send: MessageSvc.PbSendMsg(MessageSvc.PbSendMsg)[0m
[0m2023-03-20 12:51:38 V/: Recv: MessageSvc.PbSendMsg[0m
[0m2023-03-20 12:51:44 V/: Send: MessageSvc.PbSendMsg(MessageSvc.PbSendMsg)[0m
[0m2023-03-20 12:51:44 V/: Recv: MessageSvc.PbSendMsg[0m
[0m2023-03-20 13:01:10 V/: Send: MessageSvc.PbSendMsg(MessageSvc.PbSendMsg)[0m
[0m2023-03-20 13:01:11 V/: Recv: MessageSvc.PbSendMsg[0m
[0m2023-03-20 13:11:43 V/: Send: MessageSvc.PbSendMsg(MessageSvc.PbSendMsg)[0m
[0m2023-03-20 13:11:43 V/: Recv: MessageSvc.PbSendMsg[0m
[0m2023-03-20 13:11:48 V/: Send: MessageSvc.PbSendMsg(MessageSvc.PbSendMsg)[0m
[0m2023-03-20 13:11:49 V/: Recv: MessageSvc.PbSendMsg[0m
[0m2023-03-20 13:11:51 V/: Send: MessageSvc.PbSendMsg(MessageSvc.PbSendMsg)[0m
[0m2023-03-20 13:11:51 V/: Recv: MessageSvc.PbSendMsg[0m
[0m2023-03-20 13:11:53 V/: Send: MessageSvc.PbSendMsg(MessageSvc.PbSendMsg)[0m
[0m2023-03-20 13:11:53 V/: Recv: MessageSvc.PbSendMsg[0m
[0m2023-03-20 13:13:38 V/: Send: MessageSvc.PbSendMsg(MessageSvc.PbSendMsg)[0m
[0m2023-03-20 13:13:38 V/: Recv: MessageSvc.PbSendMsg[0m
[0m2023-03-20 13:13:46 V/: Send: MessageSvc.PbSendMsg(MessageSvc.PbSendMsg)[0m
[0m2023-03-20 13:13:46 V/: Recv: MessageSvc.PbSendMsg[0m
[0m2023-03-20 13:13:53 V/: Send: MessageSvc.PbSendMsg(MessageSvc.PbSendMsg)[0m
[0m2023-03-20 13:13:53 V/: Recv: MessageSvc.PbSendMsg[0m
[0m2023-03-20 13:16:05 V/: Send: MessageSvc.PbSendMsg(MessageSvc.PbSendMsg)[0m
[0m2023-03-20 13:16:05 V/: Recv: MessageSvc.PbSendMsg[0m
[0m2023-03-20 13:16:11 V/: Send: MessageSvc.PbSendMsg(MessageSvc.PbSendMsg)[0m
[0m2023-03-20 13:16:11 V/: Recv: MessageSvc.PbSendMsg[0m
[0m2023-03-20 13:16:13 V/: Send: MessageSvc.PbSendMsg(MessageSvc.PbSendMsg)[0m
[0m2023-03-20 13:16:13 V/: Recv: MessageSvc.PbSendMsg[0m
[0m2023-03-20 13:38:36 V/: Send: MessageSvc.PbSendMsg(MessageSvc.PbSendMsg)[0m
[0m2023-03-20 13:38:36 V/: Recv: MessageSvc.PbSendMsg[0m
[0m2023-03-20 13:38:42 V/: Send: MessageSvc.PbSendMsg(MessageSvc.PbSendMsg)[0m
[0m2023-03-20 13:38:43 V/: Recv: MessageSvc.PbSendMsg[0m
[0m2023-03-20 13:38:45 V/: Send: MessageSvc.PbSendMsg(MessageSvc.PbSendMsg)[0m
[0m2023-03-20 13:38:45 V/: Recv: MessageSvc.PbSendMsg[0m
[0m2023-03-20 13:38:48 V/: Send: MessageSvc.PbSendMsg(MessageSvc.PbSendMsg)[0m
[0m2023-03-20 13:38:48 V/: Recv: MessageSvc.PbSendMsg[0m
[0m2023-03-20 13:42:29 V/: Send: MessageSvc.PbSendMsg(MessageSvc.PbSendMsg)[0m
[0m2023-03-20 13:42:30 V/: Recv: MessageSvc.PbSendMsg[0m
[0m2023-03-20 13:48:51 V/: Send: MessageSvc.PbSendMsg(MessageSvc.PbSendMsg)[0m
[0m2023-03-20 13:48:52 V/: Recv: MessageSvc.PbSendMsg[0m
[0m2023-03-20 13:48:59 V/: Send: MessageSvc.PbSendMsg(MessageSvc.PbSendMsg)[0m
[0m2023-03-20 13:49:00 V/: Recv: MessageSvc.PbSendMsg[0m
[0m2023-03-20 13:49:00 V/: Send: MessageSvc.PbSendMsg(MessageSvc.PbSendMsg)[0m
[0m2023-03-20 13:49:00 V/: Recv: MessageSvc.PbSendMsg[0m
[0m2023-03-20 13:49:15 V/: Send: MessageSvc.PbSendMsg(MessageSvc.PbSendMsg)[0m
[0m2023-03-20 13:49:15 V/: Recv: MessageSvc.PbSendMsg[0m
[0m2023-03-20 13:49:17 V/: Send: MessageSvc.PbSendMsg(MessageSvc.PbSendMsg)[0m
[0m2023-03-20 13:49:17 V/: Recv: MessageSvc.PbSendMsg[0m
[0m2023-03-20 13:57:17 V/: Send: MessageSvc.PbSendMsg(MessageSvc.PbSendMsg)[0m
[0m2023-03-20 13:57:17 V/: Recv: MessageSvc.PbSendMsg[0m
[0m2023-03-20 13:57:20 V/: Send: MessageSvc.PbSendMsg(MessageSvc.PbSendMsg)[0m
[0m2023-03-20 13:57:20 V/: Recv: MessageSvc.PbSendMsg[0m
[0m2023-03-20 13:57:27 V/: Send: MessageSvc.PbSendMsg(MessageSvc.PbSendMsg)[0m
[0m2023-03-20 13:57:27 V/: Recv: MessageSvc.PbSendMsg[0m
[0m2023-03-20 14:02:45 V/: Send: MessageSvc.PbSendMsg(MessageSvc.PbSendMsg)[0m
[0m2023-03-20 14:02:46 V/: Recv: MessageSvc.PbSendMsg[0m
[0m2023-03-20 14:02:52 V/: Send: MessageSvc.PbSendMsg(MessageSvc.PbSendMsg)[0m
[0m2023-03-20 14:02:52 V/: Recv: MessageSvc.PbSendMsg[0m
[0m2023-03-20 14:02:54 V/: Send: MessageSvc.PbSendMsg(MessageSvc.PbSendMsg)[0m
[0m2023-03-20 14:02:54 V/: Recv: MessageSvc.PbSendMsg[0m
[0m2023-03-20 14:08:58 V/: Send: MessageSvc.PbSendMsg(MessageSvc.PbSendMsg)[0m
[0m2023-03-20 14:08:58 V/: Recv: MessageSvc.PbSendMsg[0m
[0m2023-03-20 14:09:05 V/: Send: MessageSvc.PbSendMsg(MessageSvc.PbSendMsg)[0m
[0m2023-03-20 14:09:05 V/: Recv: MessageSvc.PbSendMsg[0m
[0m2023-03-20 14:09:09 V/: Send: MessageSvc.PbSendMsg(MessageSvc.PbSendMsg)[0m
[0m2023-03-20 14:09:09 V/: Recv: MessageSvc.PbSendMsg[0m
[0m2023-03-20 14:29:53 V/: Send: MessageSvc.PbSendMsg(MessageSvc.PbSendMsg)[0m
[0m2023-03-20 14:29:53 V/: Recv: MessageSvc.PbSendMsg[0m
[0m2023-03-20 14:30:00 V/: Send: MessageSvc.PbSendMsg(MessageSvc.PbSendMsg)[0m
[0m2023-03-20 14:30:01 V/: Recv: MessageSvc.PbSendMsg[0m
[91m2023-03-20 14:50:58 E/: Failed to refresh key.
java.lang.ArrayIndexOutOfBoundsException: Index 0 out of bounds for length 0
	at net.mamoe.mirai.internal.utils.crypto.TEA.pack(TEA.kt:325)
	at net.mamoe.mirai.internal.utils.crypto.TEA.doOption(TEA.kt:91)
	at net.mamoe.mirai.internal.utils.crypto.TEA.encrypt(TEA.kt:309)
	at net.mamoe.mirai.internal.network.protocol.packet.EncryptMethodSessionKeyNew.makeBody(EncryptMethod.kt:137)
	at net.mamoe.mirai.internal.network.protocol.packet.OutgoingPacketKt.writeOicqRequestPacket(OutgoingPacket.kt:281)
	at net.mamoe.mirai.internal.network.protocol.packet.login.wtlogin.WtLogin15.invoke(WtLogin15.kt:30)
	at net.mamoe.mirai.internal.network.components.KeyRefreshProcessorImpl.refreshKeysNow(KeyRefreshProcessor.kt:69)
	at net.mamoe.mirai.internal.network.components.KeyRefreshProcessorImpl$keyRefreshLoop$2$2.invokeSuspend(KeyRefreshProcessor.kt:60)
	at kotlin.coroutines.jvm.internal.BaseContinuationImpl.resumeWith(ContinuationImpl.kt:33)
	at kotlinx.coroutines.DispatchedTask.run(DispatchedTask.kt:106)
	at kotlinx.coroutines.scheduling.CoroutineScheduler.runSafely(CoroutineScheduler.kt:570)
	at kotlinx.coroutines.scheduling.CoroutineScheduler$Worker.executeTask(CoroutineScheduler.kt:750)
	at kotlinx.coroutines.scheduling.CoroutineScheduler$Worker.runWorker(CoroutineScheduler.kt:677)
	at kotlinx.coroutines.scheduling.CoroutineScheduler$Worker.run(CoroutineScheduler.kt:664)
[0m
[92m2023-03-20 14:50:58 I/: Scheduled key refresh in 23h 55min 0.0s.[0m
[0m2023-03-20 15:06:36 V/: Send: MessageSvc.PbSendMsg(MessageSvc.PbSendMsg)[0m
[0m2023-03-20 15:06:37 V/: Recv: MessageSvc.PbSendMsg[0m
[0m2023-03-20 15:06:41 V/: Send: MessageSvc.PbSendMsg(MessageSvc.PbSendMsg)[0m
[0m2023-03-20 15:06:42 V/: Recv: MessageSvc.PbSendMsg[0m
[0m2023-03-20 15:06:46 V/: Send: MessageSvc.PbSendMsg(MessageSvc.PbSendMsg)[0m
[0m2023-03-20 15:06:46 V/: Recv: MessageSvc.PbSendMsg[0m
[0m2023-03-20 15:07:22 V/: Send: MessageSvc.PbSendMsg(MessageSvc.PbSendMsg)[0m
[0m2023-03-20 15:07:22 V/: Recv: MessageSvc.PbSendMsg[0m
[0m2023-03-20 16:26:25 V/: Send: MessageSvc.PbSendMsg(MessageSvc.PbSendMsg)[0m
[0m2023-03-20 16:26:25 V/: Recv: MessageSvc.PbSendMsg[0m
[0m2023-03-20 16:26:30 V/: Send: MessageSvc.PbSendMsg(MessageSvc.PbSendMsg)[0m
[0m2023-03-20 16:26:31 V/: Recv: MessageSvc.PbSendMsg[0m
[0m2023-03-20 16:26:34 V/: Send: MessageSvc.PbSendMsg(MessageSvc.PbSendMsg)[0m
[0m2023-03-20 16:26:34 V/: Recv: MessageSvc.PbSendMsg[0m
[0m2023-03-20 16:26:37 V/: Send: MessageSvc.PbSendMsg(MessageSvc.PbSendMsg)[0m
[0m2023-03-20 16:26:37 V/: Recv: MessageSvc.PbSendMsg[0m
[0m2023-03-20 16:26:43 V/: Send: MessageSvc.PbSendMsg(MessageSvc.PbSendMsg)[0m
[0m2023-03-20 16:26:44 V/: Recv: MessageSvc.PbSendMsg[0m
[0m2023-03-20 16:43:01 V/: Send: MessageSvc.PbSendMsg(MessageSvc.PbSendMsg)[0m
[0m2023-03-20 16:43:01 V/: Recv: MessageSvc.PbSendMsg[0m
[0m2023-03-20 16:43:02 V/: Send: MessageSvc.PbSendMsg(MessageSvc.PbSendMsg)[0m
[0m2023-03-20 16:43:02 V/: Recv: MessageSvc.PbSendMsg[0m
[0m2023-03-20 16:43:07 V/: Send: MessageSvc.PbSendMsg(MessageSvc.PbSendMsg)[0m
[0m2023-03-20 16:43:07 V/: Recv: MessageSvc.PbSendMsg[0m
[0m2023-03-20 16:44:19 V/: Send: MessageSvc.PbSendMsg(MessageSvc.PbSendMsg)[0m
[0m2023-03-20 16:44:20 V/: Recv: MessageSvc.PbSendMsg[0m
[0m2023-03-20 18:18:07 V/: Send: MessageSvc.PbSendMsg(MessageSvc.PbSendMsg)[0m
[0m2023-03-20 18:18:07 V/: Recv: MessageSvc.PbSendMsg[0m
[0m2023-03-20 18:18:12 V/: Send: MessageSvc.PbSendMsg(MessageSvc.PbSendMsg)[0m
[0m2023-03-20 18:18:12 V/: Recv: MessageSvc.PbSendMsg[0m
[0m2023-03-20 18:18:15 V/: Send: MessageSvc.PbSendMsg(MessageSvc.PbSendMsg)[0m
[0m2023-03-20 18:18:15 V/: Recv: MessageSvc.PbSendMsg[0m
[0m2023-03-20 18:39:54 V/: Send: MessageSvc.PbSendMsg(MessageSvc.PbSendMsg)[0m
[0m2023-03-20 18:39:54 V/: Recv: MessageSvc.PbSendMsg[0m
[0m2023-03-20 19:08:59 V/: Send: MessageSvc.PbSendMsg(MessageSvc.PbSendMsg)[0m
[0m2023-03-20 19:08:59 V/: Send: MessageSvc.PbSendMsg(MessageSvc.PbSendMsg)[0m
[0m2023-03-20 19:09:00 V/: Recv: MessageSvc.PbSendMsg[0m
[0m2023-03-20 19:09:00 V/: Recv: MessageSvc.PbSendMsg[0m
[0m2023-03-20 19:09:05 V/: Send: MessageSvc.PbSendMsg(MessageSvc.PbSendMsg)[0m
[0m2023-03-20 19:09:06 V/: Recv: MessageSvc.PbSendMsg[0m
[0m2023-03-20 19:19:45 V/: Send: MessageSvc.PbSendMsg(MessageSvc.PbSendMsg)[0m
[0m2023-03-20 19:19:46 V/: Recv: MessageSvc.PbSendMsg[0m
[0m2023-03-20 19:20:27 V/: Send: MessageSvc.PbSendMsg(MessageSvc.PbSendMsg)[0m
[0m2023-03-20 19:20:28 V/: Recv: MessageSvc.PbSendMsg[0m
[0m2023-03-20 19:37:01 V/: Send: MessageSvc.PbSendMsg(MessageSvc.PbSendMsg)[0m
[0m2023-03-20 19:37:01 V/: Recv: MessageSvc.PbSendMsg[0m
[0m2023-03-20 19:37:07 V/: Send: MessageSvc.PbSendMsg(MessageSvc.PbSendMsg)[0m
[0m2023-03-20 19:37:07 V/: Recv: MessageSvc.PbSendMsg[0m
[0m2023-03-20 19:37:10 V/: Send: MessageSvc.PbSendMsg(MessageSvc.PbSendMsg)[0m
[0m2023-03-20 19:37:11 V/: Recv: MessageSvc.PbSendMsg[0m
[0m2023-03-20 19:48:27 V/: Send: MessageSvc.PbSendMsg(MessageSvc.PbSendMsg)[0m
[0m2023-03-20 19:48:28 V/: Recv: MessageSvc.PbSendMsg[0m
[0m2023-03-20 20:08:19 V/: Send: MessageSvc.PbSendMsg(MessageSvc.PbSendMsg)[0m
[0m2023-03-20 20:08:20 V/: Recv: MessageSvc.PbSendMsg[0m
[0m2023-03-20 20:34:28 V/: Send: MessageSvc.PbSendMsg(MessageSvc.PbSendMsg)[0m
[0m2023-03-20 20:34:29 V/: Recv: MessageSvc.PbSendMsg[0m
[0m2023-03-20 20:35:46 V/: Send: MessageSvc.PbSendMsg(MessageSvc.PbSendMsg)[0m
[0m2023-03-20 20:35:47 V/: Recv: MessageSvc.PbSendMsg[0m
[0m2023-03-20 20:39:03 V/: Send: MessageSvc.PbSendMsg(MessageSvc.PbSendMsg)[0m
[0m2023-03-20 20:39:03 V/: Recv: MessageSvc.PbSendMsg[0m
[0m2023-03-20 21:02:08 V/: Recv: OnlinePush.PbPushTransMsg[0m
[0m2023-03-20 21:16:48 V/: Send: MessageSvc.PbSendMsg(MessageSvc.PbSendMsg)[0m
[0m2023-03-20 21:16:49 V/: Recv: MessageSvc.PbSendMsg[0m
[0m2023-03-20 21:16:55 V/: Send: MessageSvc.PbSendMsg(MessageSvc.PbSendMsg)[0m
[0m2023-03-20 21:16:55 V/: Recv: MessageSvc.PbSendMsg[0m
[0m2023-03-20 21:16:57 V/: Send: MessageSvc.PbSendMsg(MessageSvc.PbSendMsg)[0m
[0m2023-03-20 21:16:57 V/: Recv: MessageSvc.PbSendMsg[0m
[0m2023-03-20 21:52:28 V/: Send: MessageSvc.PbSendMsg(MessageSvc.PbSendMsg)[0m
[0m2023-03-20 21:52:29 V/: Recv: MessageSvc.PbSendMsg[0m
[0m2023-03-20 21:52:37 V/: Send: MessageSvc.PbSendMsg(MessageSvc.PbSendMsg)[0m
[0m2023-03-20 21:52:37 V/: Recv: MessageSvc.PbSendMsg[0m
[0m2023-03-20 21:53:17 V/: Send: MessageSvc.PbSendMsg(MessageSvc.PbSendMsg)[0m
[0m2023-03-20 21:53:17 V/: Recv: MessageSvc.PbSendMsg[0m
[0m2023-03-20 21:53:38 V/: Send: MessageSvc.PbSendMsg(MessageSvc.PbSendMsg)[0m
[0m2023-03-20 21:53:38 V/: Recv: MessageSvc.PbSendMsg[0m
[0m2023-03-20 21:53:49 V/: Send: MessageSvc.PbSendMsg(MessageSvc.PbSendMsg)[0m
[0m2023-03-20 21:53:49 V/: Recv: MessageSvc.PbSendMsg[0m
[0m2023-03-20 21:53:57 V/: Send: MessageSvc.PbSendMsg(MessageSvc.PbSendMsg)[0m
[0m2023-03-20 21:53:57 V/: Recv: MessageSvc.PbSendMsg[0m
[0m2023-03-20 21:57:52 V/: Send: MessageSvc.PbSendMsg(MessageSvc.PbSendMsg)[0m
[0m2023-03-20 21:57:53 V/: Recv: MessageSvc.PbSendMsg[0m
[0m2023-03-20 21:58:54 V/: Send: MessageSvc.PbSendMsg(MessageSvc.PbSendMsg)[0m
[0m2023-03-20 21:58:54 V/: Recv: MessageSvc.PbSendMsg[0m
[0m2023-03-20 21:59:54 V/: Send: MessageSvc.PbSendMsg(MessageSvc.PbSendMsg)[0m
[0m2023-03-20 21:59:55 V/: Recv: MessageSvc.PbSendMsg[0m
[0m2023-03-20 22:00:41 V/: Send: MessageSvc.PbSendMsg(MessageSvc.PbSendMsg)[0m
[0m2023-03-20 22:00:41 V/: Recv: MessageSvc.PbSendMsg[0m
[0m2023-03-20 22:09:01 V/: Send: MessageSvc.PbSendMsg(MessageSvc.PbSendMsg)[0m
[0m2023-03-20 22:09:01 V/: Recv: MessageSvc.PbSendMsg[0m
[0m2023-03-20 22:09:02 V/: Send: MessageSvc.PbSendMsg(MessageSvc.PbSendMsg)[0m
[0m2023-03-20 22:09:03 V/: Recv: MessageSvc.PbSendMsg[0m
[0m2023-03-20 22:09:05 V/: Send: MessageSvc.PbSendMsg(MessageSvc.PbSendMsg)[0m
[0m2023-03-20 22:09:06 V/: Recv: MessageSvc.PbSendMsg[0m
[0m2023-03-20 22:09:17 V/: Send: MessageSvc.PbSendMsg(MessageSvc.PbSendMsg)[0m
[0m2023-03-20 22:09:17 V/: Recv: MessageSvc.PbSendMsg[0m
[0m2023-03-20 22:11:25 V/: Send: MessageSvc.PbSendMsg(MessageSvc.PbSendMsg)[0m
[0m2023-03-20 22:11:25 V/: Recv: MessageSvc.PbSendMsg[0m
[0m2023-03-20 22:11:34 V/: Send: MessageSvc.PbSendMsg(MessageSvc.PbSendMsg)[0m
[0m2023-03-20 22:11:34 V/: Recv: MessageSvc.PbSendMsg[0m
[0m2023-03-20 22:11:41 V/: Send: MessageSvc.PbSendMsg(MessageSvc.PbSendMsg)[0m
[0m2023-03-20 22:11:42 V/: Recv: MessageSvc.PbSendMsg[0m
[0m2023-03-20 22:11:43 V/: Send: MessageSvc.PbSendMsg(MessageSvc.PbSendMsg)[0m
[0m2023-03-20 22:11:44 V/: Recv: MessageSvc.PbSendMsg[0m
[0m2023-03-20 22:34:06 V/: Send: MessageSvc.PbSendMsg(MessageSvc.PbSendMsg)[0m
[0m2023-03-20 22:34:07 V/: Recv: MessageSvc.PbSendMsg[0m
[0m2023-03-20 22:34:12 V/: Send: MessageSvc.PbSendMsg(MessageSvc.PbSendMsg)[0m
[0m2023-03-20 22:34:12 V/: Recv: MessageSvc.PbSendMsg[0m
[0m2023-03-20 22:40:01 V/: Send: MessageSvc.PbSendMsg(MessageSvc.PbSendMsg)[0m
[0m2023-03-20 22:40:02 V/: Recv: MessageSvc.PbSendMsg[0m
[0m2023-03-20 23:37:58 V/: Send: MessageSvc.PbSendMsg(MessageSvc.PbSendMsg)[0m
[0m2023-03-20 23:37:58 V/: Recv: MessageSvc.PbSendMsg[0m
