[0m2023-03-19 00:02:09 V/: Send: MessageSvc.PbSendMsg(MessageSvc.PbSendMsg)[0m
[0m2023-03-19 00:02:09 V/: Recv: MessageSvc.PbSendMsg[0m
[0m2023-03-19 00:16:41 V/: Send: MessageSvc.PbSendMsg(MessageSvc.PbSendMsg)[0m
[0m2023-03-19 00:16:42 V/: Recv: MessageSvc.PbSendMsg[0m
[0m2023-03-19 00:16:46 V/: Send: MessageSvc.PbSendMsg(MessageSvc.PbSendMsg)[0m
[0m2023-03-19 00:16:47 V/: Recv: MessageSvc.PbSendMsg[0m
[0m2023-03-19 00:17:26 V/: Send: MessageSvc.PbSendMsg(MessageSvc.PbSendMsg)[0m
[0m2023-03-19 00:17:26 V/: Recv: MessageSvc.PbSendMsg[0m
[0m2023-03-19 00:17:37 V/: Send: MessageSvc.PbSendMsg(MessageSvc.PbSendMsg)[0m
[0m2023-03-19 00:17:38 V/: Recv: MessageSvc.PbSendMsg[0m
[0m2023-03-19 00:17:42 V/: Send: MessageSvc.PbSendMsg(MessageSvc.PbSendMsg)[0m
[0m2023-03-19 00:17:42 V/: Recv: MessageSvc.PbSendMsg[0m
[0m2023-03-19 00:27:24 V/: Send: MessageSvc.PbSendMsg(MessageSvc.PbSendMsg)[0m
[0m2023-03-19 00:27:24 V/: Recv: MessageSvc.PbSendMsg[0m
[0m2023-03-19 00:31:26 V/: Send: MessageSvc.PbSendMsg(MessageSvc.PbSendMsg)[0m
[0m2023-03-19 00:31:27 V/: Recv: MessageSvc.PbSendMsg[0m
[0m2023-03-19 00:31:43 V/: Send: MessageSvc.PbSendMsg(MessageSvc.PbSendMsg)[0m
[0m2023-03-19 00:31:43 V/: Recv: MessageSvc.PbSendMsg[0m
[0m2023-03-19 00:31:49 V/: Send: MessageSvc.PbSendMsg(MessageSvc.PbSendMsg)[0m
[0m2023-03-19 00:31:49 V/: Recv: MessageSvc.PbSendMsg[0m
[0m2023-03-19 00:32:11 V/: Send: MessageSvc.PbSendMsg(MessageSvc.PbSendMsg)[0m
[0m2023-03-19 00:32:12 V/: Recv: MessageSvc.PbSendMsg[0m
[0m2023-03-19 00:32:18 V/: Send: MessageSvc.PbSendMsg(MessageSvc.PbSendMsg)[0m
[0m2023-03-19 00:32:18 V/: Recv: MessageSvc.PbSendMsg[0m
[0m2023-03-19 00:33:29 V/: Send: MessageSvc.PbSendMsg(MessageSvc.PbSendMsg)[0m
[0m2023-03-19 00:33:30 V/: Recv: MessageSvc.PbSendMsg[0m
[0m2023-03-19 00:37:26 V/: Send: MessageSvc.PbSendMsg(MessageSvc.PbSendMsg)[0m
[0m2023-03-19 00:37:26 V/: Recv: MessageSvc.PbSendMsg[0m
[0m2023-03-19 00:37:28 V/: Send: MessageSvc.PbSendMsg(MessageSvc.PbSendMsg)[0m
[0m2023-03-19 00:37:28 V/: Recv: MessageSvc.PbSendMsg[0m
[0m2023-03-19 00:42:12 V/: Send: MessageSvc.PbSendMsg(MessageSvc.PbSendMsg)[0m
[0m2023-03-19 00:42:12 V/: Recv: MessageSvc.PbSendMsg[0m
[0m2023-03-19 00:45:13 V/: Send: MessageSvc.PbSendMsg(MessageSvc.PbSendMsg)[0m
[0m2023-03-19 00:45:13 V/: Recv: MessageSvc.PbSendMsg[0m
[0m2023-03-19 00:45:14 V/: Send: MessageSvc.PbSendMsg(MessageSvc.PbSendMsg)[0m
[0m2023-03-19 00:45:14 V/: Send: MessageSvc.PbSendMsg(MessageSvc.PbSendMsg)[0m
[0m2023-03-19 00:45:14 V/: Recv: MessageSvc.PbSendMsg[0m
[0m2023-03-19 00:45:14 V/: Recv: MessageSvc.PbSendMsg[0m
[0m2023-03-19 00:45:16 V/: Send: MessageSvc.PbSendMsg(MessageSvc.PbSendMsg)[0m
[0m2023-03-19 00:45:16 V/: Recv: MessageSvc.PbSendMsg[0m
[0m2023-03-19 00:45:23 V/: Send: MessageSvc.PbSendMsg(MessageSvc.PbSendMsg)[0m
[0m2023-03-19 00:45:24 V/: Recv: MessageSvc.PbSendMsg[0m
[0m2023-03-19 00:59:33 V/: Send: MessageSvc.PbSendMsg(MessageSvc.PbSendMsg)[0m
[0m2023-03-19 00:59:33 V/: Recv: MessageSvc.PbSendMsg[0m
[0m2023-03-19 00:59:40 V/: Send: MessageSvc.PbSendMsg(MessageSvc.PbSendMsg)[0m
[0m2023-03-19 00:59:40 V/: Recv: MessageSvc.PbSendMsg[0m
[0m2023-03-19 00:59:58 V/: Send: MessageSvc.PbSendMsg(MessageSvc.PbSendMsg)[0m
[0m2023-03-19 00:59:58 V/: Recv: MessageSvc.PbSendMsg[0m
[0m2023-03-19 01:00:07 V/: Send: MessageSvc.PbSendMsg(MessageSvc.PbSendMsg)[0m
[0m2023-03-19 01:00:07 V/: Recv: MessageSvc.PbSendMsg[0m
[0m2023-03-19 01:00:30 V/: Send: MessageSvc.PbSendMsg(MessageSvc.PbSendMsg)[0m
[0m2023-03-19 01:00:30 V/: Recv: MessageSvc.PbSendMsg[0m
[0m2023-03-19 01:06:06 V/: Send: MessageSvc.PbSendMsg(MessageSvc.PbSendMsg)[0m
[0m2023-03-19 01:06:06 V/: Recv: MessageSvc.PbSendMsg[0m
[0m2023-03-19 01:06:16 V/: Send: MessageSvc.PbSendMsg(MessageSvc.PbSendMsg)[0m
[0m2023-03-19 01:06:16 V/: Recv: MessageSvc.PbSendMsg[0m
[0m2023-03-19 01:11:24 V/: Send: MessageSvc.PbSendMsg(MessageSvc.PbSendMsg)[0m
[0m2023-03-19 01:11:24 V/: Recv: MessageSvc.PbSendMsg[0m
[0m2023-03-19 01:11:27 V/: Send: MessageSvc.PbSendMsg(MessageSvc.PbSendMsg)[0m
[0m2023-03-19 01:11:28 V/: Recv: MessageSvc.PbSendMsg[0m
[0m2023-03-19 01:11:36 V/: Send: MessageSvc.PbSendMsg(MessageSvc.PbSendMsg)[0m
[0m2023-03-19 01:11:36 V/: Recv: MessageSvc.PbSendMsg[0m
[0m2023-03-19 01:11:40 V/: Send: MessageSvc.PbSendMsg(MessageSvc.PbSendMsg)[0m
[0m2023-03-19 01:11:40 V/: Recv: MessageSvc.PbSendMsg[0m
[0m2023-03-19 01:11:45 V/: Send: MessageSvc.PbSendMsg(MessageSvc.PbSendMsg)[0m
[0m2023-03-19 01:11:45 V/: Recv: MessageSvc.PbSendMsg[0m
[0m2023-03-19 01:36:50 V/: Send: MessageSvc.PbSendMsg(MessageSvc.PbSendMsg)[0m
[0m2023-03-19 01:36:50 V/: Recv: MessageSvc.PbSendMsg[0m
[0m2023-03-19 01:36:58 V/: Send: MessageSvc.PbSendMsg(MessageSvc.PbSendMsg)[0m
[0m2023-03-19 01:36:58 V/: Recv: MessageSvc.PbSendMsg[0m
[0m2023-03-19 02:25:49 V/: Send: MessageSvc.PbSendMsg(MessageSvc.PbSendMsg)[0m
[0m2023-03-19 02:25:49 V/: Recv: MessageSvc.PbSendMsg[0m
[0m2023-03-19 03:11:20 V/: Send: MessageSvc.PbSendMsg(MessageSvc.PbSendMsg)[0m
[0m2023-03-19 03:11:20 V/: Recv: MessageSvc.PbSendMsg[0m
[0m2023-03-19 03:11:31 V/: Send: MessageSvc.PbSendMsg(MessageSvc.PbSendMsg)[0m
[0m2023-03-19 03:11:31 V/: Recv: MessageSvc.PbSendMsg[0m
[0m2023-03-19 03:11:35 V/: Send: MessageSvc.PbSendMsg(MessageSvc.PbSendMsg)[0m
[0m2023-03-19 03:11:35 V/: Recv: MessageSvc.PbSendMsg[0m
[0m2023-03-19 03:41:36 V/: Send: MessageSvc.PbSendMsg(MessageSvc.PbSendMsg)[0m
[0m2023-03-19 03:41:36 V/: Recv: MessageSvc.PbSendMsg[0m
[0m2023-03-19 03:41:46 V/: Send: MessageSvc.PbSendMsg(MessageSvc.PbSendMsg)[0m
[0m2023-03-19 03:41:47 V/: Recv: MessageSvc.PbSendMsg[0m
[91m2023-03-19 04:33:22 E/: Failed to refresh key.
java.lang.ArrayIndexOutOfBoundsException: Index 0 out of bounds for length 0
	at net.mamoe.mirai.internal.utils.crypto.TEA.pack(TEA.kt:325)
	at net.mamoe.mirai.internal.utils.crypto.TEA.doOption(TEA.kt:91)
	at net.mamoe.mirai.internal.utils.crypto.TEA.encrypt(TEA.kt:309)
	at net.mamoe.mirai.internal.network.protocol.packet.EncryptMethodSessionKeyNew.makeBody(EncryptMethod.kt:137)
	at net.mamoe.mirai.internal.network.protocol.packet.OutgoingPacketKt.writeOicqRequestPacket(OutgoingPacket.kt:281)
	at net.mamoe.mirai.internal.network.protocol.packet.login.wtlogin.WtLogin15.invoke(WtLogin15.kt:30)
	at net.mamoe.mirai.internal.network.components.KeyRefreshProcessorImpl.refreshKeysNow(KeyRefreshProcessor.kt:69)
	at net.mamoe.mirai.internal.network.components.KeyRefreshProcessorImpl$keyRefreshLoop$2$2.invokeSuspend(KeyRefreshProcessor.kt:60)
	at kotlin.coroutines.jvm.internal.BaseContinuationImpl.resumeWith(ContinuationImpl.kt:33)
	at kotlinx.coroutines.DispatchedTask.run(DispatchedTask.kt:106)
	at kotlinx.coroutines.scheduling.CoroutineScheduler.runSafely(CoroutineScheduler.kt:570)
	at kotlinx.coroutines.scheduling.CoroutineScheduler$Worker.executeTask(CoroutineScheduler.kt:750)
	at kotlinx.coroutines.scheduling.CoroutineScheduler$Worker.runWorker(CoroutineScheduler.kt:677)
	at kotlinx.coroutines.scheduling.CoroutineScheduler$Worker.run(CoroutineScheduler.kt:664)
[0m
[92m2023-03-19 04:33:22 I/: Scheduled key refresh in 23h 55min 0.0s.[0m
[0m2023-03-19 04:39:59 V/: Send: MessageSvc.PbSendMsg(MessageSvc.PbSendMsg)[0m
[0m2023-03-19 04:39:59 V/: Recv: MessageSvc.PbSendMsg[0m
[0m2023-03-19 07:47:25 V/: Send: MessageSvc.PbSendMsg(MessageSvc.PbSendMsg)[0m
[0m2023-03-19 07:47:25 V/: Recv: MessageSvc.PbSendMsg[0m
[0m2023-03-19 07:47:52 V/: Send: MessageSvc.PbSendMsg(MessageSvc.PbSendMsg)[0m
[0m2023-03-19 07:47:52 V/: Recv: MessageSvc.PbSendMsg[0m
[0m2023-03-19 07:47:59 V/: Send: MessageSvc.PbSendMsg(MessageSvc.PbSendMsg)[0m
[0m2023-03-19 07:47:59 V/: Recv: MessageSvc.PbSendMsg[0m
[0m2023-03-19 07:48:01 V/: Send: MessageSvc.PbSendMsg(MessageSvc.PbSendMsg)[0m
[0m2023-03-19 07:48:01 V/: Recv: MessageSvc.PbSendMsg[0m
[0m2023-03-19 07:48:04 V/: Send: MessageSvc.PbSendMsg(MessageSvc.PbSendMsg)[0m
[0m2023-03-19 07:48:04 V/: Recv: MessageSvc.PbSendMsg[0m
[0m2023-03-19 07:48:06 V/: Send: MessageSvc.PbSendMsg(MessageSvc.PbSendMsg)[0m
[0m2023-03-19 07:48:06 V/: Recv: MessageSvc.PbSendMsg[0m
[0m2023-03-19 07:48:09 V/: Send: MessageSvc.PbSendMsg(MessageSvc.PbSendMsg)[0m
[0m2023-03-19 07:48:09 V/: Recv: MessageSvc.PbSendMsg[0m
[0m2023-03-19 07:48:12 V/: Send: MessageSvc.PbSendMsg(MessageSvc.PbSendMsg)[0m
[0m2023-03-19 07:48:12 V/: Recv: MessageSvc.PbSendMsg[0m
[0m2023-03-19 07:51:38 V/: Send: MessageSvc.PbSendMsg(MessageSvc.PbSendMsg)[0m
[0m2023-03-19 07:51:38 V/: Recv: MessageSvc.PbSendMsg[0m
[0m2023-03-19 07:51:43 V/: Send: MessageSvc.PbSendMsg(MessageSvc.PbSendMsg)[0m
[0m2023-03-19 07:51:43 V/: Recv: MessageSvc.PbSendMsg[0m
[0m2023-03-19 07:51:46 V/: Send: MessageSvc.PbSendMsg(MessageSvc.PbSendMsg)[0m
[0m2023-03-19 07:51:46 V/: Recv: MessageSvc.PbSendMsg[0m
[0m2023-03-19 07:51:53 V/: Send: MessageSvc.PbSendMsg(MessageSvc.PbSendMsg)[0m
[0m2023-03-19 07:51:53 V/: Recv: MessageSvc.PbSendMsg[0m
[0m2023-03-19 08:32:54 V/: Send: MessageSvc.PbSendMsg(MessageSvc.PbSendMsg)[0m
[0m2023-03-19 08:32:55 V/: Recv: MessageSvc.PbSendMsg[0m
[0m2023-03-19 08:33:04 V/: Send: MessageSvc.PbSendMsg(MessageSvc.PbSendMsg)[0m
[0m2023-03-19 08:33:05 V/: Recv: MessageSvc.PbSendMsg[0m
[0m2023-03-19 08:38:45 V/: Send: MessageSvc.PbSendMsg(MessageSvc.PbSendMsg)[0m
[0m2023-03-19 08:38:45 V/: Recv: MessageSvc.PbSendMsg[0m
[0m2023-03-19 08:39:36 V/: Send: MessageSvc.PbSendMsg(MessageSvc.PbSendMsg)[0m
[0m2023-03-19 08:39:36 V/: Recv: MessageSvc.PbSendMsg[0m
[0m2023-03-19 08:39:38 V/: Send: LongConn.OffPicUp(LongConn.OffPicUp)[0m
[0m2023-03-19 08:39:38 V/: Recv: LongConn.OffPicUp[0m
[0m2023-03-19 08:39:39 V/: Send: LongConn.OffPicUp(LongConn.OffPicUp)[0m
[0m2023-03-19 08:39:39 V/: Send: LongConn.OffPicUp(LongConn.OffPicUp)[0m
[0m2023-03-19 08:39:39 V/: Recv: LongConn.OffPicUp[0m
[0m2023-03-19 08:39:39 V/: Recv: LongConn.OffPicUp[0m
[0m2023-03-19 08:39:39 V/: Send: LongConn.OffPicUp(LongConn.OffPicUp)[0m
[0m2023-03-19 08:39:39 V/: [Highway] Uploading private image to 180.110.193.248:443, size=2671.48 KiB[0m
[0m2023-03-19 08:39:39 V/: Recv: LongConn.OffPicUp[0m
[0m2023-03-19 08:39:39 V/: Send: LongConn.OffPicUp(LongConn.OffPicUp)[0m
[0m2023-03-19 08:39:39 V/: Send: LongConn.OffPicUp(LongConn.OffPicUp)[0m
[0m2023-03-19 08:39:39 V/: Send: LongConn.OffPicUp(LongConn.OffPicUp)[0m
[0m2023-03-19 08:39:39 V/: Send: LongConn.OffPicUp(LongConn.OffPicUp)[0m
[0m2023-03-19 08:39:39 V/: Recv: LongConn.OffPicUp[0m
[0m2023-03-19 08:39:39 V/: Send: LongConn.OffPicUp(LongConn.OffPicUp)[0m
[0m2023-03-19 08:39:39 V/: Recv: LongConn.OffPicUp[0m
[0m2023-03-19 08:39:39 V/: Send: LongConn.OffPicUp(LongConn.OffPicUp)[0m
[0m2023-03-19 08:39:39 V/: Send: LongConn.OffPicUp(LongConn.OffPicUp)[0m
[0m2023-03-19 08:39:40 V/: Recv: LongConn.OffPicUp[0m
[0m2023-03-19 08:39:40 V/: Send: LongConn.OffPicUp(LongConn.OffPicUp)[0m
[0m2023-03-19 08:39:40 V/: Recv: LongConn.OffPicUp[0m
[0m2023-03-19 08:39:40 V/: Recv: LongConn.OffPicUp[0m
[0m2023-03-19 08:39:40 V/: Recv: LongConn.OffPicUp[0m
[0m2023-03-19 08:39:40 V/: [Highway] Uploading private image to 180.110.193.248:443, size=988.86 KiB[0m
[0m2023-03-19 08:39:40 V/: Recv: LongConn.OffPicUp[0m
[0m2023-03-19 08:39:40 V/: Recv: LongConn.OffPicUp[0m
[0m2023-03-19 08:39:40 V/: Send: LongConn.OffPicUp(LongConn.OffPicUp)[0m
[0m2023-03-19 08:39:40 V/: Recv: LongConn.OffPicUp[0m
[0m2023-03-19 08:39:41 V/: [Highway] Uploading private image: succeed at 1039 KiB/s[0m
[0m2023-03-19 08:39:41 V/: Send: LongConn.OffPicUp(LongConn.OffPicUp)[0m
[0m2023-03-19 08:39:41 V/: Recv: LongConn.OffPicUp[0m
[0m2023-03-19 08:39:41 V/: [Highway] Uploading private image: succeed at 1317 KiB/s[0m
[0m2023-03-19 08:39:41 V/: Send: LongConn.OffPicUp(LongConn.OffPicUp)[0m
[0m2023-03-19 08:39:41 V/: Recv: LongConn.OffPicUp[0m
[0m2023-03-19 08:39:42 V/: Send: LongConn.OffPicUp(LongConn.OffPicUp)[0m
[0m2023-03-19 08:39:42 V/: Recv: LongConn.OffPicUp[0m
[0m2023-03-19 08:39:42 V/: Send: LongConn.OffPicUp(LongConn.OffPicUp)[0m
[0m2023-03-19 08:39:42 V/: Recv: LongConn.OffPicUp[0m
[0m2023-03-19 08:39:43 V/: Send: LongConn.OffPicUp(LongConn.OffPicUp)[0m
[0m2023-03-19 08:39:44 V/: Recv: LongConn.OffPicUp[0m
[0m2023-03-19 08:39:44 V/: Send: MessageSvc.PbSendMsg(MessageSvc.PbSendMsg)[0m
[0m2023-03-19 08:39:44 V/: Recv: MessageSvc.PbSendMsg[0m
[0m2023-03-19 08:39:45 V/: Send: MessageSvc.PbSendMsg(MessageSvc.PbSendMsg)[0m
[0m2023-03-19 08:39:45 V/: Recv: MessageSvc.PbSendMsg[0m
[0m2023-03-19 08:39:45 V/: Send: MessageSvc.PbSendMsg(MessageSvc.PbSendMsg)[0m
[0m2023-03-19 08:39:45 V/: Recv: MessageSvc.PbSendMsg[0m
[0m2023-03-19 08:39:46 V/: Send: MessageSvc.PbSendMsg(MessageSvc.PbSendMsg)[0m
[0m2023-03-19 08:39:46 V/: Recv: MessageSvc.PbSendMsg[0m
[0m2023-03-19 08:39:47 V/: Send: MessageSvc.PbSendMsg(MessageSvc.PbSendMsg)[0m
[0m2023-03-19 08:39:47 V/: Recv: MessageSvc.PbSendMsg[0m
[0m2023-03-19 08:39:47 V/: Send: MessageSvc.PbSendMsg(MessageSvc.PbSendMsg)[0m
[0m2023-03-19 08:39:47 V/: Recv: MessageSvc.PbSendMsg[0m
[0m2023-03-19 08:39:48 V/: Send: MessageSvc.PbSendMsg(MessageSvc.PbSendMsg)[0m
[0m2023-03-19 08:39:48 V/: Recv: MessageSvc.PbSendMsg[0m
[0m2023-03-19 08:39:49 V/: Send: MessageSvc.PbSendMsg(MessageSvc.PbSendMsg)[0m
[0m2023-03-19 08:39:49 V/: Recv: MessageSvc.PbSendMsg[0m
[0m2023-03-19 08:39:49 V/: Send: MessageSvc.PbSendMsg(MessageSvc.PbSendMsg)[0m
[0m2023-03-19 08:39:50 V/: Recv: MessageSvc.PbSendMsg[0m
[0m2023-03-19 08:39:50 V/: Send: MessageSvc.PbSendMsg(MessageSvc.PbSendMsg)[0m
[0m2023-03-19 08:39:50 V/: Recv: MessageSvc.PbSendMsg[0m
[0m2023-03-19 08:39:51 V/: Send: MessageSvc.PbSendMsg(MessageSvc.PbSendMsg)[0m
[0m2023-03-19 08:39:51 V/: Recv: MessageSvc.PbSendMsg[0m
[0m2023-03-19 08:39:51 V/: Send: MessageSvc.PbSendMsg(MessageSvc.PbSendMsg)[0m
[0m2023-03-19 08:39:52 V/: Recv: MessageSvc.PbSendMsg[0m
[0m2023-03-19 08:39:52 V/: Send: MessageSvc.PbSendMsg(MessageSvc.PbSendMsg)[0m
[0m2023-03-19 08:39:52 V/: Recv: MessageSvc.PbSendMsg[0m
[0m2023-03-19 08:39:53 V/: Send: MessageSvc.PbSendMsg(MessageSvc.PbSendMsg)[0m
[0m2023-03-19 08:39:53 V/: Recv: MessageSvc.PbSendMsg[0m
[0m2023-03-19 08:39:53 V/: Send: MessageSvc.PbSendMsg(MessageSvc.PbSendMsg)[0m
[0m2023-03-19 08:39:54 V/: Recv: MessageSvc.PbSendMsg[0m
[0m2023-03-19 08:39:54 V/: Send: MessageSvc.PbSendMsg(MessageSvc.PbSendMsg)[0m
[0m2023-03-19 08:39:54 V/: Recv: MessageSvc.PbSendMsg[0m
[0m2023-03-19 08:39:55 V/: Send: MessageSvc.PbSendMsg(MessageSvc.PbSendMsg)[0m
[0m2023-03-19 08:39:55 V/: Recv: MessageSvc.PbSendMsg[0m
[0m2023-03-19 08:39:55 V/: Send: MessageSvc.PbSendMsg(MessageSvc.PbSendMsg)[0m
[0m2023-03-19 08:39:56 V/: Recv: MessageSvc.PbSendMsg[0m
[0m2023-03-19 08:39:56 V/: Send: MessageSvc.PbSendMsg(MessageSvc.PbSendMsg)[0m
[0m2023-03-19 08:39:56 V/: Recv: MessageSvc.PbSendMsg[0m
[0m2023-03-19 08:39:57 V/: Send: MessageSvc.PbSendMsg(MessageSvc.PbSendMsg)[0m
[0m2023-03-19 08:39:57 V/: Recv: MessageSvc.PbSendMsg[0m
[0m2023-03-19 08:59:21 V/: Send: MessageSvc.PbSendMsg(MessageSvc.PbSendMsg)[0m
[0m2023-03-19 08:59:21 V/: Recv: MessageSvc.PbSendMsg[0m
[0m2023-03-19 08:59:27 V/: Send: MessageSvc.PbSendMsg(MessageSvc.PbSendMsg)[0m
[0m2023-03-19 08:59:27 V/: Recv: MessageSvc.PbSendMsg[0m
[0m2023-03-19 08:59:31 V/: Send: MessageSvc.PbSendMsg(MessageSvc.PbSendMsg)[0m
[0m2023-03-19 08:59:31 V/: Recv: MessageSvc.PbSendMsg[0m
[0m2023-03-19 08:59:33 V/: Send: MessageSvc.PbSendMsg(MessageSvc.PbSendMsg)[0m
[0m2023-03-19 08:59:33 V/: Recv: MessageSvc.PbSendMsg[0m
[0m2023-03-19 09:22:45 V/: Send: MessageSvc.PbSendMsg(MessageSvc.PbSendMsg)[0m
[0m2023-03-19 09:22:45 V/: Recv: MessageSvc.PbSendMsg[0m
[0m2023-03-19 09:22:50 V/: Send: MessageSvc.PbSendMsg(MessageSvc.PbSendMsg)[0m
[0m2023-03-19 09:22:51 V/: Recv: MessageSvc.PbSendMsg[0m
[0m2023-03-19 09:22:52 V/: Send: MessageSvc.PbSendMsg(MessageSvc.PbSendMsg)[0m
[0m2023-03-19 09:22:52 V/: Recv: MessageSvc.PbSendMsg[0m
[0m2023-03-19 09:54:17 V/: Send: MessageSvc.PbSendMsg(MessageSvc.PbSendMsg)[0m
[0m2023-03-19 09:54:17 V/: Recv: MessageSvc.PbSendMsg[0m
[0m2023-03-19 09:54:34 V/: Send: MessageSvc.PbSendMsg(MessageSvc.PbSendMsg)[0m
[0m2023-03-19 09:54:34 V/: Recv: MessageSvc.PbSendMsg[0m
[0m2023-03-19 09:54:40 V/: Send: MessageSvc.PbSendMsg(MessageSvc.PbSendMsg)[0m
[0m2023-03-19 09:54:40 V/: Recv: MessageSvc.PbSendMsg[0m
[0m2023-03-19 09:54:44 V/: Send: MessageSvc.PbSendMsg(MessageSvc.PbSendMsg)[0m
[0m2023-03-19 09:54:45 V/: Recv: MessageSvc.PbSendMsg[0m
[0m2023-03-19 10:13:15 V/: Send: MessageSvc.PbSendMsg(MessageSvc.PbSendMsg)[0m
[0m2023-03-19 10:13:16 V/: Recv: MessageSvc.PbSendMsg[0m
[0m2023-03-19 10:13:21 V/: Send: MessageSvc.PbSendMsg(MessageSvc.PbSendMsg)[0m
[0m2023-03-19 10:13:21 V/: Recv: MessageSvc.PbSendMsg[0m
[0m2023-03-19 10:13:23 V/: Send: MessageSvc.PbSendMsg(MessageSvc.PbSendMsg)[0m
[0m2023-03-19 10:13:23 V/: Recv: MessageSvc.PbSendMsg[0m
[0m2023-03-19 11:36:13 V/: Send: MessageSvc.PbSendMsg(MessageSvc.PbSendMsg)[0m
[0m2023-03-19 11:36:14 V/: Recv: MessageSvc.PbSendMsg[0m
[0m2023-03-19 11:39:27 V/: Send: MessageSvc.PbSendMsg(MessageSvc.PbSendMsg)[0m
[0m2023-03-19 11:39:27 V/: Recv: MessageSvc.PbSendMsg[0m
[0m2023-03-19 11:39:29 V/: Send: MessageSvc.PbSendMsg(MessageSvc.PbSendMsg)[0m
[0m2023-03-19 11:39:30 V/: Recv: MessageSvc.PbSendMsg[0m
[0m2023-03-19 11:39:35 V/: Send: MessageSvc.PbSendMsg(MessageSvc.PbSendMsg)[0m
[0m2023-03-19 11:39:35 V/: Recv: MessageSvc.PbSendMsg[0m
[0m2023-03-19 11:39:36 V/: Send: MessageSvc.PbSendMsg(MessageSvc.PbSendMsg)[0m
[0m2023-03-19 11:39:36 V/: Recv: MessageSvc.PbSendMsg[0m
[0m2023-03-19 11:39:39 V/: Send: MessageSvc.PbSendMsg(MessageSvc.PbSendMsg)[0m
[0m2023-03-19 11:39:39 V/: Recv: MessageSvc.PbSendMsg[0m
[0m2023-03-19 11:39:41 V/: Send: MessageSvc.PbSendMsg(MessageSvc.PbSendMsg)[0m
[0m2023-03-19 11:39:41 V/: Recv: MessageSvc.PbSendMsg[0m
[0m2023-03-19 11:49:38 V/: Send: MessageSvc.PbSendMsg(MessageSvc.PbSendMsg)[0m
[0m2023-03-19 11:49:38 V/: Recv: MessageSvc.PbSendMsg[0m
[0m2023-03-19 11:50:13 V/: Send: MessageSvc.PbSendMsg(MessageSvc.PbSendMsg)[0m
[0m2023-03-19 11:50:13 V/: Recv: MessageSvc.PbSendMsg[0m
[0m2023-03-19 11:52:29 V/: Send: MessageSvc.PbSendMsg(MessageSvc.PbSendMsg)[0m
[0m2023-03-19 11:52:30 V/: Recv: MessageSvc.PbSendMsg[0m
[0m2023-03-19 12:08:33 V/: Send: MessageSvc.PbSendMsg(MessageSvc.PbSendMsg)[0m
[0m2023-03-19 12:08:33 V/: Recv: MessageSvc.PbSendMsg[0m
[0m2023-03-19 12:21:52 V/: Send: MessageSvc.PbSendMsg(MessageSvc.PbSendMsg)[0m
[0m2023-03-19 12:21:52 V/: Recv: MessageSvc.PbSendMsg[0m
[0m2023-03-19 12:32:23 V/: Send: StatSvc.register(offline)[0m
[0m2023-03-19 14:55:52 V/Net 2629227874: Validated caches.[0m
[0m2023-03-19 14:55:52 V/Net 2629227874: Loading server list from cache.[0m
[0m2023-03-19 14:55:52 V/Net 2629227874: Server list: 42.81.194.79:443, 117.62.242.214:8080, 183.47.117.200:14000, 180.101.246.160:14000, 119.147.190.155:14000, 42.81.194.99:80, msfwifi.3g.qq.com:8080, 123.151.54.197:443, 183.47.99.24:8080, 180.101.246.45:80.[0m
[92m2023-03-19 14:55:53 I/Net 2629227874: ECDH key is invalid, start to fetch ecdh public key from server.[0m
[92m2023-03-19 14:55:53 I/Net 2629227874: Successfully fetched ecdh public key from server.[0m
[0m2023-03-19 14:55:53 V/Net 2629227874: Send: wtlogin.exchange_emp(10:fast-login)[0m
[0m2023-03-19 14:55:54 V/Net 2629227874: Recv: wtlogin.exchange_emp[0m
[0m2023-03-19 14:55:54 V/Net 2629227874: Send: StatSvc.register(online)[0m
[0m2023-03-19 14:55:54 V/Net 2629227874: Loading BdhSession from cache file[0m
[92m2023-03-19 14:55:54 I/Net 2629227874: Syncing friend message history...[0m
[92m2023-03-19 14:55:54 I/Net 2629227874: Server time updated, serverTime: 1679208954, diff: 0ms=0.0s[0m
[92m2023-03-19 14:55:54 I/Net 2629227874: Start loading friend list...[0m
[0m2023-03-19 14:55:54 V/Net 2629227874: Recv: StatSvc.register[0m
[92m2023-03-19 14:55:54 I/Net 2629227874: Start loading stranger list...[0m
[92m2023-03-19 14:55:54 I/Net 2629227874: Start loading friendGroup list...[0m
[0m2023-03-19 14:55:54 V/Net 2629227874: Send: StatSvc.GetDevLoginInfo(StatSvc.GetDevLoginInfo)[0m
[0m2023-03-19 14:55:54 V/Net 2629227874: Send: OidbSvc.0x496(OidbSvc.0x496)[0m
[0m2023-03-19 14:55:54 V/Net 2629227874: Send: friendlist.getFriendGroupList(friendlist.getFriendGroupList)[0m
[0m2023-03-19 14:55:54 V/Net 2629227874: Send: friendlist.getFriendGroupList(friendlist.getFriendGroupList)[0m
[0m2023-03-19 14:55:54 V/Net 2629227874: Send: OidbSvc.0x5d2_0(OidbSvc.0x5d2_0)[0m
[0m2023-03-19 14:55:54 V/Net 2629227874: Recv: OidbSvc.0x5d2_0[0m
[92m2023-03-19 14:55:54 I/Net 2629227874: Successfully loaded stranger list: 0 in total[0m
[0m2023-03-19 14:55:54 V/Net 2629227874: Recv: StatSvc.GetDevLoginInfo[0m
[92m2023-03-19 14:55:54 I/Net 2629227874: Online OtherClients: mirai(IOS)[0m
[92m2023-03-19 14:55:54 I/Net 2629227874: Start loading group list...[0m
[0m2023-03-19 14:55:54 V/Net 2629227874: Recv: OidbSvc.0x496[0m
[0m2023-03-19 14:55:54 V/Net 2629227874: Send: friendlist.GetTroopListReqV2(friendlist.GetTroopListReqV2)[0m
[0m2023-03-19 14:55:54 V/Net 2629227874: Recv: friendlist.getFriendGroupList[0m
[0m2023-03-19 14:55:54 V/Net 2629227874: Loading friend list: 10/10[0m
[92m2023-03-19 14:55:54 I/Net 2629227874: Successfully loaded friend list: 10 in total[0m
[0m2023-03-19 14:55:54 V/Net 2629227874: Recv: friendlist.getFriendGroupList[0m
[0m2023-03-19 14:55:54 V/Net 2629227874: Loading friendGroup list: 4/4[0m
[92m2023-03-19 14:55:54 I/Net 2629227874: Successfully loaded friendGroup list: 4 in total[0m
[0m2023-03-19 14:55:54 V/Net 2629227874: Recv: friendlist.GetTroopListReqV2[0m
[0m2023-03-19 14:55:54 V/Net 2629227874: Send: friendlist.GetTroopMemberListReq(friendlist.GetTroopMemberListReq)[0m
[0m2023-03-19 14:55:54 V/Net 2629227874: Send: friendlist.GetTroopMemberListReq(friendlist.GetTroopMemberListReq)[0m
[0m2023-03-19 14:55:54 V/Net 2629227874: Send: friendlist.GetTroopMemberListReq(friendlist.GetTroopMemberListReq)[0m
[0m2023-03-19 14:55:54 V/Net 2629227874: Recv: friendlist.GetTroopMemberListReq[0m
[0m2023-03-19 14:55:54 V/Net 2629227874: Recv: friendlist.GetTroopMemberListReq[0m
[0m2023-03-19 14:55:54 V/Net 2629227874: Send: friendlist.GetTroopMemberListReq(friendlist.GetTroopMemberListReq)[0m
[0m2023-03-19 14:55:54 V/Net 2629227874: Recv: friendlist.GetTroopMemberListReq[0m
[0m2023-03-19 14:55:54 V/Net 2629227874: Send: friendlist.GetTroopMemberListReq(friendlist.GetTroopMemberListReq)[0m
[0m2023-03-19 14:55:55 V/Net 2629227874: Recv: friendlist.GetTroopMemberListReq[0m
[0m2023-03-19 14:55:55 V/Net 2629227874: Send: friendlist.GetTroopMemberListReq(friendlist.GetTroopMemberListReq)[0m
[0m2023-03-19 14:55:55 V/Net 2629227874: Recv: friendlist.GetTroopMemberListReq[0m
[0m2023-03-19 14:55:55 V/Net 2629227874: Send: friendlist.GetTroopMemberListReq(friendlist.GetTroopMemberListReq)[0m
[0m2023-03-19 14:55:55 V/Net 2629227874: Recv: friendlist.GetTroopMemberListReq[0m
[0m2023-03-19 14:55:55 V/Net 2629227874: Send: friendlist.GetTroopMemberListReq(friendlist.GetTroopMemberListReq)[0m
[0m2023-03-19 14:55:55 V/Net 2629227874: Recv: friendlist.GetTroopMemberListReq[0m
[0m2023-03-19 14:55:55 V/Net 2629227874: Send: friendlist.GetTroopMemberListReq(friendlist.GetTroopMemberListReq)[0m
[0m2023-03-19 14:55:55 V/Net 2629227874: Recv: friendlist.GetTroopMemberListReq[0m
[0m2023-03-19 14:55:55 V/Net 2629227874: Send: friendlist.GetTroopMemberListReq(friendlist.GetTroopMemberListReq)[0m
[0m2023-03-19 14:55:55 V/Net 2629227874: Recv: friendlist.GetTroopMemberListReq[0m
[0m2023-03-19 14:55:55 V/Net 2629227874: Recv: friendlist.GetTroopMemberListReq[0m
[0m2023-03-19 14:55:55 V/Net 2629227874: Send: friendlist.GetTroopMemberListReq(friendlist.GetTroopMemberListReq)[0m
[0m2023-03-19 14:55:56 V/Net 2629227874: Recv: friendlist.GetTroopMemberListReq[0m
[92m2023-03-19 14:55:56 I/Net 2629227874: Successfully loaded group list: 3 in total.[0m
[92m2023-03-19 14:55:56 I/Net 2629227874: Scheduled key refresh in 23h 55min 0.0s.[0m
[92m2023-03-19 14:55:56 I/Net 2629227874: Scheduled refresh login session in 19d 23h 55min 0.0s.[0m
[92m2023-03-19 14:55:56 I/Net 2629227874: Syncing friend message history: Success.[0m
[0m2023-03-19 14:55:56 V/Net 2629227874: Send: MessageSvc.PbSendMsg(MessageSvc.PbSendMsg)[0m
[0m2023-03-19 14:55:56 V/Net 2629227874: Send: MessageSvc.PbSendMsg(MessageSvc.PbSendMsg)[0m
[0m2023-03-19 14:55:56 V/Net 2629227874: Send: MessageSvc.PbSendMsg(MessageSvc.PbSendMsg)[0m
[0m2023-03-19 14:55:57 V/Net 2629227874: Recv: MessageSvc.PbSendMsg[0m
[0m2023-03-19 14:55:57 V/Net 2629227874: Saving bdh session to cache[0m
[0m2023-03-19 14:55:57 V/Net 2629227874: Send: ConfigPushSvc.PushResp(ConfigPushSvc.PushResp)[0m
[0m2023-03-19 14:55:57 V/Net 2629227874: Recv: ConfigPushSvc.PushReq[0m
[0m2023-03-19 14:55:57 V/Net 2629227874: Recv: MessageSvc.PbSendMsg[0m
[0m2023-03-19 14:55:57 V/Net 2629227874: Recv: MessageSvc.PbSendMsg[0m
[0m2023-03-19 14:55:57 V/Net 2629227874: Send: MessageSvc.PbSendMsg(MessageSvc.PbSendMsg)[0m
[0m2023-03-19 14:55:57 V/Net 2629227874: Recv: MessageSvc.PbSendMsg[0m
[0m2023-03-19 14:55:57 V/Net 2629227874: Send: MessageSvc.PbSendMsg(MessageSvc.PbSendMsg)[0m
[0m2023-03-19 14:55:57 V/Net 2629227874: Recv: MessageSvc.PbSendMsg[0m
[0m2023-03-19 14:56:02 V/Net 2629227874: Server list: msfwifi.3g.qq.com:8080, 42.81.184.253:80, 14.22.9.53:8080, 183.47.98.25:14000, 183.47.98.11:14000, 180.102.111.213:80, 180.101.246.169:8080, 42.81.179.212:443, 117.62.242.81:14000, 221.238.41.118:443.[0m
[0m2023-03-19 14:56:02 V/Net 2629227874: Saving bdh session to cache[0m
[0m2023-03-19 14:56:02 V/Net 2629227874: Saving server list to cache[0m
[0m2023-03-19 14:56:02 V/Net 2629227874: Send: ConfigPushSvc.PushResp(ConfigPushSvc.PushResp)[0m
[0m2023-03-19 14:56:02 V/Net 2629227874: Recv: ConfigPushSvc.PushReq[0m
[0m2023-03-19 14:56:12 V/Net 2629227874: Send: MessageSvc.PbSendMsg(MessageSvc.PbSendMsg)[0m
[0m2023-03-19 14:56:13 V/Net 2629227874: Recv: MessageSvc.PbSendMsg[0m
[0m2023-03-19 14:56:26 V/Net 2629227874: Send: MessageSvc.PbSendMsg(MessageSvc.PbSendMsg)[0m
[0m2023-03-19 14:56:26 V/Net 2629227874: Recv: MessageSvc.PbSendMsg[0m
[0m2023-03-19 15:00:27 V/Net 2629227874: Send: MessageSvc.PbSendMsg(MessageSvc.PbSendMsg)[0m
[0m2023-03-19 15:00:27 V/Net 2629227874: Recv: MessageSvc.PbSendMsg[0m
[0m2023-03-19 15:22:44 V/Net 2629227874: Send: MessageSvc.PbSendMsg(MessageSvc.PbSendMsg)[0m
[0m2023-03-19 15:22:44 V/Net 2629227874: Recv: MessageSvc.PbSendMsg[0m
[0m2023-03-19 15:22:52 V/Net 2629227874: Send: MessageSvc.PbSendMsg(MessageSvc.PbSendMsg)[0m
[0m2023-03-19 15:22:52 V/Net 2629227874: Recv: MessageSvc.PbSendMsg[0m
[0m2023-03-19 15:22:56 V/Net 2629227874: Send: MessageSvc.PbSendMsg(MessageSvc.PbSendMsg)[0m
[0m2023-03-19 15:22:57 V/Net 2629227874: Recv: MessageSvc.PbSendMsg[0m
[0m2023-03-19 15:22:59 V/Net 2629227874: Send: MessageSvc.PbSendMsg(MessageSvc.PbSendMsg)[0m
[0m2023-03-19 15:22:59 V/Net 2629227874: Recv: MessageSvc.PbSendMsg[0m
[0m2023-03-19 15:23:01 V/Net 2629227874: Send: MessageSvc.PbSendMsg(MessageSvc.PbSendMsg)[0m
[0m2023-03-19 15:23:01 V/Net 2629227874: Recv: MessageSvc.PbSendMsg[0m
[0m2023-03-19 15:23:02 V/Net 2629227874: Send: MessageSvc.PbSendMsg(MessageSvc.PbSendMsg)[0m
[0m2023-03-19 15:23:02 V/Net 2629227874: Recv: MessageSvc.PbSendMsg[0m
[0m2023-03-19 15:23:03 V/Net 2629227874: Send: MessageSvc.PbSendMsg(MessageSvc.PbSendMsg)[0m
[0m2023-03-19 15:23:03 V/Net 2629227874: Send: MessageSvc.PbSendMsg(MessageSvc.PbSendMsg)[0m
[0m2023-03-19 15:23:04 V/Net 2629227874: Recv: MessageSvc.PbSendMsg[0m
[0m2023-03-19 15:23:04 V/Net 2629227874: Recv: MessageSvc.PbSendMsg[0m
[0m2023-03-19 15:23:07 V/Net 2629227874: Send: MessageSvc.PbSendMsg(MessageSvc.PbSendMsg)[0m
[0m2023-03-19 15:23:07 V/Net 2629227874: Recv: MessageSvc.PbSendMsg[0m
[0m2023-03-19 15:23:12 V/Net 2629227874: Send: MessageSvc.PbSendMsg(MessageSvc.PbSendMsg)[0m
[0m2023-03-19 15:23:12 V/Net 2629227874: Recv: MessageSvc.PbSendMsg[0m
[0m2023-03-19 15:23:13 V/Net 2629227874: Send: MessageSvc.PbSendMsg(MessageSvc.PbSendMsg)[0m
[0m2023-03-19 15:23:14 V/Net 2629227874: Recv: MessageSvc.PbSendMsg[0m
[0m2023-03-19 15:23:21 V/Net 2629227874: Send: MessageSvc.PbSendMsg(MessageSvc.PbSendMsg)[0m
[0m2023-03-19 15:23:21 V/Net 2629227874: Recv: MessageSvc.PbSendMsg[0m
[0m2023-03-19 15:23:23 V/Net 2629227874: Send: MessageSvc.PbSendMsg(MessageSvc.PbSendMsg)[0m
[0m2023-03-19 15:23:24 V/Net 2629227874: Recv: MessageSvc.PbSendMsg[0m
[0m2023-03-19 15:23:26 V/Net 2629227874: Send: MessageSvc.PbSendMsg(MessageSvc.PbSendMsg)[0m
[0m2023-03-19 15:23:27 V/Net 2629227874: Recv: MessageSvc.PbSendMsg[0m
[0m2023-03-19 15:36:29 V/Net 2629227874: Send: MessageSvc.PbSendMsg(MessageSvc.PbSendMsg)[0m
[0m2023-03-19 15:36:29 V/Net 2629227874: Recv: MessageSvc.PbSendMsg[0m
[0m2023-03-19 15:36:30 V/Net 2629227874: Send: MessageSvc.PbSendMsg(MessageSvc.PbSendMsg)[0m
[0m2023-03-19 15:36:31 V/Net 2629227874: Recv: MessageSvc.PbSendMsg[0m
[0m2023-03-19 15:36:33 V/Net 2629227874: Send: MessageSvc.PbSendMsg(MessageSvc.PbSendMsg)[0m
[0m2023-03-19 15:36:34 V/Net 2629227874: Recv: MessageSvc.PbSendMsg[0m
[0m2023-03-19 15:36:40 V/Net 2629227874: Send: MessageSvc.PbSendMsg(MessageSvc.PbSendMsg)[0m
[0m2023-03-19 15:36:40 V/Net 2629227874: Recv: MessageSvc.PbSendMsg[0m
[0m2023-03-19 15:44:05 V/Net 2629227874: Send: MessageSvc.PbSendMsg(MessageSvc.PbSendMsg)[0m
[0m2023-03-19 15:44:06 V/Net 2629227874: Recv: MessageSvc.PbSendMsg[0m
[0m2023-03-19 15:44:07 V/Net 2629227874: Send: MessageSvc.PbSendMsg(MessageSvc.PbSendMsg)[0m
[0m2023-03-19 15:44:08 V/Net 2629227874: Recv: MessageSvc.PbSendMsg[0m
[0m2023-03-19 15:44:12 V/Net 2629227874: Send: MessageSvc.PbSendMsg(MessageSvc.PbSendMsg)[0m
[0m2023-03-19 15:44:13 V/Net 2629227874: Recv: MessageSvc.PbSendMsg[0m
[0m2023-03-19 15:44:16 V/Net 2629227874: Send: MessageSvc.PbSendMsg(MessageSvc.PbSendMsg)[0m
[0m2023-03-19 15:44:16 V/Net 2629227874: Recv: MessageSvc.PbSendMsg[0m
[0m2023-03-19 15:46:36 V/Net 2629227874: Send: MessageSvc.PbSendMsg(MessageSvc.PbSendMsg)[0m
[0m2023-03-19 15:46:36 V/Net 2629227874: Recv: MessageSvc.PbSendMsg[0m
[0m2023-03-19 15:46:40 V/Net 2629227874: Send: MessageSvc.PbSendMsg(MessageSvc.PbSendMsg)[0m
[0m2023-03-19 15:46:41 V/Net 2629227874: Recv: MessageSvc.PbSendMsg[0m
[0m2023-03-19 16:05:49 V/Net 2629227874: Send: MessageSvc.PbSendMsg(MessageSvc.PbSendMsg)[0m
[0m2023-03-19 16:05:49 V/Net 2629227874: Recv: MessageSvc.PbSendMsg[0m
[0m2023-03-19 16:05:52 V/Net 2629227874: Send: MessageSvc.PbSendMsg(MessageSvc.PbSendMsg)[0m
[0m2023-03-19 16:05:52 V/Net 2629227874: Recv: MessageSvc.PbSendMsg[0m
[0m2023-03-19 16:05:58 V/Net 2629227874: Send: MessageSvc.PbSendMsg(MessageSvc.PbSendMsg)[0m
[0m2023-03-19 16:05:58 V/Net 2629227874: Recv: MessageSvc.PbSendMsg[0m
[0m2023-03-19 16:16:48 V/Net 2629227874: Send: MessageSvc.PbSendMsg(MessageSvc.PbSendMsg)[0m
[0m2023-03-19 16:16:48 V/Net 2629227874: Recv: MessageSvc.PbSendMsg[0m
[0m2023-03-19 16:16:53 V/Net 2629227874: Send: MessageSvc.PbSendMsg(MessageSvc.PbSendMsg)[0m
[0m2023-03-19 16:16:53 V/Net 2629227874: Recv: MessageSvc.PbSendMsg[0m
[0m2023-03-19 16:16:56 V/Net 2629227874: Send: MessageSvc.PbSendMsg(MessageSvc.PbSendMsg)[0m
[0m2023-03-19 16:16:56 V/Net 2629227874: Recv: MessageSvc.PbSendMsg[0m
[0m2023-03-19 16:16:59 V/Net 2629227874: Send: MessageSvc.PbSendMsg(MessageSvc.PbSendMsg)[0m
[0m2023-03-19 16:16:59 V/Net 2629227874: Recv: MessageSvc.PbSendMsg[0m
[0m2023-03-19 17:09:10 V/Net 2629227874: Send: MessageSvc.PbSendMsg(MessageSvc.PbSendMsg)[0m
[0m2023-03-19 17:09:10 V/Net 2629227874: Recv: MessageSvc.PbSendMsg[0m
[0m2023-03-19 17:22:37 V/Net 2629227874: Send: MessageSvc.PbSendMsg(MessageSvc.PbSendMsg)[0m
[0m2023-03-19 17:22:37 V/Net 2629227874: Recv: MessageSvc.PbSendMsg[0m
[0m2023-03-19 17:25:45 V/Net 2629227874: Send: MessageSvc.PbSendMsg(MessageSvc.PbSendMsg)[0m
[0m2023-03-19 17:25:45 V/Net 2629227874: Recv: MessageSvc.PbSendMsg[0m
[0m2023-03-19 17:25:52 V/Net 2629227874: Send: MessageSvc.PbSendMsg(MessageSvc.PbSendMsg)[0m
[0m2023-03-19 17:25:52 V/Net 2629227874: Recv: MessageSvc.PbSendMsg[0m
[0m2023-03-19 17:25:54 V/Net 2629227874: Send: MessageSvc.PbSendMsg(MessageSvc.PbSendMsg)[0m
[0m2023-03-19 17:25:54 V/Net 2629227874: Recv: MessageSvc.PbSendMsg[0m
[0m2023-03-19 18:12:39 V/Net 2629227874: Send: MessageSvc.PbSendMsg(MessageSvc.PbSendMsg)[0m
[0m2023-03-19 18:12:39 V/Net 2629227874: Recv: MessageSvc.PbSendMsg[0m
[0m2023-03-19 18:12:44 V/Net 2629227874: Send: MessageSvc.PbSendMsg(MessageSvc.PbSendMsg)[0m
[0m2023-03-19 18:12:44 V/Net 2629227874: Recv: MessageSvc.PbSendMsg[0m
[0m2023-03-19 18:12:46 V/Net 2629227874: Send: MessageSvc.PbSendMsg(MessageSvc.PbSendMsg)[0m
[0m2023-03-19 18:12:46 V/Net 2629227874: Recv: MessageSvc.PbSendMsg[0m
[0m2023-03-19 18:12:48 V/Net 2629227874: Send: MessageSvc.PbSendMsg(MessageSvc.PbSendMsg)[0m
[0m2023-03-19 18:12:48 V/Net 2629227874: Recv: MessageSvc.PbSendMsg[0m
[0m2023-03-19 18:44:10 V/Net 2629227874: Send: MessageSvc.PbSendMsg(MessageSvc.PbSendMsg)[0m
[0m2023-03-19 18:44:10 V/Net 2629227874: Recv: MessageSvc.PbSendMsg[0m
[0m2023-03-19 18:44:20 V/Net 2629227874: Send: MessageSvc.PbSendMsg(MessageSvc.PbSendMsg)[0m
[0m2023-03-19 18:44:20 V/Net 2629227874: Recv: MessageSvc.PbSendMsg[0m
[0m2023-03-19 18:44:22 V/Net 2629227874: Send: MessageSvc.PbSendMsg(MessageSvc.PbSendMsg)[0m
[0m2023-03-19 18:44:22 V/Net 2629227874: Recv: MessageSvc.PbSendMsg[0m
[0m2023-03-19 18:44:23 V/Net 2629227874: Send: MessageSvc.PbSendMsg(MessageSvc.PbSendMsg)[0m
[0m2023-03-19 18:44:24 V/Net 2629227874: Recv: MessageSvc.PbSendMsg[0m
[0m2023-03-19 18:44:27 V/Net 2629227874: Send: MessageSvc.PbSendMsg(MessageSvc.PbSendMsg)[0m
[0m2023-03-19 18:44:27 V/Net 2629227874: Recv: MessageSvc.PbSendMsg[0m
[0m2023-03-19 18:44:28 V/Net 2629227874: Send: MessageSvc.PbSendMsg(MessageSvc.PbSendMsg)[0m
[0m2023-03-19 18:44:29 V/Net 2629227874: Recv: MessageSvc.PbSendMsg[0m
[0m2023-03-19 18:44:29 V/Net 2629227874: Send: MessageSvc.PbSendMsg(MessageSvc.PbSendMsg)[0m
[0m2023-03-19 18:44:30 V/Net 2629227874: Recv: MessageSvc.PbSendMsg[0m
[0m2023-03-19 18:44:31 V/Net 2629227874: Send: MessageSvc.PbSendMsg(MessageSvc.PbSendMsg)[0m
[0m2023-03-19 18:44:32 V/Net 2629227874: Recv: MessageSvc.PbSendMsg[0m
[0m2023-03-19 18:44:35 V/Net 2629227874: Send: MessageSvc.PbSendMsg(MessageSvc.PbSendMsg)[0m
[0m2023-03-19 18:44:35 V/Net 2629227874: Recv: MessageSvc.PbSendMsg[0m
[0m2023-03-19 18:44:35 V/Net 2629227874: Send: MessageSvc.PbSendMsg(MessageSvc.PbSendMsg)[0m
[0m2023-03-19 18:44:36 V/Net 2629227874: Recv: MessageSvc.PbSendMsg[0m
[0m2023-03-19 19:00:18 V/Net 2629227874: Send: MessageSvc.PbSendMsg(MessageSvc.PbSendMsg)[0m
[0m2023-03-19 19:00:18 V/Net 2629227874: Recv: MessageSvc.PbSendMsg[0m
[0m2023-03-19 19:00:23 V/Net 2629227874: Send: MessageSvc.PbSendMsg(MessageSvc.PbSendMsg)[0m
[0m2023-03-19 19:00:24 V/Net 2629227874: Recv: MessageSvc.PbSendMsg[0m
[0m2023-03-19 19:00:25 V/Net 2629227874: Send: MessageSvc.PbSendMsg(MessageSvc.PbSendMsg)[0m
[0m2023-03-19 19:00:25 V/Net 2629227874: Recv: MessageSvc.PbSendMsg[0m
[0m2023-03-19 19:00:27 V/Net 2629227874: Send: MessageSvc.PbSendMsg(MessageSvc.PbSendMsg)[0m
[0m2023-03-19 19:00:28 V/Net 2629227874: Recv: MessageSvc.PbSendMsg[0m
[0m2023-03-19 19:00:28 V/Net 2629227874: Send: MessageSvc.PbSendMsg(MessageSvc.PbSendMsg)[0m
[0m2023-03-19 19:00:28 V/Net 2629227874: Recv: MessageSvc.PbSendMsg[0m
[0m2023-03-19 19:00:30 V/Net 2629227874: Send: MessageSvc.PbSendMsg(MessageSvc.PbSendMsg)[0m
[0m2023-03-19 19:00:30 V/Net 2629227874: Recv: MessageSvc.PbSendMsg[0m
[0m2023-03-19 19:00:35 V/Net 2629227874: Send: MessageSvc.PbSendMsg(MessageSvc.PbSendMsg)[0m
[0m2023-03-19 19:00:36 V/Net 2629227874: Recv: MessageSvc.PbSendMsg[0m
[0m2023-03-19 19:43:16 V/Net 2629227874: Recv: OnlinePush.PbPushTransMsg[0m
[0m2023-03-19 19:47:21 V/Net 2629227874: Send: MessageSvc.PbSendMsg(MessageSvc.PbSendMsg)[0m
[0m2023-03-19 19:47:22 V/Net 2629227874: Recv: MessageSvc.PbSendMsg[0m
[0m2023-03-19 19:53:25 V/Net 2629227874: Send: MessageSvc.PbSendMsg(MessageSvc.PbSendMsg)[0m
[0m2023-03-19 19:53:26 V/Net 2629227874: Recv: MessageSvc.PbSendMsg[0m
[0m2023-03-19 19:59:52 V/Net 2629227874: Send: MessageSvc.PbSendMsg(MessageSvc.PbSendMsg)[0m
[0m2023-03-19 19:59:52 V/Net 2629227874: Recv: MessageSvc.PbSendMsg[0m
[0m2023-03-19 20:01:06 V/Net 2629227874: Send: MessageSvc.PbSendMsg(MessageSvc.PbSendMsg)[0m
[0m2023-03-19 20:01:07 V/Net 2629227874: Recv: MessageSvc.PbSendMsg[0m
[0m2023-03-19 20:03:28 V/Net 2629227874: Send: MessageSvc.PbSendMsg(MessageSvc.PbSendMsg)[0m
[0m2023-03-19 20:03:28 V/Net 2629227874: Recv: MessageSvc.PbSendMsg[0m
[0m2023-03-19 20:04:21 V/Net 2629227874: Send: MessageSvc.PbSendMsg(MessageSvc.PbSendMsg)[0m
[0m2023-03-19 20:04:21 V/Net 2629227874: Recv: MessageSvc.PbSendMsg[0m
[0m2023-03-19 20:06:19 V/Net 2629227874: Send: MessageSvc.PbSendMsg(MessageSvc.PbSendMsg)[0m
[0m2023-03-19 20:06:20 V/Net 2629227874: Recv: MessageSvc.PbSendMsg[0m
[0m2023-03-19 20:17:24 V/Net 2629227874: Send: MessageSvc.PbSendMsg(MessageSvc.PbSendMsg)[0m
[0m2023-03-19 20:17:25 V/Net 2629227874: Recv: MessageSvc.PbSendMsg[0m
[0m2023-03-19 20:22:19 V/Net 2629227874: Send: MessageSvc.PbSendMsg(MessageSvc.PbSendMsg)[0m
[0m2023-03-19 20:22:19 V/Net 2629227874: Recv: MessageSvc.PbSendMsg[0m
[0m2023-03-19 20:55:05 V/Net 2629227874: Send: MessageSvc.PbSendMsg(MessageSvc.PbSendMsg)[0m
[0m2023-03-19 20:55:05 V/Net 2629227874: Recv: MessageSvc.PbSendMsg[0m
[0m2023-03-19 20:55:06 V/Net 2629227874: Send: MessageSvc.PbSendMsg(MessageSvc.PbSendMsg)[0m
[0m2023-03-19 20:55:07 V/Net 2629227874: Recv: MessageSvc.PbSendMsg[0m
[0m2023-03-19 20:55:15 V/Net 2629227874: Send: MessageSvc.PbSendMsg(MessageSvc.PbSendMsg)[0m
[0m2023-03-19 20:55:16 V/Net 2629227874: Recv: MessageSvc.PbSendMsg[0m
[0m2023-03-19 20:55:19 V/Net 2629227874: Send: MessageSvc.PbSendMsg(MessageSvc.PbSendMsg)[0m
[0m2023-03-19 20:55:20 V/Net 2629227874: Recv: MessageSvc.PbSendMsg[0m
[0m2023-03-19 20:55:24 V/Net 2629227874: Send: MessageSvc.PbSendMsg(MessageSvc.PbSendMsg)[0m
[0m2023-03-19 20:55:24 V/Net 2629227874: Recv: MessageSvc.PbSendMsg[0m
[0m2023-03-19 20:55:30 V/Net 2629227874: Send: MessageSvc.PbSendMsg(MessageSvc.PbSendMsg)[0m
[0m2023-03-19 20:55:31 V/Net 2629227874: Recv: MessageSvc.PbSendMsg[0m
[0m2023-03-19 20:55:38 V/Net 2629227874: Send: MessageSvc.PbSendMsg(MessageSvc.PbSendMsg)[0m
[0m2023-03-19 20:55:38 V/Net 2629227874: Recv: MessageSvc.PbSendMsg[0m
[0m2023-03-19 20:55:55 V/Net 2629227874: Send: MessageSvc.PbSendMsg(MessageSvc.PbSendMsg)[0m
[0m2023-03-19 20:55:55 V/Net 2629227874: Recv: MessageSvc.PbSendMsg[0m
[0m2023-03-19 21:02:42 V/Net 2629227874: Send: MessageSvc.PbSendMsg(MessageSvc.PbSendMsg)[0m
[0m2023-03-19 21:02:42 V/Net 2629227874: Recv: MessageSvc.PbSendMsg[0m
[0m2023-03-19 21:25:37 V/Net 2629227874: Send: MessageSvc.PbSendMsg(MessageSvc.PbSendMsg)[0m
[0m2023-03-19 21:25:37 V/Net 2629227874: Recv: MessageSvc.PbSendMsg[0m
[0m2023-03-19 21:25:41 V/Net 2629227874: Send: MessageSvc.PbSendMsg(MessageSvc.PbSendMsg)[0m
[0m2023-03-19 21:25:41 V/Net 2629227874: Recv: MessageSvc.PbSendMsg[0m
[0m2023-03-19 21:25:51 V/Net 2629227874: Send: MessageSvc.PbSendMsg(MessageSvc.PbSendMsg)[0m
[0m2023-03-19 21:25:51 V/Net 2629227874: Recv: MessageSvc.PbSendMsg[0m
[0m2023-03-19 21:25:58 V/Net 2629227874: Send: MessageSvc.PbSendMsg(MessageSvc.PbSendMsg)[0m
[0m2023-03-19 21:25:58 V/Net 2629227874: Recv: MessageSvc.PbSendMsg[0m
[0m2023-03-19 21:36:33 V/Net 2629227874: Send: MessageSvc.PbSendMsg(MessageSvc.PbSendMsg)[0m
[0m2023-03-19 21:36:33 V/Net 2629227874: Recv: MessageSvc.PbSendMsg[0m
[0m2023-03-19 21:36:38 V/Net 2629227874: Send: MessageSvc.PbSendMsg(MessageSvc.PbSendMsg)[0m
[0m2023-03-19 21:36:39 V/Net 2629227874: Recv: MessageSvc.PbSendMsg[0m
[0m2023-03-19 21:36:42 V/Net 2629227874: Send: MessageSvc.PbSendMsg(MessageSvc.PbSendMsg)[0m
[0m2023-03-19 21:36:42 V/Net 2629227874: Recv: MessageSvc.PbSendMsg[0m
[0m2023-03-19 21:36:50 V/Net 2629227874: Send: MessageSvc.PbSendMsg(MessageSvc.PbSendMsg)[0m
[0m2023-03-19 21:36:50 V/Net 2629227874: Recv: MessageSvc.PbSendMsg[0m
[0m2023-03-19 21:37:03 V/Net 2629227874: Send: MessageSvc.PbSendMsg(MessageSvc.PbSendMsg)[0m
[0m2023-03-19 21:37:03 V/Net 2629227874: Recv: MessageSvc.PbSendMsg[0m
[0m2023-03-19 21:44:27 V/Net 2629227874: Recv: StatSvc.SvcReqMSFLoginNotify[0m
[0m2023-03-19 21:44:51 V/Net 2629227874: Send: MessageSvc.PbSendMsg(MessageSvc.PbSendMsg)[0m
[0m2023-03-19 21:44:51 V/Net 2629227874: Recv: MessageSvc.PbSendMsg[0m
[0m2023-03-19 21:45:35 V/Net 2629227874: Send: MessageSvc.PbSendMsg(MessageSvc.PbSendMsg)[0m
[0m2023-03-19 21:45:35 V/Net 2629227874: Recv: MessageSvc.PbSendMsg[0m
[0m2023-03-19 21:45:41 V/Net 2629227874: Send: MessageSvc.PbSendMsg(MessageSvc.PbSendMsg)[0m
[0m2023-03-19 21:45:41 V/Net 2629227874: Recv: MessageSvc.PbSendMsg[0m
[0m2023-03-19 21:55:21 V/Net 2629227874: Send: MessageSvc.PbSendMsg(MessageSvc.PbSendMsg)[0m
[0m2023-03-19 21:55:21 V/Net 2629227874: Recv: MessageSvc.PbSendMsg[0m
[0m2023-03-19 22:00:04 V/Net 2629227874: Send: MessageSvc.PbSendMsg(MessageSvc.PbSendMsg)[0m
[0m2023-03-19 22:00:05 V/Net 2629227874: Recv: MessageSvc.PbSendMsg[0m
[0m2023-03-19 22:03:24 V/Net 2629227874: Send: MessageSvc.PbSendMsg(MessageSvc.PbSendMsg)[0m
[0m2023-03-19 22:03:24 V/Net 2629227874: Recv: MessageSvc.PbSendMsg[0m
[0m2023-03-19 22:26:50 V/Net 2629227874: Send: MessageSvc.PbSendMsg(MessageSvc.PbSendMsg)[0m
[0m2023-03-19 22:26:51 V/Net 2629227874: Recv: MessageSvc.PbSendMsg[0m
[0m2023-03-19 22:26:58 V/Net 2629227874: Send: MessageSvc.PbSendMsg(MessageSvc.PbSendMsg)[0m
[0m2023-03-19 22:26:59 V/Net 2629227874: Recv: MessageSvc.PbSendMsg[0m
[0m2023-03-19 22:27:05 V/Net 2629227874: Send: MessageSvc.PbSendMsg(MessageSvc.PbSendMsg)[0m
[0m2023-03-19 22:27:05 V/Net 2629227874: Recv: MessageSvc.PbSendMsg[0m
[0m2023-03-19 22:27:12 V/Net 2629227874: Send: MessageSvc.PbSendMsg(MessageSvc.PbSendMsg)[0m
[0m2023-03-19 22:27:13 V/Net 2629227874: Recv: MessageSvc.PbSendMsg[0m
[0m2023-03-19 22:27:23 V/Net 2629227874: Send: MessageSvc.PbSendMsg(MessageSvc.PbSendMsg)[0m
[0m2023-03-19 22:27:23 V/Net 2629227874: Recv: MessageSvc.PbSendMsg[0m
[0m2023-03-19 22:42:30 V/Net 2629227874: Send: MessageSvc.PbSendMsg(MessageSvc.PbSendMsg)[0m
[0m2023-03-19 22:42:31 V/Net 2629227874: Recv: MessageSvc.PbSendMsg[0m
[0m2023-03-19 22:42:39 V/Net 2629227874: Send: MessageSvc.PbSendMsg(MessageSvc.PbSendMsg)[0m
[0m2023-03-19 22:42:40 V/Net 2629227874: Recv: MessageSvc.PbSendMsg[0m
[0m2023-03-19 22:42:45 V/Net 2629227874: Send: MessageSvc.PbSendMsg(MessageSvc.PbSendMsg)[0m
[0m2023-03-19 22:42:45 V/Net 2629227874: Recv: MessageSvc.PbSendMsg[0m
[0m2023-03-19 22:44:20 V/Net 2629227874: Send: MessageSvc.PbSendMsg(MessageSvc.PbSendMsg)[0m
[0m2023-03-19 22:44:21 V/Net 2629227874: Recv: MessageSvc.PbSendMsg[0m
[0m2023-03-19 22:44:24 V/Net 2629227874: Send: MessageSvc.PbSendMsg(MessageSvc.PbSendMsg)[0m
[0m2023-03-19 22:44:25 V/Net 2629227874: Recv: MessageSvc.PbSendMsg[0m
[0m2023-03-19 22:44:31 V/Net 2629227874: Send: MessageSvc.PbSendMsg(MessageSvc.PbSendMsg)[0m
[0m2023-03-19 22:44:31 V/Net 2629227874: Recv: MessageSvc.PbSendMsg[0m
[0m2023-03-19 22:47:49 V/Net 2629227874: Send: MessageSvc.PbSendMsg(MessageSvc.PbSendMsg)[0m
[0m2023-03-19 22:47:50 V/Net 2629227874: Recv: MessageSvc.PbSendMsg[0m
[0m2023-03-19 22:51:52 V/Net 2629227874: Send: MessageSvc.PbSendMsg(MessageSvc.PbSendMsg)[0m
[0m2023-03-19 22:51:52 V/Net 2629227874: Recv: MessageSvc.PbSendMsg[0m
[0m2023-03-19 22:58:00 V/Net 2629227874: Send: MessageSvc.PbSendMsg(MessageSvc.PbSendMsg)[0m
[0m2023-03-19 22:58:00 V/Net 2629227874: Recv: MessageSvc.PbSendMsg[0m
[0m2023-03-19 22:58:21 V/Net 2629227874: Send: MessageSvc.PbSendMsg(MessageSvc.PbSendMsg)[0m
[0m2023-03-19 22:58:22 V/Net 2629227874: Recv: MessageSvc.PbSendMsg[0m
[0m2023-03-19 22:58:23 V/Net 2629227874: Send: MessageSvc.PbSendMsg(MessageSvc.PbSendMsg)[0m
[0m2023-03-19 22:58:23 V/Net 2629227874: Recv: MessageSvc.PbSendMsg[0m
[0m2023-03-19 22:58:32 V/Net 2629227874: Send: MessageSvc.PbSendMsg(MessageSvc.PbSendMsg)[0m
[0m2023-03-19 22:58:32 V/Net 2629227874: Recv: MessageSvc.PbSendMsg[0m
[0m2023-03-19 22:58:47 V/Net 2629227874: Send: MessageSvc.PbSendMsg(MessageSvc.PbSendMsg)[0m
[0m2023-03-19 22:58:48 V/Net 2629227874: Recv: MessageSvc.PbSendMsg[0m
[0m2023-03-19 23:17:14 V/Net 2629227874: Send: MessageSvc.PbSendMsg(MessageSvc.PbSendMsg)[0m
[0m2023-03-19 23:17:14 V/Net 2629227874: Recv: MessageSvc.PbSendMsg[0m
[0m2023-03-19 23:17:20 V/Net 2629227874: Send: MessageSvc.PbSendMsg(MessageSvc.PbSendMsg)[0m
[0m2023-03-19 23:17:20 V/Net 2629227874: Recv: MessageSvc.PbSendMsg[0m
[0m2023-03-19 23:17:22 V/Net 2629227874: Send: MessageSvc.PbSendMsg(MessageSvc.PbSendMsg)[0m
[0m2023-03-19 23:17:22 V/Net 2629227874: Recv: MessageSvc.PbSendMsg[0m
[0m2023-03-19 23:20:36 V/Net 2629227874: Send: MessageSvc.PbSendMsg(MessageSvc.PbSendMsg)[0m
[0m2023-03-19 23:20:36 V/Net 2629227874: Recv: MessageSvc.PbSendMsg[0m
[0m2023-03-19 23:20:45 V/Net 2629227874: Send: MessageSvc.PbSendMsg(MessageSvc.PbSendMsg)[0m
[0m2023-03-19 23:20:45 V/Net 2629227874: Recv: MessageSvc.PbSendMsg[0m
[0m2023-03-19 23:20:52 V/Net 2629227874: Send: MessageSvc.PbSendMsg(MessageSvc.PbSendMsg)[0m
[0m2023-03-19 23:20:52 V/Net 2629227874: Recv: MessageSvc.PbSendMsg[0m
[0m2023-03-19 23:34:57 V/Net 2629227874: Send: MessageSvc.PbSendMsg(MessageSvc.PbSendMsg)[0m
[0m2023-03-19 23:34:58 V/Net 2629227874: Recv: MessageSvc.PbSendMsg[0m
[0m2023-03-19 23:55:11 V/Net 2629227874: Send: MessageSvc.PbSendMsg(MessageSvc.PbSendMsg)[0m
[0m2023-03-19 23:55:11 V/Net 2629227874: Recv: MessageSvc.PbSendMsg[0m
[0m2023-03-19 23:55:12 V/Net 2629227874: Send: MessageSvc.PbSendMsg(MessageSvc.PbSendMsg)[0m
[0m2023-03-19 23:55:13 V/Net 2629227874: Recv: MessageSvc.PbSendMsg[0m
[0m2023-03-19 23:55:20 V/Net 2629227874: Send: MessageSvc.PbSendMsg(MessageSvc.PbSendMsg)[0m
[0m2023-03-19 23:55:21 V/Net 2629227874: Recv: MessageSvc.PbSendMsg[0m
[0m2023-03-19 23:55:29 V/Net 2629227874: Send: MessageSvc.PbSendMsg(MessageSvc.PbSendMsg)[0m
[0m2023-03-19 23:55:30 V/Net 2629227874: Recv: MessageSvc.PbSendMsg[0m
