[0m2023-03-31 00:13:23 V/: Send: MessageSvc.PbSendMsg(MessageSvc.PbSendMsg)[0m
[0m2023-03-31 00:13:23 V/: Recv: MessageSvc.PbSendMsg[0m
[0m2023-03-31 00:13:41 V/: Send: MessageSvc.PbSendMsg(MessageSvc.PbSendMsg)[0m
[0m2023-03-31 00:13:42 V/: Recv: MessageSvc.PbSendMsg[0m
[0m2023-03-31 00:13:44 V/: Send: LongConn.OffPicUp(LongConn.OffPicUp)[0m
[0m2023-03-31 00:13:44 V/: Recv: LongConn.OffPicUp[0m
[0m2023-03-31 00:13:44 V/: Send: LongConn.OffPicUp(LongConn.OffPicUp)[0m
[0m2023-03-31 00:13:44 V/: Recv: LongConn.OffPicUp[0m
[0m2023-03-31 00:13:44 V/: Send: LongConn.OffPicUp(LongConn.OffPicUp)[0m
[0m2023-03-31 00:13:44 V/: Send: LongConn.OffPicUp(LongConn.OffPicUp)[0m
[0m2023-03-31 00:13:45 V/: [Highway] Uploading private image to 180.110.193.248:443, size=1070.4 KiB[0m
[0m2023-03-31 00:13:45 V/: Recv: LongConn.OffPicUp[0m
[0m2023-03-31 00:13:45 V/: Recv: LongConn.OffPicUp[0m
[0m2023-03-31 00:13:45 V/: Send: LongConn.OffPicUp(LongConn.OffPicUp)[0m
[0m2023-03-31 00:13:45 V/: Send: LongConn.OffPicUp(LongConn.OffPicUp)[0m
[0m2023-03-31 00:13:45 V/: Recv: LongConn.OffPicUp[0m
[0m2023-03-31 00:13:45 V/: Recv: LongConn.OffPicUp[0m
[0m2023-03-31 00:13:45 V/: Send: LongConn.OffPicUp(LongConn.OffPicUp)[0m
[0m2023-03-31 00:13:45 V/: [Highway] Uploading private image: succeed at 1529 KiB/s[0m
[0m2023-03-31 00:13:45 V/: Send: LongConn.OffPicUp(LongConn.OffPicUp)[0m
[0m2023-03-31 00:13:45 V/: Recv: LongConn.OffPicUp[0m
[0m2023-03-31 00:13:45 V/: Send: LongConn.OffPicUp(LongConn.OffPicUp)[0m
[0m2023-03-31 00:13:46 V/: Recv: LongConn.OffPicUp[0m
[0m2023-03-31 00:13:46 V/: Recv: LongConn.OffPicUp[0m
[0m2023-03-31 00:13:46 V/: Send: LongConn.OffPicUp(LongConn.OffPicUp)[0m
[0m2023-03-31 00:13:46 V/: Send: LongConn.OffPicUp(LongConn.OffPicUp)[0m
[0m2023-03-31 00:13:46 V/: Send: LongConn.OffPicUp(LongConn.OffPicUp)[0m
[0m2023-03-31 00:13:46 V/: Recv: LongConn.OffPicUp[0m
[0m2023-03-31 00:13:46 V/: Recv: LongConn.OffPicUp[0m
[0m2023-03-31 00:13:46 V/: Recv: LongConn.OffPicUp[0m
[0m2023-03-31 00:13:46 V/: Send: LongConn.OffPicUp(LongConn.OffPicUp)[0m
[0m2023-03-31 00:13:47 V/: Recv: LongConn.OffPicUp[0m
[0m2023-03-31 00:13:47 V/: Send: LongConn.OffPicUp(LongConn.OffPicUp)[0m
[0m2023-03-31 00:13:47 V/: Send: LongConn.OffPicUp(LongConn.OffPicUp)[0m
[0m2023-03-31 00:13:47 V/: Recv: LongConn.OffPicUp[0m
[0m2023-03-31 00:13:47 V/: Recv: LongConn.OffPicUp[0m
[0m2023-03-31 00:13:47 V/: Send: LongConn.OffPicUp(LongConn.OffPicUp)[0m
[0m2023-03-31 00:13:47 V/: Recv: LongConn.OffPicUp[0m
[0m2023-03-31 00:13:48 V/: Send: LongConn.OffPicUp(LongConn.OffPicUp)[0m
[0m2023-03-31 00:13:48 V/: Send: LongConn.OffPicUp(LongConn.OffPicUp)[0m
[0m2023-03-31 00:13:48 V/: Recv: LongConn.OffPicUp[0m
[0m2023-03-31 00:13:48 V/: Recv: LongConn.OffPicUp[0m
[0m2023-03-31 00:13:48 V/: Send: LongConn.OffPicUp(LongConn.OffPicUp)[0m
[0m2023-03-31 00:13:48 V/: Recv: LongConn.OffPicUp[0m
[0m2023-03-31 00:13:48 V/: Send: MessageSvc.PbSendMsg(MessageSvc.PbSendMsg)[0m
[0m2023-03-31 00:13:49 V/: Recv: MessageSvc.PbSendMsg[0m
[0m2023-03-31 00:13:49 V/: Send: MessageSvc.PbSendMsg(MessageSvc.PbSendMsg)[0m
[0m2023-03-31 00:13:49 V/: Recv: MessageSvc.PbSendMsg[0m
[0m2023-03-31 00:13:50 V/: Send: MessageSvc.PbSendMsg(MessageSvc.PbSendMsg)[0m
[0m2023-03-31 00:13:50 V/: Recv: MessageSvc.PbSendMsg[0m
[0m2023-03-31 00:13:51 V/: Send: MessageSvc.PbSendMsg(MessageSvc.PbSendMsg)[0m
[0m2023-03-31 00:13:51 V/: Recv: MessageSvc.PbSendMsg[0m
[0m2023-03-31 00:13:52 V/: Send: MessageSvc.PbSendMsg(MessageSvc.PbSendMsg)[0m
[0m2023-03-31 00:13:52 V/: Recv: MessageSvc.PbSendMsg[0m
[0m2023-03-31 00:13:52 V/: Send: MessageSvc.PbSendMsg(MessageSvc.PbSendMsg)[0m
[0m2023-03-31 00:13:53 V/: Recv: MessageSvc.PbSendMsg[0m
[0m2023-03-31 00:13:53 V/: Send: MessageSvc.PbSendMsg(MessageSvc.PbSendMsg)[0m
[0m2023-03-31 00:13:54 V/: Recv: MessageSvc.PbSendMsg[0m
[0m2023-03-31 00:13:54 V/: Send: MessageSvc.PbSendMsg(MessageSvc.PbSendMsg)[0m
[0m2023-03-31 00:13:54 V/: Recv: MessageSvc.PbSendMsg[0m
[0m2023-03-31 00:13:55 V/: Send: MessageSvc.PbSendMsg(MessageSvc.PbSendMsg)[0m
[0m2023-03-31 00:13:55 V/: Recv: MessageSvc.PbSendMsg[0m
[0m2023-03-31 00:13:56 V/: Send: MessageSvc.PbSendMsg(MessageSvc.PbSendMsg)[0m
[0m2023-03-31 00:13:56 V/: Recv: MessageSvc.PbSendMsg[0m
[0m2023-03-31 00:13:57 V/: Send: MessageSvc.PbSendMsg(MessageSvc.PbSendMsg)[0m
[0m2023-03-31 00:13:57 V/: Recv: MessageSvc.PbSendMsg[0m
[0m2023-03-31 00:13:57 V/: Send: MessageSvc.PbSendMsg(MessageSvc.PbSendMsg)[0m
[0m2023-03-31 00:13:58 V/: Recv: MessageSvc.PbSendMsg[0m
[0m2023-03-31 00:13:58 V/: Send: MessageSvc.PbSendMsg(MessageSvc.PbSendMsg)[0m
[0m2023-03-31 00:13:59 V/: Recv: MessageSvc.PbSendMsg[0m
[0m2023-03-31 00:13:59 V/: Send: MessageSvc.PbSendMsg(MessageSvc.PbSendMsg)[0m
[0m2023-03-31 00:13:59 V/: Recv: MessageSvc.PbSendMsg[0m
[0m2023-03-31 00:14:00 V/: Send: MessageSvc.PbSendMsg(MessageSvc.PbSendMsg)[0m
[0m2023-03-31 00:14:00 V/: Recv: MessageSvc.PbSendMsg[0m
[0m2023-03-31 00:14:01 V/: Send: MessageSvc.PbSendMsg(MessageSvc.PbSendMsg)[0m
[0m2023-03-31 00:14:01 V/: Recv: MessageSvc.PbSendMsg[0m
[0m2023-03-31 00:14:02 V/: Send: MessageSvc.PbSendMsg(MessageSvc.PbSendMsg)[0m
[0m2023-03-31 00:14:02 V/: Recv: MessageSvc.PbSendMsg[0m
[0m2023-03-31 00:14:02 V/: Send: MessageSvc.PbSendMsg(MessageSvc.PbSendMsg)[0m
[0m2023-03-31 00:14:03 V/: Recv: MessageSvc.PbSendMsg[0m
[0m2023-03-31 00:14:03 V/: Send: MessageSvc.PbSendMsg(MessageSvc.PbSendMsg)[0m
[0m2023-03-31 00:14:03 V/: Recv: MessageSvc.PbSendMsg[0m
[0m2023-03-31 00:14:04 V/: Send: MessageSvc.PbSendMsg(MessageSvc.PbSendMsg)[0m
[0m2023-03-31 00:14:04 V/: Recv: MessageSvc.PbSendMsg[0m
[0m2023-03-31 00:45:03 V/: Send: MessageSvc.PbSendMsg(MessageSvc.PbSendMsg)[0m
[0m2023-03-31 00:45:03 V/: Recv: MessageSvc.PbSendMsg[0m
[0m2023-03-31 00:45:08 V/: Send: MessageSvc.PbSendMsg(MessageSvc.PbSendMsg)[0m
[0m2023-03-31 00:45:09 V/: Recv: MessageSvc.PbSendMsg[0m
[0m2023-03-31 00:45:15 V/: Send: MessageSvc.PbSendMsg(MessageSvc.PbSendMsg)[0m
[0m2023-03-31 00:45:16 V/: Recv: MessageSvc.PbSendMsg[0m
[0m2023-03-31 00:45:21 V/: Send: MessageSvc.PbSendMsg(MessageSvc.PbSendMsg)[0m
[0m2023-03-31 00:45:21 V/: Recv: MessageSvc.PbSendMsg[0m
[0m2023-03-31 00:45:22 V/: Send: MessageSvc.PbSendMsg(MessageSvc.PbSendMsg)[0m
[0m2023-03-31 00:45:22 V/: Recv: MessageSvc.PbSendMsg[0m
[0m2023-03-31 01:01:11 V/: Send: StatSvc.register(offline)[0m
[0m2023-03-31 01:02:00 V/Net 2629227874: Validated caches.[0m
[0m2023-03-31 01:02:00 V/Net 2629227874: Loading server list from cache.[0m
[0m2023-03-31 01:02:00 V/Net 2629227874: Server list: 123.151.54.91:443, 183.47.117.200:14000, msfwifi.3g.qq.com:8080, 123.151.54.38:443, 14.22.9.53:8080, 123.151.54.177:80, 117.62.243.225:80, 183.47.102.62:14000, 180.101.246.45:14000, 180.101.246.26:8080.[0m
[92m2023-03-31 01:02:00 I/Net 2629227874: ECDH key is invalid, start to fetch ecdh public key from server.[0m
[92m2023-03-31 01:02:01 I/Net 2629227874: Successfully fetched ecdh public key from server.[0m
[0m2023-03-31 01:02:01 V/Net 2629227874: Send: wtlogin.exchange_emp(10:fast-login)[0m
[0m2023-03-31 01:02:01 V/Net 2629227874: Recv: wtlogin.exchange_emp[0m
[0m2023-03-31 01:02:01 V/Net 2629227874: Send: StatSvc.register(online)[0m
[92m2023-03-31 01:02:01 I/Net 2629227874: Server time updated, serverTime: 1680195722, diff: 1ms=0.001s[0m
[0m2023-03-31 01:02:01 V/Net 2629227874: Recv: StatSvc.register[0m
[0m2023-03-31 01:02:01 V/Net 2629227874: Loading BdhSession from cache file[0m
[92m2023-03-31 01:02:01 I/Net 2629227874: Syncing friend message history...[0m
[92m2023-03-31 01:02:01 I/Net 2629227874: Start loading friend list...[0m
[92m2023-03-31 01:02:01 I/Net 2629227874: Start loading stranger list...[0m
[0m2023-03-31 01:02:01 V/Net 2629227874: Send: StatSvc.GetDevLoginInfo(StatSvc.GetDevLoginInfo)[0m
[92m2023-03-31 01:02:02 I/Net 2629227874: Start loading friendGroup list...[0m
[0m2023-03-31 01:02:02 V/Net 2629227874: Send: OidbSvc.0x496(OidbSvc.0x496)[0m
[0m2023-03-31 01:02:02 V/Net 2629227874: Send: friendlist.getFriendGroupList(friendlist.getFriendGroupList)[0m
[0m2023-03-31 01:02:02 V/Net 2629227874: Send: friendlist.getFriendGroupList(friendlist.getFriendGroupList)[0m
[0m2023-03-31 01:02:02 V/Net 2629227874: Send: OidbSvc.0x5d2_0(OidbSvc.0x5d2_0)[0m
[0m2023-03-31 01:02:02 V/Net 2629227874: Recv: StatSvc.GetDevLoginInfo[0m
[92m2023-03-31 01:02:02 I/Net 2629227874: No OtherClient online.[0m
[92m2023-03-31 01:02:02 I/Net 2629227874: Syncing friend message history: Success.[0m
[0m2023-03-31 01:02:02 V/Net 2629227874: Recv: OidbSvc.0x5d2_0[0m
[92m2023-03-31 01:02:02 I/Net 2629227874: Successfully loaded stranger list: 0 in total[0m
[92m2023-03-31 01:02:02 I/Net 2629227874: Start loading group list...[0m
[0m2023-03-31 01:02:02 V/Net 2629227874: Recv: OidbSvc.0x496[0m
[0m2023-03-31 01:02:02 V/Net 2629227874: Send: friendlist.GetTroopListReqV2(friendlist.GetTroopListReqV2)[0m
[0m2023-03-31 01:02:02 V/Net 2629227874: Recv: friendlist.getFriendGroupList[0m
[0m2023-03-31 01:02:02 V/Net 2629227874: Loading friendGroup list: 4/4[0m
[92m2023-03-31 01:02:02 I/Net 2629227874: Successfully loaded friendGroup list: 4 in total[0m
[0m2023-03-31 01:02:02 V/Net 2629227874: Recv: friendlist.getFriendGroupList[0m
[0m2023-03-31 01:02:02 V/Net 2629227874: Loading friend list: 10/10[0m
[92m2023-03-31 01:02:02 I/Net 2629227874: Successfully loaded friend list: 10 in total[0m
[0m2023-03-31 01:02:02 V/Net 2629227874: Recv: friendlist.GetTroopListReqV2[0m
[0m2023-03-31 01:02:02 V/Net 2629227874: Send: friendlist.GetTroopMemberListReq(friendlist.GetTroopMemberListReq)[0m
[0m2023-03-31 01:02:02 V/Net 2629227874: Send: friendlist.GetTroopMemberListReq(friendlist.GetTroopMemberListReq)[0m
[0m2023-03-31 01:02:02 V/Net 2629227874: Send: friendlist.GetTroopMemberListReq(friendlist.GetTroopMemberListReq)[0m
[0m2023-03-31 01:02:02 V/Net 2629227874: Send: friendlist.GetTroopMemberListReq(friendlist.GetTroopMemberListReq)[0m
[0m2023-03-31 01:02:02 V/Net 2629227874: Recv: friendlist.GetTroopMemberListReq[0m
[0m2023-03-31 01:02:02 V/Net 2629227874: Recv: friendlist.GetTroopMemberListReq[0m
[0m2023-03-31 01:02:02 V/Net 2629227874: Send: friendlist.GetTroopMemberListReq(friendlist.GetTroopMemberListReq)[0m
[0m2023-03-31 01:02:02 V/Net 2629227874: Recv: friendlist.GetTroopMemberListReq[0m
[0m2023-03-31 01:02:02 V/Net 2629227874: Recv: friendlist.GetTroopMemberListReq[0m
[0m2023-03-31 01:02:02 V/Net 2629227874: Send: friendlist.GetTroopMemberListReq(friendlist.GetTroopMemberListReq)[0m
[0m2023-03-31 01:02:02 V/Net 2629227874: Recv: friendlist.GetTroopMemberListReq[0m
[0m2023-03-31 01:02:02 V/Net 2629227874: Send: friendlist.GetTroopMemberListReq(friendlist.GetTroopMemberListReq)[0m
[0m2023-03-31 01:02:02 V/Net 2629227874: Recv: friendlist.GetTroopMemberListReq[0m
[0m2023-03-31 01:02:02 V/Net 2629227874: Send: friendlist.GetTroopMemberListReq(friendlist.GetTroopMemberListReq)[0m
[0m2023-03-31 01:02:03 V/Net 2629227874: Recv: friendlist.GetTroopMemberListReq[0m
[0m2023-03-31 01:02:03 V/Net 2629227874: Send: friendlist.GetTroopMemberListReq(friendlist.GetTroopMemberListReq)[0m
[0m2023-03-31 01:02:03 V/Net 2629227874: Recv: friendlist.GetTroopMemberListReq[0m
[0m2023-03-31 01:02:03 V/Net 2629227874: Send: friendlist.GetTroopMemberListReq(friendlist.GetTroopMemberListReq)[0m
[0m2023-03-31 01:02:03 V/Net 2629227874: Recv: friendlist.GetTroopMemberListReq[0m
[0m2023-03-31 01:02:03 V/Net 2629227874: Recv: friendlist.GetTroopMemberListReq[0m
[0m2023-03-31 01:02:03 V/Net 2629227874: Send: friendlist.GetTroopMemberListReq(friendlist.GetTroopMemberListReq)[0m
[0m2023-03-31 01:02:03 V/Net 2629227874: Recv: friendlist.GetTroopMemberListReq[0m
[0m2023-03-31 01:02:03 V/Net 2629227874: Send: friendlist.GetTroopMemberListReq(friendlist.GetTroopMemberListReq)[0m
[0m2023-03-31 01:02:03 V/Net 2629227874: Recv: friendlist.GetTroopMemberListReq[0m
[92m2023-03-31 01:02:03 I/Net 2629227874: Successfully loaded group list: 4 in total.[0m
[92m2023-03-31 01:02:04 I/Net 2629227874: Scheduled refresh login session in 19d 23h 55min 0.0s.[0m
[92m2023-03-31 01:02:04 I/Net 2629227874: Scheduled key refresh in 23h 55min 0.0s.[0m
[0m2023-03-31 01:02:05 V/Net 2629227874: Server list: 42.81.194.23:80, msfwifi.3g.qq.com:8080, 114.222.112.229:80, 42.81.194.23:443, 183.47.98.90:14000, 221.238.41.118:443, 180.102.111.105:8080, 58.212.179.34:8080, 183.47.117.157:14000, 119.147.190.138:8080.[0m
[0m2023-03-31 01:02:05 V/Net 2629227874: Saving bdh session to cache[0m
[0m2023-03-31 01:02:05 V/Net 2629227874: Saving server list to cache[0m
[0m2023-03-31 01:02:05 V/Net 2629227874: Send: ConfigPushSvc.PushResp(ConfigPushSvc.PushResp)[0m
[0m2023-03-31 01:02:05 V/Net 2629227874: Recv: ConfigPushSvc.PushReq[0m
[0m2023-03-31 01:02:05 V/Net 2629227874: Saving bdh session to cache[0m
[0m2023-03-31 01:02:05 V/Net 2629227874: Send: ConfigPushSvc.PushResp(ConfigPushSvc.PushResp)[0m
[0m2023-03-31 01:02:05 V/Net 2629227874: Recv: ConfigPushSvc.PushReq[0m
