[93m2023-03-22 02:56:26 W/: Exception in resumeConnection.
HeartbeatFailedException: 2629227874.StatHeartbeat, recoverable=true, cause=PacketTimeoutException(message=2629227874.StatHeartbeat Scheduler: Timeout receiving action response, cause=kotlinx.coroutines.TimeoutCancellationException: Timed out waiting for 5000 ms)
	at net.mamoe.mirai.internal.network.handler.CommonNetworkHandler$StateOK$heartbeatJobs$1$1.invoke(CommonNetworkHandler.kt:346)
	at net.mamoe.mirai.internal.network.handler.CommonNetworkHandler$StateOK$heartbeatJobs$1$1.invoke(CommonNetworkHandler.kt:346)
	at net.mamoe.mirai.internal.network.handler.NetworkHandlerSupport.setStateImpl$mirai_core(NetworkHandlerSupport.kt:329)
	at net.mamoe.mirai.internal.network.handler.CommonNetworkHandler$StateOK$heartbeatJobs$1.invoke(CommonNetworkHandler.kt:408)
	at net.mamoe.mirai.internal.network.handler.CommonNetworkHandler$StateOK$heartbeatJobs$1.invoke(CommonNetworkHandler.kt:345)
	at net.mamoe.mirai.internal.network.components.TimeBasedHeartbeatSchedulerImpl$launchHeartbeatJobAsync$1.invokeSuspend(HeartbeatScheduler.kt:131)
	at kotlin.coroutines.jvm.internal.BaseContinuationImpl.resumeWith(ContinuationImpl.kt:33)
	at kotlinx.coroutines.internal.ScopeCoroutine.afterResume(Scopes.kt:33)
	at kotlinx.coroutines.AbstractCoroutine.resumeWith(AbstractCoroutine.kt:102)
	at kotlin.coroutines.jvm.internal.BaseContinuationImpl.resumeWith(ContinuationImpl.kt:46)
	at kotlinx.coroutines.internal.ScopeCoroutine.afterResume(Scopes.kt:33)
	at kotlinx.coroutines.AbstractCoroutine.resumeWith(AbstractCoroutine.kt:102)
	at kotlin.coroutines.jvm.internal.BaseContinuationImpl.resumeWith(ContinuationImpl.kt:46)
	at kotlinx.coroutines.DispatchedTask.run(DispatchedTask.kt:104)
	at kotlinx.coroutines.scheduling.CoroutineScheduler.runSafely(CoroutineScheduler.kt:570)
	at kotlinx.coroutines.scheduling.CoroutineScheduler$Worker.executeTask(CoroutineScheduler.kt:750)
	at kotlinx.coroutines.scheduling.CoroutineScheduler$Worker.runWorker(CoroutineScheduler.kt:677)
	at kotlinx.coroutines.scheduling.CoroutineScheduler$Worker.run(CoroutineScheduler.kt:664)
Caused by: PacketTimeoutException(message=2629227874.StatHeartbeat Scheduler: Timeout receiving action response, cause=kotlinx.coroutines.TimeoutCancellationException: Timed out waiting for 5000 ms)
	at net.mamoe.mirai.internal.network.components.TimeBasedHeartbeatSchedulerImpl$launchHeartbeatJobAsync$1.invokeSuspend(HeartbeatScheduler.kt:133)
	... 12 more
Caused by: kotlinx.coroutines.TimeoutCancellationException: Timed out waiting for 5000 ms
	at kotlinx.coroutines.TimeoutKt.TimeoutCancellationException(Timeout.kt:184)
	at kotlinx.coroutines.TimeoutCoroutine.run(Timeout.kt:154)
	at kotlinx.coroutines.EventLoopImplBase$DelayedRunnableTask.run(EventLoop.common.kt:508)
	at kotlinx.coroutines.EventLoopImplBase.processNextEvent(EventLoop.common.kt:284)
	at kotlinx.coroutines.DefaultExecutor.run(DefaultExecutor.kt:108)
	at java.base/java.lang.Thread.run(Thread.java:833)
[0m
[0m2023-03-22 02:56:26 V/: Validated caches.[0m
[0m2023-03-22 02:56:26 V/: Loading server list from cache.[0m
[0m2023-03-22 02:56:26 V/: Server list: 117.62.242.214:8080, 123.151.54.194:443, 42.81.194.38:443, 119.147.190.138:14000, 183.47.102.213:8080, 180.102.191.95:80, 183.47.102.165:14000, 42.81.184.82:80, msfwifi.3g.qq.com:8080, 222.94.109.183:14000.[0m
[92m2023-03-22 02:56:26 I/: ECDH key is valid.[0m
[0m2023-03-22 02:56:26 V/: Send: wtlogin.exchange_emp(10:fast-login)[0m
[0m2023-03-22 02:56:26 V/: Recv: wtlogin.exchange_emp[0m
[0m2023-03-22 02:56:26 V/: Send: StatSvc.register(online)[0m
[92m2023-03-22 02:56:26 I/: Server time updated, serverTime: 1679424985, diff: -1ms=-0.001s[0m
[92m2023-03-22 02:56:26 I/: Scheduled key refresh in 23h 55min 0.0s.[0m
[92m2023-03-22 02:56:26 I/: Scheduled refresh login session in 19d 23h 55min 0.0s.[0m
[0m2023-03-22 02:56:26 V/: Recv: StatSvc.register[0m
[0m2023-03-22 02:56:29 V/: Saving bdh session to cache[0m
[0m2023-03-22 02:56:29 V/: Send: ConfigPushSvc.PushResp(ConfigPushSvc.PushResp)[0m
[0m2023-03-22 02:56:29 V/: Recv: ConfigPushSvc.PushReq[0m
[0m2023-03-22 02:56:34 V/: Server list: 14.22.9.53:14000, 113.96.18.253:8080, 180.102.111.105:14000, msfwifi.3g.qq.com:8080, 221.238.41.118:443, 42.81.194.38:80, 180.101.246.49:80, 180.101.246.26:8080, 113.96.18.205:14000, 42.81.179.158:443.[0m
[0m2023-03-22 02:56:34 V/: Saving bdh session to cache[0m
[0m2023-03-22 02:56:34 V/: Saving server list to cache[0m
[0m2023-03-22 02:56:34 V/: Send: ConfigPushSvc.PushResp(ConfigPushSvc.PushResp)[0m
[0m2023-03-22 02:56:34 V/: Recv: ConfigPushSvc.PushReq[0m
[0m2023-03-22 04:14:22 V/: Send: MessageSvc.PbSendMsg(MessageSvc.PbSendMsg)[0m
[0m2023-03-22 04:14:22 V/: Recv: MessageSvc.PbSendMsg[0m
[0m2023-03-22 04:14:22 V/: Send: MessageSvc.PbSendMsg(MessageSvc.PbSendMsg)[0m
[0m2023-03-22 04:14:22 V/: Recv: MessageSvc.PbSendMsg[0m
[0m2023-03-22 04:14:22 V/: Send: MessageSvc.PbSendMsg(MessageSvc.PbSendMsg)[0m
[0m2023-03-22 04:14:22 V/: Recv: MessageSvc.PbSendMsg[0m
[0m2023-03-22 07:39:48 V/: Send: MessageSvc.PbSendMsg(MessageSvc.PbSendMsg)[0m
[0m2023-03-22 07:39:48 V/: Recv: MessageSvc.PbSendMsg[0m
[0m2023-03-22 07:39:57 V/: Send: MessageSvc.PbSendMsg(MessageSvc.PbSendMsg)[0m
[0m2023-03-22 07:39:57 V/: Recv: MessageSvc.PbSendMsg[0m
[0m2023-03-22 07:39:58 V/: Send: MessageSvc.PbSendMsg(MessageSvc.PbSendMsg)[0m
[0m2023-03-22 07:39:59 V/: Recv: MessageSvc.PbSendMsg[0m
[0m2023-03-22 07:40:07 V/: Send: MessageSvc.PbSendMsg(MessageSvc.PbSendMsg)[0m
[0m2023-03-22 07:40:08 V/: Recv: MessageSvc.PbSendMsg[0m
[0m2023-03-22 08:04:15 V/: Recv: OnlinePush.PbPushTransMsg[0m
[0m2023-03-22 08:30:58 V/: Send: MessageSvc.PbSendMsg(MessageSvc.PbSendMsg)[0m
[0m2023-03-22 08:30:58 V/: Recv: MessageSvc.PbSendMsg[0m
[0m2023-03-22 08:31:07 V/: Send: MessageSvc.PbSendMsg(MessageSvc.PbSendMsg)[0m
[0m2023-03-22 08:31:07 V/: Recv: MessageSvc.PbSendMsg[0m
[0m2023-03-22 08:31:17 V/: Send: MessageSvc.PbSendMsg(MessageSvc.PbSendMsg)[0m
[0m2023-03-22 08:31:17 V/: Recv: MessageSvc.PbSendMsg[0m
[0m2023-03-22 09:00:02 V/: Send: MessageSvc.PbSendMsg(MessageSvc.PbSendMsg)[0m
[0m2023-03-22 09:00:02 V/: Recv: MessageSvc.PbSendMsg[0m
[0m2023-03-22 09:09:57 V/: Send: MessageSvc.PbSendMsg(MessageSvc.PbSendMsg)[0m
[0m2023-03-22 09:09:57 V/: Recv: MessageSvc.PbSendMsg[0m
[0m2023-03-22 09:09:59 V/: Send: MessageSvc.PbSendMsg(MessageSvc.PbSendMsg)[0m
[0m2023-03-22 09:09:59 V/: Recv: MessageSvc.PbSendMsg[0m
[0m2023-03-22 09:10:04 V/: Send: MessageSvc.PbSendMsg(MessageSvc.PbSendMsg)[0m
[0m2023-03-22 09:10:04 V/: Recv: MessageSvc.PbSendMsg[0m
[0m2023-03-22 09:29:15 V/: Send: MessageSvc.PbSendMsg(MessageSvc.PbSendMsg)[0m
[0m2023-03-22 09:29:16 V/: Recv: MessageSvc.PbSendMsg[0m
[0m2023-03-22 09:41:04 V/: Send: MessageSvc.PbSendMsg(MessageSvc.PbSendMsg)[0m
[0m2023-03-22 09:41:04 V/: Recv: MessageSvc.PbSendMsg[0m
[0m2023-03-22 09:44:27 V/: Send: MessageSvc.PbSendMsg(MessageSvc.PbSendMsg)[0m
[0m2023-03-22 09:44:27 V/: Recv: MessageSvc.PbSendMsg[0m
[0m2023-03-22 10:18:29 V/: Send: StatSvc.register(offline)[0m
[92m2023-03-22 10:18:29 I/: Server time updated, serverTime: 1679451509, diff: 0ms=0.0s[0m
[0m2023-03-22 10:18:29 V/: Recv: StatSvc.register[0m
[0m2023-03-22 10:18:53 V/Net 2629227874: Validated caches.[0m
[0m2023-03-22 10:18:53 V/Net 2629227874: Loading server list from cache.[0m
[0m2023-03-22 10:18:53 V/Net 2629227874: Server list: 14.22.9.53:14000, 113.96.18.253:8080, 180.102.111.105:14000, msfwifi.3g.qq.com:8080, 221.238.41.118:443, 42.81.194.38:80, 180.101.246.49:80, 180.101.246.26:8080, 113.96.18.205:14000, 42.81.179.158:443.[0m
[92m2023-03-22 10:18:54 I/Net 2629227874: ECDH key is invalid, start to fetch ecdh public key from server.[0m
[92m2023-03-22 10:18:55 I/Net 2629227874: Successfully fetched ecdh public key from server.[0m
[0m2023-03-22 10:18:55 V/Net 2629227874: Send: wtlogin.exchange_emp(10:fast-login)[0m
[0m2023-03-22 10:18:55 V/Net 2629227874: Recv: wtlogin.exchange_emp[0m
[0m2023-03-22 10:18:56 V/Net 2629227874: Send: StatSvc.register(online)[0m
[92m2023-03-22 10:18:56 I/Net 2629227874: Server time updated, serverTime: 1679451536, diff: 0ms=0.0s[0m
[0m2023-03-22 10:18:56 V/Net 2629227874: Recv: StatSvc.register[0m
[0m2023-03-22 10:18:56 V/Net 2629227874: Loading BdhSession from cache file[0m
[92m2023-03-22 10:18:56 I/Net 2629227874: Syncing friend message history...[0m
[92m2023-03-22 10:18:56 I/Net 2629227874: Start loading friend list...[0m
[92m2023-03-22 10:18:56 I/Net 2629227874: Start loading stranger list...[0m
[92m2023-03-22 10:18:56 I/Net 2629227874: Start loading friendGroup list...[0m
[0m2023-03-22 10:18:56 V/Net 2629227874: Send: StatSvc.GetDevLoginInfo(StatSvc.GetDevLoginInfo)[0m
[0m2023-03-22 10:18:56 V/Net 2629227874: Send: OidbSvc.0x496(OidbSvc.0x496)[0m
[0m2023-03-22 10:18:56 V/Net 2629227874: Send: OidbSvc.0x5d2_0(OidbSvc.0x5d2_0)[0m
[0m2023-03-22 10:18:56 V/Net 2629227874: Send: friendlist.getFriendGroupList(friendlist.getFriendGroupList)[0m
[0m2023-03-22 10:18:56 V/Net 2629227874: Send: friendlist.getFriendGroupList(friendlist.getFriendGroupList)[0m
[0m2023-03-22 10:18:56 V/Net 2629227874: Recv: StatSvc.GetDevLoginInfo[0m
[92m2023-03-22 10:18:56 I/Net 2629227874: No OtherClient online.[0m
[0m2023-03-22 10:18:56 V/Net 2629227874: Recv: OidbSvc.0x496[0m
[92m2023-03-22 10:18:56 I/Net 2629227874: Start loading group list...[0m
[0m2023-03-22 10:18:56 V/Net 2629227874: Send: friendlist.GetTroopListReqV2(friendlist.GetTroopListReqV2)[0m
[0m2023-03-22 10:18:56 V/Net 2629227874: Recv: OidbSvc.0x5d2_0[0m
[92m2023-03-22 10:18:56 I/Net 2629227874: Successfully loaded stranger list: 0 in total[0m
[92m2023-03-22 10:18:56 I/Net 2629227874: Syncing friend message history: Success.[0m
[0m2023-03-22 10:18:56 V/Net 2629227874: Recv: friendlist.getFriendGroupList[0m
[0m2023-03-22 10:18:56 V/Net 2629227874: Loading friend list: 10/10[0m
[92m2023-03-22 10:18:56 I/Net 2629227874: Successfully loaded friend list: 10 in total[0m
[0m2023-03-22 10:18:56 V/Net 2629227874: Recv: friendlist.getFriendGroupList[0m
[0m2023-03-22 10:18:56 V/Net 2629227874: Loading friendGroup list: 4/4[0m
[92m2023-03-22 10:18:56 I/Net 2629227874: Successfully loaded friendGroup list: 4 in total[0m
[0m2023-03-22 10:18:56 V/Net 2629227874: Recv: friendlist.GetTroopListReqV2[0m
[0m2023-03-22 10:18:56 V/Net 2629227874: Send: friendlist.GetTroopMemberListReq(friendlist.GetTroopMemberListReq)[0m
[0m2023-03-22 10:18:56 V/Net 2629227874: Send: friendlist.GetTroopMemberListReq(friendlist.GetTroopMemberListReq)[0m
[0m2023-03-22 10:18:56 V/Net 2629227874: Send: friendlist.GetTroopMemberListReq(friendlist.GetTroopMemberListReq)[0m
[0m2023-03-22 10:18:56 V/Net 2629227874: Recv: friendlist.GetTroopMemberListReq[0m
[0m2023-03-22 10:18:56 V/Net 2629227874: Recv: friendlist.GetTroopMemberListReq[0m
[0m2023-03-22 10:18:56 V/Net 2629227874: Send: friendlist.GetTroopMemberListReq(friendlist.GetTroopMemberListReq)[0m
[0m2023-03-22 10:18:56 V/Net 2629227874: Recv: friendlist.GetTroopMemberListReq[0m
[0m2023-03-22 10:18:56 V/Net 2629227874: Send: friendlist.GetTroopMemberListReq(friendlist.GetTroopMemberListReq)[0m
[0m2023-03-22 10:18:57 V/Net 2629227874: Recv: friendlist.GetTroopMemberListReq[0m
[0m2023-03-22 10:18:57 V/Net 2629227874: Send: friendlist.GetTroopMemberListReq(friendlist.GetTroopMemberListReq)[0m
[0m2023-03-22 10:18:57 V/Net 2629227874: Recv: friendlist.GetTroopMemberListReq[0m
[0m2023-03-22 10:18:57 V/Net 2629227874: Send: friendlist.GetTroopMemberListReq(friendlist.GetTroopMemberListReq)[0m
[0m2023-03-22 10:18:57 V/Net 2629227874: Recv: friendlist.GetTroopMemberListReq[0m
[0m2023-03-22 10:18:57 V/Net 2629227874: Send: friendlist.GetTroopMemberListReq(friendlist.GetTroopMemberListReq)[0m
[0m2023-03-22 10:18:57 V/Net 2629227874: Recv: friendlist.GetTroopMemberListReq[0m
[0m2023-03-22 10:18:57 V/Net 2629227874: Send: friendlist.GetTroopMemberListReq(friendlist.GetTroopMemberListReq)[0m
[0m2023-03-22 10:18:57 V/Net 2629227874: Recv: friendlist.GetTroopMemberListReq[0m
[0m2023-03-22 10:18:57 V/Net 2629227874: Send: friendlist.GetTroopMemberListReq(friendlist.GetTroopMemberListReq)[0m
[0m2023-03-22 10:18:57 V/Net 2629227874: Recv: friendlist.GetTroopMemberListReq[0m
[0m2023-03-22 10:18:57 V/Net 2629227874: Recv: friendlist.GetTroopMemberListReq[0m
[0m2023-03-22 10:18:57 V/Net 2629227874: Send: friendlist.GetTroopMemberListReq(friendlist.GetTroopMemberListReq)[0m
[0m2023-03-22 10:18:58 V/Net 2629227874: Recv: friendlist.GetTroopMemberListReq[0m
[92m2023-03-22 10:18:58 I/Net 2629227874: Successfully loaded group list: 3 in total.[0m
[92m2023-03-22 10:18:58 I/Net 2629227874: Scheduled refresh login session in 19d 23h 55min 0.0s.[0m
[92m2023-03-22 10:18:58 I/Net 2629227874: Scheduled key refresh in 23h 55min 0.0s.[0m
[0m2023-03-22 10:18:59 V/Net 2629227874: Server list: 123.151.54.241:443, 42.81.192.158:80, 180.101.246.123:8080, 183.47.102.62:8080, 180.101.246.49:80, 42.81.184.82:443, 114.222.113.185:443, 183.47.98.25:14000, msfwifi.3g.qq.com:8080, 183.47.102.213:14000.[0m
[0m2023-03-22 10:18:59 V/Net 2629227874: Saving bdh session to cache[0m
[0m2023-03-22 10:18:59 V/Net 2629227874: Saving server list to cache[0m
[0m2023-03-22 10:18:59 V/Net 2629227874: Send: ConfigPushSvc.PushResp(ConfigPushSvc.PushResp)[0m
[0m2023-03-22 10:18:59 V/Net 2629227874: Recv: ConfigPushSvc.PushReq[0m
[0m2023-03-22 10:18:59 V/Net 2629227874: Saving bdh session to cache[0m
[0m2023-03-22 10:18:59 V/Net 2629227874: Send: ConfigPushSvc.PushResp(ConfigPushSvc.PushResp)[0m
[0m2023-03-22 10:18:59 V/Net 2629227874: Recv: ConfigPushSvc.PushReq[0m
[0m2023-03-22 10:21:38 V/Net 2629227874: Send: MessageSvc.PbSendMsg(MessageSvc.PbSendMsg)[0m
[0m2023-03-22 10:21:38 V/Net 2629227874: Recv: MessageSvc.PbSendMsg[0m
[0m2023-03-22 10:21:42 V/Net 2629227874: Send: MessageSvc.PbSendMsg(MessageSvc.PbSendMsg)[0m
[0m2023-03-22 10:21:43 V/Net 2629227874: Recv: MessageSvc.PbSendMsg[0m
[0m2023-03-22 10:21:50 V/Net 2629227874: Send: MessageSvc.PbSendMsg(MessageSvc.PbSendMsg)[0m
[0m2023-03-22 10:21:50 V/Net 2629227874: Recv: MessageSvc.PbSendMsg[0m
[0m2023-03-22 10:21:56 V/Net 2629227874: Send: MessageSvc.PbSendMsg(MessageSvc.PbSendMsg)[0m
[0m2023-03-22 10:21:56 V/Net 2629227874: Recv: MessageSvc.PbSendMsg[0m
[0m2023-03-22 10:22:07 V/Net 2629227874: Send: MessageSvc.PbSendMsg(MessageSvc.PbSendMsg)[0m
[0m2023-03-22 10:22:08 V/Net 2629227874: Recv: MessageSvc.PbSendMsg[0m
[0m2023-03-22 10:22:15 V/Net 2629227874: Send: MessageSvc.PbSendMsg(MessageSvc.PbSendMsg)[0m
[0m2023-03-22 10:22:15 V/Net 2629227874: Recv: MessageSvc.PbSendMsg[0m
[0m2023-03-22 10:30:00 V/Net 2629227874: Send: MessageSvc.PbSendMsg(MessageSvc.PbSendMsg)[0m
[0m2023-03-22 10:30:00 V/Net 2629227874: Recv: MessageSvc.PbSendMsg[0m
[0m2023-03-22 10:30:07 V/Net 2629227874: Send: MessageSvc.PbSendMsg(MessageSvc.PbSendMsg)[0m
[0m2023-03-22 10:30:07 V/Net 2629227874: Recv: MessageSvc.PbSendMsg[0m
[0m2023-03-22 10:37:26 V/Net 2629227874: Send: MessageSvc.PbSendMsg(MessageSvc.PbSendMsg)[0m
[0m2023-03-22 10:37:27 V/Net 2629227874: Recv: MessageSvc.PbSendMsg[0m
[0m2023-03-22 10:37:33 V/Net 2629227874: Send: MessageSvc.PbSendMsg(MessageSvc.PbSendMsg)[0m
[0m2023-03-22 10:37:33 V/Net 2629227874: Recv: MessageSvc.PbSendMsg[0m
[0m2023-03-22 10:37:35 V/Net 2629227874: Send: MessageSvc.PbSendMsg(MessageSvc.PbSendMsg)[0m
[0m2023-03-22 10:37:35 V/Net 2629227874: Recv: MessageSvc.PbSendMsg[0m
[0m2023-03-22 11:37:16 V/Net 2629227874: Send: MessageSvc.PbSendMsg(MessageSvc.PbSendMsg)[0m
[0m2023-03-22 11:37:16 V/Net 2629227874: Recv: MessageSvc.PbSendMsg[0m
[0m2023-03-22 11:37:18 V/Net 2629227874: Send: MessageSvc.PbSendMsg(MessageSvc.PbSendMsg)[0m
[0m2023-03-22 11:37:18 V/Net 2629227874: Recv: MessageSvc.PbSendMsg[0m
[0m2023-03-22 11:37:20 V/Net 2629227874: Send: MessageSvc.PbSendMsg(MessageSvc.PbSendMsg)[0m
[0m2023-03-22 11:37:20 V/Net 2629227874: Recv: MessageSvc.PbSendMsg[0m
[0m2023-03-22 11:40:03 V/Net 2629227874: Send: MessageSvc.PbSendMsg(MessageSvc.PbSendMsg)[0m
[0m2023-03-22 11:40:03 V/Net 2629227874: Recv: MessageSvc.PbSendMsg[0m
[0m2023-03-22 12:04:10 V/Net 2629227874: Send: MessageSvc.PbSendMsg(MessageSvc.PbSendMsg)[0m
[0m2023-03-22 12:04:10 V/Net 2629227874: Recv: MessageSvc.PbSendMsg[0m
[0m2023-03-22 12:04:11 V/Net 2629227874: Send: MessageSvc.PbSendMsg(MessageSvc.PbSendMsg)[0m
[0m2023-03-22 12:04:12 V/Net 2629227874: Recv: MessageSvc.PbSendMsg[0m
[0m2023-03-22 12:04:20 V/Net 2629227874: Send: MessageSvc.PbSendMsg(MessageSvc.PbSendMsg)[0m
[0m2023-03-22 12:04:21 V/Net 2629227874: Recv: MessageSvc.PbSendMsg[0m
[0m2023-03-22 12:04:23 V/Net 2629227874: Send: MessageSvc.PbSendMsg(MessageSvc.PbSendMsg)[0m
[0m2023-03-22 12:04:23 V/Net 2629227874: Recv: MessageSvc.PbSendMsg[0m
[0m2023-03-22 12:05:05 V/Net 2629227874: Send: MessageSvc.PbSendMsg(MessageSvc.PbSendMsg)[0m
[0m2023-03-22 12:05:06 V/Net 2629227874: Recv: MessageSvc.PbSendMsg[0m
[0m2023-03-22 12:06:11 V/Net 2629227874: Send: MessageSvc.PbSendMsg(MessageSvc.PbSendMsg)[0m
[0m2023-03-22 12:06:12 V/Net 2629227874: Recv: MessageSvc.PbSendMsg[0m
[0m2023-03-22 12:06:22 V/Net 2629227874: Send: MessageSvc.PbSendMsg(MessageSvc.PbSendMsg)[0m
[0m2023-03-22 12:06:23 V/Net 2629227874: Recv: MessageSvc.PbSendMsg[0m
[0m2023-03-22 12:09:15 V/Net 2629227874: Send: MessageSvc.PbSendMsg(MessageSvc.PbSendMsg)[0m
[0m2023-03-22 12:09:15 V/Net 2629227874: Recv: MessageSvc.PbSendMsg[0m
[0m2023-03-22 12:09:20 V/Net 2629227874: Send: MessageSvc.PbSendMsg(MessageSvc.PbSendMsg)[0m
[0m2023-03-22 12:09:21 V/Net 2629227874: Recv: MessageSvc.PbSendMsg[0m
[0m2023-03-22 12:09:22 V/Net 2629227874: Send: MessageSvc.PbSendMsg(MessageSvc.PbSendMsg)[0m
[0m2023-03-22 12:09:22 V/Net 2629227874: Recv: MessageSvc.PbSendMsg[0m
[0m2023-03-22 12:09:39 V/Net 2629227874: Send: MessageSvc.PbSendMsg(MessageSvc.PbSendMsg)[0m
[0m2023-03-22 12:09:39 V/Net 2629227874: Recv: MessageSvc.PbSendMsg[0m
[0m2023-03-22 12:09:48 V/Net 2629227874: Send: MessageSvc.PbSendMsg(MessageSvc.PbSendMsg)[0m
[0m2023-03-22 12:09:49 V/Net 2629227874: Recv: MessageSvc.PbSendMsg[0m
[0m2023-03-22 12:09:56 V/Net 2629227874: Send: MessageSvc.PbSendMsg(MessageSvc.PbSendMsg)[0m
[0m2023-03-22 12:09:56 V/Net 2629227874: Recv: MessageSvc.PbSendMsg[0m
[0m2023-03-22 12:10:22 V/Net 2629227874: Send: MessageSvc.PbSendMsg(MessageSvc.PbSendMsg)[0m
[0m2023-03-22 12:10:23 V/Net 2629227874: Recv: MessageSvc.PbSendMsg[0m
[0m2023-03-22 12:10:27 V/Net 2629227874: Send: MessageSvc.PbSendMsg(MessageSvc.PbSendMsg)[0m
[0m2023-03-22 12:10:27 V/Net 2629227874: Recv: MessageSvc.PbSendMsg[0m
[0m2023-03-22 12:10:37 V/Net 2629227874: Send: ProfileService.Pb.ReqSystemMsgNew.Friend(ProfileService.Pb.ReqSystemMsgNew.Friend)[0m
[0m2023-03-22 12:10:37 V/Net 2629227874: Recv: ProfileService.Pb.ReqSystemMsgNew.Friend[0m
[0m2023-03-22 12:10:37 V/Net 2629227874: Send: ProfileService.Pb.ReqSystemMsgAction.Friend(ProfileService.Pb.ReqSystemMsgAction.Friend)[0m
[0m2023-03-22 12:10:41 V/Net 2629227874: Send: MessageSvc.PbSendMsg(MessageSvc.PbSendMsg)[0m
[0m2023-03-22 12:10:41 V/Net 2629227874: Recv: MessageSvc.PbSendMsg[0m
[0m2023-03-22 12:13:43 V/Net 2629227874: Send: MessageSvc.PbSendMsg(MessageSvc.PbSendMsg)[0m
[0m2023-03-22 12:13:43 V/Net 2629227874: Recv: MessageSvc.PbSendMsg[0m
[0m2023-03-22 12:14:00 V/Net 2629227874: Send: MessageSvc.PbSendMsg(MessageSvc.PbSendMsg)[0m
[0m2023-03-22 12:14:01 V/Net 2629227874: Recv: MessageSvc.PbSendMsg[0m
[0m2023-03-22 12:14:06 V/Net 2629227874: Send: MessageSvc.PbSendMsg(MessageSvc.PbSendMsg)[0m
[0m2023-03-22 12:14:06 V/Net 2629227874: Recv: MessageSvc.PbSendMsg[0m
[0m2023-03-22 12:14:07 V/Net 2629227874: Send: MessageSvc.PbSendMsg(MessageSvc.PbSendMsg)[0m
[0m2023-03-22 12:14:08 V/Net 2629227874: Recv: MessageSvc.PbSendMsg[0m
[0m2023-03-22 12:14:11 V/Net 2629227874: Send: MessageSvc.PbSendMsg(MessageSvc.PbSendMsg)[0m
[0m2023-03-22 12:14:11 V/Net 2629227874: Recv: MessageSvc.PbSendMsg[0m
[0m2023-03-22 12:14:19 V/Net 2629227874: Send: MessageSvc.PbSendMsg(MessageSvc.PbSendMsg)[0m
[0m2023-03-22 12:14:20 V/Net 2629227874: Recv: MessageSvc.PbSendMsg[0m
[0m2023-03-22 12:14:25 V/Net 2629227874: Send: MessageSvc.PbSendMsg(MessageSvc.PbSendMsg)[0m
[0m2023-03-22 12:14:25 V/Net 2629227874: Recv: MessageSvc.PbSendMsg[0m
[0m2023-03-22 12:14:27 V/Net 2629227874: Send: MessageSvc.PbSendMsg(MessageSvc.PbSendMsg)[0m
[0m2023-03-22 12:14:27 V/Net 2629227874: Recv: MessageSvc.PbSendMsg[0m
[0m2023-03-22 12:14:33 V/Net 2629227874: Send: MessageSvc.PbSendMsg(MessageSvc.PbSendMsg)[0m
[0m2023-03-22 12:14:34 V/Net 2629227874: Recv: MessageSvc.PbSendMsg[0m
[0m2023-03-22 12:14:40 V/Net 2629227874: Send: MessageSvc.PbSendMsg(MessageSvc.PbSendMsg)[0m
[0m2023-03-22 12:14:40 V/Net 2629227874: Recv: MessageSvc.PbSendMsg[0m
[0m2023-03-22 12:14:49 V/Net 2629227874: Send: MessageSvc.PbSendMsg(MessageSvc.PbSendMsg)[0m
[0m2023-03-22 12:14:50 V/Net 2629227874: Recv: MessageSvc.PbSendMsg[0m
[0m2023-03-22 12:14:52 V/Net 2629227874: Send: MessageSvc.PbSendMsg(MessageSvc.PbSendMsg)[0m
[0m2023-03-22 12:14:52 V/Net 2629227874: Recv: MessageSvc.PbSendMsg[0m
[0m2023-03-22 12:15:08 V/Net 2629227874: Send: MessageSvc.PbSendMsg(MessageSvc.PbSendMsg)[0m
[0m2023-03-22 12:15:08 V/Net 2629227874: Recv: MessageSvc.PbSendMsg[0m
[0m2023-03-22 12:15:17 V/Net 2629227874: Send: MessageSvc.PbSendMsg(MessageSvc.PbSendMsg)[0m
[0m2023-03-22 12:15:18 V/Net 2629227874: Recv: MessageSvc.PbSendMsg[0m
[0m2023-03-22 12:15:23 V/Net 2629227874: Send: MessageSvc.PbSendMsg(MessageSvc.PbSendMsg)[0m
[0m2023-03-22 12:15:23 V/Net 2629227874: Recv: MessageSvc.PbSendMsg[0m
[0m2023-03-22 12:15:27 V/Net 2629227874: Send: MessageSvc.PbSendMsg(MessageSvc.PbSendMsg)[0m
[0m2023-03-22 12:15:27 V/Net 2629227874: Recv: MessageSvc.PbSendMsg[0m
[0m2023-03-22 12:17:57 V/Net 2629227874: Send: MessageSvc.PbSendMsg(MessageSvc.PbSendMsg)[0m
[0m2023-03-22 12:17:57 V/Net 2629227874: Recv: MessageSvc.PbSendMsg[0m
[0m2023-03-22 12:19:06 V/Net 2629227874: Send: MessageSvc.PbSendMsg(MessageSvc.PbSendMsg)[0m
[0m2023-03-22 12:19:06 V/Net 2629227874: Recv: MessageSvc.PbSendMsg[0m
[0m2023-03-22 12:20:44 V/Net 2629227874: Send: MessageSvc.PbSendMsg(MessageSvc.PbSendMsg)[0m
[0m2023-03-22 12:20:44 V/Net 2629227874: Recv: MessageSvc.PbSendMsg[0m
[0m2023-03-22 12:21:42 V/Net 2629227874: Send: MessageSvc.PbSendMsg(MessageSvc.PbSendMsg)[0m
[0m2023-03-22 12:21:42 V/Net 2629227874: Recv: MessageSvc.PbSendMsg[0m
[0m2023-03-22 12:22:01 V/Net 2629227874: Send: MessageSvc.PbSendMsg(MessageSvc.PbSendMsg)[0m
[0m2023-03-22 12:22:01 V/Net 2629227874: Recv: MessageSvc.PbSendMsg[0m
[0m2023-03-22 12:22:35 V/Net 2629227874: Send: MessageSvc.PbSendMsg(MessageSvc.PbSendMsg)[0m
[0m2023-03-22 12:22:35 V/Net 2629227874: Recv: MessageSvc.PbSendMsg[0m
[0m2023-03-22 12:22:42 V/Net 2629227874: Send: MessageSvc.PbSendMsg(MessageSvc.PbSendMsg)[0m
[0m2023-03-22 12:22:42 V/Net 2629227874: Recv: MessageSvc.PbSendMsg[0m
[0m2023-03-22 12:22:44 V/Net 2629227874: Send: MessageSvc.PbSendMsg(MessageSvc.PbSendMsg)[0m
[0m2023-03-22 12:22:44 V/Net 2629227874: Recv: MessageSvc.PbSendMsg[0m
[0m2023-03-22 12:24:58 V/Net 2629227874: Send: MessageSvc.PbSendMsg(MessageSvc.PbSendMsg)[0m
[0m2023-03-22 12:24:59 V/Net 2629227874: Recv: MessageSvc.PbSendMsg[0m
[0m2023-03-22 12:25:46 V/Net 2629227874: Send: MessageSvc.PbSendMsg(MessageSvc.PbSendMsg)[0m
[0m2023-03-22 12:25:46 V/Net 2629227874: Recv: MessageSvc.PbSendMsg[0m
[0m2023-03-22 12:25:48 V/Net 2629227874: Send: MessageSvc.PbSendMsg(MessageSvc.PbSendMsg)[0m
[0m2023-03-22 12:25:48 V/Net 2629227874: Recv: MessageSvc.PbSendMsg[0m
[0m2023-03-22 12:25:51 V/Net 2629227874: Send: MessageSvc.PbSendMsg(MessageSvc.PbSendMsg)[0m
[0m2023-03-22 12:25:52 V/Net 2629227874: Recv: MessageSvc.PbSendMsg[0m
[0m2023-03-22 12:26:05 V/Net 2629227874: Send: MessageSvc.PbSendMsg(MessageSvc.PbSendMsg)[0m
[0m2023-03-22 12:26:05 V/Net 2629227874: Recv: MessageSvc.PbSendMsg[0m
[0m2023-03-22 12:26:11 V/Net 2629227874: Send: MessageSvc.PbSendMsg(MessageSvc.PbSendMsg)[0m
[0m2023-03-22 12:26:12 V/Net 2629227874: Recv: MessageSvc.PbSendMsg[0m
