[93m2023-03-21 03:20:41 W/: Exception in resumeConnection.
HeartbeatFailedException: 2629227874.StatHeartbeat, recoverable=true, cause=PacketTimeoutException(message=2629227874.StatHeartbeat Scheduler: Timeout receiving action response, cause=kotlinx.coroutines.TimeoutCancellationException: Timed out waiting for 5000 ms)
	at net.mamoe.mirai.internal.network.handler.CommonNetworkHandler$StateOK$heartbeatJobs$1$1.invoke(CommonNetworkHandler.kt:346)
	at net.mamoe.mirai.internal.network.handler.CommonNetworkHandler$StateOK$heartbeatJobs$1$1.invoke(CommonNetworkHandler.kt:346)
	at net.mamoe.mirai.internal.network.handler.NetworkHandlerSupport.setStateImpl$mirai_core(NetworkHandlerSupport.kt:329)
	at net.mamoe.mirai.internal.network.handler.CommonNetworkHandler$StateOK$heartbeatJobs$1.invoke(CommonNetworkHandler.kt:408)
	at net.mamoe.mirai.internal.network.handler.CommonNetworkHandler$StateOK$heartbeatJobs$1.invoke(CommonNetworkHandler.kt:345)
	at net.mamoe.mirai.internal.network.components.TimeBasedHeartbeatSchedulerImpl$launchHeartbeatJobAsync$1.invokeSuspend(HeartbeatScheduler.kt:131)
	at kotlin.coroutines.jvm.internal.BaseContinuationImpl.resumeWith(ContinuationImpl.kt:33)
	at kotlinx.coroutines.internal.ScopeCoroutine.afterResume(Scopes.kt:33)
	at kotlinx.coroutines.AbstractCoroutine.resumeWith(AbstractCoroutine.kt:102)
	at kotlin.coroutines.jvm.internal.BaseContinuationImpl.resumeWith(ContinuationImpl.kt:46)
	at kotlinx.coroutines.internal.ScopeCoroutine.afterResume(Scopes.kt:33)
	at kotlinx.coroutines.AbstractCoroutine.resumeWith(AbstractCoroutine.kt:102)
	at kotlin.coroutines.jvm.internal.BaseContinuationImpl.resumeWith(ContinuationImpl.kt:46)
	at kotlinx.coroutines.DispatchedTask.run(DispatchedTask.kt:104)
	at kotlinx.coroutines.scheduling.CoroutineScheduler.runSafely(CoroutineScheduler.kt:570)
	at kotlinx.coroutines.scheduling.CoroutineScheduler$Worker.executeTask(CoroutineScheduler.kt:750)
	at kotlinx.coroutines.scheduling.CoroutineScheduler$Worker.runWorker(CoroutineScheduler.kt:677)
	at kotlinx.coroutines.scheduling.CoroutineScheduler$Worker.run(CoroutineScheduler.kt:664)
Caused by: PacketTimeoutException(message=2629227874.StatHeartbeat Scheduler: Timeout receiving action response, cause=kotlinx.coroutines.TimeoutCancellationException: Timed out waiting for 5000 ms)
	at net.mamoe.mirai.internal.network.components.TimeBasedHeartbeatSchedulerImpl$launchHeartbeatJobAsync$1.invokeSuspend(HeartbeatScheduler.kt:133)
	... 12 more
Caused by: kotlinx.coroutines.TimeoutCancellationException: Timed out waiting for 5000 ms
	at kotlinx.coroutines.TimeoutKt.TimeoutCancellationException(Timeout.kt:184)
	at kotlinx.coroutines.TimeoutCoroutine.run(Timeout.kt:154)
	at kotlinx.coroutines.EventLoopImplBase$DelayedRunnableTask.run(EventLoop.common.kt:508)
	at kotlinx.coroutines.EventLoopImplBase.processNextEvent(EventLoop.common.kt:284)
	at kotlinx.coroutines.DefaultExecutor.run(DefaultExecutor.kt:108)
	at java.base/java.lang.Thread.run(Thread.java:833)
[0m
[0m2023-03-21 03:20:41 V/: Validated caches.[0m
[0m2023-03-21 03:20:41 V/: Loading server list from cache.[0m
[0m2023-03-21 03:20:41 V/: Server list: msfwifi.3g.qq.com:8080, 42.81.184.253:80, 14.22.9.53:8080, 183.47.98.25:14000, 183.47.98.11:14000, 180.102.111.213:80, 180.101.246.169:8080, 42.81.179.212:443, 117.62.242.81:14000, 221.238.41.118:443.[0m
[92m2023-03-21 03:20:41 I/: ECDH key is invalid, start to fetch ecdh public key from server.[0m
[92m2023-03-21 03:20:41 I/: Successfully fetched ecdh public key from server.[0m
[0m2023-03-21 03:20:41 V/: Send: wtlogin.exchange_emp(10:fast-login)[0m
[0m2023-03-21 03:20:42 V/: Recv: wtlogin.exchange_emp[0m
[0m2023-03-21 03:20:42 V/: Send: StatSvc.register(online)[0m
[92m2023-03-21 03:20:42 I/: Server time updated, serverTime: 1679340042, diff: 0ms=0.0s[0m
[0m2023-03-21 03:20:42 V/: Recv: StatSvc.register[0m
[92m2023-03-21 03:20:42 I/: Scheduled key refresh in 23h 55min 0.0s.[0m
[92m2023-03-21 03:20:42 I/: Scheduled refresh login session in 19d 23h 55min 0.0s.[0m
[0m2023-03-21 03:20:45 V/: Server list: 117.62.243.225:80, msfwifi.3g.qq.com:8080, 123.151.54.60:80, 42.81.184.82:443, 42.81.192.158:443, 119.147.190.138:14000, 222.94.109.78:8080, 183.47.102.213:14000, 117.62.243.213:14000, 183.47.98.11:8080.[0m
[0m2023-03-21 03:20:45 V/: Saving bdh session to cache[0m
[0m2023-03-21 03:20:45 V/: Saving server list to cache[0m
[0m2023-03-21 03:20:45 V/: Send: ConfigPushSvc.PushResp(ConfigPushSvc.PushResp)[0m
[0m2023-03-21 03:20:45 V/: Recv: ConfigPushSvc.PushReq[0m
[0m2023-03-21 03:20:45 V/: Saving bdh session to cache[0m
[0m2023-03-21 03:20:45 V/: Send: ConfigPushSvc.PushResp(ConfigPushSvc.PushResp)[0m
[0m2023-03-21 03:20:45 V/: Recv: ConfigPushSvc.PushReq[0m
[0m2023-03-21 07:17:42 V/: Send: MessageSvc.PbSendMsg(MessageSvc.PbSendMsg)[0m
[0m2023-03-21 07:17:43 V/: Recv: MessageSvc.PbSendMsg[0m
[0m2023-03-21 07:17:50 V/: Send: MessageSvc.PbSendMsg(MessageSvc.PbSendMsg)[0m
[0m2023-03-21 07:17:50 V/: Recv: MessageSvc.PbSendMsg[0m
[0m2023-03-21 07:18:00 V/: Send: MessageSvc.PbSendMsg(MessageSvc.PbSendMsg)[0m
[0m2023-03-21 07:18:00 V/: Send: MessageSvc.PbSendMsg(MessageSvc.PbSendMsg)[0m
[0m2023-03-21 07:18:00 V/: Send: MessageSvc.PbSendMsg(MessageSvc.PbSendMsg)[0m
[0m2023-03-21 07:18:00 V/: Recv: MessageSvc.PbSendMsg[0m
[0m2023-03-21 07:18:00 V/: Recv: MessageSvc.PbSendMsg[0m
[0m2023-03-21 07:18:00 V/: Recv: MessageSvc.PbSendMsg[0m
[0m2023-03-21 07:18:05 V/: Send: MessageSvc.PbSendMsg(MessageSvc.PbSendMsg)[0m
[0m2023-03-21 07:18:05 V/: Recv: MessageSvc.PbSendMsg[0m
[0m2023-03-21 07:18:10 V/: Send: MessageSvc.PbSendMsg(MessageSvc.PbSendMsg)[0m
[0m2023-03-21 07:18:10 V/: Recv: MessageSvc.PbSendMsg[0m
[0m2023-03-21 07:18:20 V/: Send: MessageSvc.PbSendMsg(MessageSvc.PbSendMsg)[0m
[0m2023-03-21 07:18:20 V/: Recv: MessageSvc.PbSendMsg[0m
[0m2023-03-21 07:18:25 V/: Send: MessageSvc.PbSendMsg(MessageSvc.PbSendMsg)[0m
[0m2023-03-21 07:18:26 V/: Recv: MessageSvc.PbSendMsg[0m
[0m2023-03-21 07:18:45 V/: Send: MessageSvc.PbSendMsg(MessageSvc.PbSendMsg)[0m
[0m2023-03-21 07:18:45 V/: Recv: MessageSvc.PbSendMsg[0m
[0m2023-03-21 07:18:47 V/: Send: MessageSvc.PbSendMsg(MessageSvc.PbSendMsg)[0m
[0m2023-03-21 07:18:47 V/: Recv: MessageSvc.PbSendMsg[0m
[0m2023-03-21 09:24:04 V/: Send: MessageSvc.PbSendMsg(MessageSvc.PbSendMsg)[0m
[0m2023-03-21 09:24:04 V/: Recv: MessageSvc.PbSendMsg[0m
[0m2023-03-21 09:24:06 V/: Send: MessageSvc.PbSendMsg(MessageSvc.PbSendMsg)[0m
[0m2023-03-21 09:24:06 V/: Recv: MessageSvc.PbSendMsg[0m
[0m2023-03-21 09:24:30 V/: Send: MessageSvc.PbSendMsg(MessageSvc.PbSendMsg)[0m
[0m2023-03-21 09:24:31 V/: Recv: MessageSvc.PbSendMsg[0m
[0m2023-03-21 09:24:35 V/: Send: MessageSvc.PbSendMsg(MessageSvc.PbSendMsg)[0m
[0m2023-03-21 09:24:35 V/: Recv: MessageSvc.PbSendMsg[0m
[0m2023-03-21 09:26:36 V/: Send: MessageSvc.PbSendMsg(MessageSvc.PbSendMsg)[0m
[0m2023-03-21 09:26:36 V/: Recv: MessageSvc.PbSendMsg[0m
[0m2023-03-21 09:26:39 V/: Send: MessageSvc.PbSendMsg(MessageSvc.PbSendMsg)[0m
[0m2023-03-21 09:26:40 V/: Recv: MessageSvc.PbSendMsg[0m
[0m2023-03-21 09:26:47 V/: Send: MessageSvc.PbSendMsg(MessageSvc.PbSendMsg)[0m
[0m2023-03-21 09:26:48 V/: Recv: MessageSvc.PbSendMsg[0m
[0m2023-03-21 09:26:51 V/: Send: MessageSvc.PbSendMsg(MessageSvc.PbSendMsg)[0m
[0m2023-03-21 09:26:51 V/: Recv: MessageSvc.PbSendMsg[0m
[0m2023-03-21 09:27:02 V/: Send: MessageSvc.PbSendMsg(MessageSvc.PbSendMsg)[0m
[0m2023-03-21 09:27:03 V/: Recv: MessageSvc.PbSendMsg[0m
[0m2023-03-21 09:30:56 V/: Send: MessageSvc.PbSendMsg(MessageSvc.PbSendMsg)[0m
[0m2023-03-21 09:30:56 V/: Recv: MessageSvc.PbSendMsg[0m
[0m2023-03-21 09:31:08 V/: Send: MessageSvc.PbSendMsg(MessageSvc.PbSendMsg)[0m
[0m2023-03-21 09:31:08 V/: Recv: MessageSvc.PbSendMsg[0m
[0m2023-03-21 09:33:38 V/: Send: MessageSvc.PbSendMsg(MessageSvc.PbSendMsg)[0m
[0m2023-03-21 09:33:38 V/: Recv: MessageSvc.PbSendMsg[0m
[0m2023-03-21 09:33:50 V/: Send: MessageSvc.PbSendMsg(MessageSvc.PbSendMsg)[0m
[0m2023-03-21 09:33:50 V/: Recv: MessageSvc.PbSendMsg[0m
[0m2023-03-21 09:35:57 V/: Send: MessageSvc.PbSendMsg(MessageSvc.PbSendMsg)[0m
[0m2023-03-21 09:35:57 V/: Recv: MessageSvc.PbSendMsg[0m
[0m2023-03-21 09:35:57 V/: Send: MessageSvc.PbSendMsg(MessageSvc.PbSendMsg)[0m
[0m2023-03-21 09:35:57 V/: Recv: MessageSvc.PbSendMsg[0m
[0m2023-03-21 09:36:01 V/: Send: MessageSvc.PbSendMsg(MessageSvc.PbSendMsg)[0m
[0m2023-03-21 09:36:01 V/: Recv: MessageSvc.PbSendMsg[0m
[0m2023-03-21 09:36:04 V/: Send: MessageSvc.PbSendMsg(MessageSvc.PbSendMsg)[0m
[0m2023-03-21 09:36:05 V/: Recv: MessageSvc.PbSendMsg[0m
[0m2023-03-21 09:36:05 V/: Send: MessageSvc.PbSendMsg(MessageSvc.PbSendMsg)[0m
[0m2023-03-21 09:36:05 V/: Recv: MessageSvc.PbSendMsg[0m
[0m2023-03-21 09:36:11 V/: Send: MessageSvc.PbSendMsg(MessageSvc.PbSendMsg)[0m
[0m2023-03-21 09:36:11 V/: Recv: MessageSvc.PbSendMsg[0m
[0m2023-03-21 09:36:24 V/: Send: MessageSvc.PbSendMsg(MessageSvc.PbSendMsg)[0m
[0m2023-03-21 09:36:24 V/: Recv: MessageSvc.PbSendMsg[0m
[0m2023-03-21 09:37:43 V/: Send: MessageSvc.PbSendMsg(MessageSvc.PbSendMsg)[0m
[0m2023-03-21 09:37:44 V/: Recv: MessageSvc.PbSendMsg[0m
[0m2023-03-21 09:37:54 V/: Send: MessageSvc.PbSendMsg(MessageSvc.PbSendMsg)[0m
[0m2023-03-21 09:37:54 V/: Recv: MessageSvc.PbSendMsg[0m
[0m2023-03-21 09:38:00 V/: Send: MessageSvc.PbSendMsg(MessageSvc.PbSendMsg)[0m
[0m2023-03-21 09:38:00 V/: Recv: MessageSvc.PbSendMsg[0m
[0m2023-03-21 09:39:54 V/: Send: MessageSvc.PbSendMsg(MessageSvc.PbSendMsg)[0m
[0m2023-03-21 09:39:54 V/: Recv: MessageSvc.PbSendMsg[0m
[0m2023-03-21 09:57:17 V/: Send: MessageSvc.PbSendMsg(MessageSvc.PbSendMsg)[0m
[0m2023-03-21 09:57:18 V/: Recv: MessageSvc.PbSendMsg[0m
[0m2023-03-21 09:57:25 V/: Send: MessageSvc.PbSendMsg(MessageSvc.PbSendMsg)[0m
[0m2023-03-21 09:57:26 V/: Recv: MessageSvc.PbSendMsg[0m
[0m2023-03-21 09:57:36 V/: Send: MessageSvc.PbSendMsg(MessageSvc.PbSendMsg)[0m
[0m2023-03-21 09:57:36 V/: Recv: MessageSvc.PbSendMsg[0m
[0m2023-03-21 10:02:12 V/: Send: MessageSvc.PbSendMsg(MessageSvc.PbSendMsg)[0m
[0m2023-03-21 10:02:12 V/: Recv: MessageSvc.PbSendMsg[0m
[0m2023-03-21 10:02:25 V/: Send: MessageSvc.PbSendMsg(MessageSvc.PbSendMsg)[0m
[0m2023-03-21 10:02:25 V/: Recv: MessageSvc.PbSendMsg[0m
[0m2023-03-21 10:02:30 V/: Send: MessageSvc.PbSendMsg(MessageSvc.PbSendMsg)[0m
[0m2023-03-21 10:02:31 V/: Recv: MessageSvc.PbSendMsg[0m
[0m2023-03-21 10:02:34 V/: Send: MessageSvc.PbSendMsg(MessageSvc.PbSendMsg)[0m
[0m2023-03-21 10:02:34 V/: Recv: MessageSvc.PbSendMsg[0m
[0m2023-03-21 10:03:01 V/: Send: MessageSvc.PbSendMsg(MessageSvc.PbSendMsg)[0m
[0m2023-03-21 10:03:01 V/: Recv: MessageSvc.PbSendMsg[0m
[0m2023-03-21 10:03:14 V/: Send: MessageSvc.PbSendMsg(MessageSvc.PbSendMsg)[0m
[0m2023-03-21 10:03:15 V/: Recv: MessageSvc.PbSendMsg[0m
[0m2023-03-21 10:05:28 V/: Send: MessageSvc.PbSendMsg(MessageSvc.PbSendMsg)[0m
[0m2023-03-21 10:05:29 V/: Recv: MessageSvc.PbSendMsg[0m
[0m2023-03-21 10:35:42 V/: Send: MessageSvc.PbSendMsg(MessageSvc.PbSendMsg)[0m
[0m2023-03-21 10:35:43 V/: Recv: MessageSvc.PbSendMsg[0m
[0m2023-03-21 10:35:48 V/: Send: MessageSvc.PbSendMsg(MessageSvc.PbSendMsg)[0m
[0m2023-03-21 10:35:49 V/: Recv: MessageSvc.PbSendMsg[0m
[0m2023-03-21 10:35:54 V/: Send: MessageSvc.PbSendMsg(MessageSvc.PbSendMsg)[0m
[0m2023-03-21 10:35:54 V/: Recv: MessageSvc.PbSendMsg[0m
[0m2023-03-21 10:35:56 V/: Send: MessageSvc.PbSendMsg(MessageSvc.PbSendMsg)[0m
[0m2023-03-21 10:35:56 V/: Recv: MessageSvc.PbSendMsg[0m
[0m2023-03-21 10:35:58 V/: Send: MessageSvc.PbSendMsg(MessageSvc.PbSendMsg)[0m
[0m2023-03-21 10:35:58 V/: Recv: MessageSvc.PbSendMsg[0m
[0m2023-03-21 10:54:27 V/: Send: MessageSvc.PbSendMsg(MessageSvc.PbSendMsg)[0m
[0m2023-03-21 10:54:27 V/: Recv: MessageSvc.PbSendMsg[0m
[0m2023-03-21 10:54:32 V/: Send: MessageSvc.PbSendMsg(MessageSvc.PbSendMsg)[0m
[0m2023-03-21 10:54:32 V/: Recv: MessageSvc.PbSendMsg[0m
[0m2023-03-21 10:54:33 V/: Send: MessageSvc.PbSendMsg(MessageSvc.PbSendMsg)[0m
[0m2023-03-21 10:54:34 V/: Recv: MessageSvc.PbSendMsg[0m
[0m2023-03-21 11:07:44 V/: Send: MessageSvc.PbSendMsg(MessageSvc.PbSendMsg)[0m
[0m2023-03-21 11:07:44 V/: Recv: MessageSvc.PbSendMsg[0m
[0m2023-03-21 11:07:49 V/: Send: MessageSvc.PbSendMsg(MessageSvc.PbSendMsg)[0m
[0m2023-03-21 11:07:49 V/: Recv: MessageSvc.PbSendMsg[0m
[0m2023-03-21 11:07:51 V/: Send: MessageSvc.PbSendMsg(MessageSvc.PbSendMsg)[0m
[0m2023-03-21 11:07:51 V/: Recv: MessageSvc.PbSendMsg[0m
[0m2023-03-21 11:07:53 V/: Send: MessageSvc.PbSendMsg(MessageSvc.PbSendMsg)[0m
[0m2023-03-21 11:07:53 V/: Recv: MessageSvc.PbSendMsg[0m
[0m2023-03-21 12:04:59 V/: Send: MessageSvc.PbSendMsg(MessageSvc.PbSendMsg)[0m
[0m2023-03-21 12:05:00 V/: Recv: MessageSvc.PbSendMsg[0m
[0m2023-03-21 12:05:09 V/: Send: MessageSvc.PbSendMsg(MessageSvc.PbSendMsg)[0m
[0m2023-03-21 12:05:09 V/: Recv: MessageSvc.PbSendMsg[0m
[93m2023-03-21 15:17:17 W/: Exception in resumeConnection.
HeartbeatFailedException: 2629227874.StatHeartbeat, recoverable=true, cause=PacketTimeoutException(message=2629227874.StatHeartbeat Scheduler: Timeout receiving action response, cause=kotlinx.coroutines.TimeoutCancellationException: Timed out waiting for 5000 ms)
	at net.mamoe.mirai.internal.network.handler.CommonNetworkHandler$StateOK$heartbeatJobs$1$1.invoke(CommonNetworkHandler.kt:346)
	at net.mamoe.mirai.internal.network.handler.CommonNetworkHandler$StateOK$heartbeatJobs$1$1.invoke(CommonNetworkHandler.kt:346)
	at net.mamoe.mirai.internal.network.handler.NetworkHandlerSupport.setStateImpl$mirai_core(NetworkHandlerSupport.kt:329)
	at net.mamoe.mirai.internal.network.handler.CommonNetworkHandler$StateOK$heartbeatJobs$1.invoke(CommonNetworkHandler.kt:408)
	at net.mamoe.mirai.internal.network.handler.CommonNetworkHandler$StateOK$heartbeatJobs$1.invoke(CommonNetworkHandler.kt:345)
	at net.mamoe.mirai.internal.network.components.TimeBasedHeartbeatSchedulerImpl$launchHeartbeatJobAsync$1.invokeSuspend(HeartbeatScheduler.kt:131)
	at kotlin.coroutines.jvm.internal.BaseContinuationImpl.resumeWith(ContinuationImpl.kt:33)
	at kotlinx.coroutines.internal.ScopeCoroutine.afterResume(Scopes.kt:33)
	at kotlinx.coroutines.AbstractCoroutine.resumeWith(AbstractCoroutine.kt:102)
	at kotlin.coroutines.jvm.internal.BaseContinuationImpl.resumeWith(ContinuationImpl.kt:46)
	at kotlinx.coroutines.internal.ScopeCoroutine.afterResume(Scopes.kt:33)
	at kotlinx.coroutines.AbstractCoroutine.resumeWith(AbstractCoroutine.kt:102)
	at kotlin.coroutines.jvm.internal.BaseContinuationImpl.resumeWith(ContinuationImpl.kt:46)
	at kotlinx.coroutines.DispatchedTask.run(DispatchedTask.kt:104)
	at kotlinx.coroutines.scheduling.CoroutineScheduler.runSafely(CoroutineScheduler.kt:570)
	at kotlinx.coroutines.scheduling.CoroutineScheduler$Worker.executeTask(CoroutineScheduler.kt:750)
	at kotlinx.coroutines.scheduling.CoroutineScheduler$Worker.runWorker(CoroutineScheduler.kt:677)
	at kotlinx.coroutines.scheduling.CoroutineScheduler$Worker.run(CoroutineScheduler.kt:664)
Caused by: PacketTimeoutException(message=2629227874.StatHeartbeat Scheduler: Timeout receiving action response, cause=kotlinx.coroutines.TimeoutCancellationException: Timed out waiting for 5000 ms)
	at net.mamoe.mirai.internal.network.components.TimeBasedHeartbeatSchedulerImpl$launchHeartbeatJobAsync$1.invokeSuspend(HeartbeatScheduler.kt:133)
	... 12 more
Caused by: kotlinx.coroutines.TimeoutCancellationException: Timed out waiting for 5000 ms
	at kotlinx.coroutines.TimeoutKt.TimeoutCancellationException(Timeout.kt:184)
	at kotlinx.coroutines.TimeoutCoroutine.run(Timeout.kt:154)
	at kotlinx.coroutines.EventLoopImplBase$DelayedRunnableTask.run(EventLoop.common.kt:508)
	at kotlinx.coroutines.EventLoopImplBase.processNextEvent(EventLoop.common.kt:284)
	at kotlinx.coroutines.DefaultExecutor.run(DefaultExecutor.kt:108)
	at java.base/java.lang.Thread.run(Thread.java:833)
[0m
[0m2023-03-21 15:17:17 V/: Validated caches.[0m
[0m2023-03-21 15:17:17 V/: Loading server list from cache.[0m
[0m2023-03-21 15:17:17 V/: Server list: 117.62.243.225:80, msfwifi.3g.qq.com:8080, 123.151.54.60:80, 42.81.184.82:443, 42.81.192.158:443, 119.147.190.138:14000, 222.94.109.78:8080, 183.47.102.213:14000, 117.62.243.213:14000, 183.47.98.11:8080.[0m
[92m2023-03-21 15:17:17 I/: ECDH key is valid.[0m
[0m2023-03-21 15:17:17 V/: Send: wtlogin.exchange_emp(10:fast-login)[0m
[0m2023-03-21 15:17:17 V/: Recv: wtlogin.exchange_emp[0m
[0m2023-03-21 15:17:17 V/: Send: StatSvc.register(online)[0m
[92m2023-03-21 15:17:17 I/: Server time updated, serverTime: 1679383038, diff: 1ms=0.001s[0m
[0m2023-03-21 15:17:17 V/: Recv: StatSvc.register[0m
[92m2023-03-21 15:17:17 I/: Scheduled key refresh in 23h 55min 0.0s.[0m
[92m2023-03-21 15:17:17 I/: Scheduled refresh login session in 19d 23h 55min 0.0s.[0m
[0m2023-03-21 15:17:20 V/: Server list: 222.94.109.123:8080, 42.81.179.158:443, 123.151.54.180:80, 183.47.101.153:14000, 42.81.192.153:443, 222.94.109.78:80, 183.47.99.24:8080, 180.102.191.95:14000, 183.47.111.98:14000, msfwifi.3g.qq.com:8080.[0m
[0m2023-03-21 15:17:20 V/: Saving bdh session to cache[0m
[0m2023-03-21 15:17:20 V/: Saving server list to cache[0m
[0m2023-03-21 15:17:20 V/: Send: ConfigPushSvc.PushResp(ConfigPushSvc.PushResp)[0m
[0m2023-03-21 15:17:20 V/: Recv: ConfigPushSvc.PushReq[0m
[0m2023-03-21 15:17:20 V/: Saving bdh session to cache[0m
[0m2023-03-21 15:17:20 V/: Send: ConfigPushSvc.PushResp(ConfigPushSvc.PushResp)[0m
[0m2023-03-21 15:17:20 V/: Recv: ConfigPushSvc.PushReq[0m
[0m2023-03-21 15:35:39 V/: Send: MessageSvc.PbSendMsg(MessageSvc.PbSendMsg)[0m
[0m2023-03-21 15:35:39 V/: Send: MessageSvc.PbSendMsg(MessageSvc.PbSendMsg)[0m
[0m2023-03-21 15:35:39 V/: Send: MessageSvc.PbSendMsg(MessageSvc.PbSendMsg)[0m
[0m2023-03-21 15:35:39 V/: Send: MessageSvc.PbSendMsg(MessageSvc.PbSendMsg)[0m
[0m2023-03-21 15:35:40 V/: Recv: MessageSvc.PbSendMsg[0m
[0m2023-03-21 15:35:40 V/: Send: MessageSvc.PbSendMsg(MessageSvc.PbSendMsg)[0m
[0m2023-03-21 15:35:40 V/: Recv: MessageSvc.PbSendMsg[0m
[0m2023-03-21 15:35:40 V/: Recv: MessageSvc.PbSendMsg[0m
[0m2023-03-21 15:35:40 V/: Recv: MessageSvc.PbSendMsg[0m
[0m2023-03-21 15:35:40 V/: Recv: MessageSvc.PbSendMsg[0m
[0m2023-03-21 15:35:40 V/: Send: MessageSvc.PbSendMsg(MessageSvc.PbSendMsg)[0m
[0m2023-03-21 15:35:40 V/: Recv: MessageSvc.PbSendMsg[0m
[0m2023-03-21 15:35:40 V/: Send: MessageSvc.PbSendMsg(MessageSvc.PbSendMsg)[0m
[0m2023-03-21 15:35:40 V/: Recv: MessageSvc.PbSendMsg[0m
[0m2023-03-21 15:35:40 V/: Send: MessageSvc.PbSendMsg(MessageSvc.PbSendMsg)[0m
[0m2023-03-21 15:35:41 V/: Recv: MessageSvc.PbSendMsg[0m
[0m2023-03-21 15:35:47 V/: Send: MessageSvc.PbSendMsg(MessageSvc.PbSendMsg)[0m
[0m2023-03-21 15:35:47 V/: Recv: MessageSvc.PbSendMsg[0m
[0m2023-03-21 15:35:47 V/: Send: MessageSvc.PbSendMsg(MessageSvc.PbSendMsg)[0m
[0m2023-03-21 15:35:48 V/: Recv: MessageSvc.PbSendMsg[0m
[0m2023-03-21 15:35:48 V/: Send: MessageSvc.PbSendMsg(MessageSvc.PbSendMsg)[0m
[0m2023-03-21 15:35:48 V/: Recv: MessageSvc.PbSendMsg[0m
[0m2023-03-21 15:35:48 V/: Send: MessageSvc.PbSendMsg(MessageSvc.PbSendMsg)[0m
[0m2023-03-21 15:35:48 V/: Recv: MessageSvc.PbSendMsg[0m
[0m2023-03-21 15:35:48 V/: Send: MessageSvc.PbSendMsg(MessageSvc.PbSendMsg)[0m
[0m2023-03-21 15:35:49 V/: Recv: MessageSvc.PbSendMsg[0m
[0m2023-03-21 15:35:49 V/: Send: MessageSvc.PbSendMsg(MessageSvc.PbSendMsg)[0m
[0m2023-03-21 15:35:49 V/: Recv: MessageSvc.PbSendMsg[0m
[0m2023-03-21 15:35:49 V/: Send: MessageSvc.PbSendMsg(MessageSvc.PbSendMsg)[0m
[0m2023-03-21 15:35:49 V/: Recv: MessageSvc.PbSendMsg[0m
[0m2023-03-21 15:35:49 V/: Send: MessageSvc.PbSendMsg(MessageSvc.PbSendMsg)[0m
[0m2023-03-21 15:35:50 V/: Recv: MessageSvc.PbSendMsg[0m
[0m2023-03-21 15:35:50 V/: Send: MessageSvc.PbSendMsg(MessageSvc.PbSendMsg)[0m
[0m2023-03-21 15:35:50 V/: Recv: MessageSvc.PbSendMsg[0m
[0m2023-03-21 15:35:50 V/: Send: MessageSvc.PbSendMsg(MessageSvc.PbSendMsg)[0m
[0m2023-03-21 15:35:50 V/: Recv: MessageSvc.PbSendMsg[0m
[0m2023-03-21 15:35:50 V/: Send: MessageSvc.PbSendMsg(MessageSvc.PbSendMsg)[0m
[0m2023-03-21 15:35:51 V/: Recv: MessageSvc.PbSendMsg[0m
[0m2023-03-21 15:35:51 V/: Send: MessageSvc.PbSendMsg(MessageSvc.PbSendMsg)[0m
[0m2023-03-21 15:35:51 V/: Recv: MessageSvc.PbSendMsg[0m
[0m2023-03-21 15:35:51 V/: Send: MessageSvc.PbSendMsg(MessageSvc.PbSendMsg)[0m
[0m2023-03-21 15:35:51 V/: Recv: MessageSvc.PbSendMsg[0m
[0m2023-03-21 15:35:51 V/: Send: MessageSvc.PbSendMsg(MessageSvc.PbSendMsg)[0m
[0m2023-03-21 15:35:52 V/: Recv: MessageSvc.PbSendMsg[0m
[0m2023-03-21 15:35:52 V/: Send: MessageSvc.PbSendMsg(MessageSvc.PbSendMsg)[0m
[0m2023-03-21 15:35:52 V/: Recv: MessageSvc.PbSendMsg[0m
[0m2023-03-21 15:35:52 V/: Send: MessageSvc.PbSendMsg(MessageSvc.PbSendMsg)[0m
[0m2023-03-21 15:35:52 V/: Recv: MessageSvc.PbSendMsg[0m
[0m2023-03-21 15:35:52 V/: Send: MessageSvc.PbSendMsg(MessageSvc.PbSendMsg)[0m
[0m2023-03-21 15:35:53 V/: Recv: MessageSvc.PbSendMsg[0m
[0m2023-03-21 15:35:53 V/: Send: MessageSvc.PbSendMsg(MessageSvc.PbSendMsg)[0m
[0m2023-03-21 15:35:53 V/: Recv: MessageSvc.PbSendMsg[0m
[0m2023-03-21 15:35:53 V/: Send: MessageSvc.PbSendMsg(MessageSvc.PbSendMsg)[0m
[0m2023-03-21 15:35:53 V/: Recv: MessageSvc.PbSendMsg[0m
[0m2023-03-21 15:35:55 V/: Send: MessageSvc.PbSendMsg(MessageSvc.PbSendMsg)[0m
[0m2023-03-21 15:35:55 V/: Recv: MessageSvc.PbSendMsg[0m
[0m2023-03-21 15:35:55 V/: Send: MessageSvc.PbSendMsg(MessageSvc.PbSendMsg)[0m
[0m2023-03-21 15:35:56 V/: Recv: MessageSvc.PbSendMsg[0m
[0m2023-03-21 15:35:56 V/: Send: MessageSvc.PbSendMsg(MessageSvc.PbSendMsg)[0m
[0m2023-03-21 15:35:56 V/: Recv: MessageSvc.PbSendMsg[0m
[0m2023-03-21 15:36:17 V/: Send: MessageSvc.PbSendMsg(MessageSvc.PbSendMsg)[0m
[0m2023-03-21 15:36:17 V/: Recv: MessageSvc.PbSendMsg[0m
[0m2023-03-21 15:46:28 V/: Send: MessageSvc.PbSendMsg(MessageSvc.PbSendMsg)[0m
[0m2023-03-21 15:46:28 V/: Recv: MessageSvc.PbSendMsg[0m
[0m2023-03-21 15:58:07 V/: Send: MessageSvc.PbSendMsg(MessageSvc.PbSendMsg)[0m
[0m2023-03-21 15:58:07 V/: Recv: MessageSvc.PbSendMsg[0m
[0m2023-03-21 16:00:50 V/: Send: MessageSvc.PbSendMsg(MessageSvc.PbSendMsg)[0m
[0m2023-03-21 16:00:50 V/: Recv: MessageSvc.PbSendMsg[0m
[0m2023-03-21 16:00:50 V/: Send: MessageSvc.PbSendMsg(MessageSvc.PbSendMsg)[0m
[0m2023-03-21 16:00:51 V/: Recv: MessageSvc.PbSendMsg[0m
[0m2023-03-21 16:01:02 V/: Send: MessageSvc.PbSendMsg(MessageSvc.PbSendMsg)[0m
[0m2023-03-21 16:01:02 V/: Recv: MessageSvc.PbSendMsg[0m
[0m2023-03-21 16:01:07 V/: Send: MessageSvc.PbSendMsg(MessageSvc.PbSendMsg)[0m
[0m2023-03-21 16:01:07 V/: Recv: MessageSvc.PbSendMsg[0m
[0m2023-03-21 16:01:08 V/: Send: MessageSvc.PbSendMsg(MessageSvc.PbSendMsg)[0m
[0m2023-03-21 16:01:09 V/: Recv: MessageSvc.PbSendMsg[0m
[0m2023-03-21 16:02:28 V/: Send: MessageSvc.PbSendMsg(MessageSvc.PbSendMsg)[0m
[0m2023-03-21 16:02:28 V/: Recv: MessageSvc.PbSendMsg[0m
[0m2023-03-21 16:02:34 V/: Send: MessageSvc.PbSendMsg(MessageSvc.PbSendMsg)[0m
[0m2023-03-21 16:02:35 V/: Recv: MessageSvc.PbSendMsg[0m
[0m2023-03-21 16:02:47 V/: Send: MessageSvc.PbSendMsg(MessageSvc.PbSendMsg)[0m
[0m2023-03-21 16:02:48 V/: Recv: MessageSvc.PbSendMsg[0m
[0m2023-03-21 16:05:55 V/: Send: MessageSvc.PbSendMsg(MessageSvc.PbSendMsg)[0m
[0m2023-03-21 16:05:55 V/: Recv: MessageSvc.PbSendMsg[0m
[0m2023-03-21 16:06:01 V/: Send: MessageSvc.PbSendMsg(MessageSvc.PbSendMsg)[0m
[0m2023-03-21 16:06:02 V/: Recv: MessageSvc.PbSendMsg[0m
[0m2023-03-21 16:06:06 V/: Send: MessageSvc.PbSendMsg(MessageSvc.PbSendMsg)[0m
[0m2023-03-21 16:06:06 V/: Recv: MessageSvc.PbSendMsg[0m
[0m2023-03-21 16:09:14 V/: Send: MessageSvc.PbSendMsg(MessageSvc.PbSendMsg)[0m
[0m2023-03-21 16:09:15 V/: Recv: MessageSvc.PbSendMsg[0m
[0m2023-03-21 16:10:32 V/: Send: MessageSvc.PbSendMsg(MessageSvc.PbSendMsg)[0m
[0m2023-03-21 16:10:32 V/: Recv: MessageSvc.PbSendMsg[0m
[0m2023-03-21 16:11:00 V/: Send: MessageSvc.PbSendMsg(MessageSvc.PbSendMsg)[0m
[0m2023-03-21 16:11:01 V/: Recv: MessageSvc.PbSendMsg[0m
[0m2023-03-21 16:11:02 V/: Send: MessageSvc.PbSendMsg(MessageSvc.PbSendMsg)[0m
[0m2023-03-21 16:11:02 V/: Recv: MessageSvc.PbSendMsg[0m
[0m2023-03-21 16:11:07 V/: Send: MessageSvc.PbSendMsg(MessageSvc.PbSendMsg)[0m
[0m2023-03-21 16:11:07 V/: Recv: MessageSvc.PbSendMsg[0m
[0m2023-03-21 16:11:10 V/: Send: MessageSvc.PbSendMsg(MessageSvc.PbSendMsg)[0m
[0m2023-03-21 16:11:10 V/: Recv: MessageSvc.PbSendMsg[0m
[0m2023-03-21 16:12:04 V/: Send: MessageSvc.PbSendMsg(MessageSvc.PbSendMsg)[0m
[0m2023-03-21 16:12:05 V/: Recv: MessageSvc.PbSendMsg[0m
[0m2023-03-21 16:12:08 V/: Send: MessageSvc.PbSendMsg(MessageSvc.PbSendMsg)[0m
[0m2023-03-21 16:12:08 V/: Recv: MessageSvc.PbSendMsg[0m
[93m2023-03-21 19:20:18 W/: Exception in resumeConnection.
HeartbeatFailedException: 2629227874.StatHeartbeat, recoverable=true, cause=PacketTimeoutException(message=2629227874.StatHeartbeat Scheduler: Timeout receiving action response, cause=kotlinx.coroutines.TimeoutCancellationException: Timed out waiting for 5000 ms)
	at net.mamoe.mirai.internal.network.handler.CommonNetworkHandler$StateOK$heartbeatJobs$1$1.invoke(CommonNetworkHandler.kt:346)
	at net.mamoe.mirai.internal.network.handler.CommonNetworkHandler$StateOK$heartbeatJobs$1$1.invoke(CommonNetworkHandler.kt:346)
	at net.mamoe.mirai.internal.network.handler.NetworkHandlerSupport.setStateImpl$mirai_core(NetworkHandlerSupport.kt:329)
	at net.mamoe.mirai.internal.network.handler.CommonNetworkHandler$StateOK$heartbeatJobs$1.invoke(CommonNetworkHandler.kt:408)
	at net.mamoe.mirai.internal.network.handler.CommonNetworkHandler$StateOK$heartbeatJobs$1.invoke(CommonNetworkHandler.kt:345)
	at net.mamoe.mirai.internal.network.components.TimeBasedHeartbeatSchedulerImpl$launchHeartbeatJobAsync$1.invokeSuspend(HeartbeatScheduler.kt:131)
	at kotlin.coroutines.jvm.internal.BaseContinuationImpl.resumeWith(ContinuationImpl.kt:33)
	at kotlinx.coroutines.internal.ScopeCoroutine.afterResume(Scopes.kt:33)
	at kotlinx.coroutines.AbstractCoroutine.resumeWith(AbstractCoroutine.kt:102)
	at kotlin.coroutines.jvm.internal.BaseContinuationImpl.resumeWith(ContinuationImpl.kt:46)
	at kotlinx.coroutines.internal.ScopeCoroutine.afterResume(Scopes.kt:33)
	at kotlinx.coroutines.AbstractCoroutine.resumeWith(AbstractCoroutine.kt:102)
	at kotlin.coroutines.jvm.internal.BaseContinuationImpl.resumeWith(ContinuationImpl.kt:46)
	at kotlinx.coroutines.DispatchedTask.run(DispatchedTask.kt:104)
	at kotlinx.coroutines.scheduling.CoroutineScheduler.runSafely(CoroutineScheduler.kt:570)
	at kotlinx.coroutines.scheduling.CoroutineScheduler$Worker.executeTask(CoroutineScheduler.kt:750)
	at kotlinx.coroutines.scheduling.CoroutineScheduler$Worker.runWorker(CoroutineScheduler.kt:677)
	at kotlinx.coroutines.scheduling.CoroutineScheduler$Worker.run(CoroutineScheduler.kt:664)
Caused by: PacketTimeoutException(message=2629227874.StatHeartbeat Scheduler: Timeout receiving action response, cause=kotlinx.coroutines.TimeoutCancellationException: Timed out waiting for 5000 ms)
	at net.mamoe.mirai.internal.network.components.TimeBasedHeartbeatSchedulerImpl$launchHeartbeatJobAsync$1.invokeSuspend(HeartbeatScheduler.kt:133)
	... 12 more
Caused by: kotlinx.coroutines.TimeoutCancellationException: Timed out waiting for 5000 ms
	at kotlinx.coroutines.TimeoutKt.TimeoutCancellationException(Timeout.kt:184)
	at kotlinx.coroutines.TimeoutCoroutine.run(Timeout.kt:154)
	at kotlinx.coroutines.EventLoopImplBase$DelayedRunnableTask.run(EventLoop.common.kt:508)
	at kotlinx.coroutines.EventLoopImplBase.processNextEvent(EventLoop.common.kt:284)
	at kotlinx.coroutines.DefaultExecutor.run(DefaultExecutor.kt:108)
	at java.base/java.lang.Thread.run(Thread.java:833)
[0m
[0m2023-03-21 19:20:18 V/: Validated caches.[0m
[0m2023-03-21 19:20:18 V/: Loading server list from cache.[0m
[0m2023-03-21 19:20:18 V/: Server list: 222.94.109.123:8080, 42.81.179.158:443, 123.151.54.180:80, 183.47.101.153:14000, 42.81.192.153:443, 222.94.109.78:80, 183.47.99.24:8080, 180.102.191.95:14000, 183.47.111.98:14000, msfwifi.3g.qq.com:8080.[0m
[92m2023-03-21 19:20:18 I/: ECDH key is valid.[0m
[0m2023-03-21 19:20:18 V/: Send: wtlogin.exchange_emp(10:fast-login)[0m
[0m2023-03-21 19:20:19 V/: Recv: wtlogin.exchange_emp[0m
[0m2023-03-21 19:20:19 V/: Send: StatSvc.register(online)[0m
[92m2023-03-21 19:20:19 I/: Server time updated, serverTime: 1679397619, diff: 0ms=0.0s[0m
[0m2023-03-21 19:20:19 V/: Recv: StatSvc.register[0m
[92m2023-03-21 19:20:19 I/: Scheduled refresh login session in 19d 23h 55min 0.0s.[0m
[92m2023-03-21 19:20:19 I/: Scheduled key refresh in 23h 55min 0.0s.[0m
[0m2023-03-21 19:20:22 V/: Saving bdh session to cache[0m
[0m2023-03-21 19:20:22 V/: Send: ConfigPushSvc.PushResp(ConfigPushSvc.PushResp)[0m
[0m2023-03-21 19:20:22 V/: Recv: ConfigPushSvc.PushReq[0m
[0m2023-03-21 19:20:27 V/: Server list: 183.47.102.62:14000, 42.81.192.153:443, 183.47.98.90:8080, 58.212.179.34:14000, msfwifi.3g.qq.com:8080, 113.96.18.253:14000, 180.102.111.213:80, 123.151.54.57:80, 42.81.192.141:443, 114.222.112.229:8080.[0m
[0m2023-03-21 19:20:27 V/: Saving bdh session to cache[0m
[0m2023-03-21 19:20:27 V/: Saving server list to cache[0m
[0m2023-03-21 19:20:27 V/: Send: ConfigPushSvc.PushResp(ConfigPushSvc.PushResp)[0m
[0m2023-03-21 19:20:27 V/: Recv: ConfigPushSvc.PushReq[0m
[93m2023-03-21 20:07:33 W/: Exception in resumeConnection.
HeartbeatFailedException: 2629227874.AliveHeartbeat, recoverable=true, cause=PacketTimeoutException(message=2629227874.AliveHeartbeat Scheduler: Timeout receiving action response, cause=kotlinx.coroutines.TimeoutCancellationException: Timed out waiting for 5000 ms)
	at net.mamoe.mirai.internal.network.handler.CommonNetworkHandler$StateOK$heartbeatJobs$1$1.invoke(CommonNetworkHandler.kt:346)
	at net.mamoe.mirai.internal.network.handler.CommonNetworkHandler$StateOK$heartbeatJobs$1$1.invoke(CommonNetworkHandler.kt:346)
	at net.mamoe.mirai.internal.network.handler.NetworkHandlerSupport.setStateImpl$mirai_core(NetworkHandlerSupport.kt:329)
	at net.mamoe.mirai.internal.network.handler.CommonNetworkHandler$StateOK$heartbeatJobs$1.invoke(CommonNetworkHandler.kt:408)
	at net.mamoe.mirai.internal.network.handler.CommonNetworkHandler$StateOK$heartbeatJobs$1.invoke(CommonNetworkHandler.kt:345)
	at net.mamoe.mirai.internal.network.components.TimeBasedHeartbeatSchedulerImpl$launchHeartbeatJobAsync$1.invokeSuspend(HeartbeatScheduler.kt:131)
	at kotlin.coroutines.jvm.internal.BaseContinuationImpl.resumeWith(ContinuationImpl.kt:33)
	at kotlinx.coroutines.internal.ScopeCoroutine.afterResume(Scopes.kt:33)
	at kotlinx.coroutines.AbstractCoroutine.resumeWith(AbstractCoroutine.kt:102)
	at kotlin.coroutines.jvm.internal.BaseContinuationImpl.resumeWith(ContinuationImpl.kt:46)
	at kotlinx.coroutines.internal.ScopeCoroutine.afterResume(Scopes.kt:33)
	at kotlinx.coroutines.AbstractCoroutine.resumeWith(AbstractCoroutine.kt:102)
	at kotlin.coroutines.jvm.internal.BaseContinuationImpl.resumeWith(ContinuationImpl.kt:46)
	at kotlinx.coroutines.DispatchedTask.run(DispatchedTask.kt:104)
	at kotlinx.coroutines.scheduling.CoroutineScheduler.runSafely(CoroutineScheduler.kt:570)
	at kotlinx.coroutines.scheduling.CoroutineScheduler$Worker.executeTask(CoroutineScheduler.kt:750)
	at kotlinx.coroutines.scheduling.CoroutineScheduler$Worker.runWorker(CoroutineScheduler.kt:677)
	at kotlinx.coroutines.scheduling.CoroutineScheduler$Worker.run(CoroutineScheduler.kt:664)
Caused by: PacketTimeoutException(message=2629227874.AliveHeartbeat Scheduler: Timeout receiving action response, cause=kotlinx.coroutines.TimeoutCancellationException: Timed out waiting for 5000 ms)
	at net.mamoe.mirai.internal.network.components.TimeBasedHeartbeatSchedulerImpl$launchHeartbeatJobAsync$1.invokeSuspend(HeartbeatScheduler.kt:133)
	... 12 more
Caused by: kotlinx.coroutines.TimeoutCancellationException: Timed out waiting for 5000 ms
	at kotlinx.coroutines.TimeoutKt.TimeoutCancellationException(Timeout.kt:184)
	at kotlinx.coroutines.TimeoutCoroutine.run(Timeout.kt:154)
	at kotlinx.coroutines.EventLoopImplBase$DelayedRunnableTask.run(EventLoop.common.kt:508)
	at kotlinx.coroutines.EventLoopImplBase.processNextEvent(EventLoop.common.kt:284)
	at kotlinx.coroutines.DefaultExecutor.run(DefaultExecutor.kt:108)
	at java.base/java.lang.Thread.run(Thread.java:833)
[0m
[0m2023-03-21 20:07:34 V/: Validated caches.[0m
[0m2023-03-21 20:07:34 V/: Loading server list from cache.[0m
[0m2023-03-21 20:07:34 V/: Server list: 183.47.102.62:14000, 42.81.192.153:443, 183.47.98.90:8080, 58.212.179.34:14000, msfwifi.3g.qq.com:8080, 113.96.18.253:14000, 180.102.111.213:80, 123.151.54.57:80, 42.81.192.141:443, 114.222.112.229:8080.[0m
[92m2023-03-21 20:07:34 I/: ECDH key is valid.[0m
[0m2023-03-21 20:07:34 V/: Send: wtlogin.exchange_emp(10:fast-login)[0m
[0m2023-03-21 20:07:34 V/: Recv: wtlogin.exchange_emp[0m
[0m2023-03-21 20:07:34 V/: Send: StatSvc.register(online)[0m
[92m2023-03-21 20:07:34 I/: Server time updated, serverTime: 1679400454, diff: 0ms=0.0s[0m
[0m2023-03-21 20:07:34 V/: Recv: StatSvc.register[0m
[92m2023-03-21 20:07:34 I/: Scheduled key refresh in 23h 55min 0.0s.[0m
[92m2023-03-21 20:07:34 I/: Scheduled refresh login session in 19d 23h 55min 0.0s.[0m
[0m2023-03-21 20:07:37 V/: Server list: 117.62.242.214:8080, 123.151.54.194:443, 42.81.194.38:443, 119.147.190.138:14000, 183.47.102.213:8080, 180.102.191.95:80, 183.47.102.165:14000, 42.81.184.82:80, msfwifi.3g.qq.com:8080, 222.94.109.183:14000.[0m
[0m2023-03-21 20:07:37 V/: Saving bdh session to cache[0m
[0m2023-03-21 20:07:37 V/: Saving server list to cache[0m
[0m2023-03-21 20:07:37 V/: Send: ConfigPushSvc.PushResp(ConfigPushSvc.PushResp)[0m
[0m2023-03-21 20:07:37 V/: Recv: ConfigPushSvc.PushReq[0m
[0m2023-03-21 20:07:37 V/: Saving bdh session to cache[0m
[0m2023-03-21 20:07:37 V/: Send: ConfigPushSvc.PushResp(ConfigPushSvc.PushResp)[0m
[0m2023-03-21 20:07:37 V/: Recv: ConfigPushSvc.PushReq[0m
[0m2023-03-21 20:12:01 V/: Send: MessageSvc.PbSendMsg(MessageSvc.PbSendMsg)[0m
[0m2023-03-21 20:12:01 V/: Recv: MessageSvc.PbSendMsg[0m
[0m2023-03-21 20:40:15 V/: Send: MessageSvc.PbSendMsg(MessageSvc.PbSendMsg)[0m
[0m2023-03-21 20:40:15 V/: Recv: MessageSvc.PbSendMsg[0m
[0m2023-03-21 20:53:26 V/: Send: MessageSvc.PbSendMsg(MessageSvc.PbSendMsg)[0m
[0m2023-03-21 20:53:26 V/: Recv: MessageSvc.PbSendMsg[0m
[0m2023-03-21 21:12:37 V/: Send: MessageSvc.PbSendMsg(MessageSvc.PbSendMsg)[0m
[0m2023-03-21 21:12:38 V/: Recv: MessageSvc.PbSendMsg[0m
[0m2023-03-21 22:29:18 V/: Send: MessageSvc.PbSendMsg(MessageSvc.PbSendMsg)[0m
[0m2023-03-21 22:29:18 V/: Recv: MessageSvc.PbSendMsg[0m
