[0m2023-03-17 00:04:00 V/: Send: MessageSvc.PbSendMsg(MessageSvc.PbSendMsg)[0m
[0m2023-03-17 00:04:01 V/: Recv: MessageSvc.PbSendMsg[0m
[0m2023-03-17 00:04:05 V/: Send: MessageSvc.PbSendMsg(MessageSvc.PbSendMsg)[0m
[0m2023-03-17 00:04:05 V/: Recv: MessageSvc.PbSendMsg[0m
[0m2023-03-17 00:04:12 V/: Send: MessageSvc.PbSendMsg(MessageSvc.PbSendMsg)[0m
[0m2023-03-17 00:04:12 V/: Recv: MessageSvc.PbSendMsg[0m
[0m2023-03-17 00:04:14 V/: Send: MessageSvc.PbSendMsg(MessageSvc.PbSendMsg)[0m
[0m2023-03-17 00:04:15 V/: Recv: MessageSvc.PbSendMsg[0m
[0m2023-03-17 00:04:17 V/: Send: MessageSvc.PbSendMsg(MessageSvc.PbSendMsg)[0m
[0m2023-03-17 00:04:18 V/: Send: MessageSvc.PbSendMsg(MessageSvc.PbSendMsg)[0m
[0m2023-03-17 00:04:18 V/: Recv: MessageSvc.PbSendMsg[0m
[0m2023-03-17 00:04:18 V/: Recv: MessageSvc.PbSendMsg[0m
[0m2023-03-17 00:04:25 V/: Send: MessageSvc.PbSendMsg(MessageSvc.PbSendMsg)[0m
[0m2023-03-17 00:04:25 V/: Recv: MessageSvc.PbSendMsg[0m
[0m2023-03-17 00:04:32 V/: Send: MessageSvc.PbSendMsg(MessageSvc.PbSendMsg)[0m
[0m2023-03-17 00:04:32 V/: Recv: MessageSvc.PbSendMsg[0m
[0m2023-03-17 00:04:35 V/: Send: MessageSvc.PbSendMsg(MessageSvc.PbSendMsg)[0m
[0m2023-03-17 00:04:36 V/: Recv: MessageSvc.PbSendMsg[0m
[0m2023-03-17 01:44:20 V/: Send: MessageSvc.PbSendMsg(MessageSvc.PbSendMsg)[0m
[0m2023-03-17 01:44:20 V/: Recv: MessageSvc.PbSendMsg[0m
[0m2023-03-17 01:44:22 V/: Send: MessageSvc.PbSendMsg(MessageSvc.PbSendMsg)[0m
[0m2023-03-17 01:44:22 V/: Recv: MessageSvc.PbSendMsg[0m
[0m2023-03-17 01:44:34 V/: Send: MessageSvc.PbSendMsg(MessageSvc.PbSendMsg)[0m
[0m2023-03-17 01:44:35 V/: Recv: MessageSvc.PbSendMsg[0m
[0m2023-03-17 01:44:47 V/: Send: MessageSvc.PbSendMsg(MessageSvc.PbSendMsg)[0m
[0m2023-03-17 01:44:47 V/: Recv: MessageSvc.PbSendMsg[0m
[0m2023-03-17 01:52:14 V/: Send: MessageSvc.PbSendMsg(MessageSvc.PbSendMsg)[0m
[0m2023-03-17 01:52:14 V/: Recv: MessageSvc.PbSendMsg[0m
[0m2023-03-17 02:08:22 V/: Send: MessageSvc.PbSendMsg(MessageSvc.PbSendMsg)[0m
[0m2023-03-17 02:08:22 V/: Recv: MessageSvc.PbSendMsg[0m
[0m2023-03-17 02:08:29 V/: Send: MessageSvc.PbSendMsg(MessageSvc.PbSendMsg)[0m
[0m2023-03-17 02:08:30 V/: Recv: MessageSvc.PbSendMsg[0m
[0m2023-03-17 02:08:46 V/: Send: MessageSvc.PbSendMsg(MessageSvc.PbSendMsg)[0m
[0m2023-03-17 02:08:46 V/: Recv: MessageSvc.PbSendMsg[0m
[0m2023-03-17 02:08:59 V/: Send: MessageSvc.PbSendMsg(MessageSvc.PbSendMsg)[0m
[0m2023-03-17 02:09:00 V/: Recv: MessageSvc.PbSendMsg[0m
[0m2023-03-17 02:11:26 V/: Send: MessageSvc.PbSendMsg(MessageSvc.PbSendMsg)[0m
[0m2023-03-17 02:11:26 V/: Recv: MessageSvc.PbSendMsg[0m
[0m2023-03-17 02:11:32 V/: Send: MessageSvc.PbSendMsg(MessageSvc.PbSendMsg)[0m
[0m2023-03-17 02:11:33 V/: Recv: MessageSvc.PbSendMsg[0m
[93m2023-03-17 05:13:56 W/: Exception in resumeConnection.
HeartbeatFailedException: 2629227874.StatHeartbeat, recoverable=true, cause=PacketTimeoutException(message=2629227874.StatHeartbeat Scheduler: Timeout receiving action response, cause=null)
	at net.mamoe.mirai.internal.network.handler.CommonNetworkHandler$StateOK$heartbeatJobs$1$1.invoke(CommonNetworkHandler.kt:346)
	at net.mamoe.mirai.internal.network.handler.CommonNetworkHandler$StateOK$heartbeatJobs$1$1.invoke(CommonNetworkHandler.kt:346)
	at net.mamoe.mirai.internal.network.handler.NetworkHandlerSupport.setStateImpl$mirai_core(NetworkHandlerSupport.kt:329)
	at net.mamoe.mirai.internal.network.handler.CommonNetworkHandler$StateOK$heartbeatJobs$1.invoke(CommonNetworkHandler.kt:408)
	at net.mamoe.mirai.internal.network.handler.CommonNetworkHandler$StateOK$heartbeatJobs$1.invoke(CommonNetworkHandler.kt:345)
	at net.mamoe.mirai.internal.network.components.TimeBasedHeartbeatSchedulerImpl$launchHeartbeatJobAsync$1.invokeSuspend(HeartbeatScheduler.kt:131)
	at kotlin.coroutines.jvm.internal.BaseContinuationImpl.resumeWith(ContinuationImpl.kt:33)
	at kotlinx.coroutines.internal.ScopeCoroutine.afterResume(Scopes.kt:33)
	at kotlinx.coroutines.AbstractCoroutine.resumeWith(AbstractCoroutine.kt:102)
	at kotlin.coroutines.jvm.internal.BaseContinuationImpl.resumeWith(ContinuationImpl.kt:46)
	at kotlinx.coroutines.internal.ScopeCoroutine.afterResume(Scopes.kt:33)
	at kotlinx.coroutines.AbstractCoroutine.resumeWith(AbstractCoroutine.kt:102)
	at kotlin.coroutines.jvm.internal.BaseContinuationImpl.resumeWith(ContinuationImpl.kt:46)
	at kotlinx.coroutines.DispatchedTask.run(DispatchedTask.kt:104)
	at kotlinx.coroutines.scheduling.CoroutineScheduler.runSafely(CoroutineScheduler.kt:570)
	at kotlinx.coroutines.scheduling.CoroutineScheduler$Worker.executeTask(CoroutineScheduler.kt:750)
	at kotlinx.coroutines.scheduling.CoroutineScheduler$Worker.runWorker(CoroutineScheduler.kt:677)
	at kotlinx.coroutines.scheduling.CoroutineScheduler$Worker.run(CoroutineScheduler.kt:664)
Caused by: PacketTimeoutException(message=2629227874.StatHeartbeat Scheduler: Timeout receiving action response, cause=null)
	at net.mamoe.mirai.internal.network.components.TimeBasedHeartbeatSchedulerImpl$launchHeartbeatJobAsync$1.invokeSuspend(HeartbeatScheduler.kt:133)
	... 12 more
[0m
[0m2023-03-17 05:13:56 V/: Validated caches.[0m
[0m2023-03-17 05:13:56 V/: Loading server list from cache.[0m
[0m2023-03-17 05:13:56 V/: Server list: 183.47.98.90:14000, 183.47.102.218:80, 180.109.52.205:80, msfwifi.3g.qq.com:8080, 42.81.193.250:443, 123.151.54.197:80, 42.81.192.158:443, 180.101.246.26:80, 117.62.243.225:8080, 119.147.190.138:8080.[0m
[92m2023-03-17 05:13:56 I/: ECDH key is valid.[0m
[0m2023-03-17 05:13:56 V/: Send: wtlogin.exchange_emp(10:fast-login)[0m
[0m2023-03-17 05:13:57 V/: Recv: wtlogin.exchange_emp[0m
[0m2023-03-17 05:13:57 V/: Send: StatSvc.register(online)[0m
[92m2023-03-17 05:13:57 I/: Server time updated, serverTime: 1679001237, diff: 0ms=0.0s[0m
[0m2023-03-17 05:13:57 V/: Recv: StatSvc.register[0m
[92m2023-03-17 05:13:57 I/: Scheduled key refresh in 23h 55min 0.0s.[0m
[92m2023-03-17 05:13:57 I/: Scheduled refresh login session in 19d 23h 55min 0.0s.[0m
[0m2023-03-17 05:14:00 V/: Saving bdh session to cache[0m
[0m2023-03-17 05:14:00 V/: Send: ConfigPushSvc.PushResp(ConfigPushSvc.PushResp)[0m
[0m2023-03-17 05:14:00 V/: Recv: ConfigPushSvc.PushReq[0m
[0m2023-03-17 05:14:05 V/: Server list: 14.22.9.53:14000, msfwifi.3g.qq.com:8080, 222.94.109.123:80, 183.47.101.221:80, 58.212.179.125:8080, 113.96.18.168:8080, 42.81.192.141:443, 42.81.194.23:443, 42.81.194.77:80, 180.102.111.213:80.[0m
[0m2023-03-17 05:14:05 V/: Saving bdh session to cache[0m
[0m2023-03-17 05:14:05 V/: Saving server list to cache[0m
[0m2023-03-17 05:14:05 V/: Send: ConfigPushSvc.PushResp(ConfigPushSvc.PushResp)[0m
[0m2023-03-17 05:14:05 V/: Recv: ConfigPushSvc.PushReq[0m
[0m2023-03-17 06:57:17 V/: Send: MessageSvc.PbSendMsg(MessageSvc.PbSendMsg)[0m
[0m2023-03-17 06:57:18 V/: Recv: MessageSvc.PbSendMsg[0m
[0m2023-03-17 06:57:24 V/: Send: MessageSvc.PbSendMsg(MessageSvc.PbSendMsg)[0m
[0m2023-03-17 06:57:24 V/: Send: MessageSvc.PbSendMsg(MessageSvc.PbSendMsg)[0m
[0m2023-03-17 06:57:24 V/: Recv: MessageSvc.PbSendMsg[0m
[0m2023-03-17 06:57:24 V/: Recv: MessageSvc.PbSendMsg[0m
[0m2023-03-17 06:57:25 V/: Send: MessageSvc.PbSendMsg(MessageSvc.PbSendMsg)[0m
[0m2023-03-17 06:57:25 V/: Recv: MessageSvc.PbSendMsg[0m
[0m2023-03-17 06:57:26 V/: Send: MessageSvc.PbSendMsg(MessageSvc.PbSendMsg)[0m
[0m2023-03-17 06:57:26 V/: Recv: MessageSvc.PbSendMsg[0m
[0m2023-03-17 07:20:35 V/: Send: MessageSvc.PbSendMsg(MessageSvc.PbSendMsg)[0m
[0m2023-03-17 07:20:35 V/: Recv: MessageSvc.PbSendMsg[0m
[0m2023-03-17 07:20:47 V/: Send: MessageSvc.PbSendMsg(MessageSvc.PbSendMsg)[0m
[0m2023-03-17 07:20:47 V/: Recv: MessageSvc.PbSendMsg[0m
[0m2023-03-17 07:20:56 V/: Send: MessageSvc.PbSendMsg(MessageSvc.PbSendMsg)[0m
[0m2023-03-17 07:20:57 V/: Recv: MessageSvc.PbSendMsg[0m
[0m2023-03-17 07:20:57 V/: Send: MessageSvc.PbSendMsg(MessageSvc.PbSendMsg)[0m
[0m2023-03-17 07:20:58 V/: Recv: MessageSvc.PbSendMsg[0m
[0m2023-03-17 07:21:07 V/: Send: MessageSvc.PbSendMsg(MessageSvc.PbSendMsg)[0m
[0m2023-03-17 07:21:07 V/: Recv: MessageSvc.PbSendMsg[0m
[0m2023-03-17 07:21:09 V/: Send: MessageSvc.PbSendMsg(MessageSvc.PbSendMsg)[0m
[0m2023-03-17 07:21:09 V/: Recv: MessageSvc.PbSendMsg[0m
[0m2023-03-17 07:21:10 V/: Send: MessageSvc.PbSendMsg(MessageSvc.PbSendMsg)[0m
[0m2023-03-17 07:21:11 V/: Recv: MessageSvc.PbSendMsg[0m
[0m2023-03-17 07:21:11 V/: Send: MessageSvc.PbSendMsg(MessageSvc.PbSendMsg)[0m
[0m2023-03-17 07:21:11 V/: Recv: MessageSvc.PbSendMsg[0m
[0m2023-03-17 07:21:20 V/: Send: MessageSvc.PbSendMsg(MessageSvc.PbSendMsg)[0m
[0m2023-03-17 07:21:20 V/: Recv: MessageSvc.PbSendMsg[0m
[0m2023-03-17 07:31:05 V/: Send: MessageSvc.PbSendMsg(MessageSvc.PbSendMsg)[0m
[0m2023-03-17 07:31:05 V/: Recv: MessageSvc.PbSendMsg[0m
[0m2023-03-17 07:31:12 V/: Send: MessageSvc.PbSendMsg(MessageSvc.PbSendMsg)[0m
[0m2023-03-17 07:31:12 V/: Recv: MessageSvc.PbSendMsg[0m
[0m2023-03-17 07:31:19 V/: Send: MessageSvc.PbSendMsg(MessageSvc.PbSendMsg)[0m
[0m2023-03-17 07:31:19 V/: Recv: MessageSvc.PbSendMsg[0m
[0m2023-03-17 07:36:22 V/: Send: MessageSvc.PbSendMsg(MessageSvc.PbSendMsg)[0m
[0m2023-03-17 07:36:22 V/: Recv: MessageSvc.PbSendMsg[0m
[0m2023-03-17 07:45:04 V/: Send: MessageSvc.PbSendMsg(MessageSvc.PbSendMsg)[0m
[0m2023-03-17 07:45:05 V/: Recv: MessageSvc.PbSendMsg[0m
[0m2023-03-17 07:45:11 V/: Send: MessageSvc.PbSendMsg(MessageSvc.PbSendMsg)[0m
[0m2023-03-17 07:45:11 V/: Recv: MessageSvc.PbSendMsg[0m
[0m2023-03-17 08:12:30 V/: Send: MessageSvc.PbSendMsg(MessageSvc.PbSendMsg)[0m
[0m2023-03-17 08:12:30 V/: Recv: MessageSvc.PbSendMsg[0m
[0m2023-03-17 08:12:37 V/: Send: MessageSvc.PbSendMsg(MessageSvc.PbSendMsg)[0m
[0m2023-03-17 08:12:37 V/: Recv: MessageSvc.PbSendMsg[0m
[0m2023-03-17 08:12:43 V/: Send: MessageSvc.PbSendMsg(MessageSvc.PbSendMsg)[0m
[0m2023-03-17 08:12:44 V/: Recv: MessageSvc.PbSendMsg[0m
[0m2023-03-17 08:12:51 V/: Send: MessageSvc.PbSendMsg(MessageSvc.PbSendMsg)[0m
[0m2023-03-17 08:12:51 V/: Recv: MessageSvc.PbSendMsg[0m
[0m2023-03-17 08:12:53 V/: Send: MessageSvc.PbSendMsg(MessageSvc.PbSendMsg)[0m
[0m2023-03-17 08:12:54 V/: Recv: MessageSvc.PbSendMsg[0m
[0m2023-03-17 08:43:36 V/: Send: MessageSvc.PbSendMsg(MessageSvc.PbSendMsg)[0m
[0m2023-03-17 08:43:36 V/: Recv: MessageSvc.PbSendMsg[0m
[0m2023-03-17 08:43:42 V/: Send: MessageSvc.PbSendMsg(MessageSvc.PbSendMsg)[0m
[0m2023-03-17 08:43:42 V/: Recv: MessageSvc.PbSendMsg[0m
[0m2023-03-17 08:43:44 V/: Send: MessageSvc.PbSendMsg(MessageSvc.PbSendMsg)[0m
[0m2023-03-17 08:43:45 V/: Recv: MessageSvc.PbSendMsg[0m
[0m2023-03-17 08:43:48 V/: Send: MessageSvc.PbSendMsg(MessageSvc.PbSendMsg)[0m
[0m2023-03-17 08:43:48 V/: Recv: MessageSvc.PbSendMsg[0m
[0m2023-03-17 08:43:59 V/: Send: MessageSvc.PbSendMsg(MessageSvc.PbSendMsg)[0m
[0m2023-03-17 08:44:00 V/: Recv: MessageSvc.PbSendMsg[0m
[0m2023-03-17 08:44:02 V/: Send: MessageSvc.PbSendMsg(MessageSvc.PbSendMsg)[0m
[0m2023-03-17 08:44:02 V/: Recv: MessageSvc.PbSendMsg[0m
[0m2023-03-17 08:49:09 V/: Send: MessageSvc.PbSendMsg(MessageSvc.PbSendMsg)[0m
[0m2023-03-17 08:49:10 V/: Recv: MessageSvc.PbSendMsg[0m
[0m2023-03-17 08:49:16 V/: Send: MessageSvc.PbSendMsg(MessageSvc.PbSendMsg)[0m
[0m2023-03-17 08:49:17 V/: Recv: MessageSvc.PbSendMsg[0m
[0m2023-03-17 10:09:23 V/: Send: MessageSvc.PbSendMsg(MessageSvc.PbSendMsg)[0m
[0m2023-03-17 10:09:24 V/: Recv: MessageSvc.PbSendMsg[0m
[0m2023-03-17 10:09:29 V/: Send: MessageSvc.PbSendMsg(MessageSvc.PbSendMsg)[0m
[0m2023-03-17 10:09:29 V/: Recv: MessageSvc.PbSendMsg[0m
[0m2023-03-17 10:09:30 V/: Send: MessageSvc.PbSendMsg(MessageSvc.PbSendMsg)[0m
[0m2023-03-17 10:09:31 V/: Recv: MessageSvc.PbSendMsg[0m
[0m2023-03-17 10:09:32 V/: Send: MessageSvc.PbSendMsg(MessageSvc.PbSendMsg)[0m
[0m2023-03-17 10:09:32 V/: Recv: MessageSvc.PbSendMsg[0m
[0m2023-03-17 10:52:44 V/: Send: MessageSvc.PbSendMsg(MessageSvc.PbSendMsg)[0m
[0m2023-03-17 10:52:45 V/: Recv: MessageSvc.PbSendMsg[0m
[0m2023-03-17 10:52:50 V/: Send: MessageSvc.PbSendMsg(MessageSvc.PbSendMsg)[0m
[0m2023-03-17 10:52:50 V/: Recv: MessageSvc.PbSendMsg[0m
[0m2023-03-17 10:52:53 V/: Send: MessageSvc.PbSendMsg(MessageSvc.PbSendMsg)[0m
[0m2023-03-17 10:52:53 V/: Recv: MessageSvc.PbSendMsg[0m
[0m2023-03-17 10:59:13 V/: Send: MessageSvc.PbSendMsg(MessageSvc.PbSendMsg)[0m
[0m2023-03-17 10:59:14 V/: Recv: MessageSvc.PbSendMsg[0m
[0m2023-03-17 10:59:21 V/: Send: MessageSvc.PbSendMsg(MessageSvc.PbSendMsg)[0m
[0m2023-03-17 10:59:21 V/: Recv: MessageSvc.PbSendMsg[0m
[0m2023-03-17 10:59:27 V/: Send: MessageSvc.PbSendMsg(MessageSvc.PbSendMsg)[0m
[0m2023-03-17 10:59:27 V/: Recv: MessageSvc.PbSendMsg[0m
[0m2023-03-17 10:59:55 V/: Send: MessageSvc.PbSendMsg(MessageSvc.PbSendMsg)[0m
[0m2023-03-17 10:59:55 V/: Recv: MessageSvc.PbSendMsg[0m
[0m2023-03-17 11:00:01 V/: Send: MessageSvc.PbSendMsg(MessageSvc.PbSendMsg)[0m
[0m2023-03-17 11:00:01 V/: Recv: MessageSvc.PbSendMsg[0m
[0m2023-03-17 11:00:05 V/: Send: MessageSvc.PbSendMsg(MessageSvc.PbSendMsg)[0m
[0m2023-03-17 11:00:05 V/: Recv: MessageSvc.PbSendMsg[0m
[0m2023-03-17 11:00:34 V/: Send: MessageSvc.PbSendMsg(MessageSvc.PbSendMsg)[0m
[0m2023-03-17 11:00:34 V/: Recv: MessageSvc.PbSendMsg[0m
[0m2023-03-17 11:32:15 V/: Send: MessageSvc.PbSendMsg(MessageSvc.PbSendMsg)[0m
[0m2023-03-17 11:32:15 V/: Recv: MessageSvc.PbSendMsg[0m
[0m2023-03-17 11:43:20 V/: Send: MessageSvc.PbSendMsg(MessageSvc.PbSendMsg)[0m
[0m2023-03-17 11:43:20 V/: Recv: MessageSvc.PbSendMsg[0m
[0m2023-03-17 11:43:28 V/: Send: MessageSvc.PbSendMsg(MessageSvc.PbSendMsg)[0m
[0m2023-03-17 11:43:28 V/: Recv: MessageSvc.PbSendMsg[0m
[0m2023-03-17 11:43:29 V/: Send: MessageSvc.PbSendMsg(MessageSvc.PbSendMsg)[0m
[0m2023-03-17 11:43:29 V/: Recv: MessageSvc.PbSendMsg[0m
[0m2023-03-17 11:53:48 V/: Send: MessageSvc.PbSendMsg(MessageSvc.PbSendMsg)[0m
[0m2023-03-17 11:53:49 V/: Recv: MessageSvc.PbSendMsg[0m
[0m2023-03-17 11:54:39 V/: Send: MessageSvc.PbSendMsg(MessageSvc.PbSendMsg)[0m
[0m2023-03-17 11:54:39 V/: Recv: MessageSvc.PbSendMsg[0m
[0m2023-03-17 11:59:11 V/: Send: MessageSvc.PbSendMsg(MessageSvc.PbSendMsg)[0m
[0m2023-03-17 11:59:11 V/: Recv: MessageSvc.PbSendMsg[0m
[93m2023-03-17 13:52:49 W/: Exception in resumeConnection.
HeartbeatFailedException: 2629227874.AliveHeartbeat, recoverable=true, cause=PacketTimeoutException(message=2629227874.AliveHeartbeat Scheduler: Timeout receiving action response, cause=kotlinx.coroutines.TimeoutCancellationException: Timed out waiting for 5000 ms)
	at net.mamoe.mirai.internal.network.handler.CommonNetworkHandler$StateOK$heartbeatJobs$1$1.invoke(CommonNetworkHandler.kt:346)
	at net.mamoe.mirai.internal.network.handler.CommonNetworkHandler$StateOK$heartbeatJobs$1$1.invoke(CommonNetworkHandler.kt:346)
	at net.mamoe.mirai.internal.network.handler.NetworkHandlerSupport.setStateImpl$mirai_core(NetworkHandlerSupport.kt:329)
	at net.mamoe.mirai.internal.network.handler.CommonNetworkHandler$StateOK$heartbeatJobs$1.invoke(CommonNetworkHandler.kt:408)
	at net.mamoe.mirai.internal.network.handler.CommonNetworkHandler$StateOK$heartbeatJobs$1.invoke(CommonNetworkHandler.kt:345)
	at net.mamoe.mirai.internal.network.components.TimeBasedHeartbeatSchedulerImpl$launchHeartbeatJobAsync$1.invokeSuspend(HeartbeatScheduler.kt:131)
	at kotlin.coroutines.jvm.internal.BaseContinuationImpl.resumeWith(ContinuationImpl.kt:33)
	at kotlinx.coroutines.internal.ScopeCoroutine.afterResume(Scopes.kt:33)
	at kotlinx.coroutines.AbstractCoroutine.resumeWith(AbstractCoroutine.kt:102)
	at kotlin.coroutines.jvm.internal.BaseContinuationImpl.resumeWith(ContinuationImpl.kt:46)
	at kotlinx.coroutines.internal.ScopeCoroutine.afterResume(Scopes.kt:33)
	at kotlinx.coroutines.AbstractCoroutine.resumeWith(AbstractCoroutine.kt:102)
	at kotlin.coroutines.jvm.internal.BaseContinuationImpl.resumeWith(ContinuationImpl.kt:46)
	at kotlinx.coroutines.DispatchedTask.run(DispatchedTask.kt:104)
	at kotlinx.coroutines.scheduling.CoroutineScheduler.runSafely(CoroutineScheduler.kt:570)
	at kotlinx.coroutines.scheduling.CoroutineScheduler$Worker.executeTask(CoroutineScheduler.kt:750)
	at kotlinx.coroutines.scheduling.CoroutineScheduler$Worker.runWorker(CoroutineScheduler.kt:677)
	at kotlinx.coroutines.scheduling.CoroutineScheduler$Worker.run(CoroutineScheduler.kt:664)
Caused by: PacketTimeoutException(message=2629227874.AliveHeartbeat Scheduler: Timeout receiving action response, cause=kotlinx.coroutines.TimeoutCancellationException: Timed out waiting for 5000 ms)
	at net.mamoe.mirai.internal.network.components.TimeBasedHeartbeatSchedulerImpl$launchHeartbeatJobAsync$1.invokeSuspend(HeartbeatScheduler.kt:133)
	... 12 more
Caused by: kotlinx.coroutines.TimeoutCancellationException: Timed out waiting for 5000 ms
	at kotlinx.coroutines.TimeoutKt.TimeoutCancellationException(Timeout.kt:184)
	at kotlinx.coroutines.TimeoutCoroutine.run(Timeout.kt:154)
	at kotlinx.coroutines.EventLoopImplBase$DelayedRunnableTask.run(EventLoop.common.kt:508)
	at kotlinx.coroutines.EventLoopImplBase.processNextEvent(EventLoop.common.kt:284)
	at kotlinx.coroutines.DefaultExecutor.run(DefaultExecutor.kt:108)
	at java.base/java.lang.Thread.run(Thread.java:833)
[0m
[0m2023-03-17 13:52:49 V/: Validated caches.[0m
[0m2023-03-17 13:52:49 V/: Loading server list from cache.[0m
[0m2023-03-17 13:52:49 V/: Server list: 14.22.9.53:14000, msfwifi.3g.qq.com:8080, 222.94.109.123:80, 183.47.101.221:80, 58.212.179.125:8080, 113.96.18.168:8080, 42.81.192.141:443, 42.81.194.23:443, 42.81.194.77:80, 180.102.111.213:80.[0m
[92m2023-03-17 13:52:49 I/: ECDH key is invalid, start to fetch ecdh public key from server.[0m
[92m2023-03-17 13:52:49 I/: Successfully fetched ecdh public key from server.[0m
[0m2023-03-17 13:52:49 V/: Send: wtlogin.exchange_emp(10:fast-login)[0m
[0m2023-03-17 13:52:50 V/: Recv: wtlogin.exchange_emp[0m
[0m2023-03-17 13:52:50 V/: Send: StatSvc.register(online)[0m
[92m2023-03-17 13:52:50 I/: Server time updated, serverTime: 1679032369, diff: -1ms=-0.001s[0m
[92m2023-03-17 13:52:50 I/: Scheduled key refresh in 23h 55min 0.0s.[0m
[92m2023-03-17 13:52:50 I/: Scheduled refresh login session in 19d 23h 55min 0.0s.[0m
[0m2023-03-17 13:52:50 V/: Recv: StatSvc.register[0m
[0m2023-03-17 13:52:53 V/: Server list: msfwifi.3g.qq.com:8080, 123.151.54.38:443, 123.151.54.38:80, 42.81.183.253:443, 183.47.101.173:14000, 117.62.243.229:8080, 180.102.191.95:80, 183.47.102.165:8080, 183.47.102.145:14000, 117.62.243.156:14000.[0m
[0m2023-03-17 13:52:53 V/: Saving bdh session to cache[0m
[0m2023-03-17 13:52:53 V/: Saving server list to cache[0m
[0m2023-03-17 13:52:53 V/: Send: ConfigPushSvc.PushResp(ConfigPushSvc.PushResp)[0m
[0m2023-03-17 13:52:53 V/: Recv: ConfigPushSvc.PushReq[0m
[0m2023-03-17 13:52:53 V/: Saving bdh session to cache[0m
[0m2023-03-17 13:52:53 V/: Send: ConfigPushSvc.PushResp(ConfigPushSvc.PushResp)[0m
[0m2023-03-17 13:52:53 V/: Recv: ConfigPushSvc.PushReq[0m
[0m2023-03-17 13:53:33 V/: Send: StatSvc.register(offline)[0m
[0m2023-03-17 13:54:22 V/Net 2629227874: Validated caches.[0m
[0m2023-03-17 13:54:22 V/Net 2629227874: Loading server list from cache.[0m
[0m2023-03-17 13:54:22 V/Net 2629227874: Server list: msfwifi.3g.qq.com:8080, 123.151.54.38:443, 123.151.54.38:80, 42.81.183.253:443, 183.47.101.173:14000, 117.62.243.229:8080, 180.102.191.95:80, 183.47.102.165:8080, 183.47.102.145:14000, 117.62.243.156:14000.[0m
[92m2023-03-17 13:54:22 I/Net 2629227874: ECDH key is valid.[0m
[0m2023-03-17 13:54:22 V/Net 2629227874: Send: wtlogin.exchange_emp(10:fast-login)[0m
[0m2023-03-17 13:54:22 V/Net 2629227874: Recv: wtlogin.exchange_emp[0m
[0m2023-03-17 13:54:22 V/Net 2629227874: Send: StatSvc.register(online)[0m
[92m2023-03-17 13:54:23 I/Net 2629227874: Server time updated, serverTime: 1679032462, diff: -1ms=-0.001s[0m
[0m2023-03-17 13:54:23 V/Net 2629227874: Recv: StatSvc.register[0m
[0m2023-03-17 13:54:23 V/Net 2629227874: Loading BdhSession from cache file[0m
[92m2023-03-17 13:54:23 I/Net 2629227874: Syncing friend message history...[0m
[92m2023-03-17 13:54:23 I/Net 2629227874: Start loading friend list...[0m
[0m2023-03-17 13:54:23 V/Net 2629227874: Send: StatSvc.GetDevLoginInfo(StatSvc.GetDevLoginInfo)[0m
[92m2023-03-17 13:54:23 I/Net 2629227874: Start loading stranger list...[0m
[92m2023-03-17 13:54:23 I/Net 2629227874: Start loading friendGroup list...[0m
[0m2023-03-17 13:54:23 V/Net 2629227874: Send: OidbSvc.0x496(OidbSvc.0x496)[0m
[0m2023-03-17 13:54:23 V/Net 2629227874: Send: friendlist.getFriendGroupList(friendlist.getFriendGroupList)[0m
[0m2023-03-17 13:54:23 V/Net 2629227874: Send: friendlist.getFriendGroupList(friendlist.getFriendGroupList)[0m
[0m2023-03-17 13:54:23 V/Net 2629227874: Send: OidbSvc.0x5d2_0(OidbSvc.0x5d2_0)[0m
[0m2023-03-17 13:54:23 V/Net 2629227874: Recv: StatSvc.GetDevLoginInfo[0m
[92m2023-03-17 13:54:23 I/Net 2629227874: Online OtherClients: mirai(IOS)[0m
[0m2023-03-17 13:54:23 V/Net 2629227874: Recv: OidbSvc.0x5d2_0[0m
[92m2023-03-17 13:54:23 I/Net 2629227874: Successfully loaded stranger list: 0 in total[0m
[92m2023-03-17 13:54:23 I/Net 2629227874: Start loading group list...[0m
[0m2023-03-17 13:54:23 V/Net 2629227874: Recv: OidbSvc.0x496[0m
[0m2023-03-17 13:54:23 V/Net 2629227874: Send: friendlist.GetTroopListReqV2(friendlist.GetTroopListReqV2)[0m
[0m2023-03-17 13:54:23 V/Net 2629227874: Recv: friendlist.getFriendGroupList[0m
[0m2023-03-17 13:54:23 V/Net 2629227874: Loading friendGroup list: 4/4[0m
[92m2023-03-17 13:54:23 I/Net 2629227874: Successfully loaded friendGroup list: 4 in total[0m
[0m2023-03-17 13:54:23 V/Net 2629227874: Recv: friendlist.getFriendGroupList[0m
[0m2023-03-17 13:54:23 V/Net 2629227874: Loading friend list: 9/9[0m
[92m2023-03-17 13:54:23 I/Net 2629227874: Successfully loaded friend list: 9 in total[0m
[0m2023-03-17 13:54:23 V/Net 2629227874: Recv: friendlist.GetTroopListReqV2[0m
[0m2023-03-17 13:54:23 V/Net 2629227874: Send: friendlist.GetTroopMemberListReq(friendlist.GetTroopMemberListReq)[0m
[0m2023-03-17 13:54:23 V/Net 2629227874: Send: friendlist.GetTroopMemberListReq(friendlist.GetTroopMemberListReq)[0m
[0m2023-03-17 13:54:23 V/Net 2629227874: Send: friendlist.GetTroopMemberListReq(friendlist.GetTroopMemberListReq)[0m
[0m2023-03-17 13:54:24 V/Net 2629227874: Recv: friendlist.GetTroopMemberListReq[0m
[0m2023-03-17 13:54:24 V/Net 2629227874: Recv: friendlist.GetTroopMemberListReq[0m
[0m2023-03-17 13:54:24 V/Net 2629227874: Send: friendlist.GetTroopMemberListReq(friendlist.GetTroopMemberListReq)[0m
[0m2023-03-17 13:54:24 V/Net 2629227874: Recv: friendlist.GetTroopMemberListReq[0m
[0m2023-03-17 13:54:24 V/Net 2629227874: Send: friendlist.GetTroopMemberListReq(friendlist.GetTroopMemberListReq)[0m
[0m2023-03-17 13:54:24 V/Net 2629227874: Recv: friendlist.GetTroopMemberListReq[0m
[0m2023-03-17 13:54:24 V/Net 2629227874: Send: friendlist.GetTroopMemberListReq(friendlist.GetTroopMemberListReq)[0m
[0m2023-03-17 13:54:24 V/Net 2629227874: Recv: friendlist.GetTroopMemberListReq[0m
[0m2023-03-17 13:54:24 V/Net 2629227874: Send: friendlist.GetTroopMemberListReq(friendlist.GetTroopMemberListReq)[0m
[0m2023-03-17 13:54:24 V/Net 2629227874: Recv: friendlist.GetTroopMemberListReq[0m
[0m2023-03-17 13:54:24 V/Net 2629227874: Send: friendlist.GetTroopMemberListReq(friendlist.GetTroopMemberListReq)[0m
[0m2023-03-17 13:54:24 V/Net 2629227874: Recv: friendlist.GetTroopMemberListReq[0m
[0m2023-03-17 13:54:24 V/Net 2629227874: Send: friendlist.GetTroopMemberListReq(friendlist.GetTroopMemberListReq)[0m
[0m2023-03-17 13:54:24 V/Net 2629227874: Recv: friendlist.GetTroopMemberListReq[0m
[0m2023-03-17 13:54:25 V/Net 2629227874: Recv: friendlist.GetTroopMemberListReq[0m
[0m2023-03-17 13:54:25 V/Net 2629227874: Send: friendlist.GetTroopMemberListReq(friendlist.GetTroopMemberListReq)[0m
[0m2023-03-17 13:54:25 V/Net 2629227874: Recv: friendlist.GetTroopMemberListReq[0m
[0m2023-03-17 13:54:25 V/Net 2629227874: Send: friendlist.GetTroopMemberListReq(friendlist.GetTroopMemberListReq)[0m
[0m2023-03-17 13:54:25 V/Net 2629227874: Recv: friendlist.GetTroopMemberListReq[0m
[92m2023-03-17 13:54:25 I/Net 2629227874: Successfully loaded group list: 3 in total.[0m
[92m2023-03-17 13:54:25 I/Net 2629227874: Scheduled key refresh in 23h 55min 0.0s.[0m
[92m2023-03-17 13:54:25 I/Net 2629227874: Scheduled refresh login session in 19d 23h 55min 0.0s.[0m
[92m2023-03-17 13:54:25 I/Net 2629227874: Syncing friend message history: Success.[0m
[0m2023-03-17 13:54:26 V/Net 2629227874: Server list: 114.222.112.229:8080, 183.47.102.145:14000, 114.222.113.185:14000, msfwifi.3g.qq.com:8080, 42.81.193.250:80, 42.81.192.185:443, 123.151.54.91:443, 183.47.101.221:8080, 117.62.243.156:80, 183.47.98.90:14000.[0m
[0m2023-03-17 13:54:26 V/Net 2629227874: Saving bdh session to cache[0m
[0m2023-03-17 13:54:26 V/Net 2629227874: Saving server list to cache[0m
[0m2023-03-17 13:54:26 V/Net 2629227874: Send: ConfigPushSvc.PushResp(ConfigPushSvc.PushResp)[0m
[0m2023-03-17 13:54:26 V/Net 2629227874: Recv: ConfigPushSvc.PushReq[0m
[0m2023-03-17 13:54:26 V/Net 2629227874: Saving bdh session to cache[0m
[0m2023-03-17 13:54:26 V/Net 2629227874: Send: ConfigPushSvc.PushResp(ConfigPushSvc.PushResp)[0m
[0m2023-03-17 13:54:26 V/Net 2629227874: Recv: ConfigPushSvc.PushReq[0m
[0m2023-03-17 13:54:26 V/Net 2629227874: Send: MessageSvc.PbSendMsg(MessageSvc.PbSendMsg)[0m
[0m2023-03-17 13:54:26 V/Net 2629227874: Recv: MessageSvc.PbSendMsg[0m
[0m2023-03-17 13:54:26 V/Net 2629227874: Send: MessageSvc.PbSendMsg(MessageSvc.PbSendMsg)[0m
[0m2023-03-17 13:54:27 V/Net 2629227874: Recv: MessageSvc.PbSendMsg[0m
[0m2023-03-17 13:56:19 V/Net 2629227874: Send: MessageSvc.PbSendMsg(MessageSvc.PbSendMsg)[0m
[0m2023-03-17 13:56:19 V/Net 2629227874: Recv: MessageSvc.PbSendMsg[0m
[0m2023-03-17 13:57:06 V/Net 2629227874: Send: MessageSvc.PbSendMsg(MessageSvc.PbSendMsg)[0m
[0m2023-03-17 13:57:07 V/Net 2629227874: Recv: MessageSvc.PbSendMsg[0m
[0m2023-03-17 14:01:56 V/Net 2629227874: Send: MessageSvc.PbSendMsg(MessageSvc.PbSendMsg)[0m
[0m2023-03-17 14:01:56 V/Net 2629227874: Recv: MessageSvc.PbSendMsg[0m
[0m2023-03-17 14:02:02 V/Net 2629227874: Send: MessageSvc.PbSendMsg(MessageSvc.PbSendMsg)[0m
[0m2023-03-17 14:02:02 V/Net 2629227874: Recv: MessageSvc.PbSendMsg[0m
[0m2023-03-17 14:02:03 V/Net 2629227874: Send: MessageSvc.PbSendMsg(MessageSvc.PbSendMsg)[0m
[0m2023-03-17 14:02:03 V/Net 2629227874: Recv: MessageSvc.PbSendMsg[0m
[0m2023-03-17 14:05:59 V/Net 2629227874: Send: MessageSvc.PbSendMsg(MessageSvc.PbSendMsg)[0m
[0m2023-03-17 14:05:59 V/Net 2629227874: Recv: MessageSvc.PbSendMsg[0m
[0m2023-03-17 14:06:08 V/Net 2629227874: Send: MessageSvc.PbSendMsg(MessageSvc.PbSendMsg)[0m
[0m2023-03-17 14:06:08 V/Net 2629227874: Recv: MessageSvc.PbSendMsg[0m
[0m2023-03-17 14:06:18 V/Net 2629227874: Send: MessageSvc.PbSendMsg(MessageSvc.PbSendMsg)[0m
[0m2023-03-17 14:06:18 V/Net 2629227874: Recv: MessageSvc.PbSendMsg[0m
[0m2023-03-17 14:06:19 V/Net 2629227874: Send: MessageSvc.PbSendMsg(MessageSvc.PbSendMsg)[0m
[0m2023-03-17 14:06:19 V/Net 2629227874: Recv: MessageSvc.PbSendMsg[0m
[0m2023-03-17 14:10:00 V/Net 2629227874: Send: MessageSvc.PbSendMsg(MessageSvc.PbSendMsg)[0m
[0m2023-03-17 14:10:01 V/Net 2629227874: Recv: MessageSvc.PbSendMsg[0m
[0m2023-03-17 14:34:36 V/Net 2629227874: Send: MessageSvc.PbSendMsg(MessageSvc.PbSendMsg)[0m
[0m2023-03-17 14:34:36 V/Net 2629227874: Recv: MessageSvc.PbSendMsg[0m
[0m2023-03-17 14:34:40 V/Net 2629227874: Send: MessageSvc.PbSendMsg(MessageSvc.PbSendMsg)[0m
[0m2023-03-17 14:34:40 V/Net 2629227874: Recv: MessageSvc.PbSendMsg[0m
[0m2023-03-17 14:34:47 V/Net 2629227874: Send: MessageSvc.PbSendMsg(MessageSvc.PbSendMsg)[0m
[0m2023-03-17 14:34:47 V/Net 2629227874: Recv: MessageSvc.PbSendMsg[0m
[0m2023-03-17 14:35:37 V/Net 2629227874: Send: MessageSvc.PbSendMsg(MessageSvc.PbSendMsg)[0m
[0m2023-03-17 14:35:37 V/Net 2629227874: Recv: MessageSvc.PbSendMsg[0m
[0m2023-03-17 14:35:42 V/Net 2629227874: Send: MessageSvc.PbSendMsg(MessageSvc.PbSendMsg)[0m
[0m2023-03-17 14:35:42 V/Net 2629227874: Recv: MessageSvc.PbSendMsg[0m
[0m2023-03-17 14:35:46 V/Net 2629227874: Send: MessageSvc.PbSendMsg(MessageSvc.PbSendMsg)[0m
[0m2023-03-17 14:35:46 V/Net 2629227874: Recv: MessageSvc.PbSendMsg[0m
[0m2023-03-17 14:35:51 V/Net 2629227874: Send: MessageSvc.PbSendMsg(MessageSvc.PbSendMsg)[0m
[0m2023-03-17 14:35:51 V/Net 2629227874: Recv: MessageSvc.PbSendMsg[0m
[0m2023-03-17 14:36:02 V/Net 2629227874: Send: MessageSvc.PbSendMsg(MessageSvc.PbSendMsg)[0m
[0m2023-03-17 14:36:02 V/Net 2629227874: Recv: MessageSvc.PbSendMsg[0m
[0m2023-03-17 14:39:39 V/Net 2629227874: Send: MessageSvc.PbSendMsg(MessageSvc.PbSendMsg)[0m
[0m2023-03-17 14:39:40 V/Net 2629227874: Recv: MessageSvc.PbSendMsg[0m
[0m2023-03-17 14:46:28 V/Net 2629227874: Send: MessageSvc.PbSendMsg(MessageSvc.PbSendMsg)[0m
[0m2023-03-17 14:46:29 V/Net 2629227874: Recv: MessageSvc.PbSendMsg[0m
[0m2023-03-17 14:48:15 V/Net 2629227874: Send: MessageSvc.PbSendMsg(MessageSvc.PbSendMsg)[0m
[0m2023-03-17 14:48:15 V/Net 2629227874: Recv: MessageSvc.PbSendMsg[0m
[0m2023-03-17 14:56:04 V/Net 2629227874: Send: MessageSvc.PbSendMsg(MessageSvc.PbSendMsg)[0m
[0m2023-03-17 14:56:04 V/Net 2629227874: Recv: MessageSvc.PbSendMsg[0m
[0m2023-03-17 14:56:11 V/Net 2629227874: Send: MessageSvc.PbSendMsg(MessageSvc.PbSendMsg)[0m
[0m2023-03-17 14:56:11 V/Net 2629227874: Recv: MessageSvc.PbSendMsg[0m
[0m2023-03-17 14:56:16 V/Net 2629227874: Send: MessageSvc.PbSendMsg(MessageSvc.PbSendMsg)[0m
[0m2023-03-17 14:56:17 V/Net 2629227874: Recv: MessageSvc.PbSendMsg[0m
[0m2023-03-17 15:04:29 V/Net 2629227874: Send: MessageSvc.PbSendMsg(MessageSvc.PbSendMsg)[0m
[0m2023-03-17 15:04:30 V/Net 2629227874: Recv: MessageSvc.PbSendMsg[0m
[0m2023-03-17 15:08:41 V/Net 2629227874: Send: MessageSvc.PbSendMsg(MessageSvc.PbSendMsg)[0m
[0m2023-03-17 15:08:41 V/Net 2629227874: Recv: MessageSvc.PbSendMsg[0m
[0m2023-03-17 15:21:18 V/Net 2629227874: Send: MessageSvc.PbSendMsg(MessageSvc.PbSendMsg)[0m
[0m2023-03-17 15:21:18 V/Net 2629227874: Recv: MessageSvc.PbSendMsg[0m
[0m2023-03-17 15:21:27 V/Net 2629227874: Send: MessageSvc.PbSendMsg(MessageSvc.PbSendMsg)[0m
[0m2023-03-17 15:21:27 V/Net 2629227874: Recv: MessageSvc.PbSendMsg[0m
[0m2023-03-17 15:21:38 V/Net 2629227874: Send: MessageSvc.PbSendMsg(MessageSvc.PbSendMsg)[0m
[0m2023-03-17 15:21:38 V/Net 2629227874: Recv: MessageSvc.PbSendMsg[0m
[0m2023-03-17 15:21:46 V/Net 2629227874: Send: MessageSvc.PbSendMsg(MessageSvc.PbSendMsg)[0m
[0m2023-03-17 15:21:46 V/Net 2629227874: Recv: MessageSvc.PbSendMsg[0m
[0m2023-03-17 15:55:56 V/Net 2629227874: Send: MessageSvc.PbSendMsg(MessageSvc.PbSendMsg)[0m
[0m2023-03-17 15:55:57 V/Net 2629227874: Recv: MessageSvc.PbSendMsg[0m
[0m2023-03-17 16:24:25 V/Net 2629227874: Send: MessageSvc.PbSendMsg(MessageSvc.PbSendMsg)[0m
[0m2023-03-17 16:24:25 V/Net 2629227874: Recv: MessageSvc.PbSendMsg[0m
[0m2023-03-17 16:24:31 V/Net 2629227874: Send: MessageSvc.PbSendMsg(MessageSvc.PbSendMsg)[0m
[0m2023-03-17 16:24:31 V/Net 2629227874: Recv: MessageSvc.PbSendMsg[0m
[0m2023-03-17 16:24:33 V/Net 2629227874: Send: MessageSvc.PbSendMsg(MessageSvc.PbSendMsg)[0m
[0m2023-03-17 16:24:34 V/Net 2629227874: Recv: MessageSvc.PbSendMsg[0m
[0m2023-03-17 16:24:37 V/Net 2629227874: Send: MessageSvc.PbSendMsg(MessageSvc.PbSendMsg)[0m
[0m2023-03-17 16:24:38 V/Net 2629227874: Recv: MessageSvc.PbSendMsg[0m
[0m2023-03-17 16:24:41 V/Net 2629227874: Send: MessageSvc.PbSendMsg(MessageSvc.PbSendMsg)[0m
[0m2023-03-17 16:24:41 V/Net 2629227874: Recv: MessageSvc.PbSendMsg[0m
[0m2023-03-17 16:24:43 V/Net 2629227874: Send: MessageSvc.PbSendMsg(MessageSvc.PbSendMsg)[0m
[0m2023-03-17 16:24:44 V/Net 2629227874: Recv: MessageSvc.PbSendMsg[0m
[0m2023-03-17 16:24:54 V/Net 2629227874: Send: MessageSvc.PbSendMsg(MessageSvc.PbSendMsg)[0m
[0m2023-03-17 16:24:55 V/Net 2629227874: Recv: MessageSvc.PbSendMsg[0m
[0m2023-03-17 16:25:00 V/Net 2629227874: Send: MessageSvc.PbSendMsg(MessageSvc.PbSendMsg)[0m
[0m2023-03-17 16:25:01 V/Net 2629227874: Recv: MessageSvc.PbSendMsg[0m
[0m2023-03-17 16:55:06 V/Net 2629227874: Send: MessageSvc.PbSendMsg(MessageSvc.PbSendMsg)[0m
[0m2023-03-17 16:55:06 V/Net 2629227874: Recv: MessageSvc.PbSendMsg[0m
[0m2023-03-17 16:55:08 V/Net 2629227874: Send: MessageSvc.PbSendMsg(MessageSvc.PbSendMsg)[0m
[0m2023-03-17 16:55:08 V/Net 2629227874: Recv: MessageSvc.PbSendMsg[0m
[0m2023-03-17 16:55:13 V/Net 2629227874: Send: MessageSvc.PbSendMsg(MessageSvc.PbSendMsg)[0m
[0m2023-03-17 16:55:14 V/Net 2629227874: Recv: MessageSvc.PbSendMsg[0m
[0m2023-03-17 16:57:28 V/Net 2629227874: Send: MessageSvc.PbSendMsg(MessageSvc.PbSendMsg)[0m
[0m2023-03-17 16:57:29 V/Net 2629227874: Recv: MessageSvc.PbSendMsg[0m
[0m2023-03-17 16:57:35 V/Net 2629227874: Send: MessageSvc.PbSendMsg(MessageSvc.PbSendMsg)[0m
[0m2023-03-17 16:57:36 V/Net 2629227874: Recv: MessageSvc.PbSendMsg[0m
[0m2023-03-17 16:57:37 V/Net 2629227874: Send: MessageSvc.PbSendMsg(MessageSvc.PbSendMsg)[0m
[0m2023-03-17 16:57:38 V/Net 2629227874: Recv: MessageSvc.PbSendMsg[0m
[0m2023-03-17 17:15:00 V/Net 2629227874: Send: MessageSvc.PbSendMsg(MessageSvc.PbSendMsg)[0m
[0m2023-03-17 17:15:01 V/Net 2629227874: Recv: MessageSvc.PbSendMsg[0m
[0m2023-03-17 17:15:08 V/Net 2629227874: Send: MessageSvc.PbSendMsg(MessageSvc.PbSendMsg)[0m
[0m2023-03-17 17:15:09 V/Net 2629227874: Recv: MessageSvc.PbSendMsg[0m
[0m2023-03-17 17:24:01 V/Net 2629227874: Send: MessageSvc.PbSendMsg(MessageSvc.PbSendMsg)[0m
[0m2023-03-17 17:24:01 V/Net 2629227874: Recv: MessageSvc.PbSendMsg[0m
[0m2023-03-17 17:49:14 V/Net 2629227874: Send: MessageSvc.PbSendMsg(MessageSvc.PbSendMsg)[0m
[0m2023-03-17 17:49:14 V/Net 2629227874: Recv: MessageSvc.PbSendMsg[0m
[0m2023-03-17 17:56:15 V/Net 2629227874: Send: MessageSvc.PbSendMsg(MessageSvc.PbSendMsg)[0m
[0m2023-03-17 17:56:15 V/Net 2629227874: Recv: MessageSvc.PbSendMsg[0m
[0m2023-03-17 17:57:14 V/Net 2629227874: Send: MessageSvc.PbSendMsg(MessageSvc.PbSendMsg)[0m
[0m2023-03-17 17:57:14 V/Net 2629227874: Recv: MessageSvc.PbSendMsg[0m
[0m2023-03-17 17:57:15 V/Net 2629227874: Send: MessageSvc.PbSendMsg(MessageSvc.PbSendMsg)[0m
[0m2023-03-17 17:57:15 V/Net 2629227874: Recv: MessageSvc.PbSendMsg[0m
[0m2023-03-17 17:59:10 V/Net 2629227874: Send: MessageSvc.PbSendMsg(MessageSvc.PbSendMsg)[0m
[0m2023-03-17 17:59:11 V/Net 2629227874: Recv: MessageSvc.PbSendMsg[0m
[0m2023-03-17 18:04:05 V/Net 2629227874: Send: MessageSvc.PbSendMsg(MessageSvc.PbSendMsg)[0m
[0m2023-03-17 18:04:06 V/Net 2629227874: Recv: MessageSvc.PbSendMsg[0m
[93m2023-03-17 18:10:38 W/Net 2629227874: Exception in resumeConnection.
HeartbeatFailedException: 2629227874.AliveHeartbeat, recoverable=true, cause=PacketTimeoutException(message=2629227874.AliveHeartbeat Scheduler: Timeout receiving action response, cause=kotlinx.coroutines.TimeoutCancellationException: Timed out waiting for 5000 ms)
	at net.mamoe.mirai.internal.network.handler.CommonNetworkHandler$StateOK$heartbeatJobs$1$1.invoke(CommonNetworkHandler.kt:346)
	at net.mamoe.mirai.internal.network.handler.CommonNetworkHandler$StateOK$heartbeatJobs$1$1.invoke(CommonNetworkHandler.kt:346)
	at net.mamoe.mirai.internal.network.handler.NetworkHandlerSupport.setStateImpl$mirai_core(NetworkHandlerSupport.kt:329)
	at net.mamoe.mirai.internal.network.handler.CommonNetworkHandler$StateOK$heartbeatJobs$1.invoke(CommonNetworkHandler.kt:408)
	at net.mamoe.mirai.internal.network.handler.CommonNetworkHandler$StateOK$heartbeatJobs$1.invoke(CommonNetworkHandler.kt:345)
	at net.mamoe.mirai.internal.network.components.TimeBasedHeartbeatSchedulerImpl$launchHeartbeatJobAsync$1.invokeSuspend(HeartbeatScheduler.kt:131)
	at kotlin.coroutines.jvm.internal.BaseContinuationImpl.resumeWith(ContinuationImpl.kt:33)
	at kotlinx.coroutines.internal.ScopeCoroutine.afterResume(Scopes.kt:33)
	at kotlinx.coroutines.AbstractCoroutine.resumeWith(AbstractCoroutine.kt:102)
	at kotlin.coroutines.jvm.internal.BaseContinuationImpl.resumeWith(ContinuationImpl.kt:46)
	at kotlinx.coroutines.internal.ScopeCoroutine.afterResume(Scopes.kt:33)
	at kotlinx.coroutines.AbstractCoroutine.resumeWith(AbstractCoroutine.kt:102)
	at kotlin.coroutines.jvm.internal.BaseContinuationImpl.resumeWith(ContinuationImpl.kt:46)
	at kotlinx.coroutines.DispatchedTask.run(DispatchedTask.kt:104)
	at kotlinx.coroutines.scheduling.CoroutineScheduler.runSafely(CoroutineScheduler.kt:570)
	at kotlinx.coroutines.scheduling.CoroutineScheduler$Worker.executeTask(CoroutineScheduler.kt:750)
	at kotlinx.coroutines.scheduling.CoroutineScheduler$Worker.runWorker(CoroutineScheduler.kt:677)
	at kotlinx.coroutines.scheduling.CoroutineScheduler$Worker.run(CoroutineScheduler.kt:664)
Caused by: PacketTimeoutException(message=2629227874.AliveHeartbeat Scheduler: Timeout receiving action response, cause=kotlinx.coroutines.TimeoutCancellationException: Timed out waiting for 5000 ms)
	at net.mamoe.mirai.internal.network.components.TimeBasedHeartbeatSchedulerImpl$launchHeartbeatJobAsync$1.invokeSuspend(HeartbeatScheduler.kt:133)
	... 12 more
Caused by: kotlinx.coroutines.TimeoutCancellationException: Timed out waiting for 5000 ms
	at kotlinx.coroutines.TimeoutKt.TimeoutCancellationException(Timeout.kt:184)
	at kotlinx.coroutines.TimeoutCoroutine.run(Timeout.kt:154)
	at kotlinx.coroutines.EventLoopImplBase$DelayedRunnableTask.run(EventLoop.common.kt:508)
	at kotlinx.coroutines.EventLoopImplBase.processNextEvent(EventLoop.common.kt:284)
	at kotlinx.coroutines.DefaultExecutor.run(DefaultExecutor.kt:108)
	at java.base/java.lang.Thread.run(Thread.java:833)
[0m
[0m2023-03-17 18:10:54 V/Net 2629227874: Validated caches.[0m
[0m2023-03-17 18:10:54 V/Net 2629227874: Loading server list from cache.[0m
[0m2023-03-17 18:10:54 V/Net 2629227874: Server list: 114.222.112.229:8080, 183.47.102.145:14000, 114.222.113.185:14000, msfwifi.3g.qq.com:8080, 42.81.193.250:80, 42.81.192.185:443, 123.151.54.91:443, 183.47.101.221:8080, 117.62.243.156:80, 183.47.98.90:14000.[0m
[92m2023-03-17 18:10:54 I/Net 2629227874: ECDH key is valid.[0m
[0m2023-03-17 18:10:54 V/Net 2629227874: Send: wtlogin.exchange_emp(10:fast-login)[0m
[0m2023-03-17 18:10:54 V/Net 2629227874: Recv: wtlogin.exchange_emp[0m
[0m2023-03-17 18:10:54 V/Net 2629227874: Send: StatSvc.register(online)[0m
[92m2023-03-17 18:10:54 I/Net 2629227874: Server time updated, serverTime: 1679047854, diff: 0ms=0.0s[0m
[0m2023-03-17 18:10:54 V/Net 2629227874: Recv: StatSvc.register[0m
[92m2023-03-17 18:10:54 I/Net 2629227874: Scheduled key refresh in 23h 55min 0.0s.[0m
[92m2023-03-17 18:10:54 I/Net 2629227874: Scheduled refresh login session in 19d 23h 55min 0.0s.[0m
[0m2023-03-17 18:10:57 V/Net 2629227874: Server list: 58.212.179.185:14000, 180.109.52.200:80, msfwifi.3g.qq.com:8080, 123.151.54.60:443, 123.151.54.194:80, 183.47.106.104:14000, 114.222.113.185:8080, 183.47.98.25:8080, 42.81.194.38:443, 119.147.190.171:14000.[0m
[0m2023-03-17 18:10:57 V/Net 2629227874: Saving bdh session to cache[0m
[0m2023-03-17 18:10:57 V/Net 2629227874: Saving server list to cache[0m
[0m2023-03-17 18:10:57 V/Net 2629227874: Send: ConfigPushSvc.PushResp(ConfigPushSvc.PushResp)[0m
[0m2023-03-17 18:10:57 V/Net 2629227874: Recv: ConfigPushSvc.PushReq[0m
[0m2023-03-17 18:10:57 V/Net 2629227874: Saving bdh session to cache[0m
[0m2023-03-17 18:10:57 V/Net 2629227874: Send: ConfigPushSvc.PushResp(ConfigPushSvc.PushResp)[0m
[0m2023-03-17 18:10:57 V/Net 2629227874: Recv: ConfigPushSvc.PushReq[0m
[0m2023-03-17 18:30:43 V/Net 2629227874: Send: MessageSvc.PbSendMsg(MessageSvc.PbSendMsg)[0m
[0m2023-03-17 18:30:44 V/Net 2629227874: Recv: MessageSvc.PbSendMsg[0m
[0m2023-03-17 18:30:49 V/Net 2629227874: Send: MessageSvc.PbSendMsg(MessageSvc.PbSendMsg)[0m
[0m2023-03-17 18:30:49 V/Net 2629227874: Recv: MessageSvc.PbSendMsg[0m
[0m2023-03-17 18:30:51 V/Net 2629227874: Send: MessageSvc.PbSendMsg(MessageSvc.PbSendMsg)[0m
[0m2023-03-17 18:30:51 V/Net 2629227874: Recv: MessageSvc.PbSendMsg[0m
[0m2023-03-17 19:10:28 V/Net 2629227874: Send: MessageSvc.PbSendMsg(MessageSvc.PbSendMsg)[0m
[0m2023-03-17 19:10:28 V/Net 2629227874: Recv: MessageSvc.PbSendMsg[0m
[0m2023-03-17 19:10:31 V/Net 2629227874: Send: MessageSvc.PbSendMsg(MessageSvc.PbSendMsg)[0m
[0m2023-03-17 19:10:31 V/Net 2629227874: Recv: MessageSvc.PbSendMsg[0m
[0m2023-03-17 19:14:11 V/Net 2629227874: Send: MessageSvc.PbSendMsg(MessageSvc.PbSendMsg)[0m
[0m2023-03-17 19:14:12 V/Net 2629227874: Recv: MessageSvc.PbSendMsg[0m
[0m2023-03-17 19:59:40 V/Net 2629227874: Send: MessageSvc.PbSendMsg(MessageSvc.PbSendMsg)[0m
[0m2023-03-17 19:59:41 V/Net 2629227874: Recv: MessageSvc.PbSendMsg[0m
[0m2023-03-17 19:59:53 V/Net 2629227874: Send: ProfileService.Pb.ReqSystemMsgNew.Friend(ProfileService.Pb.ReqSystemMsgNew.Friend)[0m
[0m2023-03-17 19:59:53 V/Net 2629227874: Recv: ProfileService.Pb.ReqSystemMsgNew.Friend[0m
[0m2023-03-17 19:59:53 V/Net 2629227874: Send: ProfileService.Pb.ReqSystemMsgAction.Friend(ProfileService.Pb.ReqSystemMsgAction.Friend)[0m
[0m2023-03-17 19:59:58 V/Net 2629227874: Send: MessageSvc.PbSendMsg(MessageSvc.PbSendMsg)[0m
[0m2023-03-17 19:59:58 V/Net 2629227874: Recv: MessageSvc.PbSendMsg[0m
[0m2023-03-17 19:59:59 V/Net 2629227874: Send: MessageSvc.PbSendMsg(MessageSvc.PbSendMsg)[0m
[0m2023-03-17 19:59:59 V/Net 2629227874: Recv: MessageSvc.PbSendMsg[0m
[0m2023-03-17 20:02:17 V/Net 2629227874: Send: MessageSvc.PbSendMsg(MessageSvc.PbSendMsg)[0m
[0m2023-03-17 20:02:18 V/Net 2629227874: Recv: MessageSvc.PbSendMsg[0m
[0m2023-03-17 20:11:17 V/Net 2629227874: Send: MessageSvc.PbSendMsg(MessageSvc.PbSendMsg)[0m
[0m2023-03-17 20:11:17 V/Net 2629227874: Recv: MessageSvc.PbSendMsg[0m
[0m2023-03-17 20:11:17 V/Net 2629227874: Send: MessageSvc.PbSendMsg(MessageSvc.PbSendMsg)[0m
[0m2023-03-17 20:11:18 V/Net 2629227874: Recv: MessageSvc.PbSendMsg[0m
[0m2023-03-17 20:11:21 V/Net 2629227874: Send: MessageSvc.PbSendMsg(MessageSvc.PbSendMsg)[0m
[0m2023-03-17 20:11:21 V/Net 2629227874: Recv: MessageSvc.PbSendMsg[0m
[0m2023-03-17 20:11:55 V/Net 2629227874: Send: MessageSvc.PbSendMsg(MessageSvc.PbSendMsg)[0m
[0m2023-03-17 20:11:55 V/Net 2629227874: Recv: MessageSvc.PbSendMsg[0m
[0m2023-03-17 20:12:02 V/Net 2629227874: Send: MessageSvc.PbSendMsg(MessageSvc.PbSendMsg)[0m
[0m2023-03-17 20:12:03 V/Net 2629227874: Recv: MessageSvc.PbSendMsg[0m
[0m2023-03-17 20:13:59 V/Net 2629227874: Send: MessageSvc.PbSendMsg(MessageSvc.PbSendMsg)[0m
[0m2023-03-17 20:14:00 V/Net 2629227874: Recv: MessageSvc.PbSendMsg[0m
[0m2023-03-17 20:35:35 V/Net 2629227874: Send: MessageSvc.PbSendMsg(MessageSvc.PbSendMsg)[0m
[0m2023-03-17 20:35:35 V/Net 2629227874: Recv: MessageSvc.PbSendMsg[0m
[0m2023-03-17 20:38:46 V/Net 2629227874: Send: MessageSvc.PbSendMsg(MessageSvc.PbSendMsg)[0m
[0m2023-03-17 20:38:47 V/Net 2629227874: Recv: MessageSvc.PbSendMsg[0m
[0m2023-03-17 20:53:01 V/Net 2629227874: Send: MessageSvc.PbSendMsg(MessageSvc.PbSendMsg)[0m
[0m2023-03-17 20:53:01 V/Net 2629227874: Recv: MessageSvc.PbSendMsg[0m
[0m2023-03-17 20:55:36 V/Net 2629227874: Send: MessageSvc.PbSendMsg(MessageSvc.PbSendMsg)[0m
[0m2023-03-17 20:55:36 V/Net 2629227874: Recv: MessageSvc.PbSendMsg[0m
[0m2023-03-17 20:55:43 V/Net 2629227874: Send: MessageSvc.PbSendMsg(MessageSvc.PbSendMsg)[0m
[0m2023-03-17 20:55:44 V/Net 2629227874: Recv: MessageSvc.PbSendMsg[0m
[0m2023-03-17 20:55:44 V/Net 2629227874: Send: MessageSvc.PbSendMsg(MessageSvc.PbSendMsg)[0m
[0m2023-03-17 20:55:45 V/Net 2629227874: Recv: MessageSvc.PbSendMsg[0m
[0m2023-03-17 20:56:00 V/Net 2629227874: Send: MessageSvc.PbSendMsg(MessageSvc.PbSendMsg)[0m
[0m2023-03-17 20:56:00 V/Net 2629227874: Recv: MessageSvc.PbSendMsg[0m
[0m2023-03-17 20:59:10 V/Net 2629227874: Send: MessageSvc.PbSendMsg(MessageSvc.PbSendMsg)[0m
[0m2023-03-17 20:59:10 V/Net 2629227874: Recv: MessageSvc.PbSendMsg[0m
[0m2023-03-17 20:59:16 V/Net 2629227874: Send: MessageSvc.PbSendMsg(MessageSvc.PbSendMsg)[0m
[0m2023-03-17 20:59:16 V/Net 2629227874: Recv: MessageSvc.PbSendMsg[0m
[0m2023-03-17 20:59:17 V/Net 2629227874: Send: MessageSvc.PbSendMsg(MessageSvc.PbSendMsg)[0m
[0m2023-03-17 20:59:18 V/Net 2629227874: Recv: MessageSvc.PbSendMsg[0m
[0m2023-03-17 20:59:26 V/Net 2629227874: Send: MessageSvc.PbSendMsg(MessageSvc.PbSendMsg)[0m
[0m2023-03-17 20:59:27 V/Net 2629227874: Recv: MessageSvc.PbSendMsg[0m
[0m2023-03-17 20:59:28 V/Net 2629227874: Send: MessageSvc.PbSendMsg(MessageSvc.PbSendMsg)[0m
[0m2023-03-17 20:59:29 V/Net 2629227874: Recv: MessageSvc.PbSendMsg[0m
[0m2023-03-17 21:01:01 V/Net 2629227874: Send: MessageSvc.PbSendMsg(MessageSvc.PbSendMsg)[0m
[0m2023-03-17 21:01:01 V/Net 2629227874: Recv: MessageSvc.PbSendMsg[0m
[0m2023-03-17 21:06:18 V/Net 2629227874: Send: MessageSvc.PbSendMsg(MessageSvc.PbSendMsg)[0m
[0m2023-03-17 21:06:19 V/Net 2629227874: Recv: MessageSvc.PbSendMsg[0m
[0m2023-03-17 21:06:24 V/Net 2629227874: Send: MessageSvc.PbSendMsg(MessageSvc.PbSendMsg)[0m
[0m2023-03-17 21:06:24 V/Net 2629227874: Recv: MessageSvc.PbSendMsg[0m
[0m2023-03-17 21:08:03 V/Net 2629227874: Send: MessageSvc.PbSendMsg(MessageSvc.PbSendMsg)[0m
[0m2023-03-17 21:08:03 V/Net 2629227874: Recv: MessageSvc.PbSendMsg[0m
[0m2023-03-17 21:12:48 V/Net 2629227874: Send: MessageSvc.PbSendMsg(MessageSvc.PbSendMsg)[0m
[0m2023-03-17 21:12:49 V/Net 2629227874: Recv: MessageSvc.PbSendMsg[0m
[0m2023-03-17 21:12:49 V/Net 2629227874: Send: MessageSvc.PbSendMsg(MessageSvc.PbSendMsg)[0m
[0m2023-03-17 21:12:50 V/Net 2629227874: Recv: MessageSvc.PbSendMsg[0m
[0m2023-03-17 21:13:47 V/Net 2629227874: Send: MessageSvc.PbSendMsg(MessageSvc.PbSendMsg)[0m
[0m2023-03-17 21:13:47 V/Net 2629227874: Recv: MessageSvc.PbSendMsg[0m
[0m2023-03-17 21:14:09 V/Net 2629227874: Send: MessageSvc.PbSendMsg(MessageSvc.PbSendMsg)[0m
[0m2023-03-17 21:14:10 V/Net 2629227874: Recv: MessageSvc.PbSendMsg[0m
[0m2023-03-17 21:14:14 V/Net 2629227874: Send: MessageSvc.PbSendMsg(MessageSvc.PbSendMsg)[0m
[0m2023-03-17 21:14:14 V/Net 2629227874: Recv: MessageSvc.PbSendMsg[0m
[0m2023-03-17 21:14:19 V/Net 2629227874: Send: MessageSvc.PbSendMsg(MessageSvc.PbSendMsg)[0m
[0m2023-03-17 21:14:19 V/Net 2629227874: Recv: MessageSvc.PbSendMsg[0m
[0m2023-03-17 21:14:23 V/Net 2629227874: Send: MessageSvc.PbSendMsg(MessageSvc.PbSendMsg)[0m
[0m2023-03-17 21:14:23 V/Net 2629227874: Recv: MessageSvc.PbSendMsg[0m
[0m2023-03-17 21:16:28 V/Net 2629227874: Send: MessageSvc.PbSendMsg(MessageSvc.PbSendMsg)[0m
[0m2023-03-17 21:16:29 V/Net 2629227874: Recv: MessageSvc.PbSendMsg[0m
[0m2023-03-17 21:31:07 V/Net 2629227874: Send: MessageSvc.PbSendMsg(MessageSvc.PbSendMsg)[0m
[0m2023-03-17 21:31:08 V/Net 2629227874: Recv: MessageSvc.PbSendMsg[0m
[0m2023-03-17 21:31:12 V/Net 2629227874: Send: MessageSvc.PbSendMsg(MessageSvc.PbSendMsg)[0m
[0m2023-03-17 21:31:12 V/Net 2629227874: Recv: MessageSvc.PbSendMsg[0m
[0m2023-03-17 21:31:14 V/Net 2629227874: Send: MessageSvc.PbSendMsg(MessageSvc.PbSendMsg)[0m
[0m2023-03-17 21:31:14 V/Net 2629227874: Recv: MessageSvc.PbSendMsg[0m
[0m2023-03-17 21:32:06 V/Net 2629227874: Send: MessageSvc.PbSendMsg(MessageSvc.PbSendMsg)[0m
[0m2023-03-17 21:32:06 V/Net 2629227874: Recv: MessageSvc.PbSendMsg[0m
[0m2023-03-17 21:32:13 V/Net 2629227874: Send: MessageSvc.PbSendMsg(MessageSvc.PbSendMsg)[0m
[0m2023-03-17 21:32:13 V/Net 2629227874: Recv: MessageSvc.PbSendMsg[0m
[0m2023-03-17 21:32:15 V/Net 2629227874: Send: MessageSvc.PbSendMsg(MessageSvc.PbSendMsg)[0m
[0m2023-03-17 21:32:15 V/Net 2629227874: Recv: MessageSvc.PbSendMsg[0m
[0m2023-03-17 21:32:17 V/Net 2629227874: Send: MessageSvc.PbSendMsg(MessageSvc.PbSendMsg)[0m
[0m2023-03-17 21:32:17 V/Net 2629227874: Recv: MessageSvc.PbSendMsg[0m
[0m2023-03-17 21:44:43 V/Net 2629227874: Send: MessageSvc.PbSendMsg(MessageSvc.PbSendMsg)[0m
[0m2023-03-17 21:44:43 V/Net 2629227874: Recv: MessageSvc.PbSendMsg[0m
[0m2023-03-17 21:44:55 V/Net 2629227874: Send: MessageSvc.PbSendMsg(MessageSvc.PbSendMsg)[0m
[0m2023-03-17 21:44:56 V/Net 2629227874: Recv: MessageSvc.PbSendMsg[0m
[0m2023-03-17 21:45:11 V/Net 2629227874: Send: MessageSvc.PbSendMsg(MessageSvc.PbSendMsg)[0m
[0m2023-03-17 21:45:11 V/Net 2629227874: Recv: MessageSvc.PbSendMsg[0m
[0m2023-03-17 21:45:50 V/Net 2629227874: Send: MessageSvc.PbSendMsg(MessageSvc.PbSendMsg)[0m
[0m2023-03-17 21:45:50 V/Net 2629227874: Recv: MessageSvc.PbSendMsg[0m
[0m2023-03-17 21:45:54 V/Net 2629227874: Send: MessageSvc.PbSendMsg(MessageSvc.PbSendMsg)[0m
[0m2023-03-17 21:45:55 V/Net 2629227874: Recv: MessageSvc.PbSendMsg[0m
[0m2023-03-17 21:45:57 V/Net 2629227874: Send: MessageSvc.PbSendMsg(MessageSvc.PbSendMsg)[0m
[0m2023-03-17 21:45:57 V/Net 2629227874: Recv: MessageSvc.PbSendMsg[0m
[0m2023-03-17 21:46:08 V/Net 2629227874: Send: ProfileService.Pb.ReqSystemMsgNew.Friend(ProfileService.Pb.ReqSystemMsgNew.Friend)[0m
[0m2023-03-17 21:46:08 V/Net 2629227874: Recv: ProfileService.Pb.ReqSystemMsgNew.Friend[0m
[0m2023-03-17 21:46:08 V/Net 2629227874: Send: ProfileService.Pb.ReqSystemMsgAction.Friend(ProfileService.Pb.ReqSystemMsgAction.Friend)[0m
[0m2023-03-17 21:52:26 V/Net 2629227874: Send: MessageSvc.PbSendMsg(MessageSvc.PbSendMsg)[0m
[0m2023-03-17 21:52:26 V/Net 2629227874: Recv: MessageSvc.PbSendMsg[0m
[0m2023-03-17 21:52:37 V/Net 2629227874: Send: MessageSvc.PbSendMsg(MessageSvc.PbSendMsg)[0m
[0m2023-03-17 21:52:38 V/Net 2629227874: Recv: MessageSvc.PbSendMsg[0m
[0m2023-03-17 21:52:45 V/Net 2629227874: Send: MessageSvc.PbSendMsg(MessageSvc.PbSendMsg)[0m
[0m2023-03-17 21:52:45 V/Net 2629227874: Recv: MessageSvc.PbSendMsg[0m
[0m2023-03-17 21:52:54 V/Net 2629227874: Send: MessageSvc.PbSendMsg(MessageSvc.PbSendMsg)[0m
[0m2023-03-17 21:52:54 V/Net 2629227874: Recv: MessageSvc.PbSendMsg[0m
[0m2023-03-17 21:53:00 V/Net 2629227874: Send: MessageSvc.PbSendMsg(MessageSvc.PbSendMsg)[0m
[0m2023-03-17 21:53:00 V/Net 2629227874: Recv: MessageSvc.PbSendMsg[0m
[0m2023-03-17 21:53:08 V/Net 2629227874: Send: MessageSvc.PbSendMsg(MessageSvc.PbSendMsg)[0m
[0m2023-03-17 21:53:09 V/Net 2629227874: Recv: MessageSvc.PbSendMsg[0m
[0m2023-03-17 21:53:24 V/Net 2629227874: Send: MessageSvc.PbSendMsg(MessageSvc.PbSendMsg)[0m
[0m2023-03-17 21:53:25 V/Net 2629227874: Recv: MessageSvc.PbSendMsg[0m
[0m2023-03-17 21:53:27 V/Net 2629227874: Send: MessageSvc.PbSendMsg(MessageSvc.PbSendMsg)[0m
[0m2023-03-17 21:53:27 V/Net 2629227874: Recv: MessageSvc.PbSendMsg[0m
[0m2023-03-17 21:54:01 V/Net 2629227874: Send: MessageSvc.PbSendMsg(MessageSvc.PbSendMsg)[0m
[0m2023-03-17 21:54:01 V/Net 2629227874: Recv: MessageSvc.PbSendMsg[0m
[0m2023-03-17 21:54:12 V/Net 2629227874: Send: LongConn.OffPicUp(LongConn.OffPicUp)[0m
[0m2023-03-17 21:54:13 V/Net 2629227874: Recv: LongConn.OffPicUp[0m
[0m2023-03-17 21:54:13 V/Net 2629227874: Send: MessageSvc.PbSendMsg(MessageSvc.PbSendMsg)[0m
[0m2023-03-17 21:54:13 V/Net 2629227874: Recv: MessageSvc.PbSendMsg[0m
[0m2023-03-17 21:54:24 V/Net 2629227874: Send: MessageSvc.PbSendMsg(MessageSvc.PbSendMsg)[0m
[0m2023-03-17 21:54:24 V/Net 2629227874: Recv: MessageSvc.PbSendMsg[0m
[0m2023-03-17 21:54:28 V/Net 2629227874: Send: LongConn.OffPicUp(LongConn.OffPicUp)[0m
[0m2023-03-17 21:54:28 V/Net 2629227874: Send: LongConn.OffPicUp(LongConn.OffPicUp)[0m
[0m2023-03-17 21:54:28 V/Net 2629227874: [Highway] Uploading private image to 180.110.193.191:8080, size=780.15 KiB[0m
[0m2023-03-17 21:54:28 V/Net 2629227874: Recv: LongConn.OffPicUp[0m
[0m2023-03-17 21:54:28 V/Net 2629227874: Recv: LongConn.OffPicUp[0m
[0m2023-03-17 21:54:28 V/Net 2629227874: Send: LongConn.OffPicUp(LongConn.OffPicUp)[0m
[0m2023-03-17 21:54:28 V/Net 2629227874: Recv: LongConn.OffPicUp[0m
[0m2023-03-17 21:54:28 V/Net 2629227874: [Highway] Uploading private image: succeed at 1264 KiB/s[0m
[0m2023-03-17 21:54:29 V/Net 2629227874: Send: LongConn.OffPicUp(LongConn.OffPicUp)[0m
[0m2023-03-17 21:54:29 V/Net 2629227874: Recv: LongConn.OffPicUp[0m
[0m2023-03-17 21:54:32 V/Net 2629227874: Send: LongConn.OffPicUp(LongConn.OffPicUp)[0m
[0m2023-03-17 21:54:32 V/Net 2629227874: Send: LongConn.OffPicUp(LongConn.OffPicUp)[0m
[0m2023-03-17 21:54:32 V/Net 2629227874: Recv: LongConn.OffPicUp[0m
[0m2023-03-17 21:54:32 V/Net 2629227874: Recv: LongConn.OffPicUp[0m
[0m2023-03-17 21:54:32 V/Net 2629227874: Send: LongConn.OffPicUp(LongConn.OffPicUp)[0m
[0m2023-03-17 21:54:32 V/Net 2629227874: Send: LongConn.OffPicUp(LongConn.OffPicUp)[0m
[0m2023-03-17 21:54:32 V/Net 2629227874: Recv: LongConn.OffPicUp[0m
[0m2023-03-17 21:54:33 V/Net 2629227874: Recv: LongConn.OffPicUp[0m
[0m2023-03-17 21:54:35 V/Net 2629227874: Send: LongConn.OffPicUp(LongConn.OffPicUp)[0m
[0m2023-03-17 21:54:35 V/Net 2629227874: Recv: LongConn.OffPicUp[0m
[0m2023-03-17 21:54:35 V/Net 2629227874: Send: LongConn.OffPicUp(LongConn.OffPicUp)[0m
[0m2023-03-17 21:54:35 V/Net 2629227874: Send: LongConn.OffPicUp(LongConn.OffPicUp)[0m
[0m2023-03-17 21:54:35 V/Net 2629227874: Send: LongConn.OffPicUp(LongConn.OffPicUp)[0m
[0m2023-03-17 21:54:35 V/Net 2629227874: Recv: LongConn.OffPicUp[0m
[0m2023-03-17 21:54:35 V/Net 2629227874: Recv: LongConn.OffPicUp[0m
[0m2023-03-17 21:54:35 V/Net 2629227874: Recv: LongConn.OffPicUp[0m
[0m2023-03-17 21:54:37 V/Net 2629227874: Send: LongConn.OffPicUp(LongConn.OffPicUp)[0m
[0m2023-03-17 21:54:37 V/Net 2629227874: Recv: LongConn.OffPicUp[0m
[0m2023-03-17 21:54:46 V/Net 2629227874: Send: MessageSvc.PbSendMsg(MessageSvc.PbSendMsg)[0m
[0m2023-03-17 21:54:46 V/Net 2629227874: Recv: MessageSvc.PbSendMsg[0m
[0m2023-03-17 21:54:46 V/Net 2629227874: Send: MessageSvc.PbSendMsg(MessageSvc.PbSendMsg)[0m
[0m2023-03-17 21:54:47 V/Net 2629227874: Recv: MessageSvc.PbSendMsg[0m
[0m2023-03-17 21:54:47 V/Net 2629227874: Send: MessageSvc.PbSendMsg(MessageSvc.PbSendMsg)[0m
[0m2023-03-17 21:54:48 V/Net 2629227874: Recv: MessageSvc.PbSendMsg[0m
[0m2023-03-17 21:54:48 V/Net 2629227874: Send: MessageSvc.PbSendMsg(MessageSvc.PbSendMsg)[0m
[0m2023-03-17 21:54:49 V/Net 2629227874: Recv: MessageSvc.PbSendMsg[0m
[0m2023-03-17 21:54:49 V/Net 2629227874: Send: LongConn.OffPicUp(LongConn.OffPicUp)[0m
[0m2023-03-17 21:54:49 V/Net 2629227874: Recv: LongConn.OffPicUp[0m
[0m2023-03-17 21:54:49 V/Net 2629227874: Send: MessageSvc.PbSendMsg(MessageSvc.PbSendMsg)[0m
[0m2023-03-17 21:54:50 V/Net 2629227874: Recv: MessageSvc.PbSendMsg[0m
[0m2023-03-17 21:54:50 V/Net 2629227874: Send: MessageSvc.PbSendMsg(MessageSvc.PbSendMsg)[0m
[0m2023-03-17 21:54:50 V/Net 2629227874: Send: LongConn.OffPicUp(LongConn.OffPicUp)[0m
[0m2023-03-17 21:54:50 V/Net 2629227874: Recv: MessageSvc.PbSendMsg[0m
[0m2023-03-17 21:54:51 V/Net 2629227874: Recv: LongConn.OffPicUp[0m
[0m2023-03-17 21:54:51 V/Net 2629227874: Send: MessageSvc.PbSendMsg(MessageSvc.PbSendMsg)[0m
[0m2023-03-17 21:54:51 V/Net 2629227874: Recv: MessageSvc.PbSendMsg[0m
[0m2023-03-17 21:54:52 V/Net 2629227874: Send: MessageSvc.PbSendMsg(MessageSvc.PbSendMsg)[0m
[0m2023-03-17 21:54:52 V/Net 2629227874: Recv: MessageSvc.PbSendMsg[0m
[0m2023-03-17 21:54:53 V/Net 2629227874: Send: MessageSvc.PbSendMsg(MessageSvc.PbSendMsg)[0m
[0m2023-03-17 21:54:53 V/Net 2629227874: Recv: MessageSvc.PbSendMsg[0m
[0m2023-03-17 21:54:54 V/Net 2629227874: Send: MessageSvc.PbSendMsg(MessageSvc.PbSendMsg)[0m
[0m2023-03-17 21:54:54 V/Net 2629227874: Recv: MessageSvc.PbSendMsg[0m
[0m2023-03-17 21:54:54 V/Net 2629227874: Send: MessageSvc.PbSendMsg(MessageSvc.PbSendMsg)[0m
[0m2023-03-17 21:54:55 V/Net 2629227874: Recv: MessageSvc.PbSendMsg[0m
[0m2023-03-17 21:54:55 V/Net 2629227874: Send: MessageSvc.PbSendMsg(MessageSvc.PbSendMsg)[0m
[0m2023-03-17 21:54:56 V/Net 2629227874: Recv: MessageSvc.PbSendMsg[0m
[0m2023-03-17 21:54:56 V/Net 2629227874: Send: MessageSvc.PbSendMsg(MessageSvc.PbSendMsg)[0m
[0m2023-03-17 21:54:57 V/Net 2629227874: Recv: MessageSvc.PbSendMsg[0m
[0m2023-03-17 21:54:57 V/Net 2629227874: Send: MessageSvc.PbSendMsg(MessageSvc.PbSendMsg)[0m
[0m2023-03-17 21:54:57 V/Net 2629227874: Recv: MessageSvc.PbSendMsg[0m
[0m2023-03-17 21:54:58 V/Net 2629227874: Send: MessageSvc.PbSendMsg(MessageSvc.PbSendMsg)[0m
[0m2023-03-17 21:54:58 V/Net 2629227874: Recv: MessageSvc.PbSendMsg[0m
[0m2023-03-17 21:54:59 V/Net 2629227874: Send: MessageSvc.PbSendMsg(MessageSvc.PbSendMsg)[0m
[0m2023-03-17 21:54:59 V/Net 2629227874: Recv: MessageSvc.PbSendMsg[0m
[0m2023-03-17 21:55:00 V/Net 2629227874: Send: MessageSvc.PbSendMsg(MessageSvc.PbSendMsg)[0m
[0m2023-03-17 21:55:00 V/Net 2629227874: Recv: MessageSvc.PbSendMsg[0m
[0m2023-03-17 21:55:00 V/Net 2629227874: Send: MessageSvc.PbSendMsg(MessageSvc.PbSendMsg)[0m
[0m2023-03-17 21:55:01 V/Net 2629227874: Recv: MessageSvc.PbSendMsg[0m
[0m2023-03-17 21:55:01 V/Net 2629227874: Send: MessageSvc.PbSendMsg(MessageSvc.PbSendMsg)[0m
[0m2023-03-17 21:55:02 V/Net 2629227874: Recv: MessageSvc.PbSendMsg[0m
[0m2023-03-17 21:55:02 V/Net 2629227874: Send: MessageSvc.PbSendMsg(MessageSvc.PbSendMsg)[0m
[0m2023-03-17 21:55:02 V/Net 2629227874: Recv: MessageSvc.PbSendMsg[0m
[0m2023-03-17 21:55:07 V/Net 2629227874: Send: LongConn.OffPicUp(LongConn.OffPicUp)[0m
[0m2023-03-17 21:55:07 V/Net 2629227874: [Highway] Uploading private image to 180.110.193.191:8080, size=6701.22 KiB[0m
[0m2023-03-17 21:55:07 V/Net 2629227874: Recv: LongConn.OffPicUp[0m
[0m2023-03-17 21:55:16 V/Net 2629227874: [Highway] Uploading private image: succeed at 763 KiB/s[0m
[0m2023-03-17 21:55:20 V/Net 2629227874: Send: LongConn.OffPicUp(LongConn.OffPicUp)[0m
[0m2023-03-17 21:55:20 V/Net 2629227874: Recv: LongConn.OffPicUp[0m
[0m2023-03-17 21:55:50 V/Net 2629227874: Send: LongConn.OffPicUp(LongConn.OffPicUp)[0m
[0m2023-03-17 21:55:50 V/Net 2629227874: [Highway] Uploading private image to 180.110.193.191:8080, size=14229.08 KiB[0m
[0m2023-03-17 21:55:50 V/Net 2629227874: Recv: LongConn.OffPicUp[0m
[0m2023-03-17 21:56:03 V/Net 2629227874: Send: MessageSvc.PbSendMsg(MessageSvc.PbSendMsg)[0m
[0m2023-03-17 21:56:04 V/Net 2629227874: Recv: MessageSvc.PbSendMsg[0m
[0m2023-03-17 21:56:08 V/Net 2629227874: [Highway] Uploading private image: succeed at 794 KiB/s[0m
[0m2023-03-17 22:11:29 V/Net 2629227874: Send: MessageSvc.PbSendMsg(MessageSvc.PbSendMsg)[0m
[0m2023-03-17 22:11:29 V/Net 2629227874: Recv: MessageSvc.PbSendMsg[0m
[0m2023-03-17 22:11:30 V/Net 2629227874: Send: MessageSvc.PbSendMsg(MessageSvc.PbSendMsg)[0m
[0m2023-03-17 22:11:30 V/Net 2629227874: Recv: MessageSvc.PbSendMsg[0m
[0m2023-03-17 22:11:38 V/Net 2629227874: Send: MessageSvc.PbSendMsg(MessageSvc.PbSendMsg)[0m
[0m2023-03-17 22:11:38 V/Net 2629227874: Recv: MessageSvc.PbSendMsg[0m
[0m2023-03-17 22:11:49 V/Net 2629227874: Send: MessageSvc.PbSendMsg(MessageSvc.PbSendMsg)[0m
[0m2023-03-17 22:11:49 V/Net 2629227874: Recv: MessageSvc.PbSendMsg[0m
[0m2023-03-17 22:11:51 V/Net 2629227874: Send: MessageSvc.PbSendMsg(MessageSvc.PbSendMsg)[0m
[0m2023-03-17 22:11:51 V/Net 2629227874: Recv: MessageSvc.PbSendMsg[0m
[0m2023-03-17 22:12:01 V/Net 2629227874: Send: MessageSvc.PbSendMsg(MessageSvc.PbSendMsg)[0m
[0m2023-03-17 22:12:01 V/Net 2629227874: Recv: MessageSvc.PbSendMsg[0m
[0m2023-03-17 22:12:05 V/Net 2629227874: Send: MessageSvc.PbSendMsg(MessageSvc.PbSendMsg)[0m
[0m2023-03-17 22:12:06 V/Net 2629227874: Recv: MessageSvc.PbSendMsg[0m
[0m2023-03-17 22:12:13 V/Net 2629227874: Send: MessageSvc.PbSendMsg(MessageSvc.PbSendMsg)[0m
[0m2023-03-17 22:12:13 V/Net 2629227874: Recv: MessageSvc.PbSendMsg[0m
[0m2023-03-17 22:12:23 V/Net 2629227874: Send: MessageSvc.PbSendMsg(MessageSvc.PbSendMsg)[0m
[0m2023-03-17 22:12:23 V/Net 2629227874: Recv: MessageSvc.PbSendMsg[0m
[0m2023-03-17 22:12:26 V/Net 2629227874: Send: MessageSvc.PbSendMsg(MessageSvc.PbSendMsg)[0m
[0m2023-03-17 22:12:27 V/Net 2629227874: Recv: MessageSvc.PbSendMsg[0m
[0m2023-03-17 22:12:30 V/Net 2629227874: Send: MessageSvc.PbSendMsg(MessageSvc.PbSendMsg)[0m
[0m2023-03-17 22:12:30 V/Net 2629227874: Recv: MessageSvc.PbSendMsg[0m
[0m2023-03-17 22:12:34 V/Net 2629227874: Send: MessageSvc.PbSendMsg(MessageSvc.PbSendMsg)[0m
[0m2023-03-17 22:12:35 V/Net 2629227874: Recv: MessageSvc.PbSendMsg[0m
[0m2023-03-17 22:12:38 V/Net 2629227874: Send: MessageSvc.PbSendMsg(MessageSvc.PbSendMsg)[0m
[0m2023-03-17 22:12:38 V/Net 2629227874: Recv: MessageSvc.PbSendMsg[0m
[0m2023-03-17 22:14:59 V/Net 2629227874: Send: MessageSvc.PbSendMsg(MessageSvc.PbSendMsg)[0m
[0m2023-03-17 22:15:00 V/Net 2629227874: Recv: MessageSvc.PbSendMsg[0m
[0m2023-03-17 22:20:41 V/Net 2629227874: Send: MessageSvc.PbSendMsg(MessageSvc.PbSendMsg)[0m
[0m2023-03-17 22:20:42 V/Net 2629227874: Recv: MessageSvc.PbSendMsg[0m
[0m2023-03-17 22:33:28 V/Net 2629227874: Send: MessageSvc.PbSendMsg(MessageSvc.PbSendMsg)[0m
[0m2023-03-17 22:33:28 V/Net 2629227874: Recv: MessageSvc.PbSendMsg[0m
[0m2023-03-17 22:33:51 V/Net 2629227874: Send: MessageSvc.PbSendMsg(MessageSvc.PbSendMsg)[0m
[0m2023-03-17 22:33:51 V/Net 2629227874: Recv: MessageSvc.PbSendMsg[0m
[0m2023-03-17 22:34:23 V/Net 2629227874: Send: MessageSvc.PbSendMsg(MessageSvc.PbSendMsg)[0m
[0m2023-03-17 22:34:24 V/Net 2629227874: Recv: MessageSvc.PbSendMsg[0m
[0m2023-03-17 22:34:36 V/Net 2629227874: Send: MessageSvc.PbSendMsg(MessageSvc.PbSendMsg)[0m
[0m2023-03-17 22:34:36 V/Net 2629227874: Recv: MessageSvc.PbSendMsg[0m
[0m2023-03-17 22:36:09 V/Net 2629227874: Send: MessageSvc.PbSendMsg(MessageSvc.PbSendMsg)[0m
[0m2023-03-17 22:36:09 V/Net 2629227874: Recv: MessageSvc.PbSendMsg[0m
[0m2023-03-17 22:36:13 V/Net 2629227874: Send: MessageSvc.PbSendMsg(MessageSvc.PbSendMsg)[0m
[0m2023-03-17 22:36:13 V/Net 2629227874: Recv: MessageSvc.PbSendMsg[0m
[0m2023-03-17 22:39:18 V/Net 2629227874: Send: MessageSvc.PbSendMsg(MessageSvc.PbSendMsg)[0m
[0m2023-03-17 22:39:18 V/Net 2629227874: Recv: MessageSvc.PbSendMsg[0m
[0m2023-03-17 22:39:25 V/Net 2629227874: Send: MessageSvc.PbSendMsg(MessageSvc.PbSendMsg)[0m
[0m2023-03-17 22:39:25 V/Net 2629227874: Recv: MessageSvc.PbSendMsg[0m
[0m2023-03-17 22:39:26 V/Net 2629227874: Send: MessageSvc.PbSendMsg(MessageSvc.PbSendMsg)[0m
[0m2023-03-17 22:39:27 V/Net 2629227874: Recv: MessageSvc.PbSendMsg[0m
[0m2023-03-17 23:01:38 V/Net 2629227874: Send: MessageSvc.PbSendMsg(MessageSvc.PbSendMsg)[0m
[0m2023-03-17 23:01:38 V/Net 2629227874: Recv: MessageSvc.PbSendMsg[0m
[0m2023-03-17 23:07:36 V/Net 2629227874: Send: MessageSvc.PbSendMsg(MessageSvc.PbSendMsg)[0m
[0m2023-03-17 23:07:36 V/Net 2629227874: Recv: MessageSvc.PbSendMsg[0m
[0m2023-03-17 23:07:44 V/Net 2629227874: Send: MessageSvc.PbSendMsg(MessageSvc.PbSendMsg)[0m
[0m2023-03-17 23:07:44 V/Net 2629227874: Recv: MessageSvc.PbSendMsg[0m
[0m2023-03-17 23:07:53 V/Net 2629227874: Send: MessageSvc.PbSendMsg(MessageSvc.PbSendMsg)[0m
[0m2023-03-17 23:07:54 V/Net 2629227874: Recv: MessageSvc.PbSendMsg[0m
[0m2023-03-17 23:08:02 V/Net 2629227874: Send: MessageSvc.PbSendMsg(MessageSvc.PbSendMsg)[0m
[0m2023-03-17 23:08:02 V/Net 2629227874: Recv: MessageSvc.PbSendMsg[0m
[0m2023-03-17 23:10:39 V/Net 2629227874: Send: MessageSvc.PbSendMsg(MessageSvc.PbSendMsg)[0m
[0m2023-03-17 23:10:40 V/Net 2629227874: Recv: MessageSvc.PbSendMsg[0m
[0m2023-03-17 23:16:38 V/Net 2629227874: Send: MessageSvc.PbSendMsg(MessageSvc.PbSendMsg)[0m
[0m2023-03-17 23:16:39 V/Net 2629227874: Recv: MessageSvc.PbSendMsg[0m
[0m2023-03-17 23:19:40 V/Net 2629227874: Send: MessageSvc.PbSendMsg(MessageSvc.PbSendMsg)[0m
[0m2023-03-17 23:19:40 V/Net 2629227874: Recv: MessageSvc.PbSendMsg[0m
[0m2023-03-17 23:19:42 V/Net 2629227874: Send: MessageSvc.PbSendMsg(MessageSvc.PbSendMsg)[0m
[0m2023-03-17 23:19:42 V/Net 2629227874: Recv: MessageSvc.PbSendMsg[0m
[0m2023-03-17 23:22:36 V/Net 2629227874: Send: MessageSvc.PbSendMsg(MessageSvc.PbSendMsg)[0m
[0m2023-03-17 23:22:36 V/Net 2629227874: Recv: MessageSvc.PbSendMsg[0m
[0m2023-03-17 23:23:36 V/Net 2629227874: Send: MessageSvc.PbSendMsg(MessageSvc.PbSendMsg)[0m
[0m2023-03-17 23:23:37 V/Net 2629227874: Recv: MessageSvc.PbSendMsg[0m
[0m2023-03-17 23:23:38 V/Net 2629227874: Send: MessageSvc.PbSendMsg(MessageSvc.PbSendMsg)[0m
[0m2023-03-17 23:23:38 V/Net 2629227874: Recv: MessageSvc.PbSendMsg[0m
[0m2023-03-17 23:23:41 V/Net 2629227874: Send: MessageSvc.PbSendMsg(MessageSvc.PbSendMsg)[0m
[0m2023-03-17 23:23:42 V/Net 2629227874: Recv: MessageSvc.PbSendMsg[0m
[0m2023-03-17 23:23:49 V/Net 2629227874: Send: MessageSvc.PbSendMsg(MessageSvc.PbSendMsg)[0m
[0m2023-03-17 23:23:49 V/Net 2629227874: Recv: MessageSvc.PbSendMsg[0m
[0m2023-03-17 23:24:32 V/Net 2629227874: Send: MessageSvc.PbSendMsg(MessageSvc.PbSendMsg)[0m
[0m2023-03-17 23:24:32 V/Net 2629227874: Recv: MessageSvc.PbSendMsg[0m
[0m2023-03-17 23:24:37 V/Net 2629227874: Send: MessageSvc.PbSendMsg(MessageSvc.PbSendMsg)[0m
[0m2023-03-17 23:24:38 V/Net 2629227874: Recv: MessageSvc.PbSendMsg[0m
[0m2023-03-17 23:24:42 V/Net 2629227874: Send: MessageSvc.PbSendMsg(MessageSvc.PbSendMsg)[0m
[0m2023-03-17 23:24:43 V/Net 2629227874: Recv: MessageSvc.PbSendMsg[0m
[0m2023-03-17 23:24:49 V/Net 2629227874: Send: MessageSvc.PbSendMsg(MessageSvc.PbSendMsg)[0m
[0m2023-03-17 23:24:50 V/Net 2629227874: Recv: MessageSvc.PbSendMsg[0m
[0m2023-03-17 23:24:52 V/Net 2629227874: Send: MessageSvc.PbSendMsg(MessageSvc.PbSendMsg)[0m
[0m2023-03-17 23:24:52 V/Net 2629227874: Recv: MessageSvc.PbSendMsg[0m
[0m2023-03-17 23:29:44 V/Net 2629227874: Send: MessageSvc.PbSendMsg(MessageSvc.PbSendMsg)[0m
[0m2023-03-17 23:29:44 V/Net 2629227874: Recv: MessageSvc.PbSendMsg[0m
[0m2023-03-17 23:29:46 V/Net 2629227874: Send: MessageSvc.PbSendMsg(MessageSvc.PbSendMsg)[0m
[0m2023-03-17 23:29:46 V/Net 2629227874: Recv: MessageSvc.PbSendMsg[0m
[0m2023-03-17 23:29:53 V/Net 2629227874: Send: MessageSvc.PbSendMsg(MessageSvc.PbSendMsg)[0m
[0m2023-03-17 23:29:53 V/Net 2629227874: Recv: MessageSvc.PbSendMsg[0m
[0m2023-03-17 23:30:07 V/Net 2629227874: Send: MessageSvc.PbSendMsg(MessageSvc.PbSendMsg)[0m
[0m2023-03-17 23:30:07 V/Net 2629227874: Recv: MessageSvc.PbSendMsg[0m
[0m2023-03-17 23:31:02 V/Net 2629227874: Send: MessageSvc.PbSendMsg(MessageSvc.PbSendMsg)[0m
[0m2023-03-17 23:31:02 V/Net 2629227874: Recv: MessageSvc.PbSendMsg[0m
[0m2023-03-17 23:39:39 V/Net 2629227874: Send: MessageSvc.PbSendMsg(MessageSvc.PbSendMsg)[0m
[0m2023-03-17 23:39:40 V/Net 2629227874: Recv: MessageSvc.PbSendMsg[0m
[0m2023-03-17 23:41:16 V/Net 2629227874: Send: MessageSvc.PbSendMsg(MessageSvc.PbSendMsg)[0m
[0m2023-03-17 23:41:16 V/Net 2629227874: Recv: MessageSvc.PbSendMsg[0m
[0m2023-03-17 23:56:57 V/Net 2629227874: Send: MessageSvc.PbSendMsg(MessageSvc.PbSendMsg)[0m
[0m2023-03-17 23:56:57 V/Net 2629227874: Recv: MessageSvc.PbSendMsg[0m
[0m2023-03-17 23:57:02 V/Net 2629227874: Send: MessageSvc.PbSendMsg(MessageSvc.PbSendMsg)[0m
[0m2023-03-17 23:57:03 V/Net 2629227874: Recv: MessageSvc.PbSendMsg[0m
