2023-02-13 20:23:18 I/main: Starting mirai-console...
2023-02-13 20:23:18 I/main: 

==================================[ Mirai consosle 2.14.0 ]===================================
 __       __ __                   __  ______                                      __
|  \     /  \  \                 |  \/      \                                    |  \
| ▓▓\   /  ▓▓\▓▓ ______   ______  \▓▓  ▓▓▓▓▓▓\ ______  _______   _______  ______ | ▓▓ ______
| ▓▓▓\ /  ▓▓▓  \/      \ |      \|  \ ▓▓   \▓▓/      \|       \ /       \/      \| ▓▓/      \
| ▓▓▓▓\  ▓▓▓▓ ▓▓  ▓▓▓▓▓▓\ \▓▓▓▓▓▓\ ▓▓ ▓▓     |  ▓▓▓▓▓▓\ ▓▓▓▓▓▓▓\  ▓▓▓▓▓▓▓  ▓▓▓▓▓▓\ ▓▓  ▓▓▓▓▓▓\
| ▓▓\▓▓ ▓▓ ▓▓ ▓▓ ▓▓   \▓▓/      ▓▓ ▓▓ ▓▓   __| ▓▓  | ▓▓ ▓▓  | ▓▓\▓▓    \| ▓▓  | ▓▓ ▓▓ ▓▓    ▓▓
| ▓▓ \▓▓▓| ▓▓ ▓▓ ▓▓     |  ▓▓▓▓▓▓▓ ▓▓ ▓▓__/  \ ▓▓__/ ▓▓ ▓▓  | ▓▓_\▓▓▓▓▓▓\ ▓▓__/ ▓▓ ▓▓ ▓▓▓▓▓▓▓▓
| ▓▓  \▓ | ▓▓ ▓▓ ▓▓      \▓▓    ▓▓ ▓▓\▓▓    ▓▓\▓▓    ▓▓ ▓▓  | ▓▓       ▓▓\▓▓    ▓▓ ▓▓\▓▓     \
 \▓▓      \▓▓\▓▓\▓▓       \▓▓▓▓▓▓▓\▓▓ \▓▓▓▓▓▓  \▓▓▓▓▓▓ \▓▓   \▓▓\▓▓▓▓▓▓▓  \▓▓▓▓▓▓ \▓▓ \▓▓▓▓▓▓▓


2023-02-13 20:23:18 I/main: Backend: version 2.14.0, built on 2023-02-06 14:25:21.
2023-02-13 20:23:18 I/main: Frontend Terminal: version 2.14.0, provided by Mamoe Technologies
2023-02-13 20:23:18 I/main: Welcome to visit https://mirai.mamoe.net/
2023-02-13 20:23:18 W/stderr: SLF4J: Class path contains multiple SLF4J providers.
2023-02-13 20:23:18 W/stderr: SLF4J: Found provider [net.mamoe.mirai.console.internal.logging.externalbind.slf4j.MiraiConsoleSLF4JService@12ffd1de]
2023-02-13 20:23:18 W/stderr: SLF4J: Found provider [ch.qos.logback.classic.spi.LogbackServiceProvider@9d3c67]
2023-02-13 20:23:18 W/stderr: SLF4J: See https://www.slf4j.org/codes.html#multiple_bindings for an explanation.
2023-02-13 20:23:18 W/stderr: SLF4J: Actual provider is of type [net.mamoe.mirai.console.internal.logging.externalbind.slf4j.MiraiConsoleSLF4JService@12ffd1de]
2023-02-13 20:23:19 I/plugin: Successfully loaded plugin mirai-login-solver-sakura v0.0.8
2023-02-13 20:23:19 I/main: Prepared built-in commands: autoLogin, help, login, logout, permission, status, stop
2023-02-13 20:23:19 I/main: 1 plugin(s) enabled.
2023-02-13 20:23:19 I/main: mirai-console started successfully.
2023-02-13 20:23:20 I/Bot.2629227874: Loaded account secrets from local cache.
2023-02-13 20:23:20 I/Bot.2629227874: Saved account secrets to local cache for fast login.
2023-02-13 20:23:20 I/Bot.2629227874: Login successful.
2023-02-13 20:23:22 V/Bot.2629227874: Event: BotOnlineEvent(bot=Bot(2629227874))
2023-02-13 20:23:22 I/Bot.2629227874: Bot login successful.
2023-02-13 20:23:28 V/Bot.2629227874: [萌泪の测试群(516286670)] 萌泪酱(605738729) -> 菜单11
2023-02-13 20:24:11 V/Bot.2629227874: [异形工厂（Shapez）交流群(1163635014)] 梦想天生(Left_E)(445495653) -> 到那时 坐在电脑前，显卡风扇呼呼转，AI小电影24小时不间断劲爆播放，升天了
2023-02-13 20:25:24 V/Bot.2629227874: [异形工厂（Shapez）交流群(1163635014)] 飞翔の小燕子(671639614) -> [mirai:quote:[mirai:source:ids=[366290], internalIds=[743539643], from 1978268609 to 1163635014 at 1676290758], content=<not yet initialized>][mirai:at:1978268609] salt破解个毛线
2023-02-13 20:25:24 V/Bot.2629227874: [异形工厂（Shapez）交流群(1163635014)] 飞翔の小燕子(671639614) -> 要能破解谁的密码都保不住了
2023-02-13 20:25:26 V/Bot.2629227874: [异形工厂（Shapez）交流群(1163635014)] 逐光•启航(1978268609) -> 不是salt
2023-02-13 20:25:54 V/Bot.2629227874: [异形工厂（Shapez）交流群(1163635014)] 逐光•启航(1978268609) -> 而且有密钥
2023-02-13 20:25:54 V/Bot.2629227874: Event: BotOfflineEvent.Dropped(bot=Bot(2629227874), cause=HeartbeatFailedException: 2629227874.AliveHeartbeat, recoverable=true, cause=PacketTimeoutException(message=2629227874.AliveHeartbeat Scheduler: Timeout receiving action response, cause=null), reconnect=true)
2023-02-13 20:25:54 V/Bot.2629227874: [异形工厂（Shapez）交流群(1163635014)] 逐光•启航(1978268609) -> [mirai:quote:[mirai:source:ids=[366291], internalIds=[1689263155], from 1978268609 to 1163635014 at 1676290761], content=<not yet initialized>] 
2023-02-13 20:25:54 W/Bot.2629227874: Connection lost, reconnecting... (HeartbeatFailedException: 2629227874.AliveHeartbeat, recoverable=true, cause=PacketTimeoutException(message=2629227874.AliveHeartbeat Scheduler: Timeout receiving action response, cause=null))
2023-02-13 20:25:54 W/org.menglei.mirai-mengleibot: mirai.core.UnexpectedStateException: 锁定失败，重新尝试 E:\project\java\miraiBot\mirai_menglei\run\settings\loliconImgConfig.txt
mirai.core.UnexpectedStateException: 锁定失败，重新尝试 E:\project\java\miraiBot\mirai_menglei\run\settings\loliconImgConfig.txt
	at mirai.utils.MyFileUtils.lock(MyFileUtils.java:137)
	at mirai.utils.MyFileUtils.getString(MyFileUtils.java:233)
	at mirai.utils.MyFileUtils.getInt(MyFileUtils.java:253)
	at mirai.myFunction.hpic.LoliconImg.<init>(LoliconImg.java:29)
	at java.base/jdk.internal.reflect.NativeConstructorAccessorImpl.newInstance0(Native Method)
	at java.base/jdk.internal.reflect.NativeConstructorAccessorImpl.newInstance(NativeConstructorAccessorImpl.java:77)
	at java.base/jdk.internal.reflect.DelegatingConstructorAccessorImpl.newInstance(DelegatingConstructorAccessorImpl.java:45)
	at java.base/java.lang.reflect.Constructor.newInstanceWithCaller(Constructor.java:499)
	at java.base/java.lang.reflect.Constructor.newInstance(Constructor.java:480)
	at mirai.core.ProcessMsgEvent.process(ProcessMsgEvent.java:116)
	at mirai.core.JavaPluginMain.lambda$onEnable$0(JavaPluginMain.java:49)
	at net.mamoe.mirai.event.EventChannel$subscribeAlways$2$1.invoke(EventChannel.kt:600)
	at net.mamoe.mirai.event.EventChannel$subscribeAlways$2$1.invoke(EventChannel.kt:600)
	at kotlinx.coroutines.InterruptibleKt.runInterruptibleInExpectedContext(Interruptible.kt:51)
	at kotlinx.coroutines.InterruptibleKt.access$runInterruptibleInExpectedContext(Interruptible.kt:1)
	at kotlinx.coroutines.InterruptibleKt$runInterruptible$2.invokeSuspend(Interruptible.kt:43)
	at kotlin.coroutines.jvm.internal.BaseContinuationImpl.resumeWith(ContinuationImpl.kt:33)
	at kotlinx.coroutines.DispatchedTask.run(DispatchedTask.kt:106)
	at kotlinx.coroutines.internal.LimitedDispatcher.run(LimitedDispatcher.kt:42)
	at kotlinx.coroutines.scheduling.TaskImpl.run(Tasks.kt:95)
	at kotlinx.coroutines.scheduling.CoroutineScheduler.runSafely(CoroutineScheduler.kt:570)
	at kotlinx.coroutines.scheduling.CoroutineScheduler$Worker.executeTask(CoroutineScheduler.kt:750)
	at kotlinx.coroutines.scheduling.CoroutineScheduler$Worker.runWorker(CoroutineScheduler.kt:677)
	at kotlinx.coroutines.scheduling.CoroutineScheduler$Worker.run(CoroutineScheduler.kt:664)

2023-02-13 20:25:54 I/Bot.2629227874: Saved account secrets to local cache for fast login.
2023-02-13 20:25:55 I/Bot.2629227874: Login successful.
2023-02-13 20:25:55 V/Bot.2629227874: Event: BotOnlineEvent(bot=Bot(2629227874))
2023-02-13 20:25:55 V/Bot.2629227874: Event: BotReloginEvent(bot=Bot(2629227874), cause=null)
2023-02-13 20:25:55 I/Bot.2629227874: Reconnected successfully in 0.546s.
2023-02-13 20:26:04 W/org.menglei.mirai-mengleibot: mirai.core.UnexpectedStateException: 锁定失败，重新尝试 E:\project\java\miraiBot\mirai_menglei\run\settings\loliconImgConfig.txt
mirai.core.UnexpectedStateException: 锁定失败，重新尝试 E:\project\java\miraiBot\mirai_menglei\run\settings\loliconImgConfig.txt
	at mirai.utils.MyFileUtils.lock(MyFileUtils.java:137)
	at mirai.utils.MyFileUtils.getString(MyFileUtils.java:233)
	at mirai.utils.MyFileUtils.getInt(MyFileUtils.java:253)
	at mirai.myFunction.hpic.LoliconImg.<init>(LoliconImg.java:29)
	at java.base/jdk.internal.reflect.NativeConstructorAccessorImpl.newInstance0(Native Method)
	at java.base/jdk.internal.reflect.NativeConstructorAccessorImpl.newInstance(NativeConstructorAccessorImpl.java:77)
	at java.base/jdk.internal.reflect.DelegatingConstructorAccessorImpl.newInstance(DelegatingConstructorAccessorImpl.java:45)
	at java.base/java.lang.reflect.Constructor.newInstanceWithCaller(Constructor.java:499)
	at java.base/java.lang.reflect.Constructor.newInstance(Constructor.java:480)
	at mirai.core.ProcessMsgEvent.process(ProcessMsgEvent.java:116)
	at mirai.core.JavaPluginMain.lambda$onEnable$0(JavaPluginMain.java:49)
	at net.mamoe.mirai.event.EventChannel$subscribeAlways$2$1.invoke(EventChannel.kt:600)
	at net.mamoe.mirai.event.EventChannel$subscribeAlways$2$1.invoke(EventChannel.kt:600)
	at kotlinx.coroutines.InterruptibleKt.runInterruptibleInExpectedContext(Interruptible.kt:51)
	at kotlinx.coroutines.InterruptibleKt.access$runInterruptibleInExpectedContext(Interruptible.kt:1)
	at kotlinx.coroutines.InterruptibleKt$runInterruptible$2.invokeSuspend(Interruptible.kt:43)
	at kotlin.coroutines.jvm.internal.BaseContinuationImpl.resumeWith(ContinuationImpl.kt:33)
	at kotlinx.coroutines.DispatchedTask.run(DispatchedTask.kt:106)
	at kotlinx.coroutines.internal.LimitedDispatcher.run(LimitedDispatcher.kt:42)
	at kotlinx.coroutines.scheduling.TaskImpl.run(Tasks.kt:95)
	at kotlinx.coroutines.scheduling.CoroutineScheduler.runSafely(CoroutineScheduler.kt:570)
	at kotlinx.coroutines.scheduling.CoroutineScheduler$Worker.executeTask(CoroutineScheduler.kt:750)
	at kotlinx.coroutines.scheduling.CoroutineScheduler$Worker.runWorker(CoroutineScheduler.kt:677)
	at kotlinx.coroutines.scheduling.CoroutineScheduler$Worker.run(CoroutineScheduler.kt:664)

2023-02-13 20:26:04 E/org.menglei.mirai-mengleibot: mirai.core.UnexpectedStateException: 锁定失败 E:\project\java\miraiBot\mirai_menglei\run\settings\loliconImgConfig.txt
mirai.core.UnexpectedStateException: 锁定失败 E:\project\java\miraiBot\mirai_menglei\run\settings\loliconImgConfig.txt
	at mirai.utils.MyFileUtils.lock(MyFileUtils.java:142)
	at mirai.utils.MyFileUtils.getString(MyFileUtils.java:233)
	at mirai.utils.MyFileUtils.getInt(MyFileUtils.java:253)
	at mirai.myFunction.hpic.LoliconImg.<init>(LoliconImg.java:29)
	at java.base/jdk.internal.reflect.NativeConstructorAccessorImpl.newInstance0(Native Method)
	at java.base/jdk.internal.reflect.NativeConstructorAccessorImpl.newInstance(NativeConstructorAccessorImpl.java:77)
	at java.base/jdk.internal.reflect.DelegatingConstructorAccessorImpl.newInstance(DelegatingConstructorAccessorImpl.java:45)
	at java.base/java.lang.reflect.Constructor.newInstanceWithCaller(Constructor.java:499)
	at java.base/java.lang.reflect.Constructor.newInstance(Constructor.java:480)
	at mirai.core.ProcessMsgEvent.process(ProcessMsgEvent.java:116)
	at mirai.core.JavaPluginMain.lambda$onEnable$0(JavaPluginMain.java:49)
	at net.mamoe.mirai.event.EventChannel$subscribeAlways$2$1.invoke(EventChannel.kt:600)
	at net.mamoe.mirai.event.EventChannel$subscribeAlways$2$1.invoke(EventChannel.kt:600)
	at kotlinx.coroutines.InterruptibleKt.runInterruptibleInExpectedContext(Interruptible.kt:51)
	at kotlinx.coroutines.InterruptibleKt.access$runInterruptibleInExpectedContext(Interruptible.kt:1)
	at kotlinx.coroutines.InterruptibleKt$runInterruptible$2.invokeSuspend(Interruptible.kt:43)
	at kotlin.coroutines.jvm.internal.BaseContinuationImpl.resumeWith(ContinuationImpl.kt:33)
	at kotlinx.coroutines.DispatchedTask.run(DispatchedTask.kt:106)
	at kotlinx.coroutines.internal.LimitedDispatcher.run(LimitedDispatcher.kt:42)
	at kotlinx.coroutines.scheduling.TaskImpl.run(Tasks.kt:95)
	at kotlinx.coroutines.scheduling.CoroutineScheduler.runSafely(CoroutineScheduler.kt:570)
	at kotlinx.coroutines.scheduling.CoroutineScheduler$Worker.executeTask(CoroutineScheduler.kt:750)
	at kotlinx.coroutines.scheduling.CoroutineScheduler$Worker.runWorker(CoroutineScheduler.kt:677)
	at kotlinx.coroutines.scheduling.CoroutineScheduler$Worker.run(CoroutineScheduler.kt:664)

2023-02-13 20:26:17 E/org.menglei.mirai-mengleibot: mirai.core.UnexpectedStateException: 锁定失败 E:\project\java\miraiBot\mirai_menglei\run\settings\loliconImgConfig.txt
mirai.core.UnexpectedStateException: 锁定失败 E:\project\java\miraiBot\mirai_menglei\run\settings\loliconImgConfig.txt
	at mirai.utils.MyFileUtils.lock(MyFileUtils.java:142)
	at mirai.utils.MyFileUtils.getString(MyFileUtils.java:233)
	at mirai.utils.MyFileUtils.getInt(MyFileUtils.java:253)
	at mirai.myFunction.hpic.LoliconImg.<init>(LoliconImg.java:29)
	at java.base/jdk.internal.reflect.NativeConstructorAccessorImpl.newInstance0(Native Method)
	at java.base/jdk.internal.reflect.NativeConstructorAccessorImpl.newInstance(NativeConstructorAccessorImpl.java:77)
	at java.base/jdk.internal.reflect.DelegatingConstructorAccessorImpl.newInstance(DelegatingConstructorAccessorImpl.java:45)
	at java.base/java.lang.reflect.Constructor.newInstanceWithCaller(Constructor.java:499)
	at java.base/java.lang.reflect.Constructor.newInstance(Constructor.java:480)
	at mirai.core.ProcessMsgEvent.process(ProcessMsgEvent.java:116)
	at mirai.core.JavaPluginMain.lambda$onEnable$0(JavaPluginMain.java:49)
	at net.mamoe.mirai.event.EventChannel$subscribeAlways$2$1.invoke(EventChannel.kt:600)
	at net.mamoe.mirai.event.EventChannel$subscribeAlways$2$1.invoke(EventChannel.kt:600)
	at kotlinx.coroutines.InterruptibleKt.runInterruptibleInExpectedContext(Interruptible.kt:51)
	at kotlinx.coroutines.InterruptibleKt.access$runInterruptibleInExpectedContext(Interruptible.kt:1)
	at kotlinx.coroutines.InterruptibleKt$runInterruptible$2.invokeSuspend(Interruptible.kt:43)
	at kotlin.coroutines.jvm.internal.BaseContinuationImpl.resumeWith(ContinuationImpl.kt:33)
	at kotlinx.coroutines.DispatchedTask.run(DispatchedTask.kt:106)
	at kotlinx.coroutines.internal.LimitedDispatcher.run(LimitedDispatcher.kt:42)
	at kotlinx.coroutines.scheduling.TaskImpl.run(Tasks.kt:95)
	at kotlinx.coroutines.scheduling.CoroutineScheduler.runSafely(CoroutineScheduler.kt:570)
	at kotlinx.coroutines.scheduling.CoroutineScheduler$Worker.executeTask(CoroutineScheduler.kt:750)
	at kotlinx.coroutines.scheduling.CoroutineScheduler$Worker.runWorker(CoroutineScheduler.kt:677)
	at kotlinx.coroutines.scheduling.CoroutineScheduler$Worker.run(CoroutineScheduler.kt:664)

2023-02-13 20:26:20 V/Bot.2629227874: [萌泪の测试群(516286670)] 萌泪酱(605738729) -> 菜单11
2023-02-13 20:27:52 V/Bot.2629227874: [异形工厂（Shapez）交流群(1163635014)] 舞空沐燕灵(2189742563) -> 不如加盐加时间戳加密钥后sha514
2023-02-13 20:27:53 V/Bot.2629227874: Group(516286670) <- [g]群聊 [p]私聊 [a]仅管理员\n[p]养鲲：从无尽之海抓一条奇怪的鲲\n[p]属性：查看鲲的属性\n[g]查看@xxx：查看别人鲲的属性\n[p]洗练[攻防血]+次数：洗练指定属性，可以多个属性一起洗\n[g]进击@xxx：互相挑战，共同升级\n[p]挑战：挑战全服boss，可得丰厚奖励\n[p]boss：查看boss属性[gp]等级排行：查看鲲界等级前十\n[gp]财富/金钱排行：查看鲲界萌泪币前十
2023-02-13 20:27:56 V/Bot.2629227874: Group(516286670) <- [g]群聊 [p]私聊 [a]仅管理员\n[p]养鲲：从无尽之海抓一条奇怪的鲲\n[p]属性：查看鲲的属性\n[g]查看@xxx：查看别人鲲的属性\n[p]洗练[攻防血]+次数：洗练指定属性，可以多个属性一起洗\n[g]进击@xxx：互相挑战，共同升级\n[p]挑战：挑战全服boss，可得丰厚奖励\n[p]boss：查看boss属性[gp]等级排行：查看鲲界等级前十\n[gp]财富/金钱排行：查看鲲界萌泪币前十
2023-02-13 20:28:05 V/Bot.2629227874: Group(516286670) <- [p]背包：查看自己的所有道具\n[p]命名xxx：消耗改名卡将鲲界的鲲改名\n[g]赠送+数目@xxx：赠送萌泪币，但是有手续费\n[p]商城：查看可以买卖的道具列表\n[p]购买/出售+物品名(+数目)：买卖道具\n[gp]签到：可得萌泪币，连续签到奖励更多\n[p]设置重置时间+小时：自定义摸鲲等功能的每日重置时间\n[p]开/关新赛季提示：赛季更新时是否允许bot私聊提示\n[a]修改/更改+内容+数目：官方外挂.jpg\n当前为S28赛季！
2023-02-13 20:28:05 V/Bot.2629227874: [异形工厂（Shapez）交流群(1163635014)] 逐光•启航(1978268609) -> 6
2023-02-13 20:28:05 V/Bot.2629227874: Group(516286670) <- [p]背包：查看自己的所有道具\n[p]命名xxx：消耗改名卡将鲲界的鲲改名\n[g]赠送+数目@xxx：赠送萌泪币，但是有手续费\n[p]商城：查看可以买卖的道具列表\n[p]购买/出售+物品名(+数目)：买卖道具\n[gp]签到：可得萌泪币，连续签到奖励更多\n[p]设置重置时间+小时：自定义摸鲲等功能的每日重置时间\n[p]开/关新赛季提示：赛季更新时是否允许bot私聊提示\n[a]修改/更改+内容+数目：官方外挂.jpg\n当前为S28赛季！
2023-02-13 20:28:22 I/Bot.3056830689: Bot cancelled: Job was cancelled
2023-02-13 20:28:22 I/Bot.605738729: Bot cancelled: Job was cancelled
2023-02-13 20:28:22 V/Bot.2629227874: Event: BotOfflineEvent.Active(bot=Bot(2629227874), cause=null, reconnect=false)
2023-02-13 20:28:22 I/Bot.2629227874: Bot is closed manually
2023-02-13 20:28:22 I/Bot.2629227874: Bot cancelled: Job was cancelled
2023-02-13 20:28:22 I/Bot.1443944862: Bot cancelled: Job was cancelled
2023-02-13 20:28:22 I/Bot.3109326090: Bot cancelled: Job was cancelled
2023-02-13 20:28:28 I/main: Starting mirai-console...
2023-02-13 20:28:28 I/main: 

==================================[ Mirai consosle 2.14.0 ]===================================
 __       __ __                   __  ______                                      __
|  \     /  \  \                 |  \/      \                                    |  \
| ▓▓\   /  ▓▓\▓▓ ______   ______  \▓▓  ▓▓▓▓▓▓\ ______  _______   _______  ______ | ▓▓ ______
| ▓▓▓\ /  ▓▓▓  \/      \ |      \|  \ ▓▓   \▓▓/      \|       \ /       \/      \| ▓▓/      \
| ▓▓▓▓\  ▓▓▓▓ ▓▓  ▓▓▓▓▓▓\ \▓▓▓▓▓▓\ ▓▓ ▓▓     |  ▓▓▓▓▓▓\ ▓▓▓▓▓▓▓\  ▓▓▓▓▓▓▓  ▓▓▓▓▓▓\ ▓▓  ▓▓▓▓▓▓\
| ▓▓\▓▓ ▓▓ ▓▓ ▓▓ ▓▓   \▓▓/      ▓▓ ▓▓ ▓▓   __| ▓▓  | ▓▓ ▓▓  | ▓▓\▓▓    \| ▓▓  | ▓▓ ▓▓ ▓▓    ▓▓
| ▓▓ \▓▓▓| ▓▓ ▓▓ ▓▓     |  ▓▓▓▓▓▓▓ ▓▓ ▓▓__/  \ ▓▓__/ ▓▓ ▓▓  | ▓▓_\▓▓▓▓▓▓\ ▓▓__/ ▓▓ ▓▓ ▓▓▓▓▓▓▓▓
| ▓▓  \▓ | ▓▓ ▓▓ ▓▓      \▓▓    ▓▓ ▓▓\▓▓    ▓▓\▓▓    ▓▓ ▓▓  | ▓▓       ▓▓\▓▓    ▓▓ ▓▓\▓▓     \
 \▓▓      \▓▓\▓▓\▓▓       \▓▓▓▓▓▓▓\▓▓ \▓▓▓▓▓▓  \▓▓▓▓▓▓ \▓▓   \▓▓\▓▓▓▓▓▓▓  \▓▓▓▓▓▓ \▓▓ \▓▓▓▓▓▓▓


2023-02-13 20:28:28 I/main: Backend: version 2.14.0, built on 2023-02-06 14:25:21.
2023-02-13 20:28:28 I/main: Frontend Terminal: version 2.14.0, provided by Mamoe Technologies
2023-02-13 20:28:28 I/main: Welcome to visit https://mirai.mamoe.net/
2023-02-13 20:28:28 W/stderr: SLF4J: Class path contains multiple SLF4J providers.
2023-02-13 20:28:28 W/stderr: SLF4J: Found provider [net.mamoe.mirai.console.internal.logging.externalbind.slf4j.MiraiConsoleSLF4JService@2cc04358]
2023-02-13 20:28:28 W/stderr: SLF4J: Found provider [ch.qos.logback.classic.spi.LogbackServiceProvider@45e22def]
2023-02-13 20:28:28 W/stderr: SLF4J: See https://www.slf4j.org/codes.html#multiple_bindings for an explanation.
2023-02-13 20:28:28 W/stderr: SLF4J: Actual provider is of type [net.mamoe.mirai.console.internal.logging.externalbind.slf4j.MiraiConsoleSLF4JService@2cc04358]
2023-02-13 20:28:30 I/plugin: Successfully loaded plugin mirai-login-solver-sakura v0.0.8
2023-02-13 20:28:30 I/main: Prepared built-in commands: autoLogin, help, login, logout, permission, status, stop
2023-02-13 20:28:30 I/main: 1 plugin(s) enabled.
2023-02-13 20:28:30 I/main: mirai-console started successfully.
2023-02-13 20:28:31 I/Bot.2629227874: Loaded account secrets from local cache.
2023-02-13 20:28:31 I/Bot.2629227874: Saved account secrets to local cache for fast login.
2023-02-13 20:28:31 I/Bot.2629227874: Login successful.
2023-02-13 20:28:33 V/Bot.2629227874: Event: BotOnlineEvent(bot=Bot(2629227874))
2023-02-13 20:28:33 I/Bot.2629227874: Bot login successful.
2023-02-13 20:28:46 V/Bot.2629227874: [萌泪の测试群(516286670)] 萌泪酱(605738729) -> 菜单11
2023-02-13 20:28:46 V/Bot.2629227874: Group(516286670) <- [g]群聊 [p]私聊 [a]仅管理员\n[p]养鲲：从无尽之海抓一条奇怪的鲲\n[p]属性：查看鲲的属性\n[g]查看@xxx：查看别人鲲的属性\n[p]洗练[攻防血]+次数：洗练指定属性，可以多个属性一起洗\n[g]进击@xxx：互相挑战，共同升级\n[p]挑战：挑战全服boss，可得丰厚奖励\n[p]boss：查看boss属性[gp]等级排行：查看鲲界等级前十\n[gp]财富/金钱排行：查看鲲界萌泪币前十
2023-02-13 20:28:47 V/Bot.2629227874: Group(516286670) <- [p]背包：查看自己的所有道具\n[p]命名xxx：消耗改名卡将鲲界的鲲改名\n[g]赠送+数目@xxx：赠送萌泪币，但是有手续费\n[p]商城：查看可以买卖的道具列表\n[p]购买/出售+物品名(+数目)：买卖道具\n[gp]签到：可得萌泪币，连续签到奖励更多\n[p]设置重置时间+小时：自定义摸鲲等功能的每日重置时间\n[p]开/关新赛季提示：赛季更新时是否允许bot私聊提示\n[a]修改/更改+内容+数目：官方外挂.jpg\n当前为S28赛季！
2023-02-13 20:28:52 V/Bot.2629227874: [萌泪の测试群(516286670)] 萌泪酱(605738729) -> 菜单1
2023-02-13 20:29:01 V/Bot.2629227874: [萌泪の测试群(516286670)] Serendipity(645101064) -> 菜单3
2023-02-13 20:30:01 V/Bot.2629227874: [萌泪の测试群(516286670)] Serendipity(645101064) -> 菜单11
2023-02-13 20:30:13 V/Bot.2629227874: [萌泪の测试群(516286670)] Serendipity(645101064) -> 我没有权限
2023-02-13 20:30:28 I/Bot.3056830689: Bot cancelled: Job was cancelled
2023-02-13 20:30:28 I/Bot.605738729: Bot cancelled: Job was cancelled
2023-02-13 20:30:28 V/Bot.2629227874: Event: BotOfflineEvent.Active(bot=Bot(2629227874), cause=null, reconnect=false)
2023-02-13 20:30:28 I/Bot.2629227874: Bot is closed manually
2023-02-13 20:30:28 I/Bot.2629227874: Bot cancelled: Job was cancelled
2023-02-13 20:30:28 I/Bot.1443944862: Bot cancelled: Job was cancelled
2023-02-13 20:30:28 I/Bot.3109326090: Bot cancelled: Job was cancelled
2023-02-13 20:30:34 I/main: Starting mirai-console...
2023-02-13 20:30:34 I/main: 

==================================[ Mirai consosle 2.14.0 ]===================================
 __       __ __                   __  ______                                      __
|  \     /  \  \                 |  \/      \                                    |  \
| ▓▓\   /  ▓▓\▓▓ ______   ______  \▓▓  ▓▓▓▓▓▓\ ______  _______   _______  ______ | ▓▓ ______
| ▓▓▓\ /  ▓▓▓  \/      \ |      \|  \ ▓▓   \▓▓/      \|       \ /       \/      \| ▓▓/      \
| ▓▓▓▓\  ▓▓▓▓ ▓▓  ▓▓▓▓▓▓\ \▓▓▓▓▓▓\ ▓▓ ▓▓     |  ▓▓▓▓▓▓\ ▓▓▓▓▓▓▓\  ▓▓▓▓▓▓▓  ▓▓▓▓▓▓\ ▓▓  ▓▓▓▓▓▓\
| ▓▓\▓▓ ▓▓ ▓▓ ▓▓ ▓▓   \▓▓/      ▓▓ ▓▓ ▓▓   __| ▓▓  | ▓▓ ▓▓  | ▓▓\▓▓    \| ▓▓  | ▓▓ ▓▓ ▓▓    ▓▓
| ▓▓ \▓▓▓| ▓▓ ▓▓ ▓▓     |  ▓▓▓▓▓▓▓ ▓▓ ▓▓__/  \ ▓▓__/ ▓▓ ▓▓  | ▓▓_\▓▓▓▓▓▓\ ▓▓__/ ▓▓ ▓▓ ▓▓▓▓▓▓▓▓
| ▓▓  \▓ | ▓▓ ▓▓ ▓▓      \▓▓    ▓▓ ▓▓\▓▓    ▓▓\▓▓    ▓▓ ▓▓  | ▓▓       ▓▓\▓▓    ▓▓ ▓▓\▓▓     \
 \▓▓      \▓▓\▓▓\▓▓       \▓▓▓▓▓▓▓\▓▓ \▓▓▓▓▓▓  \▓▓▓▓▓▓ \▓▓   \▓▓\▓▓▓▓▓▓▓  \▓▓▓▓▓▓ \▓▓ \▓▓▓▓▓▓▓


2023-02-13 20:30:34 I/main: Backend: version 2.14.0, built on 2023-02-06 14:25:21.
2023-02-13 20:30:34 I/main: Frontend Terminal: version 2.14.0, provided by Mamoe Technologies
2023-02-13 20:30:34 I/main: Welcome to visit https://mirai.mamoe.net/
2023-02-13 20:30:34 W/stderr: SLF4J: Class path contains multiple SLF4J providers.
2023-02-13 20:30:34 W/stderr: SLF4J: Found provider [net.mamoe.mirai.console.internal.logging.externalbind.slf4j.MiraiConsoleSLF4JService@12ffd1de]
2023-02-13 20:30:34 W/stderr: SLF4J: Found provider [ch.qos.logback.classic.spi.LogbackServiceProvider@9d3c67]
2023-02-13 20:30:34 W/stderr: SLF4J: See https://www.slf4j.org/codes.html#multiple_bindings for an explanation.
2023-02-13 20:30:34 W/stderr: SLF4J: Actual provider is of type [net.mamoe.mirai.console.internal.logging.externalbind.slf4j.MiraiConsoleSLF4JService@12ffd1de]
2023-02-13 20:30:35 I/plugin: Successfully loaded plugin mirai-login-solver-sakura v0.0.8
2023-02-13 20:30:35 I/main: Prepared built-in commands: autoLogin, help, login, logout, permission, status, stop
2023-02-13 20:30:35 I/main: 1 plugin(s) enabled.
2023-02-13 20:30:35 I/main: mirai-console started successfully.
2023-02-13 20:30:36 I/Bot.2629227874: Loaded account secrets from local cache.
2023-02-13 20:30:36 I/Bot.2629227874: Saved account secrets to local cache for fast login.
2023-02-13 20:30:36 I/Bot.2629227874: Login successful.
2023-02-13 20:30:38 V/Bot.2629227874: Event: BotOnlineEvent(bot=Bot(2629227874))
2023-02-13 20:30:38 I/Bot.2629227874: Bot login successful.
2023-02-13 20:30:52 V/Bot.2629227874: [萌泪の测试群(516286670)] 萌泪酱(605738729) -> 菜单1
2023-02-13 20:31:28 V/Bot.2629227874: [萌泪の测试群(516286670)] Serendipity(645101064) -> 群主是做的java开发吗
2023-02-13 20:31:32 V/Bot.2629227874: Group(516286670) <- [g]群聊 [p]私聊 [a]仅管理员\n[a][pg]设置复读(概率)+概率(+%)：设置复读概率为指定值的一百倍\n栗子：【设置复读2.5】表示本群复读概率将设为2.5%\n注意，概率最低为0.01%，最高为50%\n复读时，有一半概率倒序复读\n本群当前复读概率：1.000%
2023-02-13 20:32:01 V/Bot.2629227874: [萌泪の测试群(516286670)] 萌泪酱(605738729) -> 怪
2023-02-13 20:32:01 V/Bot.2629227874: [萌泪の测试群(516286670)] 萌泪酱(605738729) -> 太怪了
2023-02-13 20:32:01 V/Bot.2629227874: [萌泪の测试群(516286670)] 萌泪酱(605738729) -> 我单步调试，他就能发
2023-02-13 20:32:01 I/Bot.3056830689: Bot cancelled: Job was cancelled
2023-02-13 20:32:01 I/Bot.605738729: Bot cancelled: Job was cancelled
2023-02-13 20:32:01 V/Bot.2629227874: Event: BotOfflineEvent.Active(bot=Bot(2629227874), cause=null, reconnect=false)
2023-02-13 20:32:01 I/Bot.2629227874: Bot is closed manually
2023-02-13 20:32:01 I/Bot.2629227874: Bot cancelled: Job was cancelled
2023-02-13 20:32:01 I/Bot.1443944862: Bot cancelled: Job was cancelled
2023-02-13 20:32:01 I/Bot.3109326090: Bot cancelled: Job was cancelled
2023-02-13 20:32:06 I/main: Starting mirai-console...
2023-02-13 20:32:06 I/main: 

==================================[ Mirai consosle 2.14.0 ]===================================
 __       __ __                   __  ______                                      __
|  \     /  \  \                 |  \/      \                                    |  \
| ▓▓\   /  ▓▓\▓▓ ______   ______  \▓▓  ▓▓▓▓▓▓\ ______  _______   _______  ______ | ▓▓ ______
| ▓▓▓\ /  ▓▓▓  \/      \ |      \|  \ ▓▓   \▓▓/      \|       \ /       \/      \| ▓▓/      \
| ▓▓▓▓\  ▓▓▓▓ ▓▓  ▓▓▓▓▓▓\ \▓▓▓▓▓▓\ ▓▓ ▓▓     |  ▓▓▓▓▓▓\ ▓▓▓▓▓▓▓\  ▓▓▓▓▓▓▓  ▓▓▓▓▓▓\ ▓▓  ▓▓▓▓▓▓\
| ▓▓\▓▓ ▓▓ ▓▓ ▓▓ ▓▓   \▓▓/      ▓▓ ▓▓ ▓▓   __| ▓▓  | ▓▓ ▓▓  | ▓▓\▓▓    \| ▓▓  | ▓▓ ▓▓ ▓▓    ▓▓
| ▓▓ \▓▓▓| ▓▓ ▓▓ ▓▓     |  ▓▓▓▓▓▓▓ ▓▓ ▓▓__/  \ ▓▓__/ ▓▓ ▓▓  | ▓▓_\▓▓▓▓▓▓\ ▓▓__/ ▓▓ ▓▓ ▓▓▓▓▓▓▓▓
| ▓▓  \▓ | ▓▓ ▓▓ ▓▓      \▓▓    ▓▓ ▓▓\▓▓    ▓▓\▓▓    ▓▓ ▓▓  | ▓▓       ▓▓\▓▓    ▓▓ ▓▓\▓▓     \
 \▓▓      \▓▓\▓▓\▓▓       \▓▓▓▓▓▓▓\▓▓ \▓▓▓▓▓▓  \▓▓▓▓▓▓ \▓▓   \▓▓\▓▓▓▓▓▓▓  \▓▓▓▓▓▓ \▓▓ \▓▓▓▓▓▓▓


2023-02-13 20:32:06 I/main: Backend: version 2.14.0, built on 2023-02-06 14:25:21.
2023-02-13 20:32:06 I/main: Frontend Terminal: version 2.14.0, provided by Mamoe Technologies
2023-02-13 20:32:06 I/main: Welcome to visit https://mirai.mamoe.net/
2023-02-13 20:32:06 W/stderr: SLF4J: Class path contains multiple SLF4J providers.
2023-02-13 20:32:06 W/stderr: SLF4J: Found provider [net.mamoe.mirai.console.internal.logging.externalbind.slf4j.MiraiConsoleSLF4JService@2cc04358]
2023-02-13 20:32:06 W/stderr: SLF4J: Found provider [ch.qos.logback.classic.spi.LogbackServiceProvider@45e22def]
2023-02-13 20:32:06 W/stderr: SLF4J: See https://www.slf4j.org/codes.html#multiple_bindings for an explanation.
2023-02-13 20:32:06 W/stderr: SLF4J: Actual provider is of type [net.mamoe.mirai.console.internal.logging.externalbind.slf4j.MiraiConsoleSLF4JService@2cc04358]
2023-02-13 20:32:07 I/plugin: Successfully loaded plugin mirai-login-solver-sakura v0.0.8
2023-02-13 20:32:07 I/main: Prepared built-in commands: autoLogin, help, login, logout, permission, status, stop
2023-02-13 20:32:07 I/main: 1 plugin(s) enabled.
2023-02-13 20:32:07 I/main: mirai-console started successfully.
2023-02-13 20:32:08 I/Bot.2629227874: Loaded account secrets from local cache.
2023-02-13 20:32:08 I/Bot.2629227874: Saved account secrets to local cache for fast login.
2023-02-13 20:32:08 I/Bot.2629227874: Login successful.
2023-02-13 20:32:10 V/Bot.2629227874: Event: BotOnlineEvent(bot=Bot(2629227874))
2023-02-13 20:32:10 I/Bot.2629227874: Bot login successful.
2023-02-13 20:32:13 V/Bot.2629227874: [萌泪の测试群(516286670)] 萌泪酱(605738729) -> 谁知道
2023-02-13 20:32:17 V/Bot.2629227874: [异形工厂（Shapez）交流群(1163635014)] 泣く（apl4）(1397381851) -> [mirai:image:{FEB911B7-DCC8-E066-E277-BBF00910000A}.gif, width=81, height=67, size=8038, type=GIF, isEmoji=true]
2023-02-13 20:32:17 V/Bot.2629227874: [萌泪の测试群(516286670)] Serendipity(645101064) -> 我说的消息
2023-02-13 20:32:23 V/Bot.2629227874: [萌泪の测试群(516286670)] 萌泪酱(605738729) -> 菜单1
2023-02-13 20:32:23 V/Bot.2629227874: Group(516286670) <- [g]群聊 [p]私聊 [a]仅管理员\n[a][pg]设置复读(概率)+概率(+%)：设置复读概率为指定值的一百倍\n栗子：【设置复读2.5】表示本群复读概率将设为2.5%\n注意，概率最低为0.01%，最高为50%\n复读时，有一半概率倒序复读\n本群当前复读概率：1.000%
2023-02-13 20:32:28 V/Bot.2629227874: [萌泪の测试群(516286670)] 萌泪酱(605738729) -> 菜单2
2023-02-13 20:32:45 V/Bot.2629227874: [萌泪の测试群(516286670)] 萌泪酱(605738729) -> 寄
2023-02-13 20:32:48 V/Bot.2629227874: [萌泪の测试群(516286670)] 萌泪酱(605738729) -> 菜单3
2023-02-13 20:32:53 V/Bot.2629227874: [异形工厂（Shapez）交流群(1163635014)] 梦想天生(Left_E)(445495653) -> [mirai:at:1397381851] 我被你杀完了没有？
2023-02-13 20:33:08 V/Bot.2629227874: [异形工厂（Shapez）交流群(1163635014)] 泣く（apl4）(1397381851) -> 没
2023-02-13 20:33:09 V/Bot.2629227874: [萌泪の测试群(516286670)] 萌泪酱(605738729) -> 菜单
2023-02-13 20:33:09 V/Bot.2629227874: Group(516286670) <- 本群功能开启情况如下：\n1.随机复读：关闭\n2.随机禁言：关闭\n3.Lolicon美图：关闭\n4.智能问答：关闭\n11.养鲲：关闭\n12.落樱之都：关闭\n13.Arc查询：关闭\n14.Arc狼人杀：关闭\n15.Arc吃鸡：关闭\n16.异形工厂：关闭\ntips：【菜单+功能序号】获得对应功能菜单，如【菜单21】
2023-02-13 20:33:12 V/Bot.2629227874: [异形工厂（Shapez）交流群(1163635014)] 泣く（apl4）(1397381851) -> 差两题
2023-02-13 20:33:13 V/Bot.2629227874: [萌泪の测试群(516286670)] 萌泪酱(605738729) -> 菜单16
2023-02-13 20:33:17 V/Bot.2629227874: [萌泪の测试群(516286670)] Serendipity(645101064) -> clean一下试试
2023-02-13 20:33:21 V/Bot.2629227874: [萌泪の测试群(516286670)] 萌泪酱(605738729) -> 开启16
2023-02-13 20:33:21 V/Bot.2629227874: Group(516286670) <- 已开启异形工厂！
2023-02-13 20:33:26 V/Bot.2629227874: [萌泪の测试群(516286670)] 萌泪酱(605738729) -> 菜单16
2023-02-13 20:33:44 V/Bot.2629227874: [萌泪の测试群(516286670)] 萌泪酱(605738729) -> 唔。。。。
2023-02-13 20:34:04 V/Bot.2629227874: [异形工厂（Shapez）交流群(1163635014)] 梦想天生(Left_E)(445495653) -> ？我以为就差火箭了
2023-02-13 20:34:30 I/Bot.3056830689: Bot cancelled: Job was cancelled
2023-02-13 20:34:30 I/Bot.605738729: Bot cancelled: Job was cancelled
2023-02-13 20:34:30 V/Bot.2629227874: Event: BotOfflineEvent.Active(bot=Bot(2629227874), cause=null, reconnect=false)
2023-02-13 20:34:30 I/Bot.2629227874: Bot is closed manually
2023-02-13 20:34:30 I/Bot.2629227874: Bot cancelled: Job was cancelled
2023-02-13 20:34:30 I/Bot.1443944862: Bot cancelled: Job was cancelled
2023-02-13 20:34:30 I/Bot.3109326090: Bot cancelled: Job was cancelled
2023-02-13 20:34:35 I/main: Starting mirai-console...
2023-02-13 20:34:35 I/main: 

==================================[ Mirai consosle 2.14.0 ]===================================
 __       __ __                   __  ______                                      __
|  \     /  \  \                 |  \/      \                                    |  \
| ▓▓\   /  ▓▓\▓▓ ______   ______  \▓▓  ▓▓▓▓▓▓\ ______  _______   _______  ______ | ▓▓ ______
| ▓▓▓\ /  ▓▓▓  \/      \ |      \|  \ ▓▓   \▓▓/      \|       \ /       \/      \| ▓▓/      \
| ▓▓▓▓\  ▓▓▓▓ ▓▓  ▓▓▓▓▓▓\ \▓▓▓▓▓▓\ ▓▓ ▓▓     |  ▓▓▓▓▓▓\ ▓▓▓▓▓▓▓\  ▓▓▓▓▓▓▓  ▓▓▓▓▓▓\ ▓▓  ▓▓▓▓▓▓\
| ▓▓\▓▓ ▓▓ ▓▓ ▓▓ ▓▓   \▓▓/      ▓▓ ▓▓ ▓▓   __| ▓▓  | ▓▓ ▓▓  | ▓▓\▓▓    \| ▓▓  | ▓▓ ▓▓ ▓▓    ▓▓
| ▓▓ \▓▓▓| ▓▓ ▓▓ ▓▓     |  ▓▓▓▓▓▓▓ ▓▓ ▓▓__/  \ ▓▓__/ ▓▓ ▓▓  | ▓▓_\▓▓▓▓▓▓\ ▓▓__/ ▓▓ ▓▓ ▓▓▓▓▓▓▓▓
| ▓▓  \▓ | ▓▓ ▓▓ ▓▓      \▓▓    ▓▓ ▓▓\▓▓    ▓▓\▓▓    ▓▓ ▓▓  | ▓▓       ▓▓\▓▓    ▓▓ ▓▓\▓▓     \
 \▓▓      \▓▓\▓▓\▓▓       \▓▓▓▓▓▓▓\▓▓ \▓▓▓▓▓▓  \▓▓▓▓▓▓ \▓▓   \▓▓\▓▓▓▓▓▓▓  \▓▓▓▓▓▓ \▓▓ \▓▓▓▓▓▓▓


2023-02-13 20:34:35 I/main: Backend: version 2.14.0, built on 2023-02-06 14:25:21.
2023-02-13 20:34:35 I/main: Frontend Terminal: version 2.14.0, provided by Mamoe Technologies
2023-02-13 20:34:35 I/main: Welcome to visit https://mirai.mamoe.net/
2023-02-13 20:34:35 W/stderr: SLF4J: Class path contains multiple SLF4J providers.
2023-02-13 20:34:35 W/stderr: SLF4J: Found provider [net.mamoe.mirai.console.internal.logging.externalbind.slf4j.MiraiConsoleSLF4JService@6a48a7f3]
2023-02-13 20:34:35 W/stderr: SLF4J: Found provider [ch.qos.logback.classic.spi.LogbackServiceProvider@12ffd1de]
2023-02-13 20:34:35 W/stderr: SLF4J: See https://www.slf4j.org/codes.html#multiple_bindings for an explanation.
2023-02-13 20:34:35 W/stderr: SLF4J: Actual provider is of type [net.mamoe.mirai.console.internal.logging.externalbind.slf4j.MiraiConsoleSLF4JService@6a48a7f3]
2023-02-13 20:34:36 I/plugin: Successfully loaded plugin mirai-login-solver-sakura v0.0.8
2023-02-13 20:34:36 I/main: Prepared built-in commands: autoLogin, help, login, logout, permission, status, stop
2023-02-13 20:34:36 I/main: 1 plugin(s) enabled.
2023-02-13 20:34:36 I/main: mirai-console started successfully.
2023-02-13 20:34:37 I/Bot.2629227874: Loaded account secrets from local cache.
2023-02-13 20:34:37 I/Bot.2629227874: Saved account secrets to local cache for fast login.
2023-02-13 20:34:37 I/Bot.2629227874: Login successful.
2023-02-13 20:34:39 V/Bot.2629227874: Event: BotOnlineEvent(bot=Bot(2629227874))
2023-02-13 20:34:39 I/Bot.2629227874: Bot login successful.
2023-02-13 20:34:59 V/Bot.2629227874: [异形工厂（Shapez）交流群(1163635014)] 泣く（apl4）(1397381851) -> 还有那个一堆logo咧
2023-02-13 20:35:33 V/Bot.2629227874: [萌泪の测试群(516286670)] 萌泪酱(605738729) -> 加管理[mirai:at:1147294254] 
2023-02-13 20:35:39 I/org.menglei.mirai-mengleibot: 文件 E:\project\java\miraiBot\mirai_menglei\run\settings\botAdmin.txt 创建成功
2023-02-13 20:35:40 V/Bot.2629227874: Group(516286670) <- 已将 萌泪酱(605738729) 设为Bot管理！
2023-02-13 20:35:49 V/Bot.2629227874: [萌泪の测试群(516286670)] 萌泪酱(605738729) -> 哦草
2023-02-13 20:36:01 V/Bot.2629227874: [异形工厂（Shapez）交流群(1163635014)] 梦想天生(Left_E)(445495653) -> [赞]
2023-02-13 20:36:25 V/Bot.2629227874: [萌泪の测试群(516286670)] 萌泪酱(605738729) -> 捐献
2023-02-13 20:36:33 V/Bot.2629227874: Group(516286670) <- [mirai:at:605738729]您的每一份捐赠都是对萌泪最大的支持！\n[mirai:image:{14E2557A-0233-4A72-A935-5784257C91E1}.png, width=600, height=900, size=35409, type=PNG, isEmoji=false]
2023-02-13 20:38:01 V/Bot.2629227874: [萌泪の测试群(516286670)] Serendipity(645101064) -> 群主，搞应该工作好几年了叭
2023-02-13 20:38:26 V/Bot.2629227874: [萌泪の测试群(516286670)] 萌泪酱(605738729) -> 工作快三年吧
2023-02-13 20:38:39 V/Bot.2629227874: [萌泪の测试群(516286670)] 萌泪酱(605738729) -> 不过我工作不是java的
2023-02-13 20:38:47 V/Bot.2629227874: [萌泪の测试群(516286670)] 萌泪酱(605738729) -> 是别的语言
2023-02-13 20:38:52 I/Bot.3056830689: Bot cancelled: Job was cancelled
2023-02-13 20:38:52 I/Bot.605738729: Bot cancelled: Job was cancelled
2023-02-13 20:38:52 V/Bot.2629227874: Event: BotOfflineEvent.Active(bot=Bot(2629227874), cause=null, reconnect=false)
2023-02-13 20:38:52 I/Bot.2629227874: Bot is closed manually
2023-02-13 20:38:52 I/Bot.2629227874: Bot cancelled: Job was cancelled
2023-02-13 20:38:52 I/Bot.1443944862: Bot cancelled: Job was cancelled
2023-02-13 20:38:52 I/Bot.3109326090: Bot cancelled: Job was cancelled
2023-02-13 20:39:11 I/main: Starting mirai-console...
2023-02-13 20:39:11 I/main: 

==================================[ Mirai consosle 2.14.0 ]===================================
 __       __ __                   __  ______                                      __
|  \     /  \  \                 |  \/      \                                    |  \
| ▓▓\   /  ▓▓\▓▓ ______   ______  \▓▓  ▓▓▓▓▓▓\ ______  _______   _______  ______ | ▓▓ ______
| ▓▓▓\ /  ▓▓▓  \/      \ |      \|  \ ▓▓   \▓▓/      \|       \ /       \/      \| ▓▓/      \
| ▓▓▓▓\  ▓▓▓▓ ▓▓  ▓▓▓▓▓▓\ \▓▓▓▓▓▓\ ▓▓ ▓▓     |  ▓▓▓▓▓▓\ ▓▓▓▓▓▓▓\  ▓▓▓▓▓▓▓  ▓▓▓▓▓▓\ ▓▓  ▓▓▓▓▓▓\
| ▓▓\▓▓ ▓▓ ▓▓ ▓▓ ▓▓   \▓▓/      ▓▓ ▓▓ ▓▓   __| ▓▓  | ▓▓ ▓▓  | ▓▓\▓▓    \| ▓▓  | ▓▓ ▓▓ ▓▓    ▓▓
| ▓▓ \▓▓▓| ▓▓ ▓▓ ▓▓     |  ▓▓▓▓▓▓▓ ▓▓ ▓▓__/  \ ▓▓__/ ▓▓ ▓▓  | ▓▓_\▓▓▓▓▓▓\ ▓▓__/ ▓▓ ▓▓ ▓▓▓▓▓▓▓▓
| ▓▓  \▓ | ▓▓ ▓▓ ▓▓      \▓▓    ▓▓ ▓▓\▓▓    ▓▓\▓▓    ▓▓ ▓▓  | ▓▓       ▓▓\▓▓    ▓▓ ▓▓\▓▓     \
 \▓▓      \▓▓\▓▓\▓▓       \▓▓▓▓▓▓▓\▓▓ \▓▓▓▓▓▓  \▓▓▓▓▓▓ \▓▓   \▓▓\▓▓▓▓▓▓▓  \▓▓▓▓▓▓ \▓▓ \▓▓▓▓▓▓▓


2023-02-13 20:39:11 I/main: Backend: version 2.14.0, built on 2023-02-06 14:25:21.
2023-02-13 20:39:11 I/main: Frontend Terminal: version 2.14.0, provided by Mamoe Technologies
2023-02-13 20:39:11 I/main: Welcome to visit https://mirai.mamoe.net/
2023-02-13 20:39:11 W/stderr: SLF4J: Class path contains multiple SLF4J providers.
2023-02-13 20:39:11 W/stderr: SLF4J: Found provider [net.mamoe.mirai.console.internal.logging.externalbind.slf4j.MiraiConsoleSLF4JService@12ffd1de]
2023-02-13 20:39:11 W/stderr: SLF4J: Found provider [ch.qos.logback.classic.spi.LogbackServiceProvider@9d3c67]
2023-02-13 20:39:11 W/stderr: SLF4J: See https://www.slf4j.org/codes.html#multiple_bindings for an explanation.
2023-02-13 20:39:11 W/stderr: SLF4J: Actual provider is of type [net.mamoe.mirai.console.internal.logging.externalbind.slf4j.MiraiConsoleSLF4JService@12ffd1de]
2023-02-13 20:39:12 I/plugin: Successfully loaded plugin mirai-login-solver-sakura v0.0.8
2023-02-13 20:39:12 I/main: Prepared built-in commands: autoLogin, help, login, logout, permission, status, stop
2023-02-13 20:39:12 I/main: 1 plugin(s) enabled.
2023-02-13 20:39:12 I/main: mirai-console started successfully.
2023-02-13 20:39:13 I/Bot.2629227874: Loaded account secrets from local cache.
2023-02-13 20:39:13 I/Bot.605738729: Bot cancelled: Job was cancelled
2023-02-13 20:39:13 W/stderr: Exception in thread "main" java.lang.IllegalStateException: NetworkHandler is already closed.
2023-02-13 20:39:13 W/stderr: 	at net.mamoe.mirai.internal.network.handler.CommonNetworkHandler$StateClosed.sendPacketImpl(CommonNetworkHandler.kt:389)
2023-02-13 20:39:13 W/stderr: 	at net.mamoe.mirai.internal.network.handler.CommonNetworkHandler.sendPacketImpl(CommonNetworkHandler.kt:36)
2023-02-13 20:39:13 W/stderr: 	at net.mamoe.mirai.internal.network.handler.NetworkHandlerSupport.sendAndExpect(NetworkHandlerSupport.kt:123)
2023-02-13 20:39:13 W/stderr: 	at net.mamoe.mirai.internal.network.handler.NetworkHandlerSupport.sendAndExpect(NetworkHandlerSupport.kt:149)
2023-02-13 20:39:13 W/stderr: 	at net.mamoe.mirai.internal.network.handler.NetworkHandler.sendAndExpect$default(NetworkHandler.kt:194)
2023-02-13 20:39:13 W/stderr: 	at net.mamoe.mirai.internal.network.components.SsoProcessorImpl$LoginStrategy.sendAndExpect(SsoProcessor.kt:217)
2023-02-13 20:39:13 W/stderr: 	at net.mamoe.mirai.internal.network.components.SsoProcessorImpl$SlowLoginImpl.doLogin(SsoProcessor.kt:264)
2023-02-13 20:39:13 W/stderr: 	at net.mamoe.mirai.internal.network.components.SsoProcessorImpl.login(SsoProcessor.kt:159)
2023-02-13 20:39:13 W/stderr: 	at net.mamoe.mirai.internal.network.components.SsoProcessorImpl$login$1.invokeSuspend(SsoProcessor.kt)
2023-02-13 20:39:13 I/Bot.2629227874: Bot cancelled: Job was cancelled
2023-02-13 20:39:13 W/stderr: 	at kotlin.coroutines.jvm.internal.BaseContinuationImpl.resumeWith(ContinuationImpl.kt:33)
2023-02-13 20:39:13 W/stderr: 	at kotlinx.coroutines.internal.ScopeCoroutine.afterResume(Scopes.kt:33)
2023-02-13 20:39:13 I/Bot.1443944862: Bot cancelled: Job was cancelled
2023-02-13 20:49:34 I/main: Starting mirai-console...
2023-02-13 20:49:34 I/main: 

==================================[ Mirai consosle 2.14.0 ]===================================
 __       __ __                   __  ______                                      __
|  \     /  \  \                 |  \/      \                                    |  \
| ▓▓\   /  ▓▓\▓▓ ______   ______  \▓▓  ▓▓▓▓▓▓\ ______  _______   _______  ______ | ▓▓ ______
| ▓▓▓\ /  ▓▓▓  \/      \ |      \|  \ ▓▓   \▓▓/      \|       \ /       \/      \| ▓▓/      \
| ▓▓▓▓\  ▓▓▓▓ ▓▓  ▓▓▓▓▓▓\ \▓▓▓▓▓▓\ ▓▓ ▓▓     |  ▓▓▓▓▓▓\ ▓▓▓▓▓▓▓\  ▓▓▓▓▓▓▓  ▓▓▓▓▓▓\ ▓▓  ▓▓▓▓▓▓\
| ▓▓\▓▓ ▓▓ ▓▓ ▓▓ ▓▓   \▓▓/      ▓▓ ▓▓ ▓▓   __| ▓▓  | ▓▓ ▓▓  | ▓▓\▓▓    \| ▓▓  | ▓▓ ▓▓ ▓▓    ▓▓
| ▓▓ \▓▓▓| ▓▓ ▓▓ ▓▓     |  ▓▓▓▓▓▓▓ ▓▓ ▓▓__/  \ ▓▓__/ ▓▓ ▓▓  | ▓▓_\▓▓▓▓▓▓\ ▓▓__/ ▓▓ ▓▓ ▓▓▓▓▓▓▓▓
| ▓▓  \▓ | ▓▓ ▓▓ ▓▓      \▓▓    ▓▓ ▓▓\▓▓    ▓▓\▓▓    ▓▓ ▓▓  | ▓▓       ▓▓\▓▓    ▓▓ ▓▓\▓▓     \
 \▓▓      \▓▓\▓▓\▓▓       \▓▓▓▓▓▓▓\▓▓ \▓▓▓▓▓▓  \▓▓▓▓▓▓ \▓▓   \▓▓\▓▓▓▓▓▓▓  \▓▓▓▓▓▓ \▓▓ \▓▓▓▓▓▓▓


2023-02-13 20:49:34 I/main: Backend: version 2.14.0, built on 2023-02-06 14:25:21.
2023-02-13 20:49:34 I/main: Frontend Terminal: version 2.14.0, provided by Mamoe Technologies
2023-02-13 20:49:34 I/main: Welcome to visit https://mirai.mamoe.net/
2023-02-13 20:49:35 W/stderr: SLF4J: Class path contains multiple SLF4J providers.
2023-02-13 20:49:35 W/stderr: SLF4J: Found provider [net.mamoe.mirai.console.internal.logging.externalbind.slf4j.MiraiConsoleSLF4JService@57a2ed35]
2023-02-13 20:49:35 W/stderr: SLF4J: Found provider [ch.qos.logback.classic.spi.LogbackServiceProvider@4096aa05]
2023-02-13 20:49:35 W/stderr: SLF4J: See https://www.slf4j.org/codes.html#multiple_bindings for an explanation.
2023-02-13 20:49:35 W/stderr: SLF4J: Actual provider is of type [net.mamoe.mirai.console.internal.logging.externalbind.slf4j.MiraiConsoleSLF4JService@57a2ed35]
2023-02-13 20:49:36 I/plugin: Successfully loaded plugin mirai-login-solver-sakura v0.0.8
2023-02-13 20:49:36 I/main: Prepared built-in commands: autoLogin, help, login, logout, permission, status, stop
2023-02-13 20:49:36 I/main: 1 plugin(s) enabled.
2023-02-13 20:49:36 I/main: mirai-console started successfully.
2023-02-13 20:49:37 I/Bot.2629227874: Login successful
2023-02-13 20:49:37 I/Bot.2629227874: Saved account secrets to local cache for fast login.
2023-02-13 20:49:37 I/Bot.2629227874: Login successful.
2023-02-13 20:49:39 V/Bot.2629227874: Event: BotOnlineEvent(bot=Bot(2629227874))
2023-02-13 20:49:39 I/Bot.2629227874: Bot login successful.
2023-02-13 20:49:46 V/Bot.2629227874: [萌泪の测试群(516286670)] Serendipity(645101064) -> 以前一直用的小栗子框架
2023-02-13 20:49:50 V/Bot.2629227874: [萌泪の测试群(516286670)] Serendipity(645101064) -> 易语言开发
2023-02-13 20:49:52 I/Bot.3056830689: Bot cancelled: Job was cancelled
2023-02-13 20:49:52 I/Bot.605738729: Bot cancelled: Job was cancelled
2023-02-13 20:49:52 V/Bot.2629227874: Event: BotOfflineEvent.Active(bot=Bot(2629227874), cause=null, reconnect=false)
2023-02-13 20:49:52 I/Bot.2629227874: Bot is closed manually
2023-02-13 20:49:52 I/Bot.2629227874: Bot cancelled: Job was cancelled
2023-02-13 20:49:52 I/Bot.1443944862: Bot cancelled: Job was cancelled
2023-02-13 20:49:52 I/Bot.3109326090: Bot cancelled: Job was cancelled
2023-02-13 21:45:19 I/main: Starting mirai-console...
2023-02-13 21:45:19 I/main: 

==================================[ Mirai consosle 2.14.0 ]===================================
 __       __ __                   __  ______                                      __
|  \     /  \  \                 |  \/      \                                    |  \
| ▓▓\   /  ▓▓\▓▓ ______   ______  \▓▓  ▓▓▓▓▓▓\ ______  _______   _______  ______ | ▓▓ ______
| ▓▓▓\ /  ▓▓▓  \/      \ |      \|  \ ▓▓   \▓▓/      \|       \ /       \/      \| ▓▓/      \
| ▓▓▓▓\  ▓▓▓▓ ▓▓  ▓▓▓▓▓▓\ \▓▓▓▓▓▓\ ▓▓ ▓▓     |  ▓▓▓▓▓▓\ ▓▓▓▓▓▓▓\  ▓▓▓▓▓▓▓  ▓▓▓▓▓▓\ ▓▓  ▓▓▓▓▓▓\
| ▓▓\▓▓ ▓▓ ▓▓ ▓▓ ▓▓   \▓▓/      ▓▓ ▓▓ ▓▓   __| ▓▓  | ▓▓ ▓▓  | ▓▓\▓▓    \| ▓▓  | ▓▓ ▓▓ ▓▓    ▓▓
| ▓▓ \▓▓▓| ▓▓ ▓▓ ▓▓     |  ▓▓▓▓▓▓▓ ▓▓ ▓▓__/  \ ▓▓__/ ▓▓ ▓▓  | ▓▓_\▓▓▓▓▓▓\ ▓▓__/ ▓▓ ▓▓ ▓▓▓▓▓▓▓▓
| ▓▓  \▓ | ▓▓ ▓▓ ▓▓      \▓▓    ▓▓ ▓▓\▓▓    ▓▓\▓▓    ▓▓ ▓▓  | ▓▓       ▓▓\▓▓    ▓▓ ▓▓\▓▓     \
 \▓▓      \▓▓\▓▓\▓▓       \▓▓▓▓▓▓▓\▓▓ \▓▓▓▓▓▓  \▓▓▓▓▓▓ \▓▓   \▓▓\▓▓▓▓▓▓▓  \▓▓▓▓▓▓ \▓▓ \▓▓▓▓▓▓▓


2023-02-13 21:45:19 I/main: Backend: version 2.14.0, built on 2023-02-06 14:25:21.
2023-02-13 21:45:19 I/main: Frontend Terminal: version 2.14.0, provided by Mamoe Technologies
2023-02-13 21:45:19 I/main: Welcome to visit https://mirai.mamoe.net/
2023-02-13 21:45:20 W/stderr: SLF4J: Class path contains multiple SLF4J providers.
2023-02-13 21:45:20 W/stderr: SLF4J: Found provider [net.mamoe.mirai.console.internal.logging.externalbind.slf4j.MiraiConsoleSLF4JService@2cc04358]
2023-02-13 21:45:20 W/stderr: SLF4J: Found provider [ch.qos.logback.classic.spi.LogbackServiceProvider@68b58644]
2023-02-13 21:45:20 W/stderr: SLF4J: See https://www.slf4j.org/codes.html#multiple_bindings for an explanation.
2023-02-13 21:45:20 W/stderr: SLF4J: Actual provider is of type [net.mamoe.mirai.console.internal.logging.externalbind.slf4j.MiraiConsoleSLF4JService@2cc04358]
2023-02-13 21:45:20 I/plugin: Successfully loaded plugin mirai-login-solver-sakura v0.0.8
2023-02-13 21:45:21 I/main: Prepared built-in commands: autoLogin, help, login, logout, permission, status, stop
2023-02-13 21:45:21 I/main: 1 plugin(s) enabled.
2023-02-13 21:45:21 I/main: mirai-console started successfully.
2023-02-13 21:45:21 I/Bot.2629227874: Loaded account secrets from local cache.
2023-02-13 21:45:22 I/Bot.2629227874: Saved account secrets to local cache for fast login.
2023-02-13 21:45:22 I/Bot.2629227874: Login successful.
2023-02-13 21:45:23 V/Bot.2629227874: Event: BotOnlineEvent(bot=Bot(2629227874))
2023-02-13 21:45:23 I/Bot.2629227874: Bot login successful.
2023-02-13 21:45:25 V/Bot.2629227874: [异形工厂（Shapez）交流群(1163635014)] 泣く（apl4）(1397381851) -> 本地的
2023-02-13 21:45:26 V/Bot.2629227874: [异形工厂（Shapez）交流群(1163635014)] 梦想天生(Left_E)(445495653) -> [mirai:image:{ABE8722C-4583-635B-ABA2-F3A8F0CE5A2C}.jpg, width=65, height=48, size=10138, type=JPG, isEmoji=true]
2023-02-13 21:45:32 V/Bot.2629227874: [异形工厂（Shapez）交流群(1163635014)] 泣く（apl4）(1397381851) -> [mirai:image:{ABE8722C-4583-635B-ABA2-F3A8F0CE5A2C}.jpg, width=65, height=48, size=10138, type=JPG, isEmoji=true]
2023-02-13 21:45:49 I/Bot.3056830689: Bot cancelled: Job was cancelled
2023-02-13 21:45:49 I/Bot.605738729: Bot cancelled: Job was cancelled
2023-02-13 21:45:49 V/Bot.2629227874: Event: BotOfflineEvent.Active(bot=Bot(2629227874), cause=null, reconnect=false)
2023-02-13 21:45:49 I/Bot.2629227874: Bot is closed manually
2023-02-13 21:45:49 I/Bot.2629227874: Bot cancelled: Job was cancelled
2023-02-13 21:45:49 I/Bot.1443944862: Bot cancelled: Job was cancelled
2023-02-13 21:45:49 I/Bot.3109326090: Bot cancelled: Job was cancelled
2023-02-13 21:45:55 I/main: Starting mirai-console...
2023-02-13 21:45:55 I/main: 

==================================[ Mirai consosle 2.14.0 ]===================================
 __       __ __                   __  ______                                      __
|  \     /  \  \                 |  \/      \                                    |  \
| ▓▓\   /  ▓▓\▓▓ ______   ______  \▓▓  ▓▓▓▓▓▓\ ______  _______   _______  ______ | ▓▓ ______
| ▓▓▓\ /  ▓▓▓  \/      \ |      \|  \ ▓▓   \▓▓/      \|       \ /       \/      \| ▓▓/      \
| ▓▓▓▓\  ▓▓▓▓ ▓▓  ▓▓▓▓▓▓\ \▓▓▓▓▓▓\ ▓▓ ▓▓     |  ▓▓▓▓▓▓\ ▓▓▓▓▓▓▓\  ▓▓▓▓▓▓▓  ▓▓▓▓▓▓\ ▓▓  ▓▓▓▓▓▓\
| ▓▓\▓▓ ▓▓ ▓▓ ▓▓ ▓▓   \▓▓/      ▓▓ ▓▓ ▓▓   __| ▓▓  | ▓▓ ▓▓  | ▓▓\▓▓    \| ▓▓  | ▓▓ ▓▓ ▓▓    ▓▓
| ▓▓ \▓▓▓| ▓▓ ▓▓ ▓▓     |  ▓▓▓▓▓▓▓ ▓▓ ▓▓__/  \ ▓▓__/ ▓▓ ▓▓  | ▓▓_\▓▓▓▓▓▓\ ▓▓__/ ▓▓ ▓▓ ▓▓▓▓▓▓▓▓
| ▓▓  \▓ | ▓▓ ▓▓ ▓▓      \▓▓    ▓▓ ▓▓\▓▓    ▓▓\▓▓    ▓▓ ▓▓  | ▓▓       ▓▓\▓▓    ▓▓ ▓▓\▓▓     \
 \▓▓      \▓▓\▓▓\▓▓       \▓▓▓▓▓▓▓\▓▓ \▓▓▓▓▓▓  \▓▓▓▓▓▓ \▓▓   \▓▓\▓▓▓▓▓▓▓  \▓▓▓▓▓▓ \▓▓ \▓▓▓▓▓▓▓


2023-02-13 21:45:55 I/main: Backend: version 2.14.0, built on 2023-02-06 14:25:21.
2023-02-13 21:45:55 I/main: Frontend Terminal: version 2.14.0, provided by Mamoe Technologies
2023-02-13 21:45:55 I/main: Welcome to visit https://mirai.mamoe.net/
2023-02-13 21:45:56 W/stderr: SLF4J: Class path contains multiple SLF4J providers.
2023-02-13 21:45:56 W/stderr: SLF4J: Found provider [net.mamoe.mirai.console.internal.logging.externalbind.slf4j.MiraiConsoleSLF4JService@12ffd1de]
2023-02-13 21:45:56 W/stderr: SLF4J: Found provider [ch.qos.logback.classic.spi.LogbackServiceProvider@9d3c67]
2023-02-13 21:45:56 W/stderr: SLF4J: See https://www.slf4j.org/codes.html#multiple_bindings for an explanation.
2023-02-13 21:45:56 W/stderr: SLF4J: Actual provider is of type [net.mamoe.mirai.console.internal.logging.externalbind.slf4j.MiraiConsoleSLF4JService@12ffd1de]
2023-02-13 21:45:57 I/plugin: Successfully loaded plugin mirai-login-solver-sakura v0.0.8
2023-02-13 21:45:57 I/main: Prepared built-in commands: autoLogin, help, login, logout, permission, status, stop
2023-02-13 21:45:57 I/main: 1 plugin(s) enabled.
2023-02-13 21:45:57 I/main: mirai-console started successfully.
2023-02-13 21:45:57 I/Bot.2629227874: Loaded account secrets from local cache.
2023-02-13 21:45:58 I/Bot.2629227874: Saved account secrets to local cache for fast login.
2023-02-13 21:45:58 I/Bot.2629227874: Login successful.
2023-02-13 21:45:59 V/Bot.2629227874: Event: BotOnlineEvent(bot=Bot(2629227874))
2023-02-13 21:45:59 I/Bot.2629227874: Bot login successful.
2023-02-13 21:46:16 V/Bot.2629227874: [萌泪の测试群(516286670)] 萌泪酱(605738729) -> 菜单
2023-02-13 21:46:17 V/Bot.2629227874: Group(516286670) <- 本群功能开启情况如下：\n1.随机复读：关闭\n2.随机禁言：关闭\n3.Lolicon美图：关闭\n4.智能问答：关闭\n11.养鲲：关闭\n12.落樱之都：关闭\n13.Arc查询：关闭\n14.Arc狼人杀：关闭\n15.Arc吃鸡：关闭\n16.异形工厂：关闭\ntips：【菜单+功能序号】获得对应功能菜单，如【菜单21】
2023-02-13 21:47:25 V/Bot.2629227874: [萌泪の测试群(516286670)] 萌泪酱(605738729) -> 菜单1
2023-02-13 21:48:17 V/Bot.2629227874: [萌泪の测试群(516286670)] 萌泪酱(605738729) -> 菜单1
2023-02-13 21:48:29 V/Bot.2629227874: [萌泪の测试群(516286670)] 萌泪酱(605738729) -> 菜单1
2023-02-13 21:48:50 V/Bot.2629227874: [萌泪の测试群(516286670)] 萌泪酱(605738729) -> 菜单1
2023-02-13 21:49:06 V/Bot.2629227874: [萌泪の测试群(516286670)] 萌泪酱(605738729) -> 菜单1
2023-02-13 21:49:36 V/Bot.2629227874: [萌泪の测试群(516286670)] 00000023(2428726884) -> 你在干啥
2023-02-13 21:50:51 V/Bot.2629227874: [萌泪の测试群(516286670)] 萌泪酱(605738729) -> 测试bot啊
2023-02-13 21:53:56 V/Bot.2629227874: [萌泪の测试群(516286670)] 萌泪酱(605738729) -> 研究为什么菜单不生效
2023-02-13 21:53:56 V/Bot.2629227874: [萌泪の测试群(516286670)] 萌泪酱(605738729) -> 菜单1
2023-02-13 21:53:56 I/Bot.3056830689: Bot cancelled: Job was cancelled
2023-02-13 21:53:56 I/Bot.605738729: Bot cancelled: Job was cancelled
2023-02-13 21:53:56 V/Bot.2629227874: Event: BotOfflineEvent.Active(bot=Bot(2629227874), cause=null, reconnect=false)
2023-02-13 21:53:56 I/Bot.2629227874: Bot is closed manually
2023-02-13 21:53:56 I/Bot.2629227874: Bot cancelled: Job was cancelled
2023-02-13 21:53:56 I/Bot.1443944862: Bot cancelled: Job was cancelled
2023-02-13 21:53:56 I/Bot.3109326090: Bot cancelled: Job was cancelled
2023-02-13 21:54:02 I/main: Starting mirai-console...
2023-02-13 21:54:02 I/main: 

==================================[ Mirai consosle 2.14.0 ]===================================
 __       __ __                   __  ______                                      __
|  \     /  \  \                 |  \/      \                                    |  \
| ▓▓\   /  ▓▓\▓▓ ______   ______  \▓▓  ▓▓▓▓▓▓\ ______  _______   _______  ______ | ▓▓ ______
| ▓▓▓\ /  ▓▓▓  \/      \ |      \|  \ ▓▓   \▓▓/      \|       \ /       \/      \| ▓▓/      \
| ▓▓▓▓\  ▓▓▓▓ ▓▓  ▓▓▓▓▓▓\ \▓▓▓▓▓▓\ ▓▓ ▓▓     |  ▓▓▓▓▓▓\ ▓▓▓▓▓▓▓\  ▓▓▓▓▓▓▓  ▓▓▓▓▓▓\ ▓▓  ▓▓▓▓▓▓\
| ▓▓\▓▓ ▓▓ ▓▓ ▓▓ ▓▓   \▓▓/      ▓▓ ▓▓ ▓▓   __| ▓▓  | ▓▓ ▓▓  | ▓▓\▓▓    \| ▓▓  | ▓▓ ▓▓ ▓▓    ▓▓
| ▓▓ \▓▓▓| ▓▓ ▓▓ ▓▓     |  ▓▓▓▓▓▓▓ ▓▓ ▓▓__/  \ ▓▓__/ ▓▓ ▓▓  | ▓▓_\▓▓▓▓▓▓\ ▓▓__/ ▓▓ ▓▓ ▓▓▓▓▓▓▓▓
| ▓▓  \▓ | ▓▓ ▓▓ ▓▓      \▓▓    ▓▓ ▓▓\▓▓    ▓▓\▓▓    ▓▓ ▓▓  | ▓▓       ▓▓\▓▓    ▓▓ ▓▓\▓▓     \
 \▓▓      \▓▓\▓▓\▓▓       \▓▓▓▓▓▓▓\▓▓ \▓▓▓▓▓▓  \▓▓▓▓▓▓ \▓▓   \▓▓\▓▓▓▓▓▓▓  \▓▓▓▓▓▓ \▓▓ \▓▓▓▓▓▓▓


2023-02-13 21:54:02 I/main: Backend: version 2.14.0, built on 2023-02-06 14:25:21.
2023-02-13 21:54:02 I/main: Frontend Terminal: version 2.14.0, provided by Mamoe Technologies
2023-02-13 21:54:02 I/main: Welcome to visit https://mirai.mamoe.net/
2023-02-13 21:54:03 W/stderr: SLF4J: Class path contains multiple SLF4J providers.
2023-02-13 21:54:03 W/stderr: SLF4J: Found provider [net.mamoe.mirai.console.internal.logging.externalbind.slf4j.MiraiConsoleSLF4JService@6a48a7f3]
2023-02-13 21:54:03 W/stderr: SLF4J: Found provider [ch.qos.logback.classic.spi.LogbackServiceProvider@12ffd1de]
2023-02-13 21:54:03 W/stderr: SLF4J: See https://www.slf4j.org/codes.html#multiple_bindings for an explanation.
2023-02-13 21:54:03 W/stderr: SLF4J: Actual provider is of type [net.mamoe.mirai.console.internal.logging.externalbind.slf4j.MiraiConsoleSLF4JService@6a48a7f3]
2023-02-13 21:54:03 I/plugin: Successfully loaded plugin mirai-login-solver-sakura v0.0.8
2023-02-13 21:54:04 I/main: Prepared built-in commands: autoLogin, help, login, logout, permission, status, stop
2023-02-13 21:54:04 I/main: 1 plugin(s) enabled.
2023-02-13 21:54:04 I/main: mirai-console started successfully.
2023-02-13 21:54:04 I/Bot.2629227874: Loaded account secrets from local cache.
2023-02-13 21:54:05 I/Bot.2629227874: Saved account secrets to local cache for fast login.
2023-02-13 21:54:05 I/Bot.2629227874: Login successful.
2023-02-13 21:54:06 V/Bot.2629227874: Event: BotOnlineEvent(bot=Bot(2629227874))
2023-02-13 21:54:06 I/Bot.2629227874: Bot login successful.
2023-02-13 21:54:09 V/Bot.2629227874: [萌泪の测试群(516286670)] 萌泪酱(605738729) -> 菜单1
2023-02-13 21:54:09 I/stdout: MENU false
2023-02-13 21:54:09 I/stdout: FUNC_CONTROL false
2023-02-13 21:54:09 I/stdout: SET_BOT_ADMIN false
2023-02-13 21:54:09 I/stdout: GROUP_CONTROL false
2023-02-13 21:54:09 I/stdout: DONATE false
2023-02-13 21:54:35 I/stdout: REREAD true
2023-02-13 21:54:35 V/Bot.2629227874: Group(516286670) <- [g]群聊 [p]私聊 [a]仅管理员\n[a][pg]设置复读(概率)+概率(+%)：设置复读概率为指定值的一百倍\n栗子：【设置复读2.5】表示本群复读概率将设为2.5%\n注意，概率最低为0.01%，最高为50%\n复读时，有一半概率倒序复读\n本群当前复读概率：1.000%
2023-02-13 21:54:35 I/stdout: REREAD trueok
2023-02-13 21:54:35 I/stdout: THUNDER false
2023-02-13 21:54:51 V/Bot.2629227874: [萌泪の测试群(516286670)] 萌泪酱(605738729) -> 菜单1
2023-02-13 21:54:51 I/stdout: MENU false
2023-02-13 21:54:51 I/stdout: FUNC_CONTROL false
2023-02-13 21:54:51 I/stdout: SET_BOT_ADMIN false
2023-02-13 21:54:51 I/stdout: GROUP_CONTROL false
2023-02-13 21:54:51 I/stdout: DONATE false
2023-02-13 21:55:18 V/Bot.2629227874: [萌泪の测试群(516286670)] 萌泪酱(605738729) -> 菜单1
2023-02-13 21:55:18 I/stdout: MENU false
2023-02-13 21:55:18 I/stdout: FUNC_CONTROL false
2023-02-13 21:55:18 I/stdout: SET_BOT_ADMIN false
2023-02-13 21:55:18 I/stdout: GROUP_CONTROL false
2023-02-13 21:55:18 I/stdout: DONATE false
2023-02-13 21:56:22 I/Bot.3056830689: Bot cancelled: Job was cancelled
2023-02-13 21:56:22 I/Bot.605738729: Bot cancelled: Job was cancelled
2023-02-13 21:56:22 V/Bot.2629227874: Event: BotOfflineEvent.Active(bot=Bot(2629227874), cause=null, reconnect=false)
2023-02-13 21:56:22 I/Bot.2629227874: Bot is closed manually
2023-02-13 21:56:22 I/Bot.2629227874: Bot cancelled: Job was cancelled
2023-02-13 21:56:22 I/Bot.1443944862: Bot cancelled: Job was cancelled
2023-02-13 21:56:22 I/Bot.3109326090: Bot cancelled: Job was cancelled
